Log file open, 01/04/19 22:56:54
LogWindows: Failed to load 'aqProf.dll' (GetLastError=126)
LogWindows: File 'aqProf.dll' does not exist
LogWindows: Failed to load 'VSPerf140.dll' (GetLastError=126)
LogWindows: File 'VSPerf140.dll' does not exist
LogWindows: Failed to load 'VtuneApi.dll' (GetLastError=126)
LogWindows: File 'VtuneApi.dll' does not exist
LogWindows: Failed to load 'VtuneApi32e.dll' (GetLastError=126)
LogWindows: File 'VtuneApi32e.dll' does not exist
LogInit: Display: Running engine for game: RocketJumpPrototype
LogPlatformFile: Not using cached read wrapper
LogTaskGraph: Started task graph with 5 named threads and 23 total threads with 3 sets of task threads.
LogStats: Stats thread started at 0.332429
LogD3D11RHI: Loaded GFSDK_Aftermath_Lib.x64.dll
LogICUInternationalization: Display: ICU TimeZone Detection - Raw Offset: -5:00, Platform Override: ''
LogPluginManager: Mounting plugin Paper2D
LogPluginManager: Mounting plugin AISupport
LogPluginManager: Mounting plugin LightPropagationVolume
LogPluginManager: Mounting plugin CLionSourceCodeAccess
LogPluginManager: Mounting plugin CodeLiteSourceCodeAccess
LogPluginManager: Mounting plugin GitSourceControl
LogPluginManager: Mounting plugin KDevelopSourceCodeAccess
LogPluginManager: Mounting plugin NullSourceCodeAccess
LogPluginManager: Mounting plugin PerforceSourceControl
LogPluginManager: Mounting plugin SubversionSourceControl
LogPluginManager: Mounting plugin UObjectPlugin
LogPluginManager: Mounting plugin VisualStudioCodeSourceCodeAccess
LogPluginManager: Mounting plugin VisualStudioSourceCodeAccess
LogPluginManager: Mounting plugin XCodeSourceCodeAccess
LogPluginManager: Mounting plugin AssetManagerEditor
LogPluginManager: Mounting plugin CryptoKeys
LogPluginManager: Mounting plugin DataValidation
LogPluginManager: Mounting plugin FacialAnimation
LogPluginManager: Mounting plugin GameplayTagsEditor
LogPluginManager: Mounting plugin MacGraphicsSwitching
LogPluginManager: Mounting plugin MeshEditor
LogPluginManager: Mounting plugin MobileLauncherProfileWizard
LogPluginManager: Mounting plugin PluginBrowser
LogPluginManager: Mounting plugin SpeedTreeImporter
LogPluginManager: Mounting plugin DatasmithContent
LogPluginManager: Mounting plugin AlembicImporter
LogPluginManager: Mounting plugin AppleImageUtils
LogPluginManager: Mounting plugin AppleVision
LogPluginManager: Mounting plugin BackChannel
LogPluginManager: Mounting plugin CharacterAI
LogPluginManager: Mounting plugin GeometryCache
LogPluginManager: Mounting plugin HTML5Networking
LogPluginManager: Mounting plugin ProxyLODPlugin
LogPluginManager: Mounting plugin MagicLeap
LogPluginManager: Mounting plugin MagicLeapEmulator
LogPluginManager: Mounting plugin MagicLeapMedia
LogPluginManager: Mounting plugin AndroidMedia
LogPluginManager: Mounting plugin AvfMedia
LogPluginManager: Mounting plugin ImgMedia
LogPluginManager: Mounting plugin LinearTimecode
LogPluginManager: Mounting plugin MediaCompositing
LogPluginManager: Mounting plugin MediaPlayerEditor
LogPluginManager: Mounting plugin WmfMedia
LogPluginManager: Mounting plugin TcpMessaging
LogPluginManager: Mounting plugin UdpMessaging
LogPluginManager: Mounting plugin ActorSequence
LogPluginManager: Mounting plugin LevelSequenceEditor
LogPluginManager: Mounting plugin MatineeToLevelSequence
LogPluginManager: Mounting plugin NetcodeUnitTest
LogPluginManager: Mounting plugin NUTUnrealEngine4
LogPluginManager: Mounting plugin OnlineSubsystemGooglePlay
LogPluginManager: Mounting plugin OnlineSubsystemIOS
LogPluginManager: Mounting plugin OnlineSubsystem
LogPluginManager: Mounting plugin OnlineSubsystemNull
LogPluginManager: Mounting plugin OnlineSubsystemUtils
LogPluginManager: Mounting plugin LauncherChunkInstaller
LogPluginManager: Mounting plugin AndroidDeviceProfileSelector
LogPluginManager: Mounting plugin AndroidMoviePlayer
LogPluginManager: Mounting plugin AndroidPermission
LogPluginManager: Mounting plugin AppleMoviePlayer
LogPluginManager: Mounting plugin ArchVisCharacter
LogPluginManager: Mounting plugin AudioCapture
LogPluginManager: Mounting plugin CableComponent
LogPluginManager: Mounting plugin CustomMeshComponent
LogPluginManager: Mounting plugin EditableMesh
LogPluginManager: Mounting plugin ExampleDeviceProfileSelector
LogPluginManager: Mounting plugin GoogleCloudMessaging
LogPluginManager: Mounting plugin ImmediatePhysics
LogPluginManager: Mounting plugin IOSDeviceProfileSelector
LogPluginManager: Mounting plugin LinuxDeviceProfileSelector
LogPluginManager: Mounting plugin LocationServicesBPLibrary
LogPluginManager: Mounting plugin MobilePatchingUtils
LogPluginManager: Mounting plugin OculusVR
LogPluginManager: Plugin shader directory ../../../Engine/Plugins/Runtime/Oculus/OculusVR/Shaders found
LogPluginManager: Mapping shader source directory ../../../Engine/Plugins/Runtime/Oculus/OculusVR/Shaders to virtual directory /Plugin/OculusVR
LogPluginManager: Mounting plugin PhysXVehicles
LogPluginManager: Mounting plugin ProceduralMeshComponent
LogPluginManager: Mounting plugin RuntimePhysXCooking
LogPluginManager: Mounting plugin SteamVR
LogPluginManager: Mounting plugin WindowsMoviePlayer
LogStreaming: Display: Took  0.262s to configure plugins.
LogInit: Using libcurl 7.55.1-DEV
LogInit:  - built for x86_64-pc-win32
LogInit:  - supports SSL with OpenSSL/1.0.2h
LogInit:  - supports HTTP deflate (compression) using libz 1.2.8
LogInit:  - other features:
LogInit:      CURL_VERSION_SSL
LogInit:      CURL_VERSION_LIBZ
LogInit:      CURL_VERSION_IPV6
LogInit:      CURL_VERSION_ASYNCHDNS
LogInit:      CURL_VERSION_LARGEFILE
LogInit:      CURL_VERSION_IDN
LogInit:  CurlRequestOptions (configurable via config and command line):
LogInit:  - bVerifyPeer = false  - Libcurl will NOT verify peer certificate
LogInit:  - bUseHttpProxy = false  - Libcurl will NOT use HTTP proxy
LogInit:  - bDontReuseConnections = false  - Libcurl will reuse connections
LogInit:  - CertBundlePath = nullptr  - Libcurl will use whatever was configured at build time.
LogInit:  - MaxHostConnections = 16  - Libcurl will limit the number of connections to a host
LogInit:  - LocalHostAddr = Default
LogInit:  - BufferSize = 65536
LogInit: WinSock: version 1.1 (2.2), MaxSocks=32767, MaxUdp=65467
LogInit: Build: ++UE4+Release-4.20-CL-4369336
LogInit: Engine Version: 4.20.3-4369336+++UE4+Release-4.20
LogInit: Compatible Engine Version: 4.20.0-4212847+++UE4+Release-4.20
LogInit: Net CL: 4212847
LogInit: OS: Windows 10 (), CPU:        Intel(R) Core(TM) i7-3770K CPU @ 3.50GHz, GPU: AMD Radeon R9 200 Series
LogInit: Compiled (64-bit): Sep 17 2018 12:26:19
LogInit: Compiled with Visual C++: 19.13.26129.00
LogInit: Build Configuration: Development
LogInit: Branch Name: ++UE4+Release-4.20
LogInit: Command Line:  
LogInit: Base Directory: C:/Program Files/Epic Games/UE_4.20/Engine/Binaries/Win64/
LogInit: Installed Engine Build: 1
LogDevObjectVersion: Number of dev versions registered: 20
LogDevObjectVersion:   Dev-Blueprints (B0D832E4-1F89-4F0D-ACCF-7EB736FD4AA2): 10
LogDevObjectVersion:   Dev-Build (E1C64328-A22C-4D53-A36C-8E866417BD8C): 0
LogDevObjectVersion:   Dev-Core (375EC13C-06E4-48FB-B500-84F0262A717E): 2
LogDevObjectVersion:   Dev-Editor (E4B068ED-F494-42E9-A231-DA0B2E46BB41): 24
LogDevObjectVersion:   Dev-Framework (CFFC743F-43B0-4480-9391-14DF171D2073): 34
LogDevObjectVersion:   Dev-Mobile (B02B49B5-BB20-44E9-A304-32B752E40360): 2
LogDevObjectVersion:   Dev-Networking (A4E4105C-59A1-49B5-A7C5-40C4547EDFEE): 0
LogDevObjectVersion:   Dev-Online (39C831C9-5AE6-47DC-9A44-9C173E1C8E7C): 0
LogDevObjectVersion:   Dev-Physics (78F01B33-EBEA-4F98-B9B4-84EACCB95AA2): 0
LogDevObjectVersion:   Dev-Platform (6631380F-2D4D-43E0-8009-CF276956A95A): 0
LogDevObjectVersion:   Dev-Rendering (12F88B9F-8875-4AFC-A67C-D90C383ABD29): 26
LogDevObjectVersion:   Dev-Sequencer (7B5AE74C-D270-4C10-A958-57980B212A5A): 9
LogDevObjectVersion:   Dev-VR (D7296918-1DD6-4BDD-9DE2-64A83CC13884): 2
LogDevObjectVersion:   Dev-LoadTimes (C2A15278-BFE7-4AFE-6C17-90FF531DF755): 1
LogDevObjectVersion:   Private-Geometry (6EACA3D4-40EC-4CC1-B786-8BED09428FC5): 3
LogDevObjectVersion:   Dev-AnimPhys (29E575DD-E0A3-4627-9D10-D276232CDCEA): 17
LogDevObjectVersion:   Dev-ReflectionCapture (6B266CEC-1EC7-4B8F-A30B-E4D90942FC07): 1
LogDevObjectVersion:   Dev-Automation (0DF73D61-A23F-47EA-B727-89E90C41499A): 1
LogDevObjectVersion:   FortniteMain (601D1886-AC64-4F84-AA16-D3DE0DEAC7D6): 12
LogDevObjectVersion:   Dev-Enterprise (9DFFBCD6-494F-0158-E221-12823C92A888): 1
LogStreaming: Display: Took  0.011s to delete old logs.
LogInit: Presizing for max 8388607 objects, including 0 objects not considered by GC, pre-allocating 0 bytes for permanent pool.
LogInit: Object subsystem initialized
[2019.01.05-03.56.57:090][  0]LogInit: Selected Device Profile: [Windows]
[2019.01.05-03.56.57:090][  0]LogInit: Applying CVar settings loaded from the selected device profile: [Windows]
[2019.01.05-03.56.57:173][  0]LogHAL: Display: Platform has ~ 16 GB [16850325504 / 17179869184 / 16], which maps to Larger [LargestMinGB=32, LargerMinGB=12, DefaultMinGB=8, SmallerMinGB=6, SmallestMinGB=0)
[2019.01.05-03.56.57:173][  0]LogInit: Setting Device Profile CVar: [[r.Vulkan.UseRealUBs:1]]
[2019.01.05-03.56.57:173][  0]LogInit: Going up to parent DeviceProfile []
[2019.01.05-03.56.57:205][  0]LogInit: Computer: DESKTOP-6K2112M
[2019.01.05-03.56.57:205][  0]LogInit: User: Nathan
[2019.01.05-03.56.57:205][  0]LogInit: CPU Page size=4096, Cores=4
[2019.01.05-03.56.57:205][  0]LogInit: High frequency timer resolution =14.318180 MHz
[2019.01.05-03.56.57:206][  0]LogMemory: Memory total: Physical=15.7GB (16GB approx)
[2019.01.05-03.56.57:206][  0]LogMemory: Platform Memory Stats for Windows
[2019.01.05-03.56.57:206][  0]LogMemory: Process Physical Memory: 99.73 MB used, 99.73 MB peak
[2019.01.05-03.56.57:206][  0]LogMemory: Process Virtual Memory: 91.06 MB used, 91.06 MB peak
[2019.01.05-03.56.57:206][  0]LogMemory: Physical Memory: 5513.01 MB used,  10556.71 MB free, 16069.72 MB total
[2019.01.05-03.56.57:206][  0]LogMemory: Virtual Memory: 4640.43 MB used,  10556.71 MB free, 134217728.00 MB total
[2019.01.05-03.56.57:696][  0]LogInit: Using OS detected language (en-US).
[2019.01.05-03.56.57:696][  0]LogInit: Using OS detected locale (en-US).
[2019.01.05-03.56.57:700][  0]LogTextLocalizationManager: No specific localization for 'en-US' exists, so the 'en' localization will be used.
[2019.01.05-03.56.58:845][  0]LogStreaming: Display: Took  1.149s to InitEngineTextLocalization.
[2019.01.05-03.56.58:845][  0]LogInit: Setting process to per monitor DPI aware
[2019.01.05-03.56.59:061][  0]LogSlate: New Slate User Created.  User Index 0, Is Virtual User: 0
[2019.01.05-03.56.59:061][  0]LogSlate: Slate User Registered.  User Index 0, Is Virtual User: 0
[2019.01.05-03.57.03:000][  0]LogHMD: Failed to initialize OpenVR with code 110
[2019.01.05-03.57.03:000][  0]LogD3D11RHI: D3D11 adapters:
[2019.01.05-03.57.03:251][  0]LogD3D11RHI:    0. 'AMD Radeon R9 200 Series' (Feature Level 11_0)
[2019.01.05-03.57.03:251][  0]LogD3D11RHI:       2028/0/8034 MB DedicatedVideo/DedicatedSystem/SharedSystem, Outputs:2, VendorId:0x1002
[2019.01.05-03.57.03:257][  0]LogD3D11RHI:    1. 'Intel(R) HD Graphics 4000' (Feature Level 11_0)
[2019.01.05-03.57.03:257][  0]LogD3D11RHI:       224/0/1568 MB DedicatedVideo/DedicatedSystem/SharedSystem, Outputs:0, VendorId:0x8086
[2019.01.05-03.57.03:261][  0]LogD3D11RHI:    2. 'Microsoft Basic Render Driver' (Feature Level 11_0)
[2019.01.05-03.57.03:261][  0]LogD3D11RHI:       0/0/8034 MB DedicatedVideo/DedicatedSystem/SharedSystem, Outputs:0, VendorId:0x1414
[2019.01.05-03.57.03:261][  0]LogD3D11RHI: Chosen D3D11 Adapter: 0
[2019.01.05-03.57.03:276][  0]LogD3D11RHI: Creating new Direct3DDevice
[2019.01.05-03.57.03:277][  0]LogD3D11RHI:     GPU DeviceId: 0x6810 (for the marketing name, search the web for "GPU Device Id")
[2019.01.05-03.57.03:286][  0]LogWindows: EnumDisplayDevices:
[2019.01.05-03.57.03:287][  0]LogWindows:    0. 'AMD Radeon R9 200 Series' (P:1 D:1)
[2019.01.05-03.57.03:288][  0]LogWindows:    1. 'AMD Radeon R9 200 Series' (P:0 D:1)
[2019.01.05-03.57.03:289][  0]LogWindows:    2. 'AMD Radeon R9 200 Series' (P:0 D:0)
[2019.01.05-03.57.03:290][  0]LogWindows:    3. 'AMD Radeon R9 200 Series' (P:0 D:0)
[2019.01.05-03.57.03:291][  0]LogWindows:    4. 'AMD Radeon R9 200 Series' (P:0 D:0)
[2019.01.05-03.57.03:292][  0]LogWindows:    5. 'AMD Radeon R9 200 Series' (P:0 D:0)
[2019.01.05-03.57.03:293][  0]LogWindows:    6. 'AMD Radeon R9 200 Series' (P:0 D:0)
[2019.01.05-03.57.03:294][  0]LogWindows:    7. 'Intel(R) HD Graphics 4000' (P:0 D:0)
[2019.01.05-03.57.03:294][  0]LogWindows:    8. 'Intel(R) HD Graphics 4000' (P:0 D:0)
[2019.01.05-03.57.03:295][  0]LogWindows:    9. 'Intel(R) HD Graphics 4000' (P:0 D:0)
[2019.01.05-03.57.03:295][  0]LogWindows: DebugString: PrimaryIsNotTheChoosenAdapter PrimaryIsNotTheChoosenAdapter PrimaryIsNotTheChoosenAdapter FoundDriverCount:7 
[2019.01.05-03.57.03:295][  0]LogD3D11RHI:     Adapter Name: AMD Radeon R9 200 Series
[2019.01.05-03.57.03:295][  0]LogD3D11RHI:   Driver Version: Adrenalin 18.9.1 (internal:24.20.13017.1009, unified:24.20.13017.1009)
[2019.01.05-03.57.03:295][  0]LogD3D11RHI:      Driver Date: 9-11-2018
[2019.01.05-03.57.03:295][  0]LogRHI: Texture pool is 1419 MB (70% of 2028 MB)
[2019.01.05-03.57.03:369][  0]LogD3D11RHI: Async texture creation enabled
[2019.01.05-03.57.03:381][  0]LogD3D11RHI: GPU Timing Frequency: 27.000000 (Debug: 2 1)
[2019.01.05-03.57.03:382][  0]LogShaderCompilers: Guid format shader working directory is -34 characters bigger than the processId version (../../../../../../Users/Nathan/Documents/GitHub/RocketJumper/RocketJumpPrototype/Intermediate/Shaders/WorkingDirectory/17672/).
[2019.01.05-03.57.03:382][  0]LogShaderCompilers: Cleaned the shader compiler working directory 'C:/Users/Nathan/AppData/Local/Temp/UnrealShaderWorkingDir/CF55EEBB4E98EC9AF6FB53989F669DAA/'.
[2019.01.05-03.57.03:952][  0]LogTemp: Display: Loaded TP AllDesktopTargetPlatform
[2019.01.05-03.57.03:975][  0]LogTemp: Display: Loaded TP MacClientTargetPlatform
[2019.01.05-03.57.03:997][  0]LogTemp: Display: Loaded TP MacNoEditorTargetPlatform
[2019.01.05-03.57.04:020][  0]LogTemp: Display: Loaded TP MacServerTargetPlatform
[2019.01.05-03.57.04:066][  0]LogTemp: Display: Loaded TP MacTargetPlatform
[2019.01.05-03.57.04:092][  0]LogTemp: Display: Loaded TP WindowsClientTargetPlatform
[2019.01.05-03.57.04:114][  0]LogTemp: Display: Loaded TP WindowsNoEditorTargetPlatform
[2019.01.05-03.57.04:142][  0]LogTemp: Display: Loaded TP WindowsServerTargetPlatform
[2019.01.05-03.57.04:155][  0]LogTemp: Display: Loaded TP WindowsTargetPlatform
[2019.01.05-03.57.04:291][  0]LogTemp: Display: Loaded TP AndroidTargetPlatform
[2019.01.05-03.57.04:291][  0]LogTemp: Display: Loaded TP AndroidTargetPlatform
[2019.01.05-03.57.04:291][  0]LogTemp: Display: Loaded TP AndroidTargetPlatform
[2019.01.05-03.57.04:291][  0]LogTemp: Display: Loaded TP AndroidTargetPlatform
[2019.01.05-03.57.04:291][  0]LogTemp: Display: Loaded TP AndroidTargetPlatform
[2019.01.05-03.57.04:291][  0]LogTemp: Display: Loaded TP AndroidTargetPlatform
[2019.01.05-03.57.04:291][  0]LogTemp: Display: Loaded TP AndroidTargetPlatform
[2019.01.05-03.57.04:291][  0]LogTemp: Display: Loaded TP AndroidTargetPlatform
[2019.01.05-03.57.04:291][  0]LogTemp: Display: Loaded TP AndroidTargetPlatform
[2019.01.05-03.57.04:291][  0]LogTemp: Display: Loaded TP AndroidTargetPlatform
[2019.01.05-03.57.04:291][  0]LogTemp: Display: Loaded TP AndroidTargetPlatform
[2019.01.05-03.57.04:291][  0]LogTemp: Display: Loaded TP AndroidTargetPlatform
[2019.01.05-03.57.04:291][  0]LogTemp: Display: Loaded TP AndroidTargetPlatform
[2019.01.05-03.57.04:291][  0]LogTemp: Display: Loaded TP AndroidTargetPlatform
[2019.01.05-03.57.04:291][  0]LogTemp: Display: Loaded TP AndroidTargetPlatform
[2019.01.05-03.57.04:291][  0]LogTemp: Display: Loaded TP AndroidTargetPlatform
[2019.01.05-03.57.04:291][  0]LogTemp: Display: Loaded TP AndroidTargetPlatform
[2019.01.05-03.57.04:291][  0]LogTemp: Display: Loaded TP AndroidTargetPlatform
[2019.01.05-03.57.04:332][  0]LogTemp: Display: Loaded TP HTML5TargetPlatform
[2019.01.05-03.57.04:489][  0]LogTemp: Display: Loaded TP IOSTargetPlatform
[2019.01.05-03.57.04:489][  0]LogTemp: Display: Loaded TP IOSTargetPlatform
[2019.01.05-03.57.04:549][  0]LogTemp: Display: Loaded TP TVOSTargetPlatform
[2019.01.05-03.57.04:549][  0]LogTemp: Display: Loaded TP TVOSTargetPlatform
[2019.01.05-03.57.04:584][  0]LogTemp: Display: Loaded TP LinuxClientTargetPlatform
[2019.01.05-03.57.04:608][  0]LogTemp: Display: Loaded TP LinuxNoEditorTargetPlatform
[2019.01.05-03.57.04:643][  0]LogTemp: Display: Loaded TP LinuxServerTargetPlatform
[2019.01.05-03.57.04:686][  0]LogTemp: Display: Loaded TP LinuxTargetPlatform
[2019.01.05-03.57.04:699][  0]LogTemp: Display: Loaded TP LuminTargetPlatform
[2019.01.05-03.57.04:699][  0]LogTargetPlatformManager: Display: Building Assets For Windows
[2019.01.05-03.57.05:147][  0]LogXGEController: Cleaning working directory: C:/Users/Nathan/AppData/Local/Temp/UnrealXGEWorkingDir/
[2019.01.05-03.57.05:147][  0]LogXGEController: Cannot use XGE Controller as Incredibuild is not installed on this machine.
[2019.01.05-03.57.05:147][  0]LogShaderCompilers: Cannot use XGE Shader Compiler as Incredibuild is not installed on this machine.
[2019.01.05-03.57.05:147][  0]LogShaderCompilers: Display: Using Local Shader Compiler.
[2019.01.05-03.57.09:803][  0]LogDerivedDataCache: Display: Max Cache Size: 512 MB
[2019.01.05-03.57.10:350][  0]LogDerivedDataCache: Loaded boot cache 0.55s 71MB C:/Users/Nathan/AppData/Local/UnrealEngine/4.20/DerivedDataCache/Boot.ddc.
[2019.01.05-03.57.10:351][  0]LogDerivedDataCache: Display: Loaded Boot cache: C:/Users/Nathan/AppData/Local/UnrealEngine/4.20/DerivedDataCache/Boot.ddc
[2019.01.05-03.57.10:352][  0]LogDerivedDataCache: FDerivedDataBackendGraph:  Pak pak cache file ../../../../../../Users/Nathan/Documents/GitHub/RocketJumper/RocketJumpPrototype/DerivedDataCache/DDC.ddp not found, will not use a pak cache.
[2019.01.05-03.57.10:352][  0]LogDerivedDataCache: Unable to find inner node Pak for hierarchical cache Hierarchy.
[2019.01.05-03.57.10:352][  0]LogDerivedDataCache: FDerivedDataBackendGraph:  CompressedPak pak cache file ../../../../../../Users/Nathan/Documents/GitHub/RocketJumper/RocketJumpPrototype/DerivedDataCache/Compressed.ddp not found, will not use a pak cache.
[2019.01.05-03.57.10:352][  0]LogDerivedDataCache: Unable to find inner node CompressedPak for hierarchical cache Hierarchy.
[2019.01.05-03.57.10:376][  0]LogDerivedDataCache: Display: Pak cache opened for reading ../../../Engine/DerivedDataCache/Compressed.ddp.
[2019.01.05-03.57.10:388][  0]LogDerivedDataCache: Using Local data cache path C:/Users/Nathan/AppData/Local/UnrealEngine/Common/DerivedDataCache: Writable
[2019.01.05-03.57.10:388][  0]LogDerivedDataCache: Shared data cache path not found in *engine.ini, will not use an Shared cache.
[2019.01.05-03.57.10:388][  0]LogDerivedDataCache: Unable to find inner node Shared for hierarchical cache Hierarchy.
[2019.01.05-03.57.10:423][  0]LogMaterial: Verifying Global Shaders for PCD3D_SM5
[2019.01.05-03.57.10:425][  0]LogSlate: Using FreeType 2.6.0
[2019.01.05-03.57.10:451][  0]LogSlate: SlateFontServices - WITH_FREETYPE: 1, WITH_HARFBUZZ: 1
[2019.01.05-03.57.11:761][  0]LogAssetRegistry: FAssetRegistry took 0.0337 seconds to start up
[2019.01.05-03.57.12:256][  0]LogInit: Selected Device Profile: [Windows]
[2019.01.05-03.57.12:700][  0]LogSimplygon: Simplygon DLL not present - disabling.
[2019.01.05-03.57.12:759][  0]LogMeshReduction: Using SimplygonSwarm for distributed automatic mesh merging
[2019.01.05-03.57.12:759][  0]LogMeshReduction: Using ProxyLODMeshReduction for automatic mesh merging
[2019.01.05-03.57.12:759][  0]LogMeshReduction: Using QuadricMeshReduction for automatic static mesh reduction
[2019.01.05-03.57.12:759][  0]LogMeshReduction: No automatic skeletal mesh reduction module available
[2019.01.05-03.57.12:811][  0]LogNetVersion: RocketJumpPrototype 1.0.0, NetCL: 4212847, EngineNetVer: 5, GameNetVer: 0 (Checksum: 867795555)
[2019.01.05-03.57.13:604][  0]LogPackageLocalizationCache: Processed 11 localized package path(s) for 2 prioritized culture(s) in 0.136225 seconds
[2019.01.05-03.57.13:611][  0]LogUObjectArray: 38425 objects as part of root set at end of initial load.
[2019.01.05-03.57.13:611][  0]LogUObjectAllocator: 6690864 out of 0 bytes used by permanent object pool.
[2019.01.05-03.57.13:611][  0]LogUObjectArray: CloseDisregardForGC: 0/0 objects in disregard for GC pool
[2019.01.05-03.57.30:554][  0]LogTcpMessaging: Initializing TcpMessaging bridge
[2019.01.05-03.57.30:591][  0]LogUdpMessaging: Initializing bridge on interface 0.0.0.0:0 to multicast group 230.0.0.1:6666.
[2019.01.05-03.57.31:335][  0]SourceControl: Source control is disabled
[2019.01.05-03.57.31:336][  0]SourceControl: Source control is disabled
[2019.01.05-03.57.31:372][  0]SourceControl: Source control is disabled
[2019.01.05-03.57.31:393][  0]SourceControl: Source control is disabled
[2019.01.05-03.57.32:244][  0]LogAndroidPermission: UAndroidPermissionCallbackProxy::GetInstance
[2019.01.05-03.57.32:553][  0]LogOcInput: OculusInput pre-init called
[2019.01.05-03.57.32:711][  0]LogEngine: Initializing Engine...
[2019.01.05-03.57.32:712][  0]LogHMD: Failed to initialize OpenVR with code 110
[2019.01.05-03.57.32:714][  0]LogStats: UGameplayTagsManager::ConstructGameplayTagTree: ImportINI prefixes -  0.000 s
[2019.01.05-03.57.32:714][  0]LogStats: UGameplayTagsManager::ConstructGameplayTagTree: Construct from data asset -  0.000 s
[2019.01.05-03.57.32:714][  0]LogStats: UGameplayTagsManager::ConstructGameplayTagTree: ImportINI -  0.000 s
[2019.01.05-03.57.32:714][  0]LogStats: UGameplayTagsManager::ConstructGameplayTagTree: GameplayTagTreeChangedEvent.Broadcast -  0.000 s
[2019.01.05-03.57.32:980][  0]LogInit: Initializing FReadOnlyCVARCache
[2019.01.05-03.57.33:063][  0]LogAIModule: Creating AISystem for world Untitled
[2019.01.05-03.57.33:114][  0]LogInit: XAudio2 using 'Speakers (High Definition Audio Device)' : 2 channels at 48 kHz using 16 bits per sample (channel mask 0x3)
[2019.01.05-03.57.33:134][  0]LogInit: FAudioDevice initialized.
[2019.01.05-03.57.33:134][  0]LogNetVersion: Set ProjectVersion to 1.0.0.0. Version Checksum will be recalculated on next use.
[2019.01.05-03.57.33:304][  0]LogDerivedDataCache: Saved boot cache 0.17s 71MB C:/Users/Nathan/AppData/Local/UnrealEngine/4.20/DerivedDataCache/Boot.ddc.
[2019.01.05-03.57.33:340][  0]LogInit: Texture streaming: Enabled
[2019.01.05-03.57.33:421][  0]LogEngineSessionManager: EngineSessionManager initialized
[2019.01.05-03.57.33:589][  0]LogInit: Transaction tracking system initialized
[2019.01.05-03.57.33:817][  0]BlueprintLog: New page: Editor Load
[2019.01.05-03.57.34:500][  0]LocalizationService: Localization service is disabled
[2019.01.05-03.57.35:775][  0]LogCook: Display: Max memory allowance for cook 16384mb min free memory 0mb
[2019.01.05-03.57.35:775][  0]LogCook: Display: Mobile HDR setting 1
[2019.01.05-03.57.35:775][  0]LogGameplayTags: Display: UGameplayTagsManager::DoneAddingNativeTags. DelegateIsBound: 0
[2019.01.05-03.57.35:775][  0]LogStats: UGameplayTagsManager::ConstructGameplayTagTree: ImportINI prefixes -  0.000 s
[2019.01.05-03.57.35:775][  0]LogStats: UGameplayTagsManager::ConstructGameplayTagTree: Construct from data asset -  0.000 s
[2019.01.05-03.57.35:775][  0]LogStats: UGameplayTagsManager::ConstructGameplayTagTree: ImportINI -  0.000 s
[2019.01.05-03.57.35:775][  0]LogStats: UGameplayTagsManager::ConstructGameplayTagTree: GameplayTagTreeChangedEvent.Broadcast -  0.000 s
[2019.01.05-03.57.35:870][  0]LogFileCache: Scanning file cache for directory 'C:/Users/Nathan/Documents/GitHub/RocketJumper/RocketJumpPrototype/Content/' took 0.02s
[2019.01.05-03.57.37:416][  0]SourceControl: Source control is disabled
[2019.01.05-03.57.37:417][  0]Cmd: MAP LOAD FILE="../../../../../../Users/Nathan/Documents/GitHub/RocketJumper/RocketJumpPrototype/Content/FirstPersonBP/Maps/FirstPersonExampleMap.umap" TEMPLATE=0 SHOWPROGRESS=1 FEATURELEVEL=3
[2019.01.05-03.57.37:444][  0]LightingResults: New page: Lighting Build
[2019.01.05-03.57.37:484][  0]MapCheck: New page: Map Check
[2019.01.05-03.57.37:485][  0]LightingResults: New page: Lighting Build
[2019.01.05-03.57.38:263][  0]LogLinker: Warning: Can't find file '/Game/FirstPersonBP/Maps/FirstPersonExampleMap_BuiltData'
[2019.01.05-03.57.38:263][  0]LogLinker: Warning: Can't find file for asset '/Game/FirstPersonBP/Maps/FirstPersonExampleMap_BuiltData' while loading ../../../../../../Users/Nathan/Documents/GitHub/RocketJumper/RocketJumpPrototype/Content/FirstPersonBP/Maps/FirstPersonExampleMap.umap.
[2019.01.05-03.57.38:263][  0]LoadErrors: Error: /Game/FirstPersonBP/Maps/FirstPersonExampleMap : Can't find file for asset. /Game/FirstPersonBP/Maps/FirstPersonExampleMap_BuiltData
[2019.01.05-03.57.38:272][  0]LogLinker: Warning: Can't find file '/Game/FirstPersonBP/Maps/FirstPersonExampleMap_BuiltData'
[2019.01.05-03.57.38:273][  0]LogLinker: Warning: Can't find file for asset '/Game/FirstPersonBP/Maps/FirstPersonExampleMap_BuiltData' while loading ../../../../../../Users/Nathan/Documents/GitHub/RocketJumper/RocketJumpPrototype/Content/FirstPersonBP/Maps/FirstPersonExampleMap.umap.
[2019.01.05-03.57.38:273][  0]LoadErrors: Error: /Game/FirstPersonBP/Maps/FirstPersonExampleMap : Can't find file for asset. /Game/FirstPersonBP/Maps/FirstPersonExampleMap_BuiltData
[2019.01.05-03.57.38:279][  0]LogLinker: Warning: Can't find file '/Game/FirstPersonBP/Maps/FirstPersonExampleMap_BuiltData'
[2019.01.05-03.57.38:279][  0]LogLinker: Warning: Can't find file for asset '/Game/FirstPersonBP/Maps/FirstPersonExampleMap_BuiltData' while loading NULL.
[2019.01.05-03.57.38:279][  0]LogLinker: Warning: Can't find file '/Game/FirstPersonBP/Maps/FirstPersonExampleMap_BuiltData'
[2019.01.05-03.57.38:280][  0]LogLinker: Warning: Can't find file for asset '/Game/FirstPersonBP/Maps/FirstPersonExampleMap_BuiltData' while loading NULL.
[2019.01.05-03.57.38:322][  0]LogLinker: Warning: Can't find file '/Game/FirstPersonBP/Maps/FirstPersonExampleMap_BuiltData'
[2019.01.05-03.57.38:322][  0]LoadErrors: Failed to load /Game/FirstPersonBP/Maps/FirstPersonExampleMap_BuiltData.FirstPersonExampleMap_BuiltData Referenced by PersistentLevel
[2019.01.05-03.57.38:322][  0]LogLinker: Warning: Can't find file for asset '/Game/FirstPersonBP/Maps/FirstPersonExampleMap_BuiltData' while loading NULL.
[2019.01.05-03.57.38:322][  0]LoadErrors: Failed to load /Game/FirstPersonBP/Maps/FirstPersonExampleMap_BuiltData.FirstPersonExampleMap_BuiltData Referenced by PersistentLevel
[2019.01.05-03.57.38:843][  0]LogAIModule: Creating AISystem for world FirstPersonExampleMap
[2019.01.05-03.57.38:877][  0]LogEditorServer: Finished looking for orphan Actors (0.000 secs)
[2019.01.05-03.57.38:901][  0]Cmd: MAP CHECKDEP NOCLEARLOG
[2019.01.05-03.57.39:026][  0]MapCheck: Map check complete: 0 Error(s), 0 Warning(s), took 125.344ms to complete.
[2019.01.05-03.57.39:026][  0]LogFileHelpers: Loading map 'FirstPersonExampleMap' took 1.609
[2019.01.05-03.57.39:323][  0]LogSlate: Updating window title bar state: overlay mode, drag disabled, window buttons hidden, title bar hidden
[2019.01.05-03.57.39:343][  0]LogSlate: Updating window title bar state: overlay mode, drag disabled, window buttons hidden, title bar hidden
[2019.01.05-03.57.39:362][  0]LogSlate: Updating window title bar state: overlay mode, drag disabled, window buttons hidden, title bar hidden
[2019.01.05-03.57.39:371][  0]LogSlate: Updating window title bar state: overlay mode, drag disabled, window buttons hidden, title bar hidden
[2019.01.05-03.57.39:416][  0]LogCollectionManager: Loaded 0 collections in 0.009714 seconds
[2019.01.05-03.57.39:503][  0]LogFileCache: Scanning file cache for directory 'C:/Users/Nathan/Documents/GitHub/RocketJumper/RocketJumpPrototype/Saved/Collections/' took 0.01s
[2019.01.05-03.57.39:503][  0]LogFileCache: Scanning file cache for directory 'C:/Users/Nathan/Documents/GitHub/RocketJumper/RocketJumpPrototype/Content/Developers/Nathan/Collections/' took 0.01s
[2019.01.05-03.57.39:503][  0]LogFileCache: Scanning file cache for directory 'C:/Users/Nathan/Documents/GitHub/RocketJumper/RocketJumpPrototype/Content/Collections/' took 0.01s
[2019.01.05-03.57.39:503][  0]LogCollectionManager: Rebuilt the GUID cache for 0 collections in 0.000002 seconds
[2019.01.05-03.57.39:527][  0]LogContentBrowser: Native class hierarchy populated in 0.0231 seconds. Added 2572 classes and 603 folders.
[2019.01.05-03.57.39:562][  0]LogContentBrowser: Native class hierarchy updated for 'WidgetCarousel' in 0.0003 seconds. Added 0 classes and 0 folders.
[2019.01.05-03.57.41:090][  0]LogContentBrowser: Native class hierarchy updated for 'AddContentDialog' in 0.0005 seconds. Added 0 classes and 0 folders.
[2019.01.05-03.57.41:124][  0]LogContentBrowser: Native class hierarchy updated for 'SceneOutliner' in 0.0006 seconds. Added 1 classes and 2 folders.
[2019.01.05-03.57.41:287][  0]LogSlate: Took 0.030989 seconds to synchronously load lazily loaded font '../../../Engine/Content/Slate/Fonts/Roboto-Regular.ttf' (155K)
[2019.01.05-03.57.41:303][  0]LogSlate: Took 0.014411 seconds to synchronously load lazily loaded font '../../../Engine/Content/Slate/Fonts/Roboto-Bold.ttf' (160K)
[2019.01.05-03.57.41:321][  0]LogSlate: Took 0.012554 seconds to synchronously load lazily loaded font '../../../Engine/Content/Editor/Slate/Fonts/FontAwesome.ttf' (139K)
[2019.01.05-03.57.41:469][  0]LogRenderer: Reallocating scene render targets to support 1208x576 Format 10 NumSamples 1 (Frame:1).
[2019.01.05-03.57.41:666][  0]LogContentBrowser: Native class hierarchy updated for 'HierarchicalLODOutliner' in 0.0005 seconds. Added 0 classes and 0 folders.
[2019.01.05-03.57.41:666][  0]LogLoad: (Engine Initialization) Total time: 62.93 seconds
[2019.01.05-03.57.41:666][  0]LogLoad: (Engine Initialization) Total Blueprint compile time: 0.00 seconds
[2019.01.05-03.57.41:713][  0]LogContentStreaming: Texture pool size now 1000 MB
[2019.01.05-03.57.41:737][  0]LogSlate: FSceneViewport::OnFocusLost() reason 2
[2019.01.05-03.57.41:806][  0]LogSlate: Took 0.016293 seconds to synchronously load lazily loaded font '../../../Engine/Content/Slate/Fonts/Roboto-Light.ttf' (167K)
[2019.01.05-03.57.41:974][  2]LogAssetRegistry: Asset discovery search completed in 30.2356 seconds
[2019.01.05-03.57.41:975][  2]LogCollectionManager: Rebuilt the object cache for 0 collections in 0.000002 seconds (found 0 objects)
[2019.01.05-03.57.41:975][  2]LogCollectionManager: Fixed up redirectors for 0 collections in 0.000053 seconds (updated 0 objects)
[2019.01.05-03.57.43:222][  6]LogSlate: Took 0.001557 seconds to synchronously load lazily loaded font '../../../Engine/Content/Slate/Fonts/Roboto-Light.ttf' (167K)
[2019.01.05-03.58.02:808][ 64]LogSlate: Window 'Message Log' being destroyed
[2019.01.05-03.58.02:815][ 64]LogSlate: Window 'Message Log' being destroyed
[2019.01.05-03.58.05:462][311]LogSlate: FSceneViewport::OnFocusLost() reason 0
[2019.01.05-03.58.05:522][318]LogTemp: Repeating last play command: Selected Viewport
[2019.01.05-03.58.05:539][318]LogBlueprintUserMessages: Early PlayInEditor Detection: Level '/Game/FirstPersonBP/Maps/FirstPersonExampleMap.FirstPersonExampleMap:PersistentLevel' has LevelScriptBlueprint '/Game/FirstPersonBP/Maps/FirstPersonExampleMap.FirstPersonExampleMap:PersistentLevel.FirstPersonExampleMap' with GeneratedClass '/Game/FirstPersonBP/Maps/FirstPersonExampleMap.FirstPersonExampleMap_C' with ClassGeneratedBy '/Game/FirstPersonBP/Maps/FirstPersonExampleMap.FirstPersonExampleMap:PersistentLevel.FirstPersonExampleMap'
[2019.01.05-03.58.05:540][318]LogPlayLevel: PlayLevel: No blueprints needed recompiling
[2019.01.05-03.58.05:552][318]PIE: New page: PIE session: FirstPersonExampleMap (Jan 4, 2019, 5:58:05 PM)
[2019.01.05-03.58.05:553][318]LogPlayLevel: Creating play world package: /Game/FirstPersonBP/Maps/UEDPIE_0_FirstPersonExampleMap
[2019.01.05-03.58.05:624][318]LogPlayLevel: PIE: StaticDuplicateObject took: (0.072669s)
[2019.01.05-03.58.05:626][318]LogAIModule: Creating AISystem for world FirstPersonExampleMap
[2019.01.05-03.58.05:626][318]LogPlayLevel: PIE: World Init took: (0.001562s)
[2019.01.05-03.58.05:626][318]LogPlayLevel: PIE: Created PIE world by copying editor world from /Game/FirstPersonBP/Maps/FirstPersonExampleMap.FirstPersonExampleMap to /Game/FirstPersonBP/Maps/UEDPIE_0_FirstPersonExampleMap.FirstPersonExampleMap (0.074582s)
[2019.01.05-03.58.05:688][318]LogInit: XAudio2 using 'Speakers (High Definition Audio Device)' : 2 channels at 48 kHz using 16 bits per sample (channel mask 0x3)
[2019.01.05-03.58.05:703][318]LogInit: FAudioDevice initialized.
[2019.01.05-03.58.05:751][318]LogLoad: Game class is 'FirstPersonGameMode_C'
[2019.01.05-03.58.05:760][318]LogWorld: Bringing World /Game/FirstPersonBP/Maps/UEDPIE_0_FirstPersonExampleMap.FirstPersonExampleMap up for play (max tick rate 0) at 2019.01.04-22.58.05
[2019.01.05-03.58.05:761][318]LogWorld: Bringing up level for play took: 0.006139
[2019.01.05-03.58.05:809][318]LogContentBrowser: Native class hierarchy updated for 'MovieSceneCapture' in 0.0006 seconds. Added 10 classes and 0 folders.
[2019.01.05-03.58.05:810][318]PIE: Play in editor start time for /Game/FirstPersonBP/Maps/UEDPIE_0_FirstPersonExampleMap 0.783
[2019.01.05-03.58.05:811][318]LogBlueprintUserMessages: Late PlayInEditor Detection: Level '/Game/FirstPersonBP/Maps/FirstPersonExampleMap.FirstPersonExampleMap:PersistentLevel' has LevelScriptBlueprint '/Game/FirstPersonBP/Maps/FirstPersonExampleMap.FirstPersonExampleMap:PersistentLevel.FirstPersonExampleMap' with GeneratedClass '/Game/FirstPersonBP/Maps/FirstPersonExampleMap.FirstPersonExampleMap_C' with ClassGeneratedBy '/Game/FirstPersonBP/Maps/FirstPersonExampleMap.FirstPersonExampleMap:PersistentLevel.FirstPersonExampleMap'
[2019.01.05-03.58.08:690][627]LogSpawn: Warning: SpawnActor failed because of collision at the spawn location [X=-212.149 Y=-53.050 Z=160.287] for [FirstPersonProjectile_C]
[2019.01.05-03.58.11:216][897]LogSpawn: Warning: SpawnActor failed because of collision at the spawn location [X=-1416.654 Y=-356.441 Z=399.786] for [FirstPersonProjectile_C]
[2019.01.05-03.58.16:868][528]LogBlueprintUserMessages: Early EndPlayMap Detection: Level '/Game/FirstPersonBP/Maps/FirstPersonExampleMap.FirstPersonExampleMap:PersistentLevel' has LevelScriptBlueprint '/Game/FirstPersonBP/Maps/FirstPersonExampleMap.FirstPersonExampleMap:PersistentLevel.FirstPersonExampleMap' with GeneratedClass '/Game/FirstPersonBP/Maps/FirstPersonExampleMap.FirstPersonExampleMap_C' with ClassGeneratedBy '/Game/FirstPersonBP/Maps/FirstPersonExampleMap.FirstPersonExampleMap:PersistentLevel.FirstPersonExampleMap'
[2019.01.05-03.58.16:869][528]LogSlate: Updating window title bar state: overlay mode, drag disabled, window buttons hidden, title bar hidden
[2019.01.05-03.58.16:905][528]LogPlayLevel: Display: Shutting down PIE online subsystems
[2019.01.05-03.58.16:906][528]LogBlueprintUserMessages: Late EndPlayMap Detection: Level '/Game/FirstPersonBP/Maps/FirstPersonExampleMap.FirstPersonExampleMap:PersistentLevel' has LevelScriptBlueprint '/Game/FirstPersonBP/Maps/FirstPersonExampleMap.FirstPersonExampleMap:PersistentLevel.FirstPersonExampleMap' with GeneratedClass '/Game/FirstPersonBP/Maps/FirstPersonExampleMap.FirstPersonExampleMap_C' with ClassGeneratedBy '/Game/FirstPersonBP/Maps/FirstPersonExampleMap.FirstPersonExampleMap:PersistentLevel.FirstPersonExampleMap'
[2019.01.05-03.58.16:926][528]LogSlate: Updating window title bar state: overlay mode, drag disabled, window buttons hidden, title bar hidden
[2019.01.05-03.58.16:973][531]LogPlayLevel: Display: Destroying online subsystem :Context_3
[2019.01.05-03.58.56:539][401]LogEditorViewport: Clicking on Actor (LMB): StaticMeshActor (Wall4)
[2019.01.05-03.58.58:305][536]Cmd: DELETE
[2019.01.05-03.58.58:305][536]Cmd: ACTOR DELETE
[2019.01.05-03.58.58:567][536]LogEditorActor: Deleted Actor: StaticMeshActor
[2019.01.05-03.58.58:601][536]LogEditorActor: Deleted 1 Actors (0.098 secs)
[2019.01.05-03.58.59:694][645]LogEditorViewport: Clicking on Actor (LMB): StaticMeshActor (Wall2)
[2019.01.05-03.59.01:113][771]Cmd: DELETE
[2019.01.05-03.59.01:113][771]Cmd: ACTOR DELETE
[2019.01.05-03.59.01:116][771]LogEditorActor: Deleted Actor: StaticMeshActor
[2019.01.05-03.59.01:135][771]LogEditorActor: Deleted 1 Actors (0.021 secs)
[2019.01.05-03.59.07:686][404]LogEditorViewport: Clicking on Actor (LMB): PostProcessVolume (PostProcessVolume)
[2019.01.05-03.59.11:251][689]LogEditorViewport: Clicking on Actor (LMB): StaticMeshActor (Wall3)
[2019.01.05-03.59.12:569][799]Cmd: DELETE
[2019.01.05-03.59.12:569][799]Cmd: ACTOR DELETE
[2019.01.05-03.59.12:572][799]LogEditorActor: Deleted Actor: StaticMeshActor
[2019.01.05-03.59.12:591][799]LogEditorActor: Deleted 1 Actors (0.022 secs)
[2019.01.05-03.59.16:653][195]LogEditorViewport: Clicking on Actor (LMB): StaticMeshActor (Wall1)
[2019.01.05-03.59.17:566][274]Cmd: DELETE
[2019.01.05-03.59.17:567][274]Cmd: ACTOR DELETE
[2019.01.05-03.59.17:569][274]LogEditorActor: Deleted Actor: StaticMeshActor
[2019.01.05-03.59.17:589][274]LogEditorActor: Deleted 1 Actors (0.022 secs)
[2019.01.05-03.59.21:242][641]LogEditorViewport: Clicking on Actor (LMB): StaticMeshActor (BigWall2)
[2019.01.05-03.59.29:642][383]LogEditorViewport: Clicking on Actor (LMB): StaticMeshActor (BigWall2)
[2019.01.05-03.59.54:841][617]LogSlate: FSceneViewport::OnFocusLost() reason 0
[2019.01.05-03.59.54:923][624]LogTemp: Repeating last play command: Selected Viewport
[2019.01.05-03.59.54:941][624]LogBlueprintUserMessages: Early PlayInEditor Detection: Level '/Game/FirstPersonBP/Maps/FirstPersonExampleMap.FirstPersonExampleMap:PersistentLevel' has LevelScriptBlueprint '/Game/FirstPersonBP/Maps/FirstPersonExampleMap.FirstPersonExampleMap:PersistentLevel.FirstPersonExampleMap' with GeneratedClass '/Game/FirstPersonBP/Maps/FirstPersonExampleMap.FirstPersonExampleMap_C' with ClassGeneratedBy '/Game/FirstPersonBP/Maps/FirstPersonExampleMap.FirstPersonExampleMap:PersistentLevel.FirstPersonExampleMap'
[2019.01.05-03.59.54:941][624]LogPlayLevel: PlayLevel: No blueprints needed recompiling
[2019.01.05-03.59.54:941][624]PIE: New page: PIE session: FirstPersonExampleMap (Jan 4, 2019, 5:59:54 PM)
[2019.01.05-03.59.54:941][624]LogPlayLevel: Creating play world package: /Game/FirstPersonBP/Maps/UEDPIE_0_FirstPersonExampleMap
[2019.01.05-03.59.54:982][624]LogPlayLevel: PIE: StaticDuplicateObject took: (0.040820s)
[2019.01.05-03.59.54:983][624]LogAIModule: Creating AISystem for world FirstPersonExampleMap
[2019.01.05-03.59.54:983][624]LogPlayLevel: PIE: World Init took: (0.000880s)
[2019.01.05-03.59.54:983][624]LogPlayLevel: PIE: Created PIE world by copying editor world from /Game/FirstPersonBP/Maps/FirstPersonExampleMap.FirstPersonExampleMap to /Game/FirstPersonBP/Maps/UEDPIE_0_FirstPersonExampleMap.FirstPersonExampleMap (0.041872s)
[2019.01.05-03.59.55:031][624]LogInit: XAudio2 using 'Speakers (High Definition Audio Device)' : 2 channels at 48 kHz using 16 bits per sample (channel mask 0x3)
[2019.01.05-03.59.55:045][624]LogInit: FAudioDevice initialized.
[2019.01.05-03.59.55:075][624]LogLoad: Game class is 'FirstPersonGameMode_C'
[2019.01.05-03.59.55:079][624]LogWorld: Bringing World /Game/FirstPersonBP/Maps/UEDPIE_0_FirstPersonExampleMap.FirstPersonExampleMap up for play (max tick rate 0) at 2019.01.04-22.59.55
[2019.01.05-03.59.55:079][624]LogWorld: Bringing up level for play took: 0.002951
[2019.01.05-03.59.55:092][624]PIE: Play in editor start time for /Game/FirstPersonBP/Maps/UEDPIE_0_FirstPersonExampleMap 0.065
[2019.01.05-03.59.55:093][624]LogBlueprintUserMessages: Late PlayInEditor Detection: Level '/Game/FirstPersonBP/Maps/FirstPersonExampleMap.FirstPersonExampleMap:PersistentLevel' has LevelScriptBlueprint '/Game/FirstPersonBP/Maps/FirstPersonExampleMap.FirstPersonExampleMap:PersistentLevel.FirstPersonExampleMap' with GeneratedClass '/Game/FirstPersonBP/Maps/FirstPersonExampleMap.FirstPersonExampleMap_C' with ClassGeneratedBy '/Game/FirstPersonBP/Maps/FirstPersonExampleMap.FirstPersonExampleMap:PersistentLevel.FirstPersonExampleMap'
[2019.01.05-04.00.04:535][671]LogSpawn: Warning: SpawnActor failed because of collision at the spawn location [X=-592.143 Y=1964.885 Z=148.336] for [FirstPersonProjectile_C]
[2019.01.05-04.00.06:155][857]LogBlueprintUserMessages: Early EndPlayMap Detection: Level '/Game/FirstPersonBP/Maps/FirstPersonExampleMap.FirstPersonExampleMap:PersistentLevel' has LevelScriptBlueprint '/Game/FirstPersonBP/Maps/FirstPersonExampleMap.FirstPersonExampleMap:PersistentLevel.FirstPersonExampleMap' with GeneratedClass '/Game/FirstPersonBP/Maps/FirstPersonExampleMap.FirstPersonExampleMap_C' with ClassGeneratedBy '/Game/FirstPersonBP/Maps/FirstPersonExampleMap.FirstPersonExampleMap:PersistentLevel.FirstPersonExampleMap'
[2019.01.05-04.00.06:155][857]LogSlate: Updating window title bar state: overlay mode, drag disabled, window buttons hidden, title bar hidden
[2019.01.05-04.00.06:194][857]LogPlayLevel: Display: Shutting down PIE online subsystems
[2019.01.05-04.00.06:194][857]LogBlueprintUserMessages: Late EndPlayMap Detection: Level '/Game/FirstPersonBP/Maps/FirstPersonExampleMap.FirstPersonExampleMap:PersistentLevel' has LevelScriptBlueprint '/Game/FirstPersonBP/Maps/FirstPersonExampleMap.FirstPersonExampleMap:PersistentLevel.FirstPersonExampleMap' with GeneratedClass '/Game/FirstPersonBP/Maps/FirstPersonExampleMap.FirstPersonExampleMap_C' with ClassGeneratedBy '/Game/FirstPersonBP/Maps/FirstPersonExampleMap.FirstPersonExampleMap:PersistentLevel.FirstPersonExampleMap'
[2019.01.05-04.00.06:214][857]LogSlate: Updating window title bar state: overlay mode, drag disabled, window buttons hidden, title bar hidden
[2019.01.05-04.00.06:270][860]LogPlayLevel: Display: Destroying online subsystem :Context_6
[2019.01.05-04.00.08:713][115]LogSlate: FSceneViewport::OnFocusLost() reason 0
[2019.01.05-04.00.08:786][121]LogTemp: Repeating last play command: Selected Viewport
[2019.01.05-04.00.08:823][121]LogBlueprintUserMessages: Early PlayInEditor Detection: Level '/Game/FirstPersonBP/Maps/FirstPersonExampleMap.FirstPersonExampleMap:PersistentLevel' has LevelScriptBlueprint '/Game/FirstPersonBP/Maps/FirstPersonExampleMap.FirstPersonExampleMap:PersistentLevel.FirstPersonExampleMap' with GeneratedClass '/Game/FirstPersonBP/Maps/FirstPersonExampleMap.FirstPersonExampleMap_C' with ClassGeneratedBy '/Game/FirstPersonBP/Maps/FirstPersonExampleMap.FirstPersonExampleMap:PersistentLevel.FirstPersonExampleMap'
[2019.01.05-04.00.08:823][121]LogPlayLevel: PlayLevel: No blueprints needed recompiling
[2019.01.05-04.00.08:823][121]PIE: New page: PIE session: FirstPersonExampleMap (Jan 4, 2019, 6:00:08 PM)
[2019.01.05-04.00.08:823][121]LogPlayLevel: Creating play world package: /Game/FirstPersonBP/Maps/UEDPIE_0_FirstPersonExampleMap
[2019.01.05-04.00.08:839][121]LogPlayLevel: PIE: StaticDuplicateObject took: (0.014955s)
[2019.01.05-04.00.08:840][121]LogAIModule: Creating AISystem for world FirstPersonExampleMap
[2019.01.05-04.00.08:840][121]LogPlayLevel: PIE: World Init took: (0.001488s)
[2019.01.05-04.00.08:840][121]LogPlayLevel: PIE: Created PIE world by copying editor world from /Game/FirstPersonBP/Maps/FirstPersonExampleMap.FirstPersonExampleMap to /Game/FirstPersonBP/Maps/UEDPIE_0_FirstPersonExampleMap.FirstPersonExampleMap (0.016683s)
[2019.01.05-04.00.08:887][121]LogInit: XAudio2 using 'Speakers (High Definition Audio Device)' : 2 channels at 48 kHz using 16 bits per sample (channel mask 0x3)
[2019.01.05-04.00.08:900][121]LogInit: FAudioDevice initialized.
[2019.01.05-04.00.08:939][121]LogLoad: Game class is 'FirstPersonGameMode_C'
[2019.01.05-04.00.08:945][121]LogWorld: Bringing World /Game/FirstPersonBP/Maps/UEDPIE_0_FirstPersonExampleMap.FirstPersonExampleMap up for play (max tick rate 0) at 2019.01.04-23.00.08
[2019.01.05-04.00.08:946][121]LogWorld: Bringing up level for play took: 0.005600
[2019.01.05-04.00.08:962][121]PIE: Play in editor start time for /Game/FirstPersonBP/Maps/UEDPIE_0_FirstPersonExampleMap -0.065
[2019.01.05-04.00.08:962][121]LogBlueprintUserMessages: Late PlayInEditor Detection: Level '/Game/FirstPersonBP/Maps/FirstPersonExampleMap.FirstPersonExampleMap:PersistentLevel' has LevelScriptBlueprint '/Game/FirstPersonBP/Maps/FirstPersonExampleMap.FirstPersonExampleMap:PersistentLevel.FirstPersonExampleMap' with GeneratedClass '/Game/FirstPersonBP/Maps/FirstPersonExampleMap.FirstPersonExampleMap_C' with ClassGeneratedBy '/Game/FirstPersonBP/Maps/FirstPersonExampleMap.FirstPersonExampleMap:PersistentLevel.FirstPersonExampleMap'
[2019.01.05-04.00.10:395][275]LogSpawn: Warning: SpawnActor failed because of collision at the spawn location [X=-237.965 Y=-70.000 Z=152.116] for [FirstPersonProjectile_C]
[2019.01.05-04.00.21:578][535]LogBlueprintUserMessages: Early EndPlayMap Detection: Level '/Game/FirstPersonBP/Maps/FirstPersonExampleMap.FirstPersonExampleMap:PersistentLevel' has LevelScriptBlueprint '/Game/FirstPersonBP/Maps/FirstPersonExampleMap.FirstPersonExampleMap:PersistentLevel.FirstPersonExampleMap' with GeneratedClass '/Game/FirstPersonBP/Maps/FirstPersonExampleMap.FirstPersonExampleMap_C' with ClassGeneratedBy '/Game/FirstPersonBP/Maps/FirstPersonExampleMap.FirstPersonExampleMap:PersistentLevel.FirstPersonExampleMap'
[2019.01.05-04.00.21:579][535]LogSlate: Updating window title bar state: overlay mode, drag disabled, window buttons hidden, title bar hidden
[2019.01.05-04.00.21:618][535]LogPlayLevel: Display: Shutting down PIE online subsystems
[2019.01.05-04.00.21:619][535]LogBlueprintUserMessages: Late EndPlayMap Detection: Level '/Game/FirstPersonBP/Maps/FirstPersonExampleMap.FirstPersonExampleMap:PersistentLevel' has LevelScriptBlueprint '/Game/FirstPersonBP/Maps/FirstPersonExampleMap.FirstPersonExampleMap:PersistentLevel.FirstPersonExampleMap' with GeneratedClass '/Game/FirstPersonBP/Maps/FirstPersonExampleMap.FirstPersonExampleMap_C' with ClassGeneratedBy '/Game/FirstPersonBP/Maps/FirstPersonExampleMap.FirstPersonExampleMap:PersistentLevel.FirstPersonExampleMap'
[2019.01.05-04.00.21:639][535]LogSlate: Updating window title bar state: overlay mode, drag disabled, window buttons hidden, title bar hidden
[2019.01.05-04.00.21:680][538]LogPlayLevel: Display: Destroying online subsystem :Context_7
[2019.01.05-04.00.22:714][648]LogSlate: FSceneViewport::OnFocusLost() reason 0
[2019.01.05-04.00.22:780][655]LogTemp: Repeating last play command: Selected Viewport
[2019.01.05-04.00.22:798][655]LogBlueprintUserMessages: Early PlayInEditor Detection: Level '/Game/FirstPersonBP/Maps/FirstPersonExampleMap.FirstPersonExampleMap:PersistentLevel' has LevelScriptBlueprint '/Game/FirstPersonBP/Maps/FirstPersonExampleMap.FirstPersonExampleMap:PersistentLevel.FirstPersonExampleMap' with GeneratedClass '/Game/FirstPersonBP/Maps/FirstPersonExampleMap.FirstPersonExampleMap_C' with ClassGeneratedBy '/Game/FirstPersonBP/Maps/FirstPersonExampleMap.FirstPersonExampleMap:PersistentLevel.FirstPersonExampleMap'
[2019.01.05-04.00.22:798][655]LogPlayLevel: PlayLevel: No blueprints needed recompiling
[2019.01.05-04.00.22:798][655]PIE: New page: PIE session: FirstPersonExampleMap (Jan 4, 2019, 6:00:22 PM)
[2019.01.05-04.00.22:798][655]LogPlayLevel: Creating play world package: /Game/FirstPersonBP/Maps/UEDPIE_0_FirstPersonExampleMap
[2019.01.05-04.00.22:812][655]LogPlayLevel: PIE: StaticDuplicateObject took: (0.013769s)
[2019.01.05-04.00.22:813][655]LogAIModule: Creating AISystem for world FirstPersonExampleMap
[2019.01.05-04.00.22:813][655]LogPlayLevel: PIE: World Init took: (0.001075s)
[2019.01.05-04.00.22:813][655]LogPlayLevel: PIE: Created PIE world by copying editor world from /Game/FirstPersonBP/Maps/FirstPersonExampleMap.FirstPersonExampleMap to /Game/FirstPersonBP/Maps/UEDPIE_0_FirstPersonExampleMap.FirstPersonExampleMap (0.015041s)
[2019.01.05-04.00.22:858][655]LogInit: XAudio2 using 'Speakers (High Definition Audio Device)' : 2 channels at 48 kHz using 16 bits per sample (channel mask 0x3)
[2019.01.05-04.00.22:871][655]LogInit: FAudioDevice initialized.
[2019.01.05-04.00.22:907][655]LogLoad: Game class is 'FirstPersonGameMode_C'
[2019.01.05-04.00.22:913][655]LogWorld: Bringing World /Game/FirstPersonBP/Maps/UEDPIE_0_FirstPersonExampleMap.FirstPersonExampleMap up for play (max tick rate 0) at 2019.01.04-23.00.22
[2019.01.05-04.00.22:914][655]LogWorld: Bringing up level for play took: 0.004985
[2019.01.05-04.00.22:929][655]PIE: Play in editor start time for /Game/FirstPersonBP/Maps/UEDPIE_0_FirstPersonExampleMap -0.099
[2019.01.05-04.00.22:929][655]LogBlueprintUserMessages: Late PlayInEditor Detection: Level '/Game/FirstPersonBP/Maps/FirstPersonExampleMap.FirstPersonExampleMap:PersistentLevel' has LevelScriptBlueprint '/Game/FirstPersonBP/Maps/FirstPersonExampleMap.FirstPersonExampleMap:PersistentLevel.FirstPersonExampleMap' with GeneratedClass '/Game/FirstPersonBP/Maps/FirstPersonExampleMap.FirstPersonExampleMap_C' with ClassGeneratedBy '/Game/FirstPersonBP/Maps/FirstPersonExampleMap.FirstPersonExampleMap:PersistentLevel.FirstPersonExampleMap'
[2019.01.05-04.00.47:247][353]LogBlueprintUserMessages: Early EndPlayMap Detection: Level '/Game/FirstPersonBP/Maps/FirstPersonExampleMap.FirstPersonExampleMap:PersistentLevel' has LevelScriptBlueprint '/Game/FirstPersonBP/Maps/FirstPersonExampleMap.FirstPersonExampleMap:PersistentLevel.FirstPersonExampleMap' with GeneratedClass '/Game/FirstPersonBP/Maps/FirstPersonExampleMap.FirstPersonExampleMap_C' with ClassGeneratedBy '/Game/FirstPersonBP/Maps/FirstPersonExampleMap.FirstPersonExampleMap:PersistentLevel.FirstPersonExampleMap'
[2019.01.05-04.00.47:247][353]LogSlate: Updating window title bar state: overlay mode, drag disabled, window buttons hidden, title bar hidden
[2019.01.05-04.00.47:285][353]LogPlayLevel: Display: Shutting down PIE online subsystems
[2019.01.05-04.00.47:286][353]LogBlueprintUserMessages: Late EndPlayMap Detection: Level '/Game/FirstPersonBP/Maps/FirstPersonExampleMap.FirstPersonExampleMap:PersistentLevel' has LevelScriptBlueprint '/Game/FirstPersonBP/Maps/FirstPersonExampleMap.FirstPersonExampleMap:PersistentLevel.FirstPersonExampleMap' with GeneratedClass '/Game/FirstPersonBP/Maps/FirstPersonExampleMap.FirstPersonExampleMap_C' with ClassGeneratedBy '/Game/FirstPersonBP/Maps/FirstPersonExampleMap.FirstPersonExampleMap:PersistentLevel.FirstPersonExampleMap'
[2019.01.05-04.00.47:308][353]LogSlate: Updating window title bar state: overlay mode, drag disabled, window buttons hidden, title bar hidden
[2019.01.05-04.00.47:350][356]LogPlayLevel: Display: Destroying online subsystem :Context_8
[2019.01.05-04.00.59:249][506]LogSlate: FSceneViewport::OnFocusLost() reason 0
[2019.01.05-04.01.04:662][981]LogEditorActor: Deleted Actor: StaticMeshActor
[2019.01.05-04.01.04:663][981]LogEditorActor: Deleted Actor: StaticMeshActor
[2019.01.05-04.01.04:663][981]LogEditorActor: Deleted Actor: StaticMeshActor
[2019.01.05-04.01.04:664][981]LogEditorActor: Deleted Actor: StaticMeshActor
[2019.01.05-04.01.04:664][981]LogEditorActor: Deleted Actor: StaticMeshActor
[2019.01.05-04.01.04:664][981]LogEditorActor: Deleted Actor: StaticMeshActor
[2019.01.05-04.01.04:665][981]LogEditorActor: Deleted Actor: StaticMeshActor
[2019.01.05-04.01.04:665][981]LogEditorActor: Deleted Actor: StaticMeshActor
[2019.01.05-04.01.04:665][981]LogEditorActor: Deleted Actor: StaticMeshActor
[2019.01.05-04.01.04:666][981]LogEditorActor: Deleted Actor: StaticMeshActor
[2019.01.05-04.01.04:666][981]LogEditorActor: Deleted Actor: StaticMeshActor
[2019.01.05-04.01.04:667][981]LogEditorActor: Deleted Actor: StaticMeshActor
[2019.01.05-04.01.04:667][981]LogEditorActor: Deleted Actor: StaticMeshActor
[2019.01.05-04.01.04:667][981]LogEditorActor: Deleted Actor: StaticMeshActor
[2019.01.05-04.01.04:686][981]LogEditorActor: Deleted 14 Actors (0.047 secs)
[2019.01.05-04.01.39:214][400]LogEditorViewport: Clicking on Actor (LMB): StaticMeshActor (BigWall)
[2019.01.05-04.02.01:792][411]LogSlate: FSceneViewport::OnFocusLost() reason 0
[2019.01.05-04.02.01:849][416]LogTemp: Repeating last play command: Selected Viewport
[2019.01.05-04.02.01:867][416]LogBlueprintUserMessages: Early PlayInEditor Detection: Level '/Game/FirstPersonBP/Maps/FirstPersonExampleMap.FirstPersonExampleMap:PersistentLevel' has LevelScriptBlueprint '/Game/FirstPersonBP/Maps/FirstPersonExampleMap.FirstPersonExampleMap:PersistentLevel.FirstPersonExampleMap' with GeneratedClass '/Game/FirstPersonBP/Maps/FirstPersonExampleMap.FirstPersonExampleMap_C' with ClassGeneratedBy '/Game/FirstPersonBP/Maps/FirstPersonExampleMap.FirstPersonExampleMap:PersistentLevel.FirstPersonExampleMap'
[2019.01.05-04.02.01:867][416]LogPlayLevel: PlayLevel: No blueprints needed recompiling
[2019.01.05-04.02.01:867][416]PIE: New page: PIE session: FirstPersonExampleMap (Jan 4, 2019, 6:02:01 PM)
[2019.01.05-04.02.01:867][416]LogPlayLevel: Creating play world package: /Game/FirstPersonBP/Maps/UEDPIE_0_FirstPersonExampleMap
[2019.01.05-04.02.01:969][416]LogPlayLevel: PIE: StaticDuplicateObject took: (0.101944s)
[2019.01.05-04.02.01:971][416]LogAIModule: Creating AISystem for world FirstPersonExampleMap
[2019.01.05-04.02.01:971][416]LogPlayLevel: PIE: World Init took: (0.001711s)
[2019.01.05-04.02.01:971][416]LogPlayLevel: PIE: Created PIE world by copying editor world from /Game/FirstPersonBP/Maps/FirstPersonExampleMap.FirstPersonExampleMap to /Game/FirstPersonBP/Maps/UEDPIE_0_FirstPersonExampleMap.FirstPersonExampleMap (0.103927s)
[2019.01.05-04.02.02:039][416]LogInit: XAudio2 using 'Speakers (High Definition Audio Device)' : 2 channels at 48 kHz using 16 bits per sample (channel mask 0x3)
[2019.01.05-04.02.02:053][416]LogInit: FAudioDevice initialized.
[2019.01.05-04.02.02:086][416]LogLoad: Game class is 'FirstPersonGameMode_C'
[2019.01.05-04.02.02:089][416]LogWorld: Bringing World /Game/FirstPersonBP/Maps/UEDPIE_0_FirstPersonExampleMap.FirstPersonExampleMap up for play (max tick rate 0) at 2019.01.04-23.02.02
[2019.01.05-04.02.02:090][416]LogWorld: Bringing up level for play took: 0.002390
[2019.01.05-04.02.02:105][416]PIE: Play in editor start time for /Game/FirstPersonBP/Maps/UEDPIE_0_FirstPersonExampleMap 1.077
[2019.01.05-04.02.02:105][416]LogBlueprintUserMessages: Late PlayInEditor Detection: Level '/Game/FirstPersonBP/Maps/FirstPersonExampleMap.FirstPersonExampleMap:PersistentLevel' has LevelScriptBlueprint '/Game/FirstPersonBP/Maps/FirstPersonExampleMap.FirstPersonExampleMap:PersistentLevel.FirstPersonExampleMap' with GeneratedClass '/Game/FirstPersonBP/Maps/FirstPersonExampleMap.FirstPersonExampleMap_C' with ClassGeneratedBy '/Game/FirstPersonBP/Maps/FirstPersonExampleMap.FirstPersonExampleMap:PersistentLevel.FirstPersonExampleMap'
[2019.01.05-04.02.14:039][772]LogBlueprintUserMessages: Early EndPlayMap Detection: Level '/Game/FirstPersonBP/Maps/FirstPersonExampleMap.FirstPersonExampleMap:PersistentLevel' has LevelScriptBlueprint '/Game/FirstPersonBP/Maps/FirstPersonExampleMap.FirstPersonExampleMap:PersistentLevel.FirstPersonExampleMap' with GeneratedClass '/Game/FirstPersonBP/Maps/FirstPersonExampleMap.FirstPersonExampleMap_C' with ClassGeneratedBy '/Game/FirstPersonBP/Maps/FirstPersonExampleMap.FirstPersonExampleMap:PersistentLevel.FirstPersonExampleMap'
[2019.01.05-04.02.14:039][772]LogSlate: Updating window title bar state: overlay mode, drag disabled, window buttons hidden, title bar hidden
[2019.01.05-04.02.14:074][772]LogPlayLevel: Display: Shutting down PIE online subsystems
[2019.01.05-04.02.14:075][772]LogBlueprintUserMessages: Late EndPlayMap Detection: Level '/Game/FirstPersonBP/Maps/FirstPersonExampleMap.FirstPersonExampleMap:PersistentLevel' has LevelScriptBlueprint '/Game/FirstPersonBP/Maps/FirstPersonExampleMap.FirstPersonExampleMap:PersistentLevel.FirstPersonExampleMap' with GeneratedClass '/Game/FirstPersonBP/Maps/FirstPersonExampleMap.FirstPersonExampleMap_C' with ClassGeneratedBy '/Game/FirstPersonBP/Maps/FirstPersonExampleMap.FirstPersonExampleMap:PersistentLevel.FirstPersonExampleMap'
[2019.01.05-04.02.14:096][772]LogSlate: Updating window title bar state: overlay mode, drag disabled, window buttons hidden, title bar hidden
[2019.01.05-04.02.14:139][775]LogPlayLevel: Display: Destroying online subsystem :Context_9
[2019.01.05-04.02.18:249][173]LogEditorViewport: Clicking on Actor (LMB): StaticMeshActor (BigWall)
[2019.01.05-04.02.29:061][ 93]LogSlate: FSceneViewport::OnFocusLost() reason 0
[2019.01.05-04.02.29:140][100]LogTemp: Repeating last play command: Selected Viewport
[2019.01.05-04.02.29:157][100]LogBlueprintUserMessages: Early PlayInEditor Detection: Level '/Game/FirstPersonBP/Maps/FirstPersonExampleMap.FirstPersonExampleMap:PersistentLevel' has LevelScriptBlueprint '/Game/FirstPersonBP/Maps/FirstPersonExampleMap.FirstPersonExampleMap:PersistentLevel.FirstPersonExampleMap' with GeneratedClass '/Game/FirstPersonBP/Maps/FirstPersonExampleMap.FirstPersonExampleMap_C' with ClassGeneratedBy '/Game/FirstPersonBP/Maps/FirstPersonExampleMap.FirstPersonExampleMap:PersistentLevel.FirstPersonExampleMap'
[2019.01.05-04.02.29:157][100]LogPlayLevel: PlayLevel: No blueprints needed recompiling
[2019.01.05-04.02.29:157][100]PIE: New page: PIE session: FirstPersonExampleMap (Jan 4, 2019, 6:02:29 PM)
[2019.01.05-04.02.29:157][100]LogPlayLevel: Creating play world package: /Game/FirstPersonBP/Maps/UEDPIE_0_FirstPersonExampleMap
[2019.01.05-04.02.29:188][100]LogPlayLevel: PIE: StaticDuplicateObject took: (0.031062s)
[2019.01.05-04.02.29:189][100]LogAIModule: Creating AISystem for world FirstPersonExampleMap
[2019.01.05-04.02.29:189][100]LogPlayLevel: PIE: World Init took: (0.000761s)
[2019.01.05-04.02.29:189][100]LogPlayLevel: PIE: Created PIE world by copying editor world from /Game/FirstPersonBP/Maps/FirstPersonExampleMap.FirstPersonExampleMap to /Game/FirstPersonBP/Maps/UEDPIE_0_FirstPersonExampleMap.FirstPersonExampleMap (0.031971s)
[2019.01.05-04.02.29:236][100]LogInit: XAudio2 using 'Speakers (High Definition Audio Device)' : 2 channels at 48 kHz using 16 bits per sample (channel mask 0x3)
[2019.01.05-04.02.29:249][100]LogInit: FAudioDevice initialized.
[2019.01.05-04.02.29:282][100]LogLoad: Game class is 'FirstPersonGameMode_C'
[2019.01.05-04.02.29:285][100]LogWorld: Bringing World /Game/FirstPersonBP/Maps/UEDPIE_0_FirstPersonExampleMap.FirstPersonExampleMap up for play (max tick rate 0) at 2019.01.04-23.02.29
[2019.01.05-04.02.29:285][100]LogWorld: Bringing up level for play took: 0.002123
[2019.01.05-04.02.29:298][100]PIE: Play in editor start time for /Game/FirstPersonBP/Maps/UEDPIE_0_FirstPersonExampleMap 0.27
[2019.01.05-04.02.29:298][100]LogBlueprintUserMessages: Late PlayInEditor Detection: Level '/Game/FirstPersonBP/Maps/FirstPersonExampleMap.FirstPersonExampleMap:PersistentLevel' has LevelScriptBlueprint '/Game/FirstPersonBP/Maps/FirstPersonExampleMap.FirstPersonExampleMap:PersistentLevel.FirstPersonExampleMap' with GeneratedClass '/Game/FirstPersonBP/Maps/FirstPersonExampleMap.FirstPersonExampleMap_C' with ClassGeneratedBy '/Game/FirstPersonBP/Maps/FirstPersonExampleMap.FirstPersonExampleMap:PersistentLevel.FirstPersonExampleMap'
[2019.01.05-04.02.39:579][266]LogSpawn: Warning: SpawnActor failed because of collision at the spawn location [X=-2637.770 Y=3716.838 Z=-123.486] for [FirstPersonProjectile_C]
[2019.01.05-04.02.40:533][374]LogSpawn: Warning: SpawnActor failed because of collision at the spawn location [X=-2123.054 Y=3853.310 Z=-108.928] for [FirstPersonProjectile_C]
[2019.01.05-04.02.42:844][645]LogBlueprintUserMessages: Early EndPlayMap Detection: Level '/Game/FirstPersonBP/Maps/FirstPersonExampleMap.FirstPersonExampleMap:PersistentLevel' has LevelScriptBlueprint '/Game/FirstPersonBP/Maps/FirstPersonExampleMap.FirstPersonExampleMap:PersistentLevel.FirstPersonExampleMap' with GeneratedClass '/Game/FirstPersonBP/Maps/FirstPersonExampleMap.FirstPersonExampleMap_C' with ClassGeneratedBy '/Game/FirstPersonBP/Maps/FirstPersonExampleMap.FirstPersonExampleMap:PersistentLevel.FirstPersonExampleMap'
[2019.01.05-04.02.42:844][645]LogSlate: Updating window title bar state: overlay mode, drag disabled, window buttons hidden, title bar hidden
[2019.01.05-04.02.42:876][645]LogPlayLevel: Display: Shutting down PIE online subsystems
[2019.01.05-04.02.42:877][645]LogBlueprintUserMessages: Late EndPlayMap Detection: Level '/Game/FirstPersonBP/Maps/FirstPersonExampleMap.FirstPersonExampleMap:PersistentLevel' has LevelScriptBlueprint '/Game/FirstPersonBP/Maps/FirstPersonExampleMap.FirstPersonExampleMap:PersistentLevel.FirstPersonExampleMap' with GeneratedClass '/Game/FirstPersonBP/Maps/FirstPersonExampleMap.FirstPersonExampleMap_C' with ClassGeneratedBy '/Game/FirstPersonBP/Maps/FirstPersonExampleMap.FirstPersonExampleMap:PersistentLevel.FirstPersonExampleMap'
[2019.01.05-04.02.42:898][645]LogSlate: Updating window title bar state: overlay mode, drag disabled, window buttons hidden, title bar hidden
[2019.01.05-04.02.42:945][647]LogPlayLevel: Display: Destroying online subsystem :Context_10
[2019.01.05-04.02.49:195][275]LogSlate: FSceneViewport::OnFocusLost() reason 2
[2019.01.05-04.02.51:699][501]LogSlate: FSceneViewport::OnFocusLost() reason 2
[2019.01.05-04.02.52:063][501]LogSavePackage: Moving '../../../../../../Users/Nathan/Documents/GitHub/RocketJumper/RocketJumpPrototype/Saved/FirstPersonExampleMapA6E9A4854CF7E403402390BDEAED163A.tmp' to '../../../../../../Users/Nathan/Documents/GitHub/RocketJumper/RocketJumpPrototype/Content/FirstPersonBP/Maps/FirstPersonExampleMap.umap'
[2019.01.05-04.02.52:121][501]LogFileHelpers: Saving map 'FirstPersonExampleMap' took 0.392
[2019.01.05-04.03.06:817][941]LogSlate: FSceneViewport::OnFocusLost() reason 2
[2019.01.05-04.03.09:972][220]LogSlate: FSceneViewport::OnFocusLost() reason 0
[2019.01.05-04.05.44:737][ 13]LogSlate: FSceneViewport::OnFocusLost() reason 0
[2019.01.05-04.05.44:912][ 22]LogSlate: Window 'RocketJumpPrototype - Unreal Editor' being destroyed
[2019.01.05-04.05.45:114][ 23]Cmd: QUIT_EDITOR
[2019.01.05-04.05.45:497][ 23]LogWindowsTextInputMethodSystem: Display: IME system now deactivated.
[2019.01.05-04.05.45:510][ 23]LogExit: Preparing to exit.
[2019.01.05-04.05.45:965][ 23]LogExit: Editor shut down
[2019.01.05-04.05.45:965][ 23]LogExit: Transaction tracking system shut down
[2019.01.05-04.05.46:261][ 23]LogExit: Object subsystem successfully closed.
[2019.01.05-04.05.46:274][ 23]LogShaderCompilers: Display: Shaders left to compile 0
[2019.01.05-04.05.46:278][ 23]LogD3D11RHI: Shutdown
[2019.01.05-04.05.46:278][ 23]LogD3D11RHI: CleanupD3DDevice
[2019.01.05-04.05.46:279][ 23]LogD3D11RHI: ~FD3D11DynamicRHI
[2019.01.05-04.05.46:314][ 23]LogModuleManager: Shutting down and abandoning module MovieSceneCapture (614)
[2019.01.05-04.05.46:314][ 23]LogModuleManager: Shutting down and abandoning module Voice (612)
[2019.01.05-04.05.46:314][ 23]LogModuleManager: Shutting down and abandoning module HierarchicalLODOutliner (610)
[2019.01.05-04.05.46:314][ 23]LogModuleManager: Shutting down and abandoning module SceneOutliner (608)
[2019.01.05-04.05.46:314][ 23]LogModuleManager: Shutting down and abandoning module AddContentDialog (606)
[2019.01.05-04.05.46:314][ 23]LogModuleManager: Shutting down and abandoning module WidgetCarousel (605)
[2019.01.05-04.05.46:314][ 23]LogModuleManager: Shutting down and abandoning module EditorWidgets (602)
[2019.01.05-04.05.46:314][ 23]LogModuleManager: Shutting down and abandoning module CollectionManager (600)
[2019.01.05-04.05.46:315][ 23]LogModuleManager: Shutting down and abandoning module StatsViewer (598)
[2019.01.05-04.05.46:315][ 23]LogModuleManager: Shutting down and abandoning module FoliageEdit (596)
[2019.01.05-04.05.46:315][ 23]LogModuleManager: Shutting down and abandoning module LandscapeEditor (594)
[2019.01.05-04.05.46:315][ 23]LogModuleManager: Shutting down and abandoning module MeshPaintMode (592)
[2019.01.05-04.05.46:315][ 23]LogModuleManager: Shutting down and abandoning module SceneDepthPickerMode (590)
[2019.01.05-04.05.46:315][ 23]LogModuleManager: Shutting down and abandoning module ActorPickerMode (588)
[2019.01.05-04.05.46:315][ 23]LogModuleManager: Shutting down and abandoning module GeometryMode (586)
[2019.01.05-04.05.46:315][ 23]LogModuleManager: Shutting down and abandoning module TextureAlignMode (584)
[2019.01.05-04.05.46:315][ 23]LogModuleManager: Shutting down and abandoning module BspMode (582)
[2019.01.05-04.05.46:315][ 23]LogModuleManager: Shutting down and abandoning module PIEPreviewDeviceProfileSelector (580)
[2019.01.05-04.05.46:315][ 23]LogModuleManager: Shutting down and abandoning module SequenceRecorderSections (578)
[2019.01.05-04.05.46:315][ 23]LogModuleManager: Shutting down and abandoning module AutomationWorker (576)
[2019.01.05-04.05.46:315][ 23]LogModuleManager: Shutting down and abandoning module AudioCaptureEditor (574)
[2019.01.05-04.05.46:315][ 23]LogModuleManager: Shutting down and abandoning module SequenceRecorder (573)
[2019.01.05-04.05.46:315][ 23]LogModuleManager: Shutting down and abandoning module MatineeToLevelSequence (570)
[2019.01.05-04.05.46:315][ 23]LogModuleManager: Shutting down and abandoning module LevelSequenceEditor (568)
[2019.01.05-04.05.46:315][ 23]LogModuleManager: Shutting down and abandoning module PlacementMode (567)
[2019.01.05-04.05.46:315][ 23]LogModuleManager: Shutting down and abandoning module MaterialEditor (566)
[2019.01.05-04.05.46:315][ 23]LogModuleManager: Shutting down and abandoning module WmfMediaFactory (562)
[2019.01.05-04.05.46:315][ 23]LogModuleManager: Shutting down and abandoning module WmfMediaEditor (560)
[2019.01.05-04.05.46:315][ 23]LogModuleManager: Shutting down and abandoning module MediaPlayerEditor (558)
[2019.01.05-04.05.46:315][ 23]LogModuleManager: Shutting down and abandoning module OpenExrWrapper (556)
[2019.01.05-04.05.46:315][ 23]LogModuleManager: Shutting down and abandoning module ImgMediaFactory (554)
[2019.01.05-04.05.46:315][ 23]LogModuleManager: Shutting down and abandoning module ImgMediaEditor (552)
[2019.01.05-04.05.46:315][ 23]LogModuleManager: Shutting down and abandoning module AvfMediaFactory (550)
[2019.01.05-04.05.46:315][ 23]LogModuleManager: Shutting down and abandoning module AvfMediaEditor (548)
[2019.01.05-04.05.46:315][ 23]LogModuleManager: Shutting down and abandoning module AndroidMediaFactory (546)
[2019.01.05-04.05.46:316][ 23]LogModuleManager: Shutting down and abandoning module AndroidMediaEditor (544)
[2019.01.05-04.05.46:316][ 23]LogModuleManager: Shutting down and abandoning module MagicLeapCameraPreviewFactory (542)
[2019.01.05-04.05.46:316][ 23]LogModuleManager: Shutting down and abandoning module MagicLeapMediaFactory (540)
[2019.01.05-04.05.46:316][ 23]LogModuleManager: Shutting down and abandoning module MagicLeapMediaEditor (538)
[2019.01.05-04.05.46:316][ 23]LogModuleManager: Shutting down and abandoning module CharacterAI (536)
[2019.01.05-04.05.46:316][ 23]LogModuleManager: Shutting down and abandoning module SmartSnapping (534)
[2019.01.05-04.05.46:316][ 23]LogModuleManager: Shutting down and abandoning module SessionServices (532)
[2019.01.05-04.05.46:316][ 23]LogModuleManager: Shutting down and abandoning module ViewportSnapping (530)
[2019.01.05-04.05.46:316][ 23]LogModuleManager: Shutting down and abandoning module ViewportInteraction (528)
[2019.01.05-04.05.46:316][ 23]LogModuleManager: Shutting down and abandoning module ClothPainter (526)
[2019.01.05-04.05.46:316][ 23]LogModuleManager: Shutting down and abandoning module SkeletalMeshEditor (525)
[2019.01.05-04.05.46:316][ 23]LogModuleManager: Shutting down and abandoning module LogVisualizer (522)
[2019.01.05-04.05.46:316][ 23]LogModuleManager: Shutting down and abandoning module IntroTutorials (520)
[2019.01.05-04.05.46:316][ 23]LogModuleManager: Shutting down and abandoning module GameProjectGeneration (519)
[2019.01.05-04.05.46:316][ 23]LogModuleManager: Shutting down and abandoning module LuminPlatformEditor (516)
[2019.01.05-04.05.46:316][ 23]LogModuleManager: Shutting down and abandoning module IOSPlatformEditor (514)
[2019.01.05-04.05.46:316][ 23]LogModuleManager: Shutting down and abandoning module HTML5PlatformEditor (512)
[2019.01.05-04.05.46:316][ 23]LogModuleManager: Shutting down and abandoning module AndroidPlatformEditor (510)
[2019.01.05-04.05.46:316][ 23]LogModuleManager: Shutting down and abandoning module AndroidDeviceDetection (509)
[2019.01.05-04.05.46:998][ 23]LogModuleManager: Shutting down and abandoning module WindowsPlatformEditor (506)
[2019.01.05-04.05.46:998][ 23]LogModuleManager: Shutting down and abandoning module LuminRuntimeSettings (504)
[2019.01.05-04.05.46:998][ 23]LogModuleManager: Shutting down and abandoning module IOSRuntimeSettings (502)
[2019.01.05-04.05.46:998][ 23]LogModuleManager: Shutting down and abandoning module AndroidRuntimeSettings (500)
[2019.01.05-04.05.46:998][ 23]LogModuleManager: Shutting down and abandoning module InputBindingEditor (498)
[2019.01.05-04.05.46:998][ 23]LogModuleManager: Shutting down and abandoning module MergeActors (496)
[2019.01.05-04.05.46:998][ 23]LogModuleManager: Shutting down and abandoning module LocalizationDashboard (494)
[2019.01.05-04.05.46:999][ 23]LogModuleManager: Shutting down and abandoning module LocalizationService (493)
[2019.01.05-04.05.46:999][ 23]LogModuleManager: Shutting down and abandoning module HardwareTargeting (490)
[2019.01.05-04.05.46:999][ 23]LogModuleManager: Shutting down and abandoning module DeviceProfileEditor (488)
[2019.01.05-04.05.46:999][ 23]LogModuleManager: Shutting down and abandoning module UndoHistory (486)
[2019.01.05-04.05.46:999][ 23]LogModuleManager: Shutting down and abandoning module XmlParser (484)
[2019.01.05-04.05.46:999][ 23]LogModuleManager: Shutting down and abandoning module Blutility (482)
[2019.01.05-04.05.46:999][ 23]LogModuleManager: Shutting down and abandoning module ProjectSettingsViewer (480)
[2019.01.05-04.05.46:999][ 23]LogModuleManager: Shutting down and abandoning module ProjectTargetPlatformEditor (479)
[2019.01.05-04.05.47:000][ 23]LogModuleManager: Shutting down and abandoning module EditorSettingsViewer (476)
[2019.01.05-04.05.47:000][ 23]LogModuleManager: Shutting down and abandoning module SettingsEditor (474)
[2019.01.05-04.05.47:000][ 23]LogModuleManager: Shutting down and abandoning module ProjectLauncher (472)
[2019.01.05-04.05.47:000][ 23]LogModuleManager: Shutting down and abandoning module SessionFrontend (470)
[2019.01.05-04.05.47:000][ 23]LogModuleManager: Shutting down and abandoning module ProfilerClient (468)
[2019.01.05-04.05.47:000][ 23]LogModuleManager: Shutting down and abandoning module DeviceManager (466)
[2019.01.05-04.05.47:000][ 23]LogModuleManager: Shutting down and abandoning module TargetDeviceServices (465)
[2019.01.05-04.05.47:056][ 23]LogModuleManager: Shutting down and abandoning module AutomationController (462)
[2019.01.05-04.05.47:056][ 23]LogModuleManager: Shutting down and abandoning module AutomationWindow (460)
[2019.01.05-04.05.47:056][ 23]LogModuleManager: Shutting down and abandoning module Layers (458)
[2019.01.05-04.05.47:056][ 23]LogModuleManager: Shutting down and abandoning module ComponentVisualizers (456)
[2019.01.05-04.05.47:056][ 23]LogModuleManager: Shutting down and abandoning module DetailCustomizations (454)
[2019.01.05-04.05.47:056][ 23]LogModuleManager: Shutting down and abandoning module PackagesDialog (452)
[2019.01.05-04.05.47:056][ 23]LogModuleManager: Shutting down and abandoning module Persona (450)
[2019.01.05-04.05.47:057][ 23]LogModuleManager: Shutting down and abandoning module AdvancedPreviewScene (449)
[2019.01.05-04.05.47:057][ 23]LogModuleManager: Shutting down and abandoning module AnimGraph (447)
[2019.01.05-04.05.47:057][ 23]LogModuleManager: Shutting down and abandoning module Kismet (444)
[2019.01.05-04.05.47:057][ 23]LogModuleManager: Shutting down and abandoning module GraphEditor (442)
[2019.01.05-04.05.47:057][ 23]LogModuleManager: Shutting down and abandoning module ClassViewer (440)
[2019.01.05-04.05.47:058][ 23]LogModuleManager: Shutting down and abandoning module Toolbox (438)
[2019.01.05-04.05.47:058][ 23]LogModuleManager: Shutting down and abandoning module ModuleUI (436)
[2019.01.05-04.05.47:058][ 23]LogModuleManager: Shutting down and abandoning module MovieSceneTools (434)
[2019.01.05-04.05.47:058][ 23]LogModuleManager: Shutting down and abandoning module OutputLog (432)
[2019.01.05-04.05.47:058][ 23]LogModuleManager: Shutting down and abandoning module GammaUI (430)
[2019.01.05-04.05.47:058][ 23]LogModuleManager: Shutting down and abandoning module Documentation (428)
[2019.01.05-04.05.47:058][ 23]LogModuleManager: Shutting down and abandoning module MovieSceneTracks (426)
[2019.01.05-04.05.47:058][ 23]LogModuleManager: Shutting down and abandoning module MovieScene (424)
[2019.01.05-04.05.47:058][ 23]LogModuleManager: Shutting down and abandoning module StreamingPauseRendering (422)
[2019.01.05-04.05.47:058][ 23]LogModuleManager: Shutting down and abandoning module LauncherPlatform (420)
[2019.01.05-04.05.47:058][ 23]LogModuleManager: Shutting down and abandoning module AnalyticsET (418)
[2019.01.05-04.05.47:058][ 23]LogModuleManager: Shutting down and abandoning module PortalServices (416)
[2019.01.05-04.05.47:058][ 23]LogModuleManager: Shutting down and abandoning module PortalRpc (414)
[2019.01.05-04.05.47:058][ 23]LogModuleManager: Shutting down and abandoning module MessagingRpc (412)
[2019.01.05-04.05.47:058][ 23]LogModuleManager: Shutting down and abandoning module AIModule (410)
[2019.01.05-04.05.47:058][ 23]LogModuleManager: Shutting down and abandoning module GameplayDebugger (409)
[2019.01.05-04.05.47:059][ 23]LogModuleManager: Shutting down and abandoning module AITestSuite (407)
[2019.01.05-04.05.47:059][ 23]LogModuleManager: Shutting down and abandoning module NavigationSystem (405)
[2019.01.05-04.05.47:059][ 23]LogModuleManager: Shutting down and abandoning module DesktopPlatform (402)
[2019.01.05-04.05.47:059][ 23]LogModuleManager: Shutting down and abandoning module ProfilerService (400)
[2019.01.05-04.05.47:283][ 23]LogModuleManager: Shutting down and abandoning module TaskGraph (398)
[2019.01.05-04.05.47:283][ 23]LogModuleManager: Shutting down and abandoning module SteamVRController (396)
[2019.01.05-04.05.47:283][ 23]LogModuleManager: Shutting down and abandoning module ProceduralMeshComponentEditor (394)
[2019.01.05-04.05.47:283][ 23]LogModuleManager: Shutting down and abandoning module ProceduralMeshComponent (392)
[2019.01.05-04.05.47:283][ 23]LogModuleManager: Shutting down and abandoning module OculusInput (390)
[2019.01.05-04.05.47:283][ 23]LogModuleManager: Shutting down and abandoning module MobilePatchingUtils (388)
[2019.01.05-04.05.47:283][ 23]LogModuleManager: Shutting down and abandoning module EditableMesh (386)
[2019.01.05-04.05.47:283][ 23]LogModuleManager: Shutting down and abandoning module CustomMeshComponent (384)
[2019.01.05-04.05.47:283][ 23]LogModuleManager: Shutting down and abandoning module CableComponent (382)
[2019.01.05-04.05.47:283][ 23]LogModuleManager: Shutting down and abandoning module AudioCapture (380)
[2019.01.05-04.05.47:283][ 23]LogModuleManager: Shutting down and abandoning module ArchVisCharacter (378)
[2019.01.05-04.05.47:284][ 23]LogModuleManager: Shutting down and abandoning module AndroidPermission (376)
[2019.01.05-04.05.47:284][ 23]LogModuleManager: Shutting down and abandoning module NUTUnrealEngine4 (374)
[2019.01.05-04.05.47:284][ 23]LogModuleManager: Shutting down and abandoning module NetcodeUnitTest (372)
[2019.01.05-04.05.47:284][ 23]LogModuleManager: Shutting down and abandoning module MediaCompositingEditor (370)
[2019.01.05-04.05.47:284][ 23]LogModuleManager: Shutting down and abandoning module MediaCompositing (368)
[2019.01.05-04.05.47:284][ 23]LogModuleManager: Shutting down and abandoning module LinearTimecode (366)
[2019.01.05-04.05.47:284][ 23]LogModuleManager: Shutting down and abandoning module ImgMedia (364)
[2019.01.05-04.05.47:289][ 23]LogModuleManager: Shutting down and abandoning module HTML5Networking (362)
[2019.01.05-04.05.47:290][ 23]LogModuleManager: Shutting down and abandoning module GeometryCacheTracks (360)
[2019.01.05-04.05.47:290][ 23]LogModuleManager: Shutting down and abandoning module GeometryCacheSequencer (358)
[2019.01.05-04.05.47:290][ 23]LogModuleManager: Shutting down and abandoning module BackChannel (356)
[2019.01.05-04.05.47:290][ 23]LogModuleManager: Shutting down and abandoning module AppleVision (354)
[2019.01.05-04.05.47:290][ 23]LogModuleManager: Shutting down and abandoning module AppleImageUtils (352)
[2019.01.05-04.05.47:290][ 23]LogModuleManager: Shutting down and abandoning module AlembicImporter (350)
[2019.01.05-04.05.47:290][ 23]LogModuleManager: Shutting down and abandoning module AlembicLibrary (349)
[2019.01.05-04.05.47:290][ 23]LogModuleManager: Shutting down and abandoning module GeometryCache (348)
[2019.01.05-04.05.47:290][ 23]LogModuleManager: Shutting down and abandoning module GeometryCacheEd (347)
[2019.01.05-04.05.47:290][ 23]LogModuleManager: Shutting down and abandoning module DatasmithContentEditor (342)
[2019.01.05-04.05.47:290][ 23]LogModuleManager: Shutting down and abandoning module DatasmithContent (340)
[2019.01.05-04.05.47:291][ 23]LogModuleManager: Shutting down and abandoning module SpeedTreeImporter (338)
[2019.01.05-04.05.47:291][ 23]LogModuleManager: Shutting down and abandoning module PluginBrowser (336)
[2019.01.05-04.05.47:291][ 23]LogModuleManager: Shutting down and abandoning module MobileLauncherProfileWizard (334)
[2019.01.05-04.05.47:292][ 23]LogModuleManager: Shutting down and abandoning module PolygonModeling (332)
[2019.01.05-04.05.47:292][ 23]LogModuleManager: Shutting down and abandoning module MeshEditor (330)
[2019.01.05-04.05.47:292][ 23]LogModuleManager: Shutting down and abandoning module CryptoKeysOpenSSL (328)
[2019.01.05-04.05.47:292][ 23]LogModuleManager: Shutting down and abandoning module CryptoKeys (326)
[2019.01.05-04.05.47:292][ 23]LogModuleManager: Shutting down and abandoning module VisualStudioSourceCodeAccess (324)
[2019.01.05-04.05.47:292][ 23]LogModuleManager: Shutting down and abandoning module VisualStudioCodeSourceCodeAccess (322)
[2019.01.05-04.05.47:292][ 23]LogModuleManager: Shutting down and abandoning module UObjectPlugin (320)
[2019.01.05-04.05.47:292][ 23]LogModuleManager: Shutting down and abandoning module SubversionSourceControl (318)
[2019.01.05-04.05.47:292][ 23]LogModuleManager: Shutting down and abandoning module PerforceSourceControl (316)
[2019.01.05-04.05.47:292][ 23]LogModuleManager: Shutting down and abandoning module GitSourceControl (314)
[2019.01.05-04.05.47:292][ 23]LogModuleManager: Shutting down and abandoning module SourceControl (313)
[2019.01.05-04.05.47:292][ 23]LogModuleManager: Shutting down and abandoning module CLionSourceCodeAccess (310)
[2019.01.05-04.05.47:293][ 23]LogModuleManager: Shutting down and abandoning module LightPropagationVolumeEditor (308)
[2019.01.05-04.05.47:293][ 23]LogModuleManager: Shutting down and abandoning module PaperTiledImporter (306)
[2019.01.05-04.05.47:293][ 23]LogModuleManager: Shutting down and abandoning module PaperSpriteSheetImporter (304)
[2019.01.05-04.05.47:293][ 23]LogModuleManager: Shutting down and abandoning module Paper2DEditor (302)
[2019.01.05-04.05.47:293][ 23]LogModuleManager: Shutting down and abandoning module MeshPaint (301)
[2019.01.05-04.05.47:293][ 23]LogModuleManager: Shutting down and abandoning module RuntimePhysXCooking (298)
[2019.01.05-04.05.47:293][ 23]LogModuleManager: Shutting down and abandoning module PhysXVehiclesEditor (296)
[2019.01.05-04.05.47:293][ 23]LogModuleManager: Shutting down and abandoning module PhysXVehicles (294)
[2019.01.05-04.05.47:293][ 23]LogModuleManager: Shutting down and abandoning module OculusEditor (292)
[2019.01.05-04.05.47:293][ 23]LogModuleManager: Shutting down and abandoning module LocationServicesBPLibrary (290)
[2019.01.05-04.05.47:293][ 23]LogModuleManager: Shutting down and abandoning module ImmediatePhysicsEditor (288)
[2019.01.05-04.05.47:293][ 23]LogModuleManager: Shutting down and abandoning module ImmediatePhysics (286)
[2019.01.05-04.05.47:293][ 23]LogModuleManager: Shutting down and abandoning module ActorSequence (284)
[2019.01.05-04.05.47:293][ 23]LogModuleManager: Shutting down and abandoning module UdpMessaging (282)
[2019.01.05-04.05.47:395][ 23]LogModuleManager: Shutting down and abandoning module TcpMessaging (280)
[2019.01.05-04.05.47:496][ 23]LogModuleManager: Shutting down and abandoning module MagicLeapAudio (278)
[2019.01.05-04.05.47:496][ 23]LogModuleManager: Shutting down and abandoning module GameplayTagsEditor (276)
[2019.01.05-04.05.47:496][ 23]LogModuleManager: Shutting down and abandoning module FacialAnimationEditor (274)
[2019.01.05-04.05.47:496][ 23]LogModuleManager: Shutting down and abandoning module FacialAnimation (272)
[2019.01.05-04.05.47:496][ 23]LogModuleManager: Shutting down and abandoning module DataValidation (270)
[2019.01.05-04.05.47:496][ 23]LogModuleManager: Shutting down and abandoning module AssetManagerEditor (268)
[2019.01.05-04.05.47:496][ 23]LogModuleManager: Shutting down and abandoning module LevelEditor (267)
[2019.01.05-04.05.47:497][ 23]LogModuleManager: Shutting down and abandoning module PixelInspectorModule (266)
[2019.01.05-04.05.47:498][ 23]LogModuleManager: Shutting down and abandoning module CommonMenuExtensions (264)
[2019.01.05-04.05.47:498][ 23]LogModuleManager: Shutting down and abandoning module MainFrame (262)
[2019.01.05-04.05.47:498][ 23]LogModuleManager: Shutting down and abandoning module HotReload (261)
[2019.01.05-04.05.47:499][ 23]LogModuleManager: Shutting down and abandoning module ContentBrowser (257)
[2019.01.05-04.05.47:501][ 23]LogModuleManager: Shutting down and abandoning module TreeMap (255)
[2019.01.05-04.05.47:501][ 23]LogModuleManager: Shutting down and abandoning module LightPropagationVolumeRuntime (252)
[2019.01.05-04.05.47:501][ 23]LogModuleManager: Shutting down and abandoning module AISupportModule (250)
[2019.01.05-04.05.47:501][ 23]LogModuleManager: Shutting down and abandoning module Paper2D (248)
[2019.01.05-04.05.47:501][ 23]LogModuleManager: Shutting down and abandoning module WindowsMoviePlayer (246)
[2019.01.05-04.05.47:501][ 23]LogModuleManager: Shutting down and abandoning module WmfMedia (244)
[2019.01.05-04.05.47:503][ 23]LogModuleManager: Shutting down and abandoning module Media (243)
[2019.01.05-04.05.47:510][ 23]LogModuleManager: Shutting down and abandoning module PacketHandler (240)
[2019.01.05-04.05.47:510][ 23]LogModuleManager: Shutting down and abandoning module ClothingSystemEditor (238)
[2019.01.05-04.05.47:510][ 23]LogModuleManager: Shutting down and abandoning module ClothingSystemRuntime (236)
[2019.01.05-04.05.47:510][ 23]LogModuleManager: Shutting down and abandoning module MediaAssets (234)
[2019.01.05-04.05.47:510][ 23]LogModuleManager: Shutting down and abandoning module Overlay (232)
[2019.01.05-04.05.47:510][ 23]LogModuleManager: Shutting down and abandoning module OverlayEditor (231)
[2019.01.05-04.05.47:510][ 23]LogModuleManager: Shutting down and abandoning module VREditor (228)
[2019.01.05-04.05.47:510][ 23]LogModuleManager: Shutting down and abandoning module StringTableEditor (226)
[2019.01.05-04.05.47:510][ 23]LogModuleManager: Shutting down and abandoning module GameplayTasksEditor (224)
[2019.01.05-04.05.47:510][ 23]LogModuleManager: Shutting down and abandoning module BehaviorTreeEditor (222)
[2019.01.05-04.05.47:510][ 23]LogModuleManager: Shutting down and abandoning module FunctionalTesting (220)
[2019.01.05-04.05.47:510][ 23]LogModuleManager: Shutting down and abandoning module CollisionAnalyzer (218)
[2019.01.05-04.05.47:510][ 23]LogModuleManager: Shutting down and abandoning module WorkspaceMenuStructure (217)
[2019.01.05-04.05.47:510][ 23]LogModuleManager: Shutting down and abandoning module UMG (214)
[2019.01.05-04.05.47:511][ 23]LogModuleManager: Shutting down and abandoning module UMGEditor (213)
[2019.01.05-04.05.47:511][ 23]LogModuleManager: Shutting down and abandoning module Sequencer (212)
[2019.01.05-04.05.47:511][ 23]LogModuleManager: Shutting down and abandoning module MessageLog (209)
[2019.01.05-04.05.47:511][ 23]LogModuleManager: Shutting down and abandoning module SlateReflector (204)
[2019.01.05-04.05.47:511][ 23]LogModuleManager: Shutting down and abandoning module Slate (202)
[2019.01.05-04.05.47:511][ 23]LogModuleManager: Shutting down and abandoning module EditorStyle (200)
[2019.01.05-04.05.47:515][ 23]LogModuleManager: Shutting down and abandoning module MRMesh (198)
[2019.01.05-04.05.47:515][ 23]LogModuleManager: Shutting down and abandoning module SourceCodeAccess (196)
[2019.01.05-04.05.47:515][ 23]LogModuleManager: Shutting down and abandoning module HeadMountedDisplay (194)
[2019.01.05-04.05.47:515][ 23]LogModuleManager: Shutting down and abandoning module XAudio2 (192)
[2019.01.05-04.05.47:515][ 23]LogModuleManager: Shutting down and abandoning module Networking (190)
[2019.01.05-04.05.47:515][ 23]LogModuleManager: Shutting down and abandoning module Core (188)
[2019.01.05-04.05.47:515][ 23]LogModuleManager: Shutting down and abandoning module LevelSequence (186)
[2019.01.05-04.05.47:515][ 23]LogModuleManager: Shutting down and abandoning module KismetCompiler (184)
[2019.01.05-04.05.47:515][ 23]LogModuleManager: Shutting down and abandoning module MeshUtilities (182)
[2019.01.05-04.05.47:515][ 23]LogModuleManager: Shutting down and abandoning module MeshMergeUtilities (181)
[2019.01.05-04.05.47:515][ 23]LogModuleManager: Shutting down and abandoning module MeshReductionInterface (180)
[2019.01.05-04.05.47:515][ 23]LogModuleManager: Shutting down and abandoning module SimplygonSwarm (179)
[2019.01.05-04.05.47:515][ 23]LogModuleManager: Shutting down and abandoning module ProxyLODMeshReduction (177)
[2019.01.05-04.05.47:515][ 23]LogModuleManager: Shutting down and abandoning module SimplygonMeshReduction (175)
[2019.01.05-04.05.47:515][ 23]LogModuleManager: Shutting down and abandoning module QuadricMeshReduction (173)
[2019.01.05-04.05.47:515][ 23]LogModuleManager: Shutting down and abandoning module MaterialBaking (169)
[2019.01.05-04.05.47:516][ 23]LogModuleManager: Shutting down and abandoning module DirectoryWatcher (165)
[2019.01.05-04.05.47:516][ 23]LogModuleManager: Shutting down and abandoning module DerivedDataCache (162)
[2019.01.05-04.05.47:538][ 23]LogDerivedDataCache: Shutdown
[2019.01.05-04.05.47:538][ 23]LogModuleManager: Shutting down and abandoning module XGEController (160)
[2019.01.05-04.05.47:538][ 23]LogXGEController: Cleaning working directory: C:/Users/Nathan/AppData/Local/Temp/UnrealXGEWorkingDir/
[2019.01.05-04.05.47:539][ 23]LogModuleManager: Shutting down and abandoning module TargetPlatform (158)
[2019.01.05-04.05.47:539][ 23]LogModuleManager: Shutting down and abandoning module VulkanShaderFormat (157)
[2019.01.05-04.05.47:539][ 23]LogModuleManager: Shutting down and abandoning module ShaderFormatVectorVM (155)
[2019.01.05-04.05.47:539][ 23]LogModuleManager: Shutting down and abandoning module ShaderFormatOpenGL (153)
[2019.01.05-04.05.47:539][ 23]LogModuleManager: Shutting down and abandoning module ShaderFormatD3D (151)
[2019.01.05-04.05.47:539][ 23]LogModuleManager: Shutting down and abandoning module MetalShaderFormat (149)
[2019.01.05-04.05.47:539][ 23]LogModuleManager: Shutting down and abandoning module TextureFormatUncompressed (147)
[2019.01.05-04.05.47:539][ 23]LogModuleManager: Shutting down and abandoning module TextureFormatPVR (145)
[2019.01.05-04.05.47:539][ 23]LogModuleManager: Shutting down and abandoning module TextureFormatDXT (143)
[2019.01.05-04.05.47:539][ 23]LogModuleManager: Shutting down and abandoning module TextureFormatIntelISPCTexComp (141)
[2019.01.05-04.05.47:540][ 23]LogModuleManager: Shutting down and abandoning module TextureFormatASTC (139)
[2019.01.05-04.05.47:540][ 23]LogModuleManager: Shutting down and abandoning module ImageWrapper (138)
[2019.01.05-04.05.47:540][ 23]LogModuleManager: Shutting down and abandoning module TextureFormatAndroid (135)
[2019.01.05-04.05.47:540][ 23]LogModuleManager: Shutting down and abandoning module AudioFormatOpus (133)
[2019.01.05-04.05.47:540][ 23]LogModuleManager: Shutting down and abandoning module AudioFormatOgg (131)
[2019.01.05-04.05.47:540][ 23]LogModuleManager: Shutting down and abandoning module AudioFormatADPCM (129)
[2019.01.05-04.05.47:540][ 23]LogModuleManager: Shutting down and abandoning module LuminTargetPlatform (127)
[2019.01.05-04.05.47:540][ 23]LogModuleManager: Shutting down and abandoning module LinuxTargetPlatform (125)
[2019.01.05-04.05.47:540][ 23]LogModuleManager: Shutting down and abandoning module LinuxServerTargetPlatform (123)
[2019.01.05-04.05.47:540][ 23]LogModuleManager: Shutting down and abandoning module LinuxNoEditorTargetPlatform (121)
[2019.01.05-04.05.47:540][ 23]LogModuleManager: Shutting down and abandoning module LinuxClientTargetPlatform (119)
[2019.01.05-04.05.47:540][ 23]LogModuleManager: Shutting down and abandoning module TVOSTargetPlatform (117)
[2019.01.05-04.05.47:543][ 23]LogModuleManager: Shutting down and abandoning module Messaging (115)
[2019.01.05-04.05.47:543][ 23]LogModuleManager: Shutting down and abandoning module IOSTargetPlatform (113)
[2019.01.05-04.05.47:544][ 23]LogModuleManager: Shutting down and abandoning module HTML5TargetPlatform (111)
[2019.01.05-04.05.47:545][ 23]LogModuleManager: Shutting down and abandoning module AndroidTargetPlatform (109)
[2019.01.05-04.05.47:555][ 23]LogModuleManager: Shutting down and abandoning module WindowsTargetPlatform (107)
[2019.01.05-04.05.47:556][ 23]LogModuleManager: Shutting down and abandoning module WindowsServerTargetPlatform (105)
[2019.01.05-04.05.47:556][ 23]LogModuleManager: Shutting down and abandoning module WindowsNoEditorTargetPlatform (103)
[2019.01.05-04.05.47:556][ 23]LogModuleManager: Shutting down and abandoning module WindowsClientTargetPlatform (101)
[2019.01.05-04.05.47:556][ 23]LogModuleManager: Shutting down and abandoning module MacTargetPlatform (99)
[2019.01.05-04.05.47:556][ 23]LogModuleManager: Shutting down and abandoning module MacServerTargetPlatform (97)
[2019.01.05-04.05.47:556][ 23]LogModuleManager: Shutting down and abandoning module MacNoEditorTargetPlatform (95)
[2019.01.05-04.05.47:556][ 23]LogModuleManager: Shutting down and abandoning module MacClientTargetPlatform (93)
[2019.01.05-04.05.47:556][ 23]LogModuleManager: Shutting down and abandoning module AllDesktopTargetPlatform (91)
[2019.01.05-04.05.47:556][ 23]LogModuleManager: Shutting down and abandoning module InputCore (88)
[2019.01.05-04.05.47:556][ 23]LogModuleManager: Shutting down and abandoning module Settings (86)
[2019.01.05-04.05.47:556][ 23]LogModuleManager: Shutting down and abandoning module PhysXCooking (84)
[2019.01.05-04.05.47:556][ 23]LogModuleManager: Shutting down and abandoning module SteamVR (82)
[2019.01.05-04.05.47:556][ 23]LogModuleManager: Shutting down and abandoning module OculusHMD (80)
[2019.01.05-04.05.47:556][ 23]LogModuleManager: Shutting down and abandoning module ExampleDeviceProfileSelector (78)
[2019.01.05-04.05.47:556][ 23]LogModuleManager: Shutting down and abandoning module LauncherChunkInstaller (76)
[2019.01.05-04.05.47:556][ 23]LogModuleManager: Shutting down and abandoning module OnlineBlueprintSupport (74)
[2019.01.05-04.05.47:556][ 23]LogModuleManager: Shutting down and abandoning module OnlineSubsystem (70)
[2019.01.05-04.05.47:557][ 23]LogModuleManager: Shutting down and abandoning module XMPP (65)
[2019.01.05-04.05.47:558][ 23]LogModuleManager: Shutting down and abandoning module WebSockets (64)
[2019.01.05-04.05.47:564][ 23]LogModuleManager: Shutting down and abandoning module HTTP (61)
[2019.01.05-04.05.47:564][ 23]LogHttp: Display: Http module shutting down, but needs to wait on 1 outstanding Http requests:
[2019.01.05-04.05.47:565][ 23]LogHttp: Display: 	verb=[POST] url=[https://datarouter.ol.epicgames.com/datarouter/api/v1/public/data?SessionID=%7BDFFBB864-40F5-0873-85F6-A69CBCF209BE%7D&AppID=UEEditor.Rocket.Release&AppVersion=4.20.3-4369336%2B%2B%2BUE4%2BRelease-4.20&UserID=bf89f89b445bf5a3cf85f6afa34ab038%7Ca9ce0e3aa720406681a65ce5c0abc24e%7Cade924d9-76d7-41a3-9153-75594cfad526&AppEnvironment=datacollector-binary&UploadType=eteventstream] status=Processing
[2019.01.05-04.05.47:597][ 23]LogModuleManager: Shutting down and abandoning module SSL (60)
[2019.01.05-04.05.47:599][ 23]LogModuleManager: Shutting down and abandoning module MagicLeapEmulator (56)
[2019.01.05-04.05.47:599][ 23]LogModuleManager: Shutting down and abandoning module MagicLeapPrivileges (54)
[2019.01.05-04.05.47:599][ 23]LogModuleManager: Shutting down and abandoning module MagicLeapIdentity (52)
[2019.01.05-04.05.47:599][ 23]LogModuleManager: Shutting down and abandoning module MagicLeapHelperVulkan (50)
[2019.01.05-04.05.47:599][ 23]LogModuleManager: Shutting down and abandoning module MagicLeapHelperOpenGL (48)
[2019.01.05-04.05.47:600][ 23]LogModuleManager: Shutting down and abandoning module MagicLeapSecureStorage (46)
[2019.01.05-04.05.47:600][ 23]LogModuleManager: Shutting down and abandoning module MagicLeapGestures (44)
[2019.01.05-04.05.47:600][ 23]LogModuleManager: Shutting down and abandoning module MagicLeapEyeTracker (42)
[2019.01.05-04.05.47:600][ 23]LogModuleManager: Shutting down and abandoning module MagicLeapController (40)
[2019.01.05-04.05.47:600][ 23]LogSlate: Slate User Destroyed.  User Index 0, Is Virtual User: 0
[2019.01.05-04.05.47:600][ 23]LogModuleManager: Shutting down and abandoning module MagicLeap (38)
[2019.01.05-04.05.47:600][ 23]LogModuleManager: Shutting down and abandoning module AnimationModifiers (36)
[2019.01.05-04.05.47:600][ 23]LogModuleManager: Shutting down and abandoning module PropertyEditor (35)
[2019.01.05-04.05.47:600][ 23]LogModuleManager: Shutting down and abandoning module AudioEditor (32)
[2019.01.05-04.05.47:601][ 23]LogModuleManager: Shutting down and abandoning module TextureCompressor (30)
[2019.01.05-04.05.47:601][ 23]LogModuleManager: Shutting down and abandoning module ShaderCore (28)
[2019.01.05-04.05.47:601][ 23]LogModuleManager: Shutting down and abandoning module Landscape (26)
[2019.01.05-04.05.47:601][ 23]LogModuleManager: Shutting down and abandoning module SlateRHIRenderer (24)
[2019.01.05-04.05.47:602][ 23]LogModuleManager: Shutting down and abandoning module OpenGLDrv (22)
[2019.01.05-04.05.47:602][ 23]LogModuleManager: Shutting down and abandoning module D3D11RHI (20)
[2019.01.05-04.05.47:602][ 23]LogModuleManager: Shutting down and abandoning module AnimGraphRuntime (18)
[2019.01.05-04.05.47:602][ 23]LogModuleManager: Shutting down and abandoning module Renderer (16)
[2019.01.05-04.05.47:602][ 23]LogModuleManager: Shutting down and abandoning module Engine (14)
[2019.01.05-04.05.47:602][ 23]LogModuleManager: Shutting down and abandoning module CoreUObject (12)
[2019.01.05-04.05.47:602][ 23]LogModuleManager: Shutting down and abandoning module NetworkFile (10)
[2019.01.05-04.05.47:603][ 23]LogModuleManager: Shutting down and abandoning module CookedIterativeFile (8)
[2019.01.05-04.05.47:603][ 23]LogModuleManager: Shutting down and abandoning module StreamingFile (6)
[2019.01.05-04.05.47:603][ 23]LogModuleManager: Shutting down and abandoning module SandboxFile (4)
[2019.01.05-04.05.47:603][ 23]LogModuleManager: Shutting down and abandoning module PakFile (2)
[2019.01.05-04.05.47:614][ 23]LogExit: Exiting.
[2019.01.05-04.05.47:674][ 23]Log file closed, 01/04/19 23:05:47
