Log file open, 01/04/19 21:16:20
LogWindows: Failed to load 'aqProf.dll' (GetLastError=126)
LogWindows: File 'aqProf.dll' does not exist
LogWindows: Failed to load 'VSPerf140.dll' (GetLastError=126)
LogWindows: File 'VSPerf140.dll' does not exist
LogWindows: Failed to load 'VtuneApi.dll' (GetLastError=126)
LogWindows: File 'VtuneApi.dll' does not exist
LogWindows: Failed to load 'VtuneApi32e.dll' (GetLastError=126)
LogWindows: File 'VtuneApi32e.dll' does not exist
LogInit: Display: Running engine for game: RocketJumpPrototype
LogPlatformFile: Not using cached read wrapper
LogTaskGraph: Started task graph with 5 named threads and 23 total threads with 3 sets of task threads.
LogStats: Stats thread started at 0.312902
LogD3D11RHI: Loaded GFSDK_Aftermath_Lib.x64.dll
LogICUInternationalization: Display: ICU TimeZone Detection - Raw Offset: -5:00, Platform Override: ''
LogConfig: Warning: Failed to saved backup for config[Game]
LogConfig: Warning: Failed to saved backup for config[EditorSettings]
LogConfig: Warning: Failed to saved backup for config[EditorKeyBindings]
LogConfig: Warning: Failed to saved backup for config[Compat]
LogConfig: Warning: Failed to saved backup for config[Lightmass]
LogConfig: Warning: Failed to saved backup for config[Hardware]
LogPluginManager: Mounting plugin Paper2D
LogConfig: Warning: Failed to saved backup for config[Paper2D]
LogPluginManager: Mounting plugin AISupport
LogPluginManager: Mounting plugin LightPropagationVolume
LogPluginManager: Mounting plugin CLionSourceCodeAccess
LogPluginManager: Mounting plugin CodeLiteSourceCodeAccess
LogPluginManager: Mounting plugin GitSourceControl
LogPluginManager: Mounting plugin KDevelopSourceCodeAccess
LogPluginManager: Mounting plugin NullSourceCodeAccess
LogPluginManager: Mounting plugin PerforceSourceControl
LogPluginManager: Mounting plugin SubversionSourceControl
LogPluginManager: Mounting plugin UObjectPlugin
LogPluginManager: Mounting plugin VisualStudioCodeSourceCodeAccess
LogPluginManager: Mounting plugin VisualStudioSourceCodeAccess
LogPluginManager: Mounting plugin XCodeSourceCodeAccess
LogPluginManager: Mounting plugin AssetManagerEditor
LogPluginManager: Mounting plugin CryptoKeys
LogPluginManager: Mounting plugin DataValidation
LogPluginManager: Mounting plugin FacialAnimation
LogPluginManager: Mounting plugin GameplayTagsEditor
LogPluginManager: Mounting plugin MacGraphicsSwitching
LogPluginManager: Mounting plugin MeshEditor
LogPluginManager: Mounting plugin MobileLauncherProfileWizard
LogPluginManager: Mounting plugin PluginBrowser
LogPluginManager: Mounting plugin SpeedTreeImporter
LogPluginManager: Mounting plugin DatasmithContent
LogPluginManager: Mounting plugin AlembicImporter
LogPluginManager: Mounting plugin AppleImageUtils
LogPluginManager: Mounting plugin AppleVision
LogPluginManager: Mounting plugin BackChannel
LogPluginManager: Mounting plugin CharacterAI
LogPluginManager: Mounting plugin GeometryCache
LogPluginManager: Mounting plugin HTML5Networking
LogPluginManager: Mounting plugin ProxyLODPlugin
LogPluginManager: Mounting plugin MagicLeap
LogPluginManager: Mounting plugin MagicLeapEmulator
LogPluginManager: Mounting plugin MagicLeapMedia
LogPluginManager: Mounting plugin AndroidMedia
LogPluginManager: Mounting plugin AvfMedia
LogPluginManager: Mounting plugin ImgMedia
LogPluginManager: Mounting plugin LinearTimecode
LogPluginManager: Mounting plugin MediaCompositing
LogPluginManager: Mounting plugin MediaPlayerEditor
LogPluginManager: Mounting plugin WmfMedia
LogPluginManager: Mounting plugin TcpMessaging
LogPluginManager: Mounting plugin UdpMessaging
LogPluginManager: Mounting plugin ActorSequence
LogPluginManager: Mounting plugin LevelSequenceEditor
LogPluginManager: Mounting plugin MatineeToLevelSequence
LogPluginManager: Mounting plugin NetcodeUnitTest
LogPluginManager: Mounting plugin NUTUnrealEngine4
LogPluginManager: Mounting plugin OnlineSubsystemGooglePlay
LogPluginManager: Mounting plugin OnlineSubsystemIOS
LogPluginManager: Mounting plugin OnlineSubsystem
LogPluginManager: Mounting plugin OnlineSubsystemNull
LogPluginManager: Mounting plugin OnlineSubsystemUtils
LogPluginManager: Mounting plugin LauncherChunkInstaller
LogPluginManager: Mounting plugin AndroidDeviceProfileSelector
LogPluginManager: Mounting plugin AndroidMoviePlayer
LogPluginManager: Mounting plugin AndroidPermission
LogPluginManager: Mounting plugin AppleMoviePlayer
LogPluginManager: Mounting plugin ArchVisCharacter
LogPluginManager: Mounting plugin AudioCapture
LogPluginManager: Mounting plugin CableComponent
LogPluginManager: Mounting plugin CustomMeshComponent
LogPluginManager: Mounting plugin EditableMesh
LogPluginManager: Mounting plugin ExampleDeviceProfileSelector
LogPluginManager: Mounting plugin GoogleCloudMessaging
LogPluginManager: Mounting plugin ImmediatePhysics
LogPluginManager: Mounting plugin IOSDeviceProfileSelector
LogPluginManager: Mounting plugin LinuxDeviceProfileSelector
LogPluginManager: Mounting plugin LocationServicesBPLibrary
LogPluginManager: Mounting plugin MobilePatchingUtils
LogPluginManager: Mounting plugin OculusVR
LogPluginManager: Plugin shader directory ../../../Engine/Plugins/Runtime/Oculus/OculusVR/Shaders found
LogPluginManager: Mapping shader source directory ../../../Engine/Plugins/Runtime/Oculus/OculusVR/Shaders to virtual directory /Plugin/OculusVR
LogPluginManager: Mounting plugin PhysXVehicles
LogPluginManager: Mounting plugin ProceduralMeshComponent
LogPluginManager: Mounting plugin RuntimePhysXCooking
LogPluginManager: Mounting plugin SteamVR
LogPluginManager: Mounting plugin WindowsMoviePlayer
LogStreaming: Display: Took  0.212s to configure plugins.
LogInit: Using libcurl 7.55.1-DEV
LogInit:  - built for x86_64-pc-win32
LogInit:  - supports SSL with OpenSSL/1.0.2h
LogInit:  - supports HTTP deflate (compression) using libz 1.2.8
LogInit:  - other features:
LogInit:      CURL_VERSION_SSL
LogInit:      CURL_VERSION_LIBZ
LogInit:      CURL_VERSION_IPV6
LogInit:      CURL_VERSION_ASYNCHDNS
LogInit:      CURL_VERSION_LARGEFILE
LogInit:      CURL_VERSION_IDN
LogInit:  CurlRequestOptions (configurable via config and command line):
LogInit:  - bVerifyPeer = false  - Libcurl will NOT verify peer certificate
LogInit:  - bUseHttpProxy = false  - Libcurl will NOT use HTTP proxy
LogInit:  - bDontReuseConnections = false  - Libcurl will reuse connections
LogInit:  - CertBundlePath = nullptr  - Libcurl will use whatever was configured at build time.
LogInit:  - MaxHostConnections = 16  - Libcurl will limit the number of connections to a host
LogInit:  - LocalHostAddr = Default
LogInit:  - BufferSize = 65536
LogInit: WinSock: version 1.1 (2.2), MaxSocks=32767, MaxUdp=65467
LogInit: Build: ++UE4+Release-4.20-CL-4369336
LogInit: Engine Version: 4.20.3-4369336+++UE4+Release-4.20
LogInit: Compatible Engine Version: 4.20.0-4212847+++UE4+Release-4.20
LogInit: Net CL: 4212847
LogInit: OS: Windows 10 (), CPU:        Intel(R) Core(TM) i7-3770K CPU @ 3.50GHz, GPU: AMD Radeon R9 200 Series
LogInit: Compiled (64-bit): Sep 17 2018 12:26:19
LogInit: Compiled with Visual C++: 19.13.26129.00
LogInit: Build Configuration: Development
LogInit: Branch Name: ++UE4+Release-4.20
LogInit: Command Line:  
LogInit: Base Directory: C:/Program Files/Epic Games/UE_4.20/Engine/Binaries/Win64/
LogInit: Installed Engine Build: 1
LogDevObjectVersion: Number of dev versions registered: 20
LogDevObjectVersion:   Dev-Blueprints (B0D832E4-1F89-4F0D-ACCF-7EB736FD4AA2): 10
LogDevObjectVersion:   Dev-Build (E1C64328-A22C-4D53-A36C-8E866417BD8C): 0
LogDevObjectVersion:   Dev-Core (375EC13C-06E4-48FB-B500-84F0262A717E): 2
LogDevObjectVersion:   Dev-Editor (E4B068ED-F494-42E9-A231-DA0B2E46BB41): 24
LogDevObjectVersion:   Dev-Framework (CFFC743F-43B0-4480-9391-14DF171D2073): 34
LogDevObjectVersion:   Dev-Mobile (B02B49B5-BB20-44E9-A304-32B752E40360): 2
LogDevObjectVersion:   Dev-Networking (A4E4105C-59A1-49B5-A7C5-40C4547EDFEE): 0
LogDevObjectVersion:   Dev-Online (39C831C9-5AE6-47DC-9A44-9C173E1C8E7C): 0
LogDevObjectVersion:   Dev-Physics (78F01B33-EBEA-4F98-B9B4-84EACCB95AA2): 0
LogDevObjectVersion:   Dev-Platform (6631380F-2D4D-43E0-8009-CF276956A95A): 0
LogDevObjectVersion:   Dev-Rendering (12F88B9F-8875-4AFC-A67C-D90C383ABD29): 26
LogDevObjectVersion:   Dev-Sequencer (7B5AE74C-D270-4C10-A958-57980B212A5A): 9
LogDevObjectVersion:   Dev-VR (D7296918-1DD6-4BDD-9DE2-64A83CC13884): 2
LogDevObjectVersion:   Dev-LoadTimes (C2A15278-BFE7-4AFE-6C17-90FF531DF755): 1
LogDevObjectVersion:   Private-Geometry (6EACA3D4-40EC-4CC1-B786-8BED09428FC5): 3
LogDevObjectVersion:   Dev-AnimPhys (29E575DD-E0A3-4627-9D10-D276232CDCEA): 17
LogDevObjectVersion:   Dev-ReflectionCapture (6B266CEC-1EC7-4B8F-A30B-E4D90942FC07): 1
LogDevObjectVersion:   Dev-Automation (0DF73D61-A23F-47EA-B727-89E90C41499A): 1
LogDevObjectVersion:   FortniteMain (601D1886-AC64-4F84-AA16-D3DE0DEAC7D6): 12
LogDevObjectVersion:   Dev-Enterprise (9DFFBCD6-494F-0158-E221-12823C92A888): 1
LogStreaming: Display: Took  0.025s to delete old logs.
LogInit: Presizing for max 8388607 objects, including 0 objects not considered by GC, pre-allocating 0 bytes for permanent pool.
LogInit: Object subsystem initialized
[2019.01.05-02.16.23:734][  0]LogInit: Selected Device Profile: [Windows]
[2019.01.05-02.16.23:734][  0]LogInit: Applying CVar settings loaded from the selected device profile: [Windows]
[2019.01.05-02.16.23:774][  0]LogHAL: Display: Platform has ~ 16 GB [16850325504 / 17179869184 / 16], which maps to Larger [LargestMinGB=32, LargerMinGB=12, DefaultMinGB=8, SmallerMinGB=6, SmallestMinGB=0)
[2019.01.05-02.16.23:795][  0]LogInit: Setting Device Profile CVar: [[r.Vulkan.UseRealUBs:1]]
[2019.01.05-02.16.23:795][  0]LogInit: Going up to parent DeviceProfile []
[2019.01.05-02.16.23:838][  0]LogInit: Computer: DESKTOP-6K2112M
[2019.01.05-02.16.23:838][  0]LogInit: User: Nathan
[2019.01.05-02.16.23:838][  0]LogInit: CPU Page size=4096, Cores=4
[2019.01.05-02.16.23:838][  0]LogInit: High frequency timer resolution =14.318180 MHz
[2019.01.05-02.16.23:845][  0]LogMemory: Memory total: Physical=15.7GB (16GB approx)
[2019.01.05-02.16.23:845][  0]LogMemory: Platform Memory Stats for Windows
[2019.01.05-02.16.23:845][  0]LogMemory: Process Physical Memory: 99.79 MB used, 99.79 MB peak
[2019.01.05-02.16.23:845][  0]LogMemory: Process Virtual Memory: 91.04 MB used, 91.04 MB peak
[2019.01.05-02.16.23:845][  0]LogMemory: Physical Memory: 5673.81 MB used,  10395.91 MB free, 16069.72 MB total
[2019.01.05-02.16.23:845][  0]LogMemory: Virtual Memory: 4640.43 MB used,  10395.91 MB free, 134217728.00 MB total
[2019.01.05-02.16.24:676][  0]LogInit: Using OS detected language (en-US).
[2019.01.05-02.16.24:676][  0]LogInit: Using OS detected locale (en-US).
[2019.01.05-02.16.24:756][  0]LogTextLocalizationManager: No specific localization for 'en-US' exists, so the 'en' localization will be used.
[2019.01.05-02.16.26:304][  0]LogStreaming: Display: Took  1.622s to InitEngineTextLocalization.
[2019.01.05-02.16.26:334][  0]LogInit: Setting process to per monitor DPI aware
[2019.01.05-02.16.29:712][  0]LogSlate: New Slate User Created.  User Index 0, Is Virtual User: 0
[2019.01.05-02.16.29:712][  0]LogSlate: Slate User Registered.  User Index 0, Is Virtual User: 0
[2019.01.05-02.16.41:018][  0]LogHMD: Failed to initialize OpenVR with code 110
[2019.01.05-02.16.41:019][  0]LogD3D11RHI: D3D11 adapters:
[2019.01.05-02.16.41:402][  0]LogD3D11RHI:    0. 'AMD Radeon R9 200 Series' (Feature Level 11_0)
[2019.01.05-02.16.41:403][  0]LogD3D11RHI:       2028/0/8034 MB DedicatedVideo/DedicatedSystem/SharedSystem, Outputs:2, VendorId:0x1002
[2019.01.05-02.16.41:416][  0]LogD3D11RHI:    1. 'Intel(R) HD Graphics 4000' (Feature Level 11_0)
[2019.01.05-02.16.41:416][  0]LogD3D11RHI:       224/0/1568 MB DedicatedVideo/DedicatedSystem/SharedSystem, Outputs:0, VendorId:0x8086
[2019.01.05-02.16.41:423][  0]LogD3D11RHI:    2. 'Microsoft Basic Render Driver' (Feature Level 11_0)
[2019.01.05-02.16.41:423][  0]LogD3D11RHI:       0/0/8034 MB DedicatedVideo/DedicatedSystem/SharedSystem, Outputs:0, VendorId:0x1414
[2019.01.05-02.16.41:423][  0]LogD3D11RHI: Chosen D3D11 Adapter: 0
[2019.01.05-02.16.41:439][  0]LogD3D11RHI: Creating new Direct3DDevice
[2019.01.05-02.16.41:439][  0]LogD3D11RHI:     GPU DeviceId: 0x6810 (for the marketing name, search the web for "GPU Device Id")
[2019.01.05-02.16.41:439][  0]LogWindows: EnumDisplayDevices:
[2019.01.05-02.16.41:440][  0]LogWindows:    0. 'AMD Radeon R9 200 Series' (P:1 D:1)
[2019.01.05-02.16.41:441][  0]LogWindows:    1. 'AMD Radeon R9 200 Series' (P:0 D:1)
[2019.01.05-02.16.41:443][  0]LogWindows:    2. 'AMD Radeon R9 200 Series' (P:0 D:0)
[2019.01.05-02.16.41:444][  0]LogWindows:    3. 'AMD Radeon R9 200 Series' (P:0 D:0)
[2019.01.05-02.16.41:446][  0]LogWindows:    4. 'AMD Radeon R9 200 Series' (P:0 D:0)
[2019.01.05-02.16.41:447][  0]LogWindows:    5. 'AMD Radeon R9 200 Series' (P:0 D:0)
[2019.01.05-02.16.41:449][  0]LogWindows:    6. 'AMD Radeon R9 200 Series' (P:0 D:0)
[2019.01.05-02.16.41:450][  0]LogWindows:    7. 'Intel(R) HD Graphics 4000' (P:0 D:0)
[2019.01.05-02.16.41:451][  0]LogWindows:    8. 'Intel(R) HD Graphics 4000' (P:0 D:0)
[2019.01.05-02.16.41:452][  0]LogWindows:    9. 'Intel(R) HD Graphics 4000' (P:0 D:0)
[2019.01.05-02.16.41:453][  0]LogWindows: DebugString: PrimaryIsNotTheChoosenAdapter PrimaryIsNotTheChoosenAdapter PrimaryIsNotTheChoosenAdapter FoundDriverCount:7 
[2019.01.05-02.16.41:453][  0]LogD3D11RHI:     Adapter Name: AMD Radeon R9 200 Series
[2019.01.05-02.16.41:453][  0]LogD3D11RHI:   Driver Version: Adrenalin 18.9.1 (internal:24.20.13017.1009, unified:24.20.13017.1009)
[2019.01.05-02.16.41:453][  0]LogD3D11RHI:      Driver Date: 9-11-2018
[2019.01.05-02.16.41:453][  0]LogRHI: Texture pool is 1419 MB (70% of 2028 MB)
[2019.01.05-02.16.42:002][  0]LogD3D11RHI: Async texture creation enabled
[2019.01.05-02.16.42:522][  0]LogD3D11RHI: GPU Timing Frequency: 27.000000 (Debug: 2 1)
[2019.01.05-02.16.42:636][  0]LogShaderCompilers: Guid format shader working directory is -34 characters bigger than the processId version (../../../../../../Users/Nathan/Documents/GitHub/RocketJumper/RocketJumpPrototype/Intermediate/Shaders/WorkingDirectory/13732/).
[2019.01.05-02.16.42:636][  0]LogShaderCompilers: Cleaned the shader compiler working directory 'C:/Users/Nathan/AppData/Local/Temp/UnrealShaderWorkingDir/64F75C4545D9074E8958C8BEBFDA2294/'.
[2019.01.05-02.16.43:810][  0]LogTemp: Display: Loaded TP AllDesktopTargetPlatform
[2019.01.05-02.16.43:840][  0]LogTemp: Display: Loaded TP MacClientTargetPlatform
[2019.01.05-02.16.43:871][  0]LogTemp: Display: Loaded TP MacNoEditorTargetPlatform
[2019.01.05-02.16.43:918][  0]LogTemp: Display: Loaded TP MacServerTargetPlatform
[2019.01.05-02.16.43:972][  0]LogTemp: Display: Loaded TP MacTargetPlatform
[2019.01.05-02.16.44:046][  0]LogTemp: Display: Loaded TP WindowsClientTargetPlatform
[2019.01.05-02.16.44:136][  0]LogTemp: Display: Loaded TP WindowsNoEditorTargetPlatform
[2019.01.05-02.16.44:196][  0]LogTemp: Display: Loaded TP WindowsServerTargetPlatform
[2019.01.05-02.16.44:243][  0]LogTemp: Display: Loaded TP WindowsTargetPlatform
[2019.01.05-02.16.44:523][  0]LogTemp: Display: Loaded TP AndroidTargetPlatform
[2019.01.05-02.16.44:523][  0]LogTemp: Display: Loaded TP AndroidTargetPlatform
[2019.01.05-02.16.44:523][  0]LogTemp: Display: Loaded TP AndroidTargetPlatform
[2019.01.05-02.16.44:523][  0]LogTemp: Display: Loaded TP AndroidTargetPlatform
[2019.01.05-02.16.44:523][  0]LogTemp: Display: Loaded TP AndroidTargetPlatform
[2019.01.05-02.16.44:523][  0]LogTemp: Display: Loaded TP AndroidTargetPlatform
[2019.01.05-02.16.44:523][  0]LogTemp: Display: Loaded TP AndroidTargetPlatform
[2019.01.05-02.16.44:523][  0]LogTemp: Display: Loaded TP AndroidTargetPlatform
[2019.01.05-02.16.44:523][  0]LogTemp: Display: Loaded TP AndroidTargetPlatform
[2019.01.05-02.16.44:523][  0]LogTemp: Display: Loaded TP AndroidTargetPlatform
[2019.01.05-02.16.44:523][  0]LogTemp: Display: Loaded TP AndroidTargetPlatform
[2019.01.05-02.16.44:523][  0]LogTemp: Display: Loaded TP AndroidTargetPlatform
[2019.01.05-02.16.44:523][  0]LogTemp: Display: Loaded TP AndroidTargetPlatform
[2019.01.05-02.16.44:523][  0]LogTemp: Display: Loaded TP AndroidTargetPlatform
[2019.01.05-02.16.44:523][  0]LogTemp: Display: Loaded TP AndroidTargetPlatform
[2019.01.05-02.16.44:523][  0]LogTemp: Display: Loaded TP AndroidTargetPlatform
[2019.01.05-02.16.44:523][  0]LogTemp: Display: Loaded TP AndroidTargetPlatform
[2019.01.05-02.16.44:523][  0]LogTemp: Display: Loaded TP AndroidTargetPlatform
[2019.01.05-02.16.44:603][  0]LogTemp: Display: Loaded TP HTML5TargetPlatform
[2019.01.05-02.16.44:885][  0]LogTemp: Display: Loaded TP IOSTargetPlatform
[2019.01.05-02.16.44:885][  0]LogTemp: Display: Loaded TP IOSTargetPlatform
[2019.01.05-02.16.44:922][  0]LogTemp: Display: Loaded TP TVOSTargetPlatform
[2019.01.05-02.16.44:922][  0]LogTemp: Display: Loaded TP TVOSTargetPlatform
[2019.01.05-02.16.44:983][  0]LogTemp: Display: Loaded TP LinuxClientTargetPlatform
[2019.01.05-02.16.45:061][  0]LogTemp: Display: Loaded TP LinuxNoEditorTargetPlatform
[2019.01.05-02.16.45:169][  0]LogTemp: Display: Loaded TP LinuxServerTargetPlatform
[2019.01.05-02.16.45:296][  0]LogTemp: Display: Loaded TP LinuxTargetPlatform
[2019.01.05-02.16.45:370][  0]LogTemp: Display: Loaded TP LuminTargetPlatform
[2019.01.05-02.16.45:370][  0]LogTargetPlatformManager: Display: Building Assets For Windows
[2019.01.05-02.16.46:698][  0]LogXGEController: Cannot use XGE Controller as Incredibuild is not installed on this machine.
[2019.01.05-02.16.46:698][  0]LogShaderCompilers: Cannot use XGE Shader Compiler as Incredibuild is not installed on this machine.
[2019.01.05-02.16.46:698][  0]LogShaderCompilers: Display: Using Local Shader Compiler.
[2019.01.05-02.16.57:843][  0]LogDerivedDataCache: Display: Max Cache Size: 512 MB
[2019.01.05-02.17.01:292][  0]LogDerivedDataCache: Loaded boot cache 3.45s 71MB C:/Users/Nathan/AppData/Local/UnrealEngine/4.20/DerivedDataCache/Boot.ddc.
[2019.01.05-02.17.01:292][  0]LogDerivedDataCache: Display: Loaded Boot cache: C:/Users/Nathan/AppData/Local/UnrealEngine/4.20/DerivedDataCache/Boot.ddc
[2019.01.05-02.17.01:292][  0]LogDerivedDataCache: FDerivedDataBackendGraph:  Pak pak cache file ../../../../../../Users/Nathan/Documents/GitHub/RocketJumper/RocketJumpPrototype/DerivedDataCache/DDC.ddp not found, will not use a pak cache.
[2019.01.05-02.17.01:292][  0]LogDerivedDataCache: Unable to find inner node Pak for hierarchical cache Hierarchy.
[2019.01.05-02.17.01:293][  0]LogDerivedDataCache: FDerivedDataBackendGraph:  CompressedPak pak cache file ../../../../../../Users/Nathan/Documents/GitHub/RocketJumper/RocketJumpPrototype/DerivedDataCache/Compressed.ddp not found, will not use a pak cache.
[2019.01.05-02.17.01:293][  0]LogDerivedDataCache: Unable to find inner node CompressedPak for hierarchical cache Hierarchy.
[2019.01.05-02.17.02:015][  0]LogDerivedDataCache: Display: Pak cache opened for reading ../../../Engine/DerivedDataCache/Compressed.ddp.
[2019.01.05-02.17.02:080][  0]LogDerivedDataCache: Using Local data cache path C:/Users/Nathan/AppData/Local/UnrealEngine/Common/DerivedDataCache: Writable
[2019.01.05-02.17.02:080][  0]LogDerivedDataCache: Shared data cache path not found in *engine.ini, will not use an Shared cache.
[2019.01.05-02.17.02:080][  0]LogDerivedDataCache: Unable to find inner node Shared for hierarchical cache Hierarchy.
[2019.01.05-02.17.03:072][  0]LogMaterial: Verifying Global Shaders for PCD3D_SM5
[2019.01.05-02.17.03:311][  0]LogSlate: Using FreeType 2.6.0
[2019.01.05-02.17.03:685][  0]LogSlate: SlateFontServices - WITH_FREETYPE: 1, WITH_HARFBUZZ: 1
[2019.01.05-02.17.07:000][  0]LogAssetRegistry: FAssetRegistry took 0.0469 seconds to start up
[2019.01.05-02.17.16:243][  0]LogInit: Selected Device Profile: [Windows]
[2019.01.05-02.17.21:583][  0]LogSimplygon: Simplygon DLL not present - disabling.
[2019.01.05-02.17.21:948][  0]LogMeshReduction: Using SimplygonSwarm for distributed automatic mesh merging
[2019.01.05-02.17.21:948][  0]LogMeshReduction: Using ProxyLODMeshReduction for automatic mesh merging
[2019.01.05-02.17.22:000][  0]LogMeshReduction: Using QuadricMeshReduction for automatic static mesh reduction
[2019.01.05-02.17.22:000][  0]LogMeshReduction: No automatic skeletal mesh reduction module available
[2019.01.05-02.17.23:519][  0]LogNetVersion: RocketJumpPrototype 1.0.0, NetCL: 4212847, EngineNetVer: 5, GameNetVer: 0 (Checksum: 867795555)
[2019.01.05-02.17.30:135][  0]LogConfig: Warning: Failed to saved backup for config[TemplateDefs]
[2019.01.05-02.17.34:986][  0]LogPackageLocalizationCache: Processed 11 localized package path(s) for 2 prioritized culture(s) in 0.454141 seconds
[2019.01.05-02.17.35:197][  0]LogUObjectArray: 38425 objects as part of root set at end of initial load.
[2019.01.05-02.17.35:197][  0]LogUObjectAllocator: 6690872 out of 0 bytes used by permanent object pool.
[2019.01.05-02.17.35:197][  0]LogUObjectArray: CloseDisregardForGC: 0/0 objects in disregard for GC pool
[2019.01.05-02.18.14:442][  0]LogTcpMessaging: Initializing TcpMessaging bridge
[2019.01.05-02.18.14:523][  0]LogUdpMessaging: Initializing bridge on interface 0.0.0.0:0 to multicast group 230.0.0.1:6666.
[2019.01.05-02.18.16:734][  0]LogAssetRegistry: Error: Failed to open file for write ../../../../../../Users/Nathan/Documents/GitHub/RocketJumper/RocketJumpPrototype/Intermediate/CachedAssetRegistry.bin
[2019.01.05-02.18.17:193][  0]SourceControl: Source control is disabled
[2019.01.05-02.18.17:195][  0]SourceControl: Source control is disabled
[2019.01.05-02.18.17:333][  0]SourceControl: Source control is disabled
[2019.01.05-02.18.17:366][  0]SourceControl: Source control is disabled
[2019.01.05-02.18.20:199][  0]LogAndroidPermission: UAndroidPermissionCallbackProxy::GetInstance
[2019.01.05-02.18.20:616][  0]LogOcInput: OculusInput pre-init called
[2019.01.05-02.18.22:423][  0]LogEngine: Initializing Engine...
[2019.01.05-02.18.22:514][  0]LogHMD: Failed to initialize OpenVR with code 110
[2019.01.05-02.18.22:615][  0]LogStats: UGameplayTagsManager::ConstructGameplayTagTree: ImportINI prefixes -  0.022 s
[2019.01.05-02.18.22:615][  0]LogStats: UGameplayTagsManager::ConstructGameplayTagTree: Construct from data asset -  0.000 s
[2019.01.05-02.18.22:616][  0]LogStats: UGameplayTagsManager::ConstructGameplayTagTree: ImportINI -  0.001 s
[2019.01.05-02.18.22:617][  0]LogStats: UGameplayTagsManager::ConstructGameplayTagTree: GameplayTagTreeChangedEvent.Broadcast -  0.000 s
[2019.01.05-02.18.23:520][  0]LogInit: Initializing FReadOnlyCVARCache
[2019.01.05-02.18.25:639][  0]LogAIModule: Creating AISystem for world Untitled
[2019.01.05-02.18.27:109][  0]LogInit: XAudio2 using 'Speakers (High Definition Audio Device)' : 2 channels at 48 kHz using 16 bits per sample (channel mask 0x3)
[2019.01.05-02.18.27:289][  0]LogInit: FAudioDevice initialized.
[2019.01.05-02.18.27:343][  0]LogNetVersion: Set ProjectVersion to 1.0.0.0. Version Checksum will be recalculated on next use.
[2019.01.05-02.18.27:879][  0]LogDerivedDataCache: Saved boot cache 0.54s 71MB C:/Users/Nathan/AppData/Local/UnrealEngine/4.20/DerivedDataCache/Boot.ddc.
[2019.01.05-02.18.27:922][  0]LogInit: Texture streaming: Enabled
[2019.01.05-02.18.29:296][  0]LogEngineSessionManager: EngineSessionManager initialized
[2019.01.05-02.18.30:138][  0]LogInit: Transaction tracking system initialized
[2019.01.05-02.18.32:238][  0]BlueprintLog: New page: Editor Load
[2019.01.05-02.18.37:265][  0]LogConfig: Warning: Failed to saved backup for config[LocalizationServiceSettings]
[2019.01.05-02.18.37:270][  0]LocalizationService: Localization service is disabled
[2019.01.05-02.18.44:852][  0]LogFileCache: Scanning file cache for directory 'C:/Users/Nathan/Documents/GitHub/RocketJumper/RocketJumpPrototype/Content/' took 0.03s
[2019.01.05-02.18.44:852][  0]LogCook: Display: Max memory allowance for cook 16384mb min free memory 0mb
[2019.01.05-02.18.44:852][  0]LogCook: Display: Mobile HDR setting 1
[2019.01.05-02.18.45:039][  0]LogGameplayTags: Display: UGameplayTagsManager::DoneAddingNativeTags. DelegateIsBound: 0
[2019.01.05-02.18.45:040][  0]LogStats: UGameplayTagsManager::ConstructGameplayTagTree: ImportINI prefixes -  0.000 s
[2019.01.05-02.18.45:040][  0]LogStats: UGameplayTagsManager::ConstructGameplayTagTree: Construct from data asset -  0.000 s
[2019.01.05-02.18.45:040][  0]LogStats: UGameplayTagsManager::ConstructGameplayTagTree: ImportINI -  0.000 s
[2019.01.05-02.18.45:040][  0]LogStats: UGameplayTagsManager::ConstructGameplayTagTree: GameplayTagTreeChangedEvent.Broadcast -  0.000 s
[2019.01.05-02.18.52:059][  0]SourceControl: Source control is disabled
[2019.01.05-02.18.52:175][  0]Cmd: MAP LOAD FILE="../../../../../../Users/Nathan/Documents/GitHub/RocketJumper/RocketJumpPrototype/Content/FirstPersonBP/Maps/FirstPersonExampleMap.umap" TEMPLATE=0 SHOWPROGRESS=1 FEATURELEVEL=3
[2019.01.05-02.18.52:270][  0]LightingResults: New page: Lighting Build
[2019.01.05-02.18.52:874][  0]MapCheck: New page: Map Check
[2019.01.05-02.18.52:874][  0]LightingResults: New page: Lighting Build
[2019.01.05-02.18.58:555][  0]LogLinker: Warning: Can't find file '/Game/FirstPersonBP/Maps/FirstPersonExampleMap_BuiltData'
[2019.01.05-02.18.58:555][  0]LogLinker: Warning: Can't find file for asset '/Game/FirstPersonBP/Maps/FirstPersonExampleMap_BuiltData' while loading ../../../../../../Users/Nathan/Documents/GitHub/RocketJumper/RocketJumpPrototype/Content/FirstPersonBP/Maps/FirstPersonExampleMap.umap.
[2019.01.05-02.18.58:556][  0]LoadErrors: Error: /Game/FirstPersonBP/Maps/FirstPersonExampleMap : Can't find file for asset. /Game/FirstPersonBP/Maps/FirstPersonExampleMap_BuiltData
[2019.01.05-02.18.58:565][  0]LogLinker: Warning: Can't find file '/Game/FirstPersonBP/Maps/FirstPersonExampleMap_BuiltData'
[2019.01.05-02.18.58:565][  0]LogLinker: Warning: Can't find file for asset '/Game/FirstPersonBP/Maps/FirstPersonExampleMap_BuiltData' while loading ../../../../../../Users/Nathan/Documents/GitHub/RocketJumper/RocketJumpPrototype/Content/FirstPersonBP/Maps/FirstPersonExampleMap.umap.
[2019.01.05-02.18.58:565][  0]LoadErrors: Error: /Game/FirstPersonBP/Maps/FirstPersonExampleMap : Can't find file for asset. /Game/FirstPersonBP/Maps/FirstPersonExampleMap_BuiltData
[2019.01.05-02.18.58:572][  0]LogLinker: Warning: Can't find file '/Game/FirstPersonBP/Maps/FirstPersonExampleMap_BuiltData'
[2019.01.05-02.18.58:572][  0]LogLinker: Warning: Can't find file for asset '/Game/FirstPersonBP/Maps/FirstPersonExampleMap_BuiltData' while loading NULL.
[2019.01.05-02.18.58:573][  0]LogLinker: Warning: Can't find file '/Game/FirstPersonBP/Maps/FirstPersonExampleMap_BuiltData'
[2019.01.05-02.18.58:573][  0]LogLinker: Warning: Can't find file for asset '/Game/FirstPersonBP/Maps/FirstPersonExampleMap_BuiltData' while loading NULL.
[2019.01.05-02.18.58:911][  0]LogLinker: Warning: Can't find file '/Game/FirstPersonBP/Maps/FirstPersonExampleMap_BuiltData'
[2019.01.05-02.18.58:911][  0]LoadErrors: Failed to load /Game/FirstPersonBP/Maps/FirstPersonExampleMap_BuiltData.FirstPersonExampleMap_BuiltData Referenced by PersistentLevel
[2019.01.05-02.18.58:912][  0]LogLinker: Warning: Can't find file for asset '/Game/FirstPersonBP/Maps/FirstPersonExampleMap_BuiltData' while loading NULL.
[2019.01.05-02.18.58:912][  0]LoadErrors: Failed to load /Game/FirstPersonBP/Maps/FirstPersonExampleMap_BuiltData.FirstPersonExampleMap_BuiltData Referenced by PersistentLevel
[2019.01.05-02.19.00:482][  0]LogDerivedDataCache: FFileSystemDerivedDataBackend: Move collision, attempt at redundant update, OK C:/Users/Nathan/AppData/Local/UnrealEngine/Common/DerivedDataCache/5/0/0/NAVCOLLISION_B89838347A4348138EE337A847529C5C_NAVCOLLISION_X_C418824E4EA51B7AB__00621577A074652ED77A3247D2DB0CF76C77150C.udd.
[2019.01.05-02.19.00:482][  0]LogDerivedDataCache: FFileSystemDerivedDataBackend: Move collision, attempt at redundant update, OK C:/Users/Nathan/AppData/Local/UnrealEngine/Common/DerivedDataCache/7/2/6/MESHDATAKEY_STATICMESH_42190ADE250046AC958045C7DA930FECA3E9E442F5784050BCAF878E4E80EE44_6AE65624DF0A8FF52624C1260BAFE3FB.udd.
[2019.01.05-02.19.00:877][  0]LogAIModule: Creating AISystem for world FirstPersonExampleMap
[2019.01.05-02.19.03:747][  0]LogEditorServer: Finished looking for orphan Actors (0.006 secs)
[2019.01.05-02.19.04:703][  0]Cmd: MAP CHECKDEP NOCLEARLOG
[2019.01.05-02.19.04:876][  0]MapCheck: Map check complete: 0 Error(s), 0 Warning(s), took 172.961ms to complete.
[2019.01.05-02.19.04:888][  0]LogFileHelpers: Loading map 'FirstPersonExampleMap' took 12.744
[2019.01.05-02.19.10:058][  0]LogSlate: Updating window title bar state: overlay mode, drag disabled, window buttons hidden, title bar hidden
[2019.01.05-02.19.10:152][  0]LogSlate: Updating window title bar state: overlay mode, drag disabled, window buttons hidden, title bar hidden
[2019.01.05-02.19.10:164][  0]LogSlate: Updating window title bar state: overlay mode, drag disabled, window buttons hidden, title bar hidden
[2019.01.05-02.19.10:175][  0]LogSlate: Updating window title bar state: overlay mode, drag disabled, window buttons hidden, title bar hidden
[2019.01.05-02.19.10:567][  0]LogCollectionManager: Loaded 0 collections in 0.009018 seconds
[2019.01.05-02.19.11:075][  0]LogFileCache: Scanning file cache for directory 'C:/Users/Nathan/Documents/GitHub/RocketJumper/RocketJumpPrototype/Saved/Collections/' took 0.01s
[2019.01.05-02.19.11:075][  0]LogFileCache: Scanning file cache for directory 'C:/Users/Nathan/Documents/GitHub/RocketJumper/RocketJumpPrototype/Content/Developers/Nathan/Collections/' took 0.01s
[2019.01.05-02.19.11:075][  0]LogFileCache: Scanning file cache for directory 'C:/Users/Nathan/Documents/GitHub/RocketJumper/RocketJumpPrototype/Content/Collections/' took 0.01s
[2019.01.05-02.19.11:075][  0]LogCollectionManager: Rebuilt the GUID cache for 0 collections in 0.000002 seconds
[2019.01.05-02.19.11:200][  0]LogContentBrowser: Native class hierarchy populated in 0.0493 seconds. Added 2572 classes and 603 folders.
[2019.01.05-02.19.11:710][  0]LogContentBrowser: Native class hierarchy updated for 'WidgetCarousel' in 0.0005 seconds. Added 0 classes and 0 folders.
[2019.01.05-02.19.17:053][  0]LogContentBrowser: Native class hierarchy updated for 'AddContentDialog' in 0.0005 seconds. Added 0 classes and 0 folders.
[2019.01.05-02.19.17:559][  0]LogContentBrowser: Native class hierarchy updated for 'SceneOutliner' in 0.0009 seconds. Added 1 classes and 2 folders.
[2019.01.05-02.19.21:732][  0]LogSlate: Took 0.133219 seconds to synchronously load lazily loaded font '../../../Engine/Content/Slate/Fonts/Roboto-Regular.ttf' (155K)
[2019.01.05-02.19.21:877][  0]LogSlate: Took 0.018908 seconds to synchronously load lazily loaded font '../../../Engine/Content/Slate/Fonts/Roboto-Bold.ttf' (160K)
[2019.01.05-02.19.22:225][  0]LogSlate: Took 0.019426 seconds to synchronously load lazily loaded font '../../../Engine/Content/Editor/Slate/Fonts/FontAwesome.ttf' (139K)
[2019.01.05-02.19.24:578][  0]LogRenderer: Reallocating scene render targets to support 1208x576 Format 10 NumSamples 1 (Frame:1).
[2019.01.05-02.19.28:977][  0]LogContentBrowser: Native class hierarchy updated for 'HierarchicalLODOutliner' in 0.0006 seconds. Added 0 classes and 0 folders.
[2019.01.05-02.19.28:977][  0]LogLoad: (Engine Initialization) Total time: 197.04 seconds
[2019.01.05-02.19.28:978][  0]LogLoad: (Engine Initialization) Total Blueprint compile time: 0.00 seconds
[2019.01.05-02.19.30:367][  0]LogContentStreaming: Texture pool size now 1000 MB
[2019.01.05-02.19.30:718][  0]LogSlate: FSceneViewport::OnFocusLost() reason 2
[2019.01.05-02.19.32:343][  1]LogSlate: Took 0.037955 seconds to synchronously load lazily loaded font '../../../Engine/Content/Slate/Fonts/Roboto-Light.ttf' (167K)
[2019.01.05-02.19.32:899][  2]LogSlate: Took 0.000302 seconds to synchronously load lazily loaded font '../../../Engine/Content/Slate/Fonts/Roboto-Light.ttf' (167K)
[2019.01.05-02.19.32:972][  3]LogAssetRegistry: Asset discovery search completed in 145.9989 seconds
[2019.01.05-02.19.32:975][  3]LogCollectionManager: Rebuilt the object cache for 0 collections in 0.000001 seconds (found 0 objects)
[2019.01.05-02.19.32:975][  3]LogCollectionManager: Fixed up redirectors for 0 collections in 0.000197 seconds (updated 0 objects)
[2019.01.05-02.19.37:995][ 17]LogSlate: Window 'Message Log' being destroyed
[2019.01.05-02.19.38:001][ 17]LogSlate: Window 'RocketJumpPrototype - Unreal Editor' being destroyed
[2019.01.05-02.19.38:002][ 17]LogWindowsTextInputMethodSystem: Display: IME system now deactivated.
[2019.01.05-02.19.39:062][ 18]Cmd: QUIT_EDITOR
[2019.01.05-02.19.39:754][ 18]LogExit: Preparing to exit.
[2019.01.05-02.19.41:823][ 18]LogExit: Editor shut down
[2019.01.05-02.19.41:824][ 18]LogExit: Transaction tracking system shut down
[2019.01.05-02.19.44:697][ 18]LogExit: Object subsystem successfully closed.
[2019.01.05-02.19.44:961][ 18]LogShaderCompilers: Display: Shaders left to compile 0
[2019.01.05-02.19.44:986][ 18]LogD3D11RHI: Shutdown
[2019.01.05-02.19.44:986][ 18]LogD3D11RHI: CleanupD3DDevice
[2019.01.05-02.19.45:091][ 18]LogD3D11RHI: ~FD3D11DynamicRHI
[2019.01.05-02.19.46:584][ 18]LogModuleManager: Shutting down and abandoning module HierarchicalLODOutliner (610)
[2019.01.05-02.19.46:584][ 18]LogModuleManager: Shutting down and abandoning module SceneOutliner (608)
[2019.01.05-02.19.46:592][ 18]LogModuleManager: Shutting down and abandoning module AddContentDialog (606)
[2019.01.05-02.19.46:615][ 18]LogModuleManager: Shutting down and abandoning module WidgetCarousel (605)
[2019.01.05-02.19.46:615][ 18]LogModuleManager: Shutting down and abandoning module EditorWidgets (602)
[2019.01.05-02.19.46:615][ 18]LogModuleManager: Shutting down and abandoning module CollectionManager (600)
[2019.01.05-02.19.46:645][ 18]LogModuleManager: Shutting down and abandoning module StatsViewer (598)
[2019.01.05-02.19.46:667][ 18]LogModuleManager: Shutting down and abandoning module FoliageEdit (596)
[2019.01.05-02.19.46:673][ 18]LogModuleManager: Shutting down and abandoning module LandscapeEditor (594)
[2019.01.05-02.19.46:709][ 18]LogModuleManager: Shutting down and abandoning module MeshPaintMode (592)
[2019.01.05-02.19.46:732][ 18]LogModuleManager: Shutting down and abandoning module SceneDepthPickerMode (590)
[2019.01.05-02.19.46:732][ 18]LogModuleManager: Shutting down and abandoning module ActorPickerMode (588)
[2019.01.05-02.19.46:732][ 18]LogModuleManager: Shutting down and abandoning module GeometryMode (586)
[2019.01.05-02.19.46:732][ 18]LogModuleManager: Shutting down and abandoning module TextureAlignMode (584)
[2019.01.05-02.19.46:732][ 18]LogModuleManager: Shutting down and abandoning module BspMode (582)
[2019.01.05-02.19.46:732][ 18]LogModuleManager: Shutting down and abandoning module PIEPreviewDeviceProfileSelector (580)
[2019.01.05-02.19.46:740][ 18]LogModuleManager: Shutting down and abandoning module SequenceRecorderSections (578)
[2019.01.05-02.19.46:746][ 18]LogModuleManager: Shutting down and abandoning module AutomationWorker (576)
[2019.01.05-02.19.46:746][ 18]LogModuleManager: Shutting down and abandoning module AudioCaptureEditor (574)
[2019.01.05-02.19.46:746][ 18]LogModuleManager: Shutting down and abandoning module SequenceRecorder (573)
[2019.01.05-02.19.46:769][ 18]LogModuleManager: Shutting down and abandoning module MatineeToLevelSequence (570)
[2019.01.05-02.19.46:788][ 18]LogModuleManager: Shutting down and abandoning module LevelSequenceEditor (568)
[2019.01.05-02.19.46:812][ 18]LogModuleManager: Shutting down and abandoning module PlacementMode (567)
[2019.01.05-02.19.46:812][ 18]LogModuleManager: Shutting down and abandoning module MaterialEditor (566)
[2019.01.05-02.19.46:840][ 18]LogModuleManager: Shutting down and abandoning module WmfMediaFactory (562)
[2019.01.05-02.19.46:840][ 18]LogModuleManager: Shutting down and abandoning module WmfMediaEditor (560)
[2019.01.05-02.19.46:840][ 18]LogModuleManager: Shutting down and abandoning module MediaPlayerEditor (558)
[2019.01.05-02.19.46:904][ 18]LogModuleManager: Shutting down and abandoning module OpenExrWrapper (556)
[2019.01.05-02.19.46:904][ 18]LogModuleManager: Shutting down and abandoning module ImgMediaFactory (554)
[2019.01.05-02.19.46:904][ 18]LogModuleManager: Shutting down and abandoning module ImgMediaEditor (552)
[2019.01.05-02.19.46:904][ 18]LogModuleManager: Shutting down and abandoning module AvfMediaFactory (550)
[2019.01.05-02.19.46:904][ 18]LogModuleManager: Shutting down and abandoning module AvfMediaEditor (548)
[2019.01.05-02.19.46:904][ 18]LogModuleManager: Shutting down and abandoning module AndroidMediaFactory (546)
[2019.01.05-02.19.46:904][ 18]LogModuleManager: Shutting down and abandoning module AndroidMediaEditor (544)
[2019.01.05-02.19.46:904][ 18]LogModuleManager: Shutting down and abandoning module MagicLeapCameraPreviewFactory (542)
[2019.01.05-02.19.46:904][ 18]LogModuleManager: Shutting down and abandoning module MagicLeapMediaFactory (540)
[2019.01.05-02.19.46:904][ 18]LogModuleManager: Shutting down and abandoning module MagicLeapMediaEditor (538)
[2019.01.05-02.19.46:904][ 18]LogModuleManager: Shutting down and abandoning module CharacterAI (536)
[2019.01.05-02.19.46:905][ 18]LogModuleManager: Shutting down and abandoning module SmartSnapping (534)
[2019.01.05-02.19.46:905][ 18]LogModuleManager: Shutting down and abandoning module SessionServices (532)
[2019.01.05-02.19.46:905][ 18]LogModuleManager: Shutting down and abandoning module ViewportSnapping (530)
[2019.01.05-02.19.46:905][ 18]LogModuleManager: Shutting down and abandoning module ViewportInteraction (528)
[2019.01.05-02.19.46:905][ 18]LogModuleManager: Shutting down and abandoning module ClothPainter (526)
[2019.01.05-02.19.46:933][ 18]LogModuleManager: Shutting down and abandoning module SkeletalMeshEditor (525)
[2019.01.05-02.19.46:982][ 18]LogModuleManager: Shutting down and abandoning module LogVisualizer (522)
[2019.01.05-02.19.47:010][ 18]LogModuleManager: Shutting down and abandoning module IntroTutorials (520)
[2019.01.05-02.19.47:044][ 18]LogModuleManager: Shutting down and abandoning module GameProjectGeneration (519)
[2019.01.05-02.19.47:089][ 18]LogModuleManager: Shutting down and abandoning module LuminPlatformEditor (516)
[2019.01.05-02.19.47:090][ 18]LogModuleManager: Shutting down and abandoning module IOSPlatformEditor (514)
[2019.01.05-02.19.47:114][ 18]LogModuleManager: Shutting down and abandoning module HTML5PlatformEditor (512)
[2019.01.05-02.19.47:114][ 18]LogModuleManager: Shutting down and abandoning module AndroidPlatformEditor (510)
[2019.01.05-02.19.47:114][ 18]LogModuleManager: Shutting down and abandoning module AndroidDeviceDetection (509)
[2019.01.05-02.19.47:507][ 18]LogModuleManager: Shutting down and abandoning module WindowsPlatformEditor (506)
[2019.01.05-02.19.47:507][ 18]LogModuleManager: Shutting down and abandoning module LuminRuntimeSettings (504)
[2019.01.05-02.19.47:507][ 18]LogModuleManager: Shutting down and abandoning module IOSRuntimeSettings (502)
[2019.01.05-02.19.47:507][ 18]LogModuleManager: Shutting down and abandoning module AndroidRuntimeSettings (500)
[2019.01.05-02.19.47:507][ 18]LogModuleManager: Shutting down and abandoning module InputBindingEditor (498)
[2019.01.05-02.19.47:535][ 18]LogModuleManager: Shutting down and abandoning module MergeActors (496)
[2019.01.05-02.19.47:570][ 18]LogModuleManager: Shutting down and abandoning module LocalizationDashboard (494)
[2019.01.05-02.19.47:588][ 18]LogModuleManager: Shutting down and abandoning module LocalizationService (493)
[2019.01.05-02.19.47:594][ 18]LogModuleManager: Shutting down and abandoning module HardwareTargeting (490)
[2019.01.05-02.19.47:594][ 18]LogModuleManager: Shutting down and abandoning module DeviceProfileEditor (488)
[2019.01.05-02.19.47:594][ 18]LogModuleManager: Shutting down and abandoning module UndoHistory (486)
[2019.01.05-02.19.47:605][ 18]LogModuleManager: Shutting down and abandoning module XmlParser (484)
[2019.01.05-02.19.47:605][ 18]LogModuleManager: Shutting down and abandoning module Blutility (482)
[2019.01.05-02.19.47:642][ 18]LogModuleManager: Shutting down and abandoning module ProjectSettingsViewer (480)
[2019.01.05-02.19.47:642][ 18]LogModuleManager: Shutting down and abandoning module ProjectTargetPlatformEditor (479)
[2019.01.05-02.19.47:642][ 18]LogModuleManager: Shutting down and abandoning module EditorSettingsViewer (476)
[2019.01.05-02.19.47:643][ 18]LogModuleManager: Shutting down and abandoning module SettingsEditor (474)
[2019.01.05-02.19.47:689][ 18]LogModuleManager: Shutting down and abandoning module ProjectLauncher (472)
[2019.01.05-02.19.47:699][ 18]LogModuleManager: Shutting down and abandoning module SessionFrontend (470)
[2019.01.05-02.19.47:703][ 18]LogModuleManager: Shutting down and abandoning module ProfilerClient (468)
[2019.01.05-02.19.47:726][ 18]LogModuleManager: Shutting down and abandoning module DeviceManager (466)
[2019.01.05-02.19.47:746][ 18]LogModuleManager: Shutting down and abandoning module TargetDeviceServices (465)
[2019.01.05-02.19.47:807][ 18]LogModuleManager: Shutting down and abandoning module AutomationController (462)
[2019.01.05-02.19.47:825][ 18]LogModuleManager: Shutting down and abandoning module AutomationWindow (460)
[2019.01.05-02.19.47:843][ 18]LogModuleManager: Shutting down and abandoning module Layers (458)
[2019.01.05-02.19.47:887][ 18]LogModuleManager: Shutting down and abandoning module ComponentVisualizers (456)
[2019.01.05-02.19.47:887][ 18]LogModuleManager: Shutting down and abandoning module DetailCustomizations (454)
[2019.01.05-02.19.47:904][ 18]LogModuleManager: Shutting down and abandoning module PackagesDialog (452)
[2019.01.05-02.19.47:919][ 18]LogModuleManager: Shutting down and abandoning module Persona (450)
[2019.01.05-02.19.47:977][ 18]LogModuleManager: Shutting down and abandoning module AdvancedPreviewScene (449)
[2019.01.05-02.19.47:977][ 18]LogModuleManager: Shutting down and abandoning module AnimGraph (447)
[2019.01.05-02.19.47:985][ 18]LogModuleManager: Shutting down and abandoning module Kismet (444)
[2019.01.05-02.19.48:031][ 18]LogModuleManager: Shutting down and abandoning module GraphEditor (442)
[2019.01.05-02.19.48:079][ 18]LogModuleManager: Shutting down and abandoning module ClassViewer (440)
[2019.01.05-02.19.48:079][ 18]LogModuleManager: Shutting down and abandoning module Toolbox (438)
[2019.01.05-02.19.48:079][ 18]LogModuleManager: Shutting down and abandoning module ModuleUI (436)
[2019.01.05-02.19.48:101][ 18]LogModuleManager: Shutting down and abandoning module MovieSceneTools (434)
[2019.01.05-02.19.48:120][ 18]LogModuleManager: Shutting down and abandoning module OutputLog (432)
[2019.01.05-02.19.48:120][ 18]LogModuleManager: Shutting down and abandoning module GammaUI (430)
[2019.01.05-02.19.48:128][ 18]LogModuleManager: Shutting down and abandoning module Documentation (428)
[2019.01.05-02.19.48:128][ 18]LogModuleManager: Shutting down and abandoning module MovieSceneTracks (426)
[2019.01.05-02.19.48:128][ 18]LogModuleManager: Shutting down and abandoning module MovieScene (424)
[2019.01.05-02.19.48:137][ 18]LogModuleManager: Shutting down and abandoning module StreamingPauseRendering (422)
[2019.01.05-02.19.48:144][ 18]LogModuleManager: Shutting down and abandoning module LauncherPlatform (420)
[2019.01.05-02.19.48:144][ 18]LogModuleManager: Shutting down and abandoning module AnalyticsET (418)
[2019.01.05-02.19.48:144][ 18]LogModuleManager: Shutting down and abandoning module PortalServices (416)
[2019.01.05-02.19.48:144][ 18]LogModuleManager: Shutting down and abandoning module PortalRpc (414)
[2019.01.05-02.19.48:144][ 18]LogModuleManager: Shutting down and abandoning module MessagingRpc (412)
[2019.01.05-02.19.48:144][ 18]LogModuleManager: Shutting down and abandoning module AIModule (410)
[2019.01.05-02.19.48:175][ 18]LogModuleManager: Shutting down and abandoning module GameplayDebugger (409)
[2019.01.05-02.19.48:203][ 18]LogModuleManager: Shutting down and abandoning module AITestSuite (407)
[2019.01.05-02.19.48:203][ 18]LogModuleManager: Shutting down and abandoning module NavigationSystem (405)
[2019.01.05-02.19.48:204][ 18]LogModuleManager: Shutting down and abandoning module DesktopPlatform (402)
[2019.01.05-02.19.48:204][ 18]LogModuleManager: Shutting down and abandoning module ProfilerService (400)
[2019.01.05-02.19.48:364][ 18]LogModuleManager: Shutting down and abandoning module TaskGraph (398)
[2019.01.05-02.19.48:413][ 18]LogModuleManager: Shutting down and abandoning module SteamVRController (396)
[2019.01.05-02.19.48:413][ 18]LogModuleManager: Shutting down and abandoning module ProceduralMeshComponentEditor (394)
[2019.01.05-02.19.48:413][ 18]LogModuleManager: Shutting down and abandoning module ProceduralMeshComponent (392)
[2019.01.05-02.19.48:429][ 18]LogModuleManager: Shutting down and abandoning module OculusInput (390)
[2019.01.05-02.19.48:429][ 18]LogModuleManager: Shutting down and abandoning module MobilePatchingUtils (388)
[2019.01.05-02.19.48:429][ 18]LogModuleManager: Shutting down and abandoning module EditableMesh (386)
[2019.01.05-02.19.48:459][ 18]LogModuleManager: Shutting down and abandoning module CustomMeshComponent (384)
[2019.01.05-02.19.48:459][ 18]LogModuleManager: Shutting down and abandoning module CableComponent (382)
[2019.01.05-02.19.48:459][ 18]LogModuleManager: Shutting down and abandoning module AudioCapture (380)
[2019.01.05-02.19.48:459][ 18]LogModuleManager: Shutting down and abandoning module ArchVisCharacter (378)
[2019.01.05-02.19.48:459][ 18]LogModuleManager: Shutting down and abandoning module AndroidPermission (376)
[2019.01.05-02.19.48:459][ 18]LogModuleManager: Shutting down and abandoning module NUTUnrealEngine4 (374)
[2019.01.05-02.19.48:459][ 18]LogModuleManager: Shutting down and abandoning module NetcodeUnitTest (372)
[2019.01.05-02.19.48:487][ 18]LogModuleManager: Shutting down and abandoning module MediaCompositingEditor (370)
[2019.01.05-02.19.48:487][ 18]LogModuleManager: Shutting down and abandoning module MediaCompositing (368)
[2019.01.05-02.19.48:487][ 18]LogModuleManager: Shutting down and abandoning module LinearTimecode (366)
[2019.01.05-02.19.48:487][ 18]LogModuleManager: Shutting down and abandoning module ImgMedia (364)
[2019.01.05-02.19.48:533][ 18]LogModuleManager: Shutting down and abandoning module HTML5Networking (362)
[2019.01.05-02.19.48:533][ 18]LogModuleManager: Shutting down and abandoning module GeometryCacheTracks (360)
[2019.01.05-02.19.48:533][ 18]LogModuleManager: Shutting down and abandoning module GeometryCacheSequencer (358)
[2019.01.05-02.19.48:533][ 18]LogModuleManager: Shutting down and abandoning module BackChannel (356)
[2019.01.05-02.19.48:546][ 18]LogModuleManager: Shutting down and abandoning module AppleVision (354)
[2019.01.05-02.19.48:546][ 18]LogModuleManager: Shutting down and abandoning module AppleImageUtils (352)
[2019.01.05-02.19.48:546][ 18]LogModuleManager: Shutting down and abandoning module AlembicImporter (350)
[2019.01.05-02.19.48:546][ 18]LogModuleManager: Shutting down and abandoning module AlembicLibrary (349)
[2019.01.05-02.19.48:546][ 18]LogModuleManager: Shutting down and abandoning module GeometryCache (348)
[2019.01.05-02.19.48:546][ 18]LogModuleManager: Shutting down and abandoning module GeometryCacheEd (347)
[2019.01.05-02.19.48:546][ 18]LogModuleManager: Shutting down and abandoning module DatasmithContentEditor (342)
[2019.01.05-02.19.48:574][ 18]LogModuleManager: Shutting down and abandoning module DatasmithContent (340)
[2019.01.05-02.19.48:575][ 18]LogModuleManager: Shutting down and abandoning module SpeedTreeImporter (338)
[2019.01.05-02.19.48:575][ 18]LogModuleManager: Shutting down and abandoning module PluginBrowser (336)
[2019.01.05-02.19.48:633][ 18]LogModuleManager: Shutting down and abandoning module MobileLauncherProfileWizard (334)
[2019.01.05-02.19.48:652][ 18]LogModuleManager: Shutting down and abandoning module PolygonModeling (332)
[2019.01.05-02.19.48:652][ 18]LogModuleManager: Shutting down and abandoning module MeshEditor (330)
[2019.01.05-02.19.48:660][ 18]LogModuleManager: Shutting down and abandoning module CryptoKeysOpenSSL (328)
[2019.01.05-02.19.48:669][ 18]LogModuleManager: Shutting down and abandoning module CryptoKeys (326)
[2019.01.05-02.19.48:669][ 18]LogModuleManager: Shutting down and abandoning module VisualStudioSourceCodeAccess (324)
[2019.01.05-02.19.48:669][ 18]LogModuleManager: Shutting down and abandoning module VisualStudioCodeSourceCodeAccess (322)
[2019.01.05-02.19.48:669][ 18]LogModuleManager: Shutting down and abandoning module UObjectPlugin (320)
[2019.01.05-02.19.48:669][ 18]LogModuleManager: Shutting down and abandoning module SubversionSourceControl (318)
[2019.01.05-02.19.48:677][ 18]LogModuleManager: Shutting down and abandoning module PerforceSourceControl (316)
[2019.01.05-02.19.48:742][ 18]LogModuleManager: Shutting down and abandoning module GitSourceControl (314)
[2019.01.05-02.19.48:764][ 18]LogModuleManager: Shutting down and abandoning module SourceControl (313)
[2019.01.05-02.19.48:764][ 18]LogModuleManager: Shutting down and abandoning module CLionSourceCodeAccess (310)
[2019.01.05-02.19.48:764][ 18]LogModuleManager: Shutting down and abandoning module LightPropagationVolumeEditor (308)
[2019.01.05-02.19.48:764][ 18]LogModuleManager: Shutting down and abandoning module PaperTiledImporter (306)
[2019.01.05-02.19.48:764][ 18]LogModuleManager: Shutting down and abandoning module PaperSpriteSheetImporter (304)
[2019.01.05-02.19.48:765][ 18]LogModuleManager: Shutting down and abandoning module Paper2DEditor (302)
[2019.01.05-02.19.48:818][ 18]LogModuleManager: Shutting down and abandoning module MeshPaint (301)
[2019.01.05-02.19.48:855][ 18]LogModuleManager: Shutting down and abandoning module RuntimePhysXCooking (298)
[2019.01.05-02.19.48:855][ 18]LogModuleManager: Shutting down and abandoning module PhysXVehiclesEditor (296)
[2019.01.05-02.19.48:855][ 18]LogModuleManager: Shutting down and abandoning module PhysXVehicles (294)
[2019.01.05-02.19.48:855][ 18]LogModuleManager: Shutting down and abandoning module OculusEditor (292)
[2019.01.05-02.19.48:872][ 18]LogModuleManager: Shutting down and abandoning module LocationServicesBPLibrary (290)
[2019.01.05-02.19.48:872][ 18]LogModuleManager: Shutting down and abandoning module ImmediatePhysicsEditor (288)
[2019.01.05-02.19.48:872][ 18]LogModuleManager: Shutting down and abandoning module ImmediatePhysics (286)
[2019.01.05-02.19.48:915][ 18]LogModuleManager: Shutting down and abandoning module ActorSequence (284)
[2019.01.05-02.19.48:915][ 18]LogModuleManager: Shutting down and abandoning module UdpMessaging (282)
[2019.01.05-02.19.49:016][ 18]LogModuleManager: Shutting down and abandoning module TcpMessaging (280)
[2019.01.05-02.19.49:124][ 18]LogModuleManager: Shutting down and abandoning module MagicLeapAudio (278)
[2019.01.05-02.19.49:124][ 18]LogModuleManager: Shutting down and abandoning module GameplayTagsEditor (276)
[2019.01.05-02.19.49:151][ 18]LogModuleManager: Shutting down and abandoning module FacialAnimationEditor (274)
[2019.01.05-02.19.49:151][ 18]LogModuleManager: Shutting down and abandoning module FacialAnimation (272)
[2019.01.05-02.19.49:151][ 18]LogModuleManager: Shutting down and abandoning module DataValidation (270)
[2019.01.05-02.19.49:152][ 18]LogModuleManager: Shutting down and abandoning module AssetManagerEditor (268)
[2019.01.05-02.19.49:200][ 18]LogModuleManager: Shutting down and abandoning module LevelEditor (267)
[2019.01.05-02.19.49:239][ 18]LogModuleManager: Shutting down and abandoning module PixelInspectorModule (266)
[2019.01.05-02.19.49:268][ 18]LogModuleManager: Shutting down and abandoning module CommonMenuExtensions (264)
[2019.01.05-02.19.49:269][ 18]LogModuleManager: Shutting down and abandoning module MainFrame (262)
[2019.01.05-02.19.49:292][ 18]LogModuleManager: Shutting down and abandoning module HotReload (261)
[2019.01.05-02.19.49:309][ 18]LogModuleManager: Shutting down and abandoning module ContentBrowser (257)
[2019.01.05-02.19.49:310][ 18]LogModuleManager: Shutting down and abandoning module TreeMap (255)
[2019.01.05-02.19.49:347][ 18]LogModuleManager: Shutting down and abandoning module LightPropagationVolumeRuntime (252)
[2019.01.05-02.19.49:347][ 18]LogModuleManager: Shutting down and abandoning module AISupportModule (250)
[2019.01.05-02.19.49:347][ 18]LogModuleManager: Shutting down and abandoning module Paper2D (248)
[2019.01.05-02.19.49:355][ 18]LogModuleManager: Shutting down and abandoning module WindowsMoviePlayer (246)
[2019.01.05-02.19.49:369][ 18]LogModuleManager: Shutting down and abandoning module WmfMedia (244)
[2019.01.05-02.19.49:403][ 18]LogModuleManager: Shutting down and abandoning module Media (243)
[2019.01.05-02.19.49:410][ 18]LogModuleManager: Shutting down and abandoning module PacketHandler (240)
[2019.01.05-02.19.49:410][ 18]LogModuleManager: Shutting down and abandoning module ClothingSystemEditor (238)
[2019.01.05-02.19.49:410][ 18]LogModuleManager: Shutting down and abandoning module ClothingSystemRuntime (236)
[2019.01.05-02.19.49:471][ 18]LogModuleManager: Shutting down and abandoning module MediaAssets (234)
[2019.01.05-02.19.49:471][ 18]LogModuleManager: Shutting down and abandoning module Overlay (232)
[2019.01.05-02.19.49:471][ 18]LogModuleManager: Shutting down and abandoning module OverlayEditor (231)
[2019.01.05-02.19.49:471][ 18]LogModuleManager: Shutting down and abandoning module VREditor (228)
[2019.01.05-02.19.49:534][ 18]LogModuleManager: Shutting down and abandoning module StringTableEditor (226)
[2019.01.05-02.19.49:583][ 18]LogModuleManager: Shutting down and abandoning module GameplayTasksEditor (224)
[2019.01.05-02.19.49:583][ 18]LogModuleManager: Shutting down and abandoning module BehaviorTreeEditor (222)
[2019.01.05-02.19.49:649][ 18]LogModuleManager: Shutting down and abandoning module FunctionalTesting (220)
[2019.01.05-02.19.49:671][ 18]LogModuleManager: Shutting down and abandoning module CollisionAnalyzer (218)
[2019.01.05-02.19.49:707][ 18]LogModuleManager: Shutting down and abandoning module WorkspaceMenuStructure (217)
[2019.01.05-02.19.49:707][ 18]LogModuleManager: Shutting down and abandoning module UMG (214)
[2019.01.05-02.19.49:741][ 18]LogModuleManager: Shutting down and abandoning module UMGEditor (213)
[2019.01.05-02.19.49:772][ 18]LogModuleManager: Shutting down and abandoning module Sequencer (212)
[2019.01.05-02.19.49:823][ 18]LogModuleManager: Shutting down and abandoning module MessageLog (209)
[2019.01.05-02.19.49:823][ 18]LogModuleManager: Shutting down and abandoning module SlateReflector (204)
[2019.01.05-02.19.49:845][ 18]LogModuleManager: Shutting down and abandoning module Slate (202)
[2019.01.05-02.19.49:866][ 18]LogModuleManager: Shutting down and abandoning module EditorStyle (200)
[2019.01.05-02.19.49:868][ 18]LogModuleManager: Shutting down and abandoning module MRMesh (198)
[2019.01.05-02.19.49:878][ 18]LogModuleManager: Shutting down and abandoning module SourceCodeAccess (196)
[2019.01.05-02.19.49:879][ 18]LogModuleManager: Shutting down and abandoning module HeadMountedDisplay (194)
[2019.01.05-02.19.49:879][ 18]LogModuleManager: Shutting down and abandoning module XAudio2 (192)
[2019.01.05-02.19.49:879][ 18]LogModuleManager: Shutting down and abandoning module Networking (190)
[2019.01.05-02.19.49:879][ 18]LogModuleManager: Shutting down and abandoning module Core (188)
[2019.01.05-02.19.49:879][ 18]LogModuleManager: Shutting down and abandoning module LevelSequence (186)
[2019.01.05-02.19.49:879][ 18]LogModuleManager: Shutting down and abandoning module KismetCompiler (184)
[2019.01.05-02.19.49:879][ 18]LogModuleManager: Shutting down and abandoning module MeshUtilities (182)
[2019.01.05-02.19.49:935][ 18]LogModuleManager: Shutting down and abandoning module MeshMergeUtilities (181)
[2019.01.05-02.19.49:945][ 18]LogModuleManager: Shutting down and abandoning module MeshReductionInterface (180)
[2019.01.05-02.19.49:945][ 18]LogModuleManager: Shutting down and abandoning module SimplygonSwarm (179)
[2019.01.05-02.19.49:949][ 18]LogModuleManager: Shutting down and abandoning module ProxyLODMeshReduction (177)
[2019.01.05-02.19.49:971][ 18]LogModuleManager: Shutting down and abandoning module SimplygonMeshReduction (175)
[2019.01.05-02.19.49:972][ 18]LogModuleManager: Shutting down and abandoning module QuadricMeshReduction (173)
[2019.01.05-02.19.49:981][ 18]LogModuleManager: Shutting down and abandoning module MaterialBaking (169)
[2019.01.05-02.19.49:990][ 18]LogModuleManager: Shutting down and abandoning module DirectoryWatcher (165)
[2019.01.05-02.19.49:990][ 18]LogModuleManager: Shutting down and abandoning module DerivedDataCache (162)
[2019.01.05-02.19.50:013][ 18]LogDerivedDataCache: Shutdown
[2019.01.05-02.19.50:013][ 18]LogModuleManager: Shutting down and abandoning module XGEController (160)
[2019.01.05-02.19.50:043][ 18]LogModuleManager: Shutting down and abandoning module TargetPlatform (158)
[2019.01.05-02.19.50:043][ 18]LogModuleManager: Shutting down and abandoning module VulkanShaderFormat (157)
[2019.01.05-02.19.50:052][ 18]LogModuleManager: Shutting down and abandoning module ShaderFormatVectorVM (155)
[2019.01.05-02.19.50:065][ 18]LogModuleManager: Shutting down and abandoning module ShaderFormatOpenGL (153)
[2019.01.05-02.19.50:090][ 18]LogModuleManager: Shutting down and abandoning module ShaderFormatD3D (151)
[2019.01.05-02.19.50:090][ 18]LogModuleManager: Shutting down and abandoning module MetalShaderFormat (149)
[2019.01.05-02.19.50:218][ 18]LogModuleManager: Shutting down and abandoning module TextureFormatUncompressed (147)
[2019.01.05-02.19.50:218][ 18]LogModuleManager: Shutting down and abandoning module TextureFormatPVR (145)
[2019.01.05-02.19.50:218][ 18]LogModuleManager: Shutting down and abandoning module TextureFormatDXT (143)
[2019.01.05-02.19.50:235][ 18]LogModuleManager: Shutting down and abandoning module TextureFormatIntelISPCTexComp (141)
[2019.01.05-02.19.50:249][ 18]LogModuleManager: Shutting down and abandoning module TextureFormatASTC (139)
[2019.01.05-02.19.50:249][ 18]LogModuleManager: Shutting down and abandoning module ImageWrapper (138)
[2019.01.05-02.19.50:249][ 18]LogModuleManager: Shutting down and abandoning module TextureFormatAndroid (135)
[2019.01.05-02.19.50:249][ 18]LogModuleManager: Shutting down and abandoning module AudioFormatOpus (133)
[2019.01.05-02.19.50:249][ 18]LogModuleManager: Shutting down and abandoning module AudioFormatOgg (131)
[2019.01.05-02.19.50:249][ 18]LogModuleManager: Shutting down and abandoning module AudioFormatADPCM (129)
[2019.01.05-02.19.50:249][ 18]LogModuleManager: Shutting down and abandoning module LuminTargetPlatform (127)
[2019.01.05-02.19.50:249][ 18]LogModuleManager: Shutting down and abandoning module LinuxTargetPlatform (125)
[2019.01.05-02.19.50:249][ 18]LogModuleManager: Shutting down and abandoning module LinuxServerTargetPlatform (123)
[2019.01.05-02.19.50:250][ 18]LogModuleManager: Shutting down and abandoning module LinuxNoEditorTargetPlatform (121)
[2019.01.05-02.19.50:256][ 18]LogModuleManager: Shutting down and abandoning module LinuxClientTargetPlatform (119)
[2019.01.05-02.19.50:319][ 18]LogModuleManager: Shutting down and abandoning module TVOSTargetPlatform (117)
[2019.01.05-02.19.50:320][ 18]LogModuleManager: Shutting down and abandoning module Messaging (115)
[2019.01.05-02.19.50:320][ 18]LogModuleManager: Shutting down and abandoning module IOSTargetPlatform (113)
[2019.01.05-02.19.50:321][ 18]LogModuleManager: Shutting down and abandoning module HTML5TargetPlatform (111)
[2019.01.05-02.19.50:321][ 18]LogModuleManager: Shutting down and abandoning module AndroidTargetPlatform (109)
[2019.01.05-02.19.50:393][ 18]LogModuleManager: Shutting down and abandoning module WindowsTargetPlatform (107)
[2019.01.05-02.19.50:393][ 18]LogModuleManager: Shutting down and abandoning module WindowsServerTargetPlatform (105)
[2019.01.05-02.19.50:393][ 18]LogModuleManager: Shutting down and abandoning module WindowsNoEditorTargetPlatform (103)
[2019.01.05-02.19.50:393][ 18]LogModuleManager: Shutting down and abandoning module WindowsClientTargetPlatform (101)
[2019.01.05-02.19.50:393][ 18]LogModuleManager: Shutting down and abandoning module MacTargetPlatform (99)
[2019.01.05-02.19.50:393][ 18]LogModuleManager: Shutting down and abandoning module MacServerTargetPlatform (97)
[2019.01.05-02.19.50:393][ 18]LogModuleManager: Shutting down and abandoning module MacNoEditorTargetPlatform (95)
[2019.01.05-02.19.50:393][ 18]LogModuleManager: Shutting down and abandoning module MacClientTargetPlatform (93)
[2019.01.05-02.19.50:393][ 18]LogModuleManager: Shutting down and abandoning module AllDesktopTargetPlatform (91)
[2019.01.05-02.19.50:393][ 18]LogModuleManager: Shutting down and abandoning module InputCore (88)
[2019.01.05-02.19.50:393][ 18]LogModuleManager: Shutting down and abandoning module Settings (86)
[2019.01.05-02.19.50:393][ 18]LogModuleManager: Shutting down and abandoning module PhysXCooking (84)
[2019.01.05-02.19.50:393][ 18]LogModuleManager: Shutting down and abandoning module SteamVR (82)
[2019.01.05-02.19.50:393][ 18]LogModuleManager: Shutting down and abandoning module OculusHMD (80)
[2019.01.05-02.19.50:415][ 18]LogModuleManager: Shutting down and abandoning module ExampleDeviceProfileSelector (78)
[2019.01.05-02.19.50:415][ 18]LogModuleManager: Shutting down and abandoning module LauncherChunkInstaller (76)
[2019.01.05-02.19.50:415][ 18]LogModuleManager: Shutting down and abandoning module OnlineBlueprintSupport (74)
[2019.01.05-02.19.50:415][ 18]LogModuleManager: Shutting down and abandoning module OnlineSubsystem (70)
[2019.01.05-02.19.50:438][ 18]LogModuleManager: Shutting down and abandoning module XMPP (65)
[2019.01.05-02.19.50:473][ 18]LogModuleManager: Shutting down and abandoning module WebSockets (64)
[2019.01.05-02.19.50:587][ 18]LogModuleManager: Shutting down and abandoning module HTTP (61)
[2019.01.05-02.19.50:597][ 18]LogHttp: Display: Http module shutting down, but needs to wait on 1 outstanding Http requests:
[2019.01.05-02.19.50:597][ 18]LogHttp: Display: 	verb=[POST] url=[https://datarouter.ol.epicgames.com/datarouter/api/v1/public/data?SessionID=%7B3348BDA4-4936-ED44-AFA1-908DE145CAA9%7D&AppID=UEEditor.Rocket.Release&AppVersion=4.20.3-4369336%2B%2B%2BUE4%2BRelease-4.20&UserID=bf89f89b445bf5a3cf85f6afa34ab038%7Ca9ce0e3aa720406681a65ce5c0abc24e%7Cade924d9-76d7-41a3-9153-75594cfad526&AppEnvironment=datacollector-binary&UploadType=eteventstream] status=Processing
[2019.01.05-02.19.50:623][ 18]LogModuleManager: Shutting down and abandoning module SSL (60)
[2019.01.05-02.19.50:650][ 18]LogModuleManager: Shutting down and abandoning module MagicLeapEmulator (56)
[2019.01.05-02.19.50:651][ 18]LogModuleManager: Shutting down and abandoning module MagicLeapPrivileges (54)
[2019.01.05-02.19.50:651][ 18]LogModuleManager: Shutting down and abandoning module MagicLeapIdentity (52)
[2019.01.05-02.19.50:651][ 18]LogModuleManager: Shutting down and abandoning module MagicLeapHelperVulkan (50)
[2019.01.05-02.19.50:651][ 18]LogModuleManager: Shutting down and abandoning module MagicLeapHelperOpenGL (48)
[2019.01.05-02.19.50:651][ 18]LogModuleManager: Shutting down and abandoning module MagicLeapSecureStorage (46)
[2019.01.05-02.19.50:651][ 18]LogModuleManager: Shutting down and abandoning module MagicLeapGestures (44)
[2019.01.05-02.19.50:651][ 18]LogModuleManager: Shutting down and abandoning module MagicLeapEyeTracker (42)
[2019.01.05-02.19.50:651][ 18]LogModuleManager: Shutting down and abandoning module MagicLeapController (40)
[2019.01.05-02.19.50:651][ 18]LogSlate: Slate User Destroyed.  User Index 0, Is Virtual User: 0
[2019.01.05-02.19.50:651][ 18]LogModuleManager: Shutting down and abandoning module MagicLeap (38)
[2019.01.05-02.19.50:661][ 18]LogModuleManager: Shutting down and abandoning module AnimationModifiers (36)
[2019.01.05-02.19.50:827][ 18]LogModuleManager: Shutting down and abandoning module PropertyEditor (35)
[2019.01.05-02.19.50:847][ 18]LogModuleManager: Shutting down and abandoning module AudioEditor (32)
[2019.01.05-02.19.50:873][ 18]LogModuleManager: Shutting down and abandoning module TextureCompressor (30)
[2019.01.05-02.19.50:887][ 18]LogModuleManager: Shutting down and abandoning module ShaderCore (28)
[2019.01.05-02.19.50:887][ 18]LogModuleManager: Shutting down and abandoning module Landscape (26)
[2019.01.05-02.19.50:887][ 18]LogModuleManager: Shutting down and abandoning module SlateRHIRenderer (24)
[2019.01.05-02.19.50:932][ 18]LogModuleManager: Shutting down and abandoning module OpenGLDrv (22)
[2019.01.05-02.19.50:950][ 18]LogModuleManager: Shutting down and abandoning module D3D11RHI (20)
[2019.01.05-02.19.50:950][ 18]LogModuleManager: Shutting down and abandoning module AnimGraphRuntime (18)
[2019.01.05-02.19.50:972][ 18]LogModuleManager: Shutting down and abandoning module Renderer (16)
[2019.01.05-02.19.50:972][ 18]LogModuleManager: Shutting down and abandoning module Engine (14)
[2019.01.05-02.19.50:972][ 18]LogModuleManager: Shutting down and abandoning module CoreUObject (12)
[2019.01.05-02.19.50:972][ 18]LogModuleManager: Shutting down and abandoning module NetworkFile (10)
[2019.01.05-02.19.50:994][ 18]LogModuleManager: Shutting down and abandoning module CookedIterativeFile (8)
[2019.01.05-02.19.50:994][ 18]LogModuleManager: Shutting down and abandoning module StreamingFile (6)
[2019.01.05-02.19.51:002][ 18]LogModuleManager: Shutting down and abandoning module SandboxFile (4)
[2019.01.05-02.19.51:002][ 18]LogModuleManager: Shutting down and abandoning module PakFile (2)
[2019.01.05-02.19.51:027][ 18]LogExit: Exiting.
[2019.01.05-02.19.51:061][ 18]Log file closed, 01/04/19 21:19:51
