Log file open, 12/28/18 21:21:07
LogWindows: Failed to load 'aqProf.dll' (GetLastError=126)
LogWindows: File 'aqProf.dll' does not exist
LogWindows: Failed to load 'VtuneApi.dll' (GetLastError=126)
LogWindows: File 'VtuneApi.dll' does not exist
LogWindows: Failed to load 'VtuneApi32e.dll' (GetLastError=126)
LogWindows: File 'VtuneApi32e.dll' does not exist
LogInit: Display: Running engine for game: RocketJumpPrototype
LogPlatformFile: Not using cached read wrapper
LogTaskGraph: Started task graph with 5 named threads and 23 total threads with 3 sets of task threads.
LogStats: Stats thread started at 0.504042
LogD3D11RHI: Loaded GFSDK_Aftermath_Lib.x64.dll
LogICUInternationalization: Display: ICU TimeZone Detection - Raw Offset: -5:00, Platform Override: ''
LogPluginManager: Mounting plugin Paper2D
LogPluginManager: Mounting plugin AISupport
LogPluginManager: Mounting plugin LightPropagationVolume
LogPluginManager: Mounting plugin CLionSourceCodeAccess
LogPluginManager: Mounting plugin CodeLiteSourceCodeAccess
LogPluginManager: Mounting plugin GitSourceControl
LogPluginManager: Mounting plugin KDevelopSourceCodeAccess
LogPluginManager: Mounting plugin NullSourceCodeAccess
LogPluginManager: Mounting plugin PerforceSourceControl
LogPluginManager: Mounting plugin SubversionSourceControl
LogPluginManager: Mounting plugin UObjectPlugin
LogPluginManager: Mounting plugin VisualStudioCodeSourceCodeAccess
LogPluginManager: Mounting plugin VisualStudioSourceCodeAccess
LogPluginManager: Mounting plugin XCodeSourceCodeAccess
LogPluginManager: Mounting plugin AssetManagerEditor
LogPluginManager: Mounting plugin CryptoKeys
LogPluginManager: Mounting plugin DataValidation
LogPluginManager: Mounting plugin FacialAnimation
LogPluginManager: Mounting plugin GameplayTagsEditor
LogPluginManager: Mounting plugin MacGraphicsSwitching
LogPluginManager: Mounting plugin MeshEditor
LogPluginManager: Mounting plugin MobileLauncherProfileWizard
LogPluginManager: Mounting plugin PluginBrowser
LogPluginManager: Mounting plugin SpeedTreeImporter
LogPluginManager: Mounting plugin DatasmithContent
LogPluginManager: Mounting plugin AlembicImporter
LogPluginManager: Mounting plugin AppleImageUtils
LogPluginManager: Mounting plugin AppleVision
LogPluginManager: Mounting plugin BackChannel
LogPluginManager: Mounting plugin CharacterAI
LogPluginManager: Mounting plugin GeometryCache
LogPluginManager: Mounting plugin HTML5Networking
LogPluginManager: Mounting plugin ProxyLODPlugin
LogPluginManager: Mounting plugin MagicLeap
LogPluginManager: Mounting plugin MagicLeapEmulator
LogPluginManager: Mounting plugin MagicLeapMedia
LogPluginManager: Mounting plugin AndroidMedia
LogPluginManager: Mounting plugin AvfMedia
LogPluginManager: Mounting plugin ImgMedia
LogPluginManager: Mounting plugin LinearTimecode
LogPluginManager: Mounting plugin MediaCompositing
LogPluginManager: Mounting plugin MediaPlayerEditor
LogPluginManager: Mounting plugin WmfMedia
LogPluginManager: Mounting plugin TcpMessaging
LogPluginManager: Mounting plugin UdpMessaging
LogPluginManager: Mounting plugin ActorSequence
LogPluginManager: Mounting plugin LevelSequenceEditor
LogPluginManager: Mounting plugin MatineeToLevelSequence
LogPluginManager: Mounting plugin NetcodeUnitTest
LogPluginManager: Mounting plugin NUTUnrealEngine4
LogPluginManager: Mounting plugin OnlineSubsystemGooglePlay
LogPluginManager: Mounting plugin OnlineSubsystemIOS
LogPluginManager: Mounting plugin OnlineSubsystem
LogPluginManager: Mounting plugin OnlineSubsystemNull
LogPluginManager: Mounting plugin OnlineSubsystemUtils
LogPluginManager: Mounting plugin LauncherChunkInstaller
LogPluginManager: Mounting plugin AndroidDeviceProfileSelector
LogPluginManager: Mounting plugin AndroidMoviePlayer
LogPluginManager: Mounting plugin AndroidPermission
LogPluginManager: Mounting plugin AppleMoviePlayer
LogPluginManager: Mounting plugin ArchVisCharacter
LogPluginManager: Mounting plugin AudioCapture
LogPluginManager: Mounting plugin CableComponent
LogPluginManager: Mounting plugin CustomMeshComponent
LogPluginManager: Mounting plugin EditableMesh
LogPluginManager: Mounting plugin ExampleDeviceProfileSelector
LogPluginManager: Mounting plugin GoogleCloudMessaging
LogPluginManager: Mounting plugin ImmediatePhysics
LogPluginManager: Mounting plugin IOSDeviceProfileSelector
LogPluginManager: Mounting plugin LinuxDeviceProfileSelector
LogPluginManager: Mounting plugin LocationServicesBPLibrary
LogPluginManager: Mounting plugin MobilePatchingUtils
LogPluginManager: Mounting plugin OculusVR
LogPluginManager: Plugin shader directory ../../../Engine/Plugins/Runtime/Oculus/OculusVR/Shaders found
LogPluginManager: Mapping shader source directory ../../../Engine/Plugins/Runtime/Oculus/OculusVR/Shaders to virtual directory /Plugin/OculusVR
LogPluginManager: Mounting plugin PhysXVehicles
LogPluginManager: Mounting plugin ProceduralMeshComponent
LogPluginManager: Mounting plugin RuntimePhysXCooking
LogPluginManager: Mounting plugin SteamVR
LogPluginManager: Mounting plugin WindowsMoviePlayer
LogStreaming: Display: Took  2.430s to configure plugins.
LogInit: Using libcurl 7.55.1-DEV
LogInit:  - built for x86_64-pc-win32
LogInit:  - supports SSL with OpenSSL/1.0.2h
LogInit:  - supports HTTP deflate (compression) using libz 1.2.8
LogInit:  - other features:
LogInit:      CURL_VERSION_SSL
LogInit:      CURL_VERSION_LIBZ
LogInit:      CURL_VERSION_IPV6
LogInit:      CURL_VERSION_ASYNCHDNS
LogInit:      CURL_VERSION_LARGEFILE
LogInit:      CURL_VERSION_IDN
LogInit:  CurlRequestOptions (configurable via config and command line):
LogInit:  - bVerifyPeer = false  - Libcurl will NOT verify peer certificate
LogInit:  - bUseHttpProxy = false  - Libcurl will NOT use HTTP proxy
LogInit:  - bDontReuseConnections = false  - Libcurl will reuse connections
LogInit:  - CertBundlePath = nullptr  - Libcurl will use whatever was configured at build time.
LogInit:  - MaxHostConnections = 16  - Libcurl will limit the number of connections to a host
LogInit:  - LocalHostAddr = Default
LogInit:  - BufferSize = 65536
LogInit: WinSock: version 1.1 (2.2), MaxSocks=32767, MaxUdp=65467
LogInit: Build: ++UE4+Release-4.20-CL-4369336
LogInit: Engine Version: 4.20.3-4369336+++UE4+Release-4.20
LogInit: Compatible Engine Version: 4.20.0-4212847+++UE4+Release-4.20
LogInit: Net CL: 4212847
LogInit: OS: Windows 10 (), CPU: Intel(R) Core(TM) i7-6700HQ CPU @ 2.60GHz, GPU: Intel(R) HD Graphics 530
LogInit: Compiled (64-bit): Sep 17 2018 12:26:19
LogInit: Compiled with Visual C++: 19.13.26129.00
LogInit: Build Configuration: Development
LogInit: Branch Name: ++UE4+Release-4.20
LogInit: Command Line: 
LogInit: Base Directory: C:/Program Files/Epic Games/UE_4.20/Engine/Binaries/Win64/
LogInit: Installed Engine Build: 1
LogDevObjectVersion: Number of dev versions registered: 20
LogDevObjectVersion:   Dev-Blueprints (B0D832E4-1F89-4F0D-ACCF-7EB736FD4AA2): 10
LogDevObjectVersion:   Dev-Build (E1C64328-A22C-4D53-A36C-8E866417BD8C): 0
LogDevObjectVersion:   Dev-Core (375EC13C-06E4-48FB-B500-84F0262A717E): 2
LogDevObjectVersion:   Dev-Editor (E4B068ED-F494-42E9-A231-DA0B2E46BB41): 24
LogDevObjectVersion:   Dev-Framework (CFFC743F-43B0-4480-9391-14DF171D2073): 34
LogDevObjectVersion:   Dev-Mobile (B02B49B5-BB20-44E9-A304-32B752E40360): 2
LogDevObjectVersion:   Dev-Networking (A4E4105C-59A1-49B5-A7C5-40C4547EDFEE): 0
LogDevObjectVersion:   Dev-Online (39C831C9-5AE6-47DC-9A44-9C173E1C8E7C): 0
LogDevObjectVersion:   Dev-Physics (78F01B33-EBEA-4F98-B9B4-84EACCB95AA2): 0
LogDevObjectVersion:   Dev-Platform (6631380F-2D4D-43E0-8009-CF276956A95A): 0
LogDevObjectVersion:   Dev-Rendering (12F88B9F-8875-4AFC-A67C-D90C383ABD29): 26
LogDevObjectVersion:   Dev-Sequencer (7B5AE74C-D270-4C10-A958-57980B212A5A): 9
LogDevObjectVersion:   Dev-VR (D7296918-1DD6-4BDD-9DE2-64A83CC13884): 2
LogDevObjectVersion:   Dev-LoadTimes (C2A15278-BFE7-4AFE-6C17-90FF531DF755): 1
LogDevObjectVersion:   Private-Geometry (6EACA3D4-40EC-4CC1-B786-8BED09428FC5): 3
LogDevObjectVersion:   Dev-AnimPhys (29E575DD-E0A3-4627-9D10-D276232CDCEA): 17
LogDevObjectVersion:   Dev-ReflectionCapture (6B266CEC-1EC7-4B8F-A30B-E4D90942FC07): 1
LogDevObjectVersion:   Dev-Automation (0DF73D61-A23F-47EA-B727-89E90C41499A): 1
LogDevObjectVersion:   FortniteMain (601D1886-AC64-4F84-AA16-D3DE0DEAC7D6): 12
LogDevObjectVersion:   Dev-Enterprise (9DFFBCD6-494F-0158-E221-12823C92A888): 1
LogStreaming: Display: Took  0.001s to delete old logs.
LogInit: Presizing for max 8388607 objects, including 0 objects not considered by GC, pre-allocating 0 bytes for permanent pool.
LogInit: Object subsystem initialized
[2018.12.29-02.21.10:115][  0]LogInit: Selected Device Profile: [Windows]
[2018.12.29-02.21.10:115][  0]LogInit: Applying CVar settings loaded from the selected device profile: [Windows]
[2018.12.29-02.21.10:176][  0]LogHAL: Display: Platform has ~ 12 GB [12779626496 / 17179869184 / 12], which maps to Larger [LargestMinGB=32, LargerMinGB=12, DefaultMinGB=8, SmallerMinGB=6, SmallestMinGB=0)
[2018.12.29-02.21.10:176][  0]LogInit: Setting Device Profile CVar: [[r.Vulkan.UseRealUBs:1]]
[2018.12.29-02.21.10:176][  0]LogInit: Going up to parent DeviceProfile []
[2018.12.29-02.21.10:176][  0]LogInit: Computer: DESKTOP-C1BGNMB
[2018.12.29-02.21.10:176][  0]LogInit: User: 1234
[2018.12.29-02.21.10:176][  0]LogInit: CPU Page size=4096, Cores=4
[2018.12.29-02.21.10:177][  0]LogInit: High frequency timer resolution =2.531251 MHz
[2018.12.29-02.21.10:177][  0]LogMemory: Memory total: Physical=11.9GB (12GB approx)
[2018.12.29-02.21.10:177][  0]LogMemory: Platform Memory Stats for Windows
[2018.12.29-02.21.10:177][  0]LogMemory: Process Physical Memory: 100.76 MB used, 100.76 MB peak
[2018.12.29-02.21.10:177][  0]LogMemory: Process Virtual Memory: 89.66 MB used, 89.66 MB peak
[2018.12.29-02.21.10:177][  0]LogMemory: Physical Memory: 5451.33 MB used,  6736.27 MB free, 12187.60 MB total
[2018.12.29-02.21.10:177][  0]LogMemory: Virtual Memory: 4639.15 MB used,  6736.27 MB free, 134217728.00 MB total
[2018.12.29-02.21.10:252][  0]LogInit: Using OS detected language (en-US).
[2018.12.29-02.21.10:252][  0]LogInit: Using OS detected locale (en-US).
[2018.12.29-02.21.10:256][  0]LogTextLocalizationManager: No specific localization for 'en-US' exists, so the 'en' localization will be used.
[2018.12.29-02.21.10:728][  0]LogStreaming: Display: Took  0.476s to InitEngineTextLocalization.
[2018.12.29-02.21.10:728][  0]LogInit: Setting process to per monitor DPI aware
[2018.12.29-02.21.10:774][  0]LogSlate: New Slate User Created.  User Index 0, Is Virtual User: 0
[2018.12.29-02.21.10:774][  0]LogSlate: Slate User Registered.  User Index 0, Is Virtual User: 0
[2018.12.29-02.21.11:025][  0]LogHMD: Failed to initialize OpenVR with code 110
[2018.12.29-02.21.11:025][  0]LogD3D11RHI: D3D11 adapters:
[2018.12.29-02.21.11:038][  0]LogD3D11RHI:    0. 'Intel(R) HD Graphics 530' (Feature Level 11_0)
[2018.12.29-02.21.11:038][  0]LogD3D11RHI:       128/0/6093 MB DedicatedVideo/DedicatedSystem/SharedSystem, Outputs:1, VendorId:0x8086
[2018.12.29-02.21.11:105][  0]LogD3D11RHI:    1. 'NVIDIA GeForce GTX 965M' (Feature Level 11_0)
[2018.12.29-02.21.11:105][  0]LogD3D11RHI:       2007/0/6093 MB DedicatedVideo/DedicatedSystem/SharedSystem, Outputs:0, VendorId:0x10de
[2018.12.29-02.21.11:108][  0]LogD3D11RHI:    2. 'Microsoft Basic Render Driver' (Feature Level 11_0)
[2018.12.29-02.21.11:108][  0]LogD3D11RHI:       0/0/6093 MB DedicatedVideo/DedicatedSystem/SharedSystem, Outputs:0, VendorId:0x1414
[2018.12.29-02.21.11:108][  0]LogD3D11RHI: Chosen D3D11 Adapter: 1
[2018.12.29-02.21.11:117][  0]LogD3D11RHI: Creating new Direct3DDevice
[2018.12.29-02.21.11:117][  0]LogD3D11RHI:     GPU DeviceId: 0x13d9 (for the marketing name, search the web for "GPU Device Id")
[2018.12.29-02.21.11:117][  0]LogWindows: EnumDisplayDevices:
[2018.12.29-02.21.11:117][  0]LogWindows:    0. 'Intel(R) HD Graphics 530' (P:1 D:1)
[2018.12.29-02.21.11:117][  0]LogWindows:    1. 'Intel(R) HD Graphics 530' (P:0 D:0)
[2018.12.29-02.21.11:118][  0]LogWindows:    2. 'Intel(R) HD Graphics 530' (P:0 D:0)
[2018.12.29-02.21.11:118][  0]LogWindows:    3. 'NVIDIA GeForce GTX 965M' (P:0 D:0)
[2018.12.29-02.21.11:118][  0]LogWindows: DebugString: PrimaryIsNotTheChoosenAdapter PrimaryIsNotTheChoosenAdapter PrimaryIsNotTheChoosenAdapter 
[2018.12.29-02.21.11:118][  0]LogD3D11RHI:     Adapter Name: NVIDIA GeForce GTX 965M
[2018.12.29-02.21.11:118][  0]LogD3D11RHI:   Driver Version: 391.24 (internal:23.21.13.9124, unified:391.24)
[2018.12.29-02.21.11:118][  0]LogD3D11RHI:      Driver Date: 3-15-2018
[2018.12.29-02.21.11:118][  0]LogRHI: Texture pool is 1405 MB (70% of 2007 MB)
[2018.12.29-02.21.11:164][  0]LogD3D11RHI: Async texture creation enabled
[2018.12.29-02.21.11:555][  0]LogD3D11RHI: GPU Timing Frequency: 1000.000000 (Debug: 2 2)
[2018.12.29-02.21.11:557][  0]LogShaderCompilers: Guid format shader working directory is -30 characters bigger than the processId version (../../../../../../Users/1234/Documents/Unreal Projects/RocketJumpPrototype/Intermediate/Shaders/WorkingDirectory/11576/).
[2018.12.29-02.21.11:558][  0]LogShaderCompilers: Cleaned the shader compiler working directory 'C:/Users/1234/AppData/Local/Temp/UnrealShaderWorkingDir/EC416528481C97AE8CA949BB48C04934/'.
[2018.12.29-02.21.12:242][  0]LogTemp: Display: Loaded TP AllDesktopTargetPlatform
[2018.12.29-02.21.12:259][  0]LogTemp: Display: Loaded TP MacClientTargetPlatform
[2018.12.29-02.21.12:279][  0]LogTemp: Display: Loaded TP MacNoEditorTargetPlatform
[2018.12.29-02.21.12:298][  0]LogTemp: Display: Loaded TP MacServerTargetPlatform
[2018.12.29-02.21.12:318][  0]LogTemp: Display: Loaded TP MacTargetPlatform
[2018.12.29-02.21.12:338][  0]LogTemp: Display: Loaded TP WindowsClientTargetPlatform
[2018.12.29-02.21.12:357][  0]LogTemp: Display: Loaded TP WindowsNoEditorTargetPlatform
[2018.12.29-02.21.12:375][  0]LogTemp: Display: Loaded TP WindowsServerTargetPlatform
[2018.12.29-02.21.12:384][  0]LogTemp: Display: Loaded TP WindowsTargetPlatform
[2018.12.29-02.21.12:480][  0]LogTemp: Display: Loaded TP AndroidTargetPlatform
[2018.12.29-02.21.12:480][  0]LogTemp: Display: Loaded TP AndroidTargetPlatform
[2018.12.29-02.21.12:480][  0]LogTemp: Display: Loaded TP AndroidTargetPlatform
[2018.12.29-02.21.12:480][  0]LogTemp: Display: Loaded TP AndroidTargetPlatform
[2018.12.29-02.21.12:480][  0]LogTemp: Display: Loaded TP AndroidTargetPlatform
[2018.12.29-02.21.12:480][  0]LogTemp: Display: Loaded TP AndroidTargetPlatform
[2018.12.29-02.21.12:480][  0]LogTemp: Display: Loaded TP AndroidTargetPlatform
[2018.12.29-02.21.12:480][  0]LogTemp: Display: Loaded TP AndroidTargetPlatform
[2018.12.29-02.21.12:480][  0]LogTemp: Display: Loaded TP AndroidTargetPlatform
[2018.12.29-02.21.12:480][  0]LogTemp: Display: Loaded TP AndroidTargetPlatform
[2018.12.29-02.21.12:480][  0]LogTemp: Display: Loaded TP AndroidTargetPlatform
[2018.12.29-02.21.12:480][  0]LogTemp: Display: Loaded TP AndroidTargetPlatform
[2018.12.29-02.21.12:480][  0]LogTemp: Display: Loaded TP AndroidTargetPlatform
[2018.12.29-02.21.12:480][  0]LogTemp: Display: Loaded TP AndroidTargetPlatform
[2018.12.29-02.21.12:480][  0]LogTemp: Display: Loaded TP AndroidTargetPlatform
[2018.12.29-02.21.12:481][  0]LogTemp: Display: Loaded TP AndroidTargetPlatform
[2018.12.29-02.21.12:481][  0]LogTemp: Display: Loaded TP AndroidTargetPlatform
[2018.12.29-02.21.12:481][  0]LogTemp: Display: Loaded TP AndroidTargetPlatform
[2018.12.29-02.21.12:482][  0]LogTemp: Display: Loaded TP HTML5TargetPlatform
[2018.12.29-02.21.12:552][  0]LogTemp: Display: Loaded TP IOSTargetPlatform
[2018.12.29-02.21.12:552][  0]LogTemp: Display: Loaded TP IOSTargetPlatform
[2018.12.29-02.21.12:585][  0]LogTemp: Display: Loaded TP TVOSTargetPlatform
[2018.12.29-02.21.12:585][  0]LogTemp: Display: Loaded TP TVOSTargetPlatform
[2018.12.29-02.21.12:612][  0]LogTemp: Display: Loaded TP LinuxClientTargetPlatform
[2018.12.29-02.21.12:630][  0]LogTemp: Display: Loaded TP LinuxNoEditorTargetPlatform
[2018.12.29-02.21.12:647][  0]LogTemp: Display: Loaded TP LinuxServerTargetPlatform
[2018.12.29-02.21.12:663][  0]LogTemp: Display: Loaded TP LinuxTargetPlatform
[2018.12.29-02.21.12:674][  0]LogTemp: Display: Loaded TP LuminTargetPlatform
[2018.12.29-02.21.12:674][  0]LogTargetPlatformManager: Display: Building Assets For Windows
[2018.12.29-02.21.12:776][  0]LogXGEController: Cannot use XGE Controller as Incredibuild is not installed on this machine.
[2018.12.29-02.21.12:776][  0]LogShaderCompilers: Cannot use XGE Shader Compiler as Incredibuild is not installed on this machine.
[2018.12.29-02.21.12:776][  0]LogShaderCompilers: Display: Using Local Shader Compiler.
[2018.12.29-02.21.13:722][  0]LogDerivedDataCache: Display: Max Cache Size: 512 MB
[2018.12.29-02.21.13:800][  0]LogDerivedDataCache: Loaded boot cache 0.08s 87MB C:/Users/1234/AppData/Local/UnrealEngine/4.20/DerivedDataCache/Boot.ddc.
[2018.12.29-02.21.13:801][  0]LogDerivedDataCache: Display: Loaded Boot cache: C:/Users/1234/AppData/Local/UnrealEngine/4.20/DerivedDataCache/Boot.ddc
[2018.12.29-02.21.13:801][  0]LogDerivedDataCache: FDerivedDataBackendGraph:  Pak pak cache file ../../../../../../Users/1234/Documents/Unreal Projects/RocketJumpPrototype/DerivedDataCache/DDC.ddp not found, will not use a pak cache.
[2018.12.29-02.21.13:801][  0]LogDerivedDataCache: Unable to find inner node Pak for hierarchical cache Hierarchy.
[2018.12.29-02.21.13:801][  0]LogDerivedDataCache: FDerivedDataBackendGraph:  CompressedPak pak cache file ../../../../../../Users/1234/Documents/Unreal Projects/RocketJumpPrototype/DerivedDataCache/Compressed.ddp not found, will not use a pak cache.
[2018.12.29-02.21.13:801][  0]LogDerivedDataCache: Unable to find inner node CompressedPak for hierarchical cache Hierarchy.
[2018.12.29-02.21.13:817][  0]LogDerivedDataCache: Display: Pak cache opened for reading ../../../Engine/DerivedDataCache/Compressed.ddp.
[2018.12.29-02.21.13:830][  0]LogDerivedDataCache: Using Local data cache path C:/Users/1234/AppData/Local/UnrealEngine/Common/DerivedDataCache: Writable
[2018.12.29-02.21.13:830][  0]LogDerivedDataCache: Shared data cache path not found in *engine.ini, will not use an Shared cache.
[2018.12.29-02.21.13:830][  0]LogDerivedDataCache: Unable to find inner node Shared for hierarchical cache Hierarchy.
[2018.12.29-02.21.13:852][  0]LogMaterial: Verifying Global Shaders for PCD3D_SM5
[2018.12.29-02.21.13:854][  0]LogSlate: Using FreeType 2.6.0
[2018.12.29-02.21.13:854][  0]LogSlate: SlateFontServices - WITH_FREETYPE: 1, WITH_HARFBUZZ: 1
[2018.12.29-02.21.13:942][  0]LogAssetRegistry: FAssetRegistry took 0.0275 seconds to start up
[2018.12.29-02.21.14:373][  0]LogInit: Selected Device Profile: [Windows]
[2018.12.29-02.21.14:554][  0]LogSimplygon: Simplygon DLL not present - disabling.
[2018.12.29-02.21.14:559][  0]LogMeshReduction: Using SimplygonSwarm for distributed automatic mesh merging
[2018.12.29-02.21.14:559][  0]LogMeshReduction: Using ProxyLODMeshReduction for automatic mesh merging
[2018.12.29-02.21.14:559][  0]LogMeshReduction: Using QuadricMeshReduction for automatic static mesh reduction
[2018.12.29-02.21.14:559][  0]LogMeshReduction: No automatic skeletal mesh reduction module available
[2018.12.29-02.21.14:576][  0]LogNetVersion: RocketJumpPrototype 1.0.0, NetCL: 4212847, EngineNetVer: 5, GameNetVer: 0 (Checksum: 867795555)
[2018.12.29-02.21.15:919][  0]LogPackageLocalizationCache: Processed 11 localized package path(s) for 2 prioritized culture(s) in 0.763095 seconds
[2018.12.29-02.21.15:932][  0]LogUObjectArray: 38425 objects as part of root set at end of initial load.
[2018.12.29-02.21.15:932][  0]LogUObjectAllocator: 6690864 out of 0 bytes used by permanent object pool.
[2018.12.29-02.21.15:933][  0]LogUObjectArray: CloseDisregardForGC: 0/0 objects in disregard for GC pool
[2018.12.29-02.21.17:346][  0]LogTcpMessaging: Initializing TcpMessaging bridge
[2018.12.29-02.21.17:390][  0]LogUdpMessaging: Initializing bridge on interface 0.0.0.0:0 to multicast group 230.0.0.1:6666.
[2018.12.29-02.21.17:662][  0]SourceControl: Source control is disabled
[2018.12.29-02.21.17:662][  0]SourceControl: Source control is disabled
[2018.12.29-02.21.17:664][  0]SourceControl: Source control is disabled
[2018.12.29-02.21.17:666][  0]SourceControl: Source control is disabled
[2018.12.29-02.21.18:043][  0]LogAndroidPermission: UAndroidPermissionCallbackProxy::GetInstance
[2018.12.29-02.21.18:251][  0]LogOcInput: OculusInput pre-init called
[2018.12.29-02.21.18:339][  0]LogEngine: Initializing Engine...
[2018.12.29-02.21.18:340][  0]LogHMD: Failed to initialize OpenVR with code 110
[2018.12.29-02.21.18:341][  0]LogStats: UGameplayTagsManager::ConstructGameplayTagTree: ImportINI prefixes -  0.000 s
[2018.12.29-02.21.18:341][  0]LogStats: UGameplayTagsManager::ConstructGameplayTagTree: Construct from data asset -  0.000 s
[2018.12.29-02.21.18:341][  0]LogStats: UGameplayTagsManager::ConstructGameplayTagTree: ImportINI -  0.000 s
[2018.12.29-02.21.18:341][  0]LogStats: UGameplayTagsManager::ConstructGameplayTagTree: GameplayTagTreeChangedEvent.Broadcast -  0.000 s
[2018.12.29-02.21.18:647][  0]LogInit: Initializing FReadOnlyCVARCache
[2018.12.29-02.21.18:670][  0]LogAIModule: Creating AISystem for world Untitled
[2018.12.29-02.21.18:710][  0]LogInit: XAudio2 using 'Speakers (Sound Blaster Recon3Di)' : 2 channels at 48 kHz using 32 bits per sample (channel mask 0x3)
[2018.12.29-02.21.18:759][  0]LogInit: FAudioDevice initialized.
[2018.12.29-02.21.18:760][  0]LogNetVersion: Set ProjectVersion to 1.0.0.0. Version Checksum will be recalculated on next use.
[2018.12.29-02.21.19:037][  0]LogDerivedDataCache: Saved boot cache 0.28s 87MB C:/Users/1234/AppData/Local/UnrealEngine/4.20/DerivedDataCache/Boot.ddc.
[2018.12.29-02.21.19:075][  0]LogInit: Texture streaming: Enabled
[2018.12.29-02.21.19:102][  0]LogEngineSessionManager: EngineSessionManager initialized
[2018.12.29-02.21.19:128][  0]LogInit: Transaction tracking system initialized
[2018.12.29-02.21.19:170][  0]BlueprintLog: New page: Editor Load
[2018.12.29-02.21.19:790][  0]LocalizationService: Localization service is disabled
[2018.12.29-02.21.20:438][  0]LogCook: Display: Max memory allowance for cook 16384mb min free memory 0mb
[2018.12.29-02.21.20:438][  0]LogCook: Display: Mobile HDR setting 1
[2018.12.29-02.21.20:438][  0]LogGameplayTags: Display: UGameplayTagsManager::DoneAddingNativeTags. DelegateIsBound: 0
[2018.12.29-02.21.20:438][  0]LogStats: UGameplayTagsManager::ConstructGameplayTagTree: ImportINI prefixes -  0.000 s
[2018.12.29-02.21.20:438][  0]LogStats: UGameplayTagsManager::ConstructGameplayTagTree: Construct from data asset -  0.000 s
[2018.12.29-02.21.20:438][  0]LogStats: UGameplayTagsManager::ConstructGameplayTagTree: ImportINI -  0.000 s
[2018.12.29-02.21.20:438][  0]LogStats: UGameplayTagsManager::ConstructGameplayTagTree: GameplayTagTreeChangedEvent.Broadcast -  0.000 s
[2018.12.29-02.21.20:620][  0]LogFileCache: Scanning file cache for directory 'C:/Users/1234/Documents/Unreal Projects/RocketJumpPrototype/Content/' took 0.01s
[2018.12.29-02.21.20:620][  0]SourceControl: Source control is disabled
[2018.12.29-02.21.20:620][  0]Cmd: MAP LOAD FILE="../../../../../../Users/1234/Documents/Unreal Projects/RocketJumpPrototype/Content/FirstPersonBP/Maps/FirstPersonExampleMap.umap" TEMPLATE=0 SHOWPROGRESS=1 FEATURELEVEL=3
[2018.12.29-02.21.20:621][  0]LightingResults: New page: Lighting Build
[2018.12.29-02.21.20:625][  0]MapCheck: New page: Map Check
[2018.12.29-02.21.20:625][  0]LightingResults: New page: Lighting Build
[2018.12.29-02.21.24:710][  0]LogAIModule: Creating AISystem for world FirstPersonExampleMap
[2018.12.29-02.21.25:826][  0]LogEditorServer: Finished looking for orphan Actors (0.000 secs)
[2018.12.29-02.21.25:915][  0]Cmd: MAP CHECKDEP NOCLEARLOG
[2018.12.29-02.21.26:052][  0]MapCheck: Map check complete: 0 Error(s), 0 Warning(s), took 137.401ms to complete.
[2018.12.29-02.21.26:052][  0]LogFileHelpers: Loading map 'FirstPersonExampleMap' took 5.432
[2018.12.29-02.21.27:153][  0]LogSlate: Updating window title bar state: overlay mode, drag disabled, window buttons hidden, title bar hidden
[2018.12.29-02.21.27:199][  0]LogSlate: Updating window title bar state: overlay mode, drag disabled, window buttons hidden, title bar hidden
[2018.12.29-02.21.27:222][  0]LogSlate: Updating window title bar state: overlay mode, drag disabled, window buttons hidden, title bar hidden
[2018.12.29-02.21.27:246][  0]LogSlate: Updating window title bar state: overlay mode, drag disabled, window buttons hidden, title bar hidden
[2018.12.29-02.21.27:458][  0]LogCollectionManager: Loaded 0 collections in 0.007855 seconds
[2018.12.29-02.21.28:116][  0]LogFileCache: Scanning file cache for directory 'C:/Users/1234/Documents/Unreal Projects/RocketJumpPrototype/Saved/Collections/' took 0.01s
[2018.12.29-02.21.28:116][  0]LogFileCache: Scanning file cache for directory 'C:/Users/1234/Documents/Unreal Projects/RocketJumpPrototype/Content/Developers/1234/Collections/' took 0.01s
[2018.12.29-02.21.28:116][  0]LogFileCache: Scanning file cache for directory 'C:/Users/1234/Documents/Unreal Projects/RocketJumpPrototype/Content/Collections/' took 0.01s
[2018.12.29-02.21.28:116][  0]LogCollectionManager: Rebuilt the GUID cache for 0 collections in 0.000000 seconds
[2018.12.29-02.21.28:203][  0]LogContentBrowser: Native class hierarchy populated in 0.0473 seconds. Added 2572 classes and 603 folders.
[2018.12.29-02.21.28:336][  0]LogContentBrowser: Native class hierarchy updated for 'WidgetCarousel' in 0.0007 seconds. Added 0 classes and 0 folders.
[2018.12.29-02.21.28:465][  0]LogContentBrowser: Native class hierarchy updated for 'AddContentDialog' in 0.0003 seconds. Added 0 classes and 0 folders.
[2018.12.29-02.21.28:744][  0]LogContentBrowser: Native class hierarchy updated for 'SceneOutliner' in 0.0008 seconds. Added 1 classes and 2 folders.
[2018.12.29-02.21.30:365][  0]LogSlate: Took 0.000284 seconds to synchronously load lazily loaded font '../../../Engine/Content/Slate/Fonts/Roboto-Regular.ttf' (155K)
[2018.12.29-02.21.30:369][  0]LogSlate: Took 0.000270 seconds to synchronously load lazily loaded font '../../../Engine/Content/Slate/Fonts/Roboto-Bold.ttf' (160K)
[2018.12.29-02.21.30:971][  0]LogSlate: Took 0.426128 seconds to synchronously load lazily loaded font '../../../Engine/Content/Editor/Slate/Fonts/FontAwesome.ttf' (139K)
[2018.12.29-02.21.31:836][  0]LogRenderer: Reallocating scene render targets to support 964x436 Format 10 NumSamples 1 (Frame:1).
[2018.12.29-02.21.32:706][  0]LogContentBrowser: Native class hierarchy updated for 'HierarchicalLODOutliner' in 0.0007 seconds. Added 0 classes and 0 folders.
[2018.12.29-02.21.32:707][  0]LogLoad: (Engine Initialization) Total time: 29.01 seconds
[2018.12.29-02.21.32:707][  0]LogLoad: (Engine Initialization) Total Blueprint compile time: 0.00 seconds
[2018.12.29-02.21.32:721][  0]LogWindowsTextInputMethodSystem: Display: IME system now deactivated.
[2018.12.29-02.21.32:846][  0]LogContentStreaming: Texture pool size now 1000 MB
[2018.12.29-02.21.32:905][  0]LogSlate: Took 0.000517 seconds to synchronously load lazily loaded font '../../../Engine/Content/Slate/Fonts/Roboto-Light.ttf' (167K)
[2018.12.29-02.21.33:292][  4]LogAssetRegistry: Asset discovery search completed in 19.3723 seconds
[2018.12.29-02.21.33:297][  4]LogCollectionManager: Rebuilt the object cache for 0 collections in 0.000001 seconds (found 0 objects)
[2018.12.29-02.21.33:297][  4]LogCollectionManager: Fixed up redirectors for 0 collections in 0.000253 seconds (updated 0 objects)
[2018.12.29-02.22.40:656][ 23]LogSlate: FSceneViewport::OnFocusLost() reason 0
[2018.12.29-02.22.46:039][142]LogSlate: Took 0.000260 seconds to synchronously load lazily loaded font '../../../Engine/Content/Slate/Fonts/Roboto-Light.ttf' (167K)
[2018.12.29-02.22.46:049][142]LogAssetEditorManager: Opening Asset editor for Blueprint /Game/FirstPersonBP/Blueprints/FirstPersonProjectile.FirstPersonProjectile
[2018.12.29-02.22.48:096][142]LogContentBrowser: Native class hierarchy updated for 'BlueprintGraph' in 0.0022 seconds. Added 116 classes and 0 folders.
[2018.12.29-02.22.51:222][142]LogSlate: Took 0.022535 seconds to synchronously load lazily loaded font '../../../Engine/Content/Slate/Fonts/Roboto-BoldCondensed.ttf' (158K)
[2018.12.29-02.22.52:375][143]LogSlate: Took 0.000335 seconds to synchronously load lazily loaded font '../../../Engine/Content/Slate/Fonts/Roboto-Italic.ttf' (157K)
[2018.12.29-02.24.24:008][523]LogSlate: Window 'FirstPersonProjectile' being destroyed
[2018.12.29-02.24.25:640][593]LogSlate: Window 'FirstPersonProjectile' being destroyed
[2018.12.29-02.31.33:145][494]LogFileHelpers: Editor autosave (incl. sublevels) for '/Game/FirstPersonBP/Maps/FirstPersonExampleMap' took 0.094
[2018.12.29-02.31.33:181][494]OBJ SavePackage: Generating thumbnails for [1] asset(s) in package [/Game/FirstPersonBP/Blueprints/FirstPersonProjectile] ([1] browsable assets)...
[2018.12.29-02.31.33:255][494]OBJ SavePackage:     Rendered thumbnail for [Blueprint /Game/FirstPersonBP/Blueprints/FirstPersonProjectile.FirstPersonProjectile]
[2018.12.29-02.31.33:255][494]OBJ SavePackage: Finished generating thumbnails for package [/Game/FirstPersonBP/Blueprints/FirstPersonProjectile]
[2018.12.29-02.31.33:419][494]LogSavePackage: Moving '../../../../../../Users/1234/Documents/Unreal Projects/RocketJumpPrototype/Saved/FirstPersonProjectile_Auto1AE2E79464AA1C198A85B83865EC5A5EA.tmp' to '../../../../../../Users/1234/Documents/Unreal Projects/RocketJumpPrototype/Saved/Autosaves/Game/FirstPersonBP/Blueprints/FirstPersonProjectile_Auto1.uasset'
[2018.12.29-02.31.33:452][494]LogFileHelpers: Auto-saving content packages took 0.305
[2018.12.29-03.03.16:234][638]LogFileHelpers: Editor autosave (incl. sublevels) for '/Game/FirstPersonBP/Maps/FirstPersonExampleMap' took 0.032
[2018.12.29-03.03.16:236][638]OBJ SavePackage: Generating thumbnails for [1] asset(s) in package [/Game/FirstPersonBP/Blueprints/FirstPersonProjectile] ([1] browsable assets)...
[2018.12.29-03.03.16:257][638]OBJ SavePackage:     Rendered thumbnail for [Blueprint /Game/FirstPersonBP/Blueprints/FirstPersonProjectile.FirstPersonProjectile]
[2018.12.29-03.03.16:257][638]OBJ SavePackage: Finished generating thumbnails for package [/Game/FirstPersonBP/Blueprints/FirstPersonProjectile]
[2018.12.29-03.03.16:306][638]LogSavePackage: Moving '../../../../../../Users/1234/Documents/Unreal Projects/RocketJumpPrototype/Saved/FirstPersonProjectile_Auto2CB19BB484F4E3CC8E534DFA0A7DE685C.tmp' to '../../../../../../Users/1234/Documents/Unreal Projects/RocketJumpPrototype/Saved/Autosaves/Game/FirstPersonBP/Blueprints/FirstPersonProjectile_Auto2.uasset'
[2018.12.29-03.03.16:307][638]LogFileHelpers: Auto-saving content packages took 0.072
[2018.12.29-03.13.16:553][624]LogFileHelpers: Editor autosave (incl. sublevels) for '/Game/FirstPersonBP/Maps/FirstPersonExampleMap' took 0.028
[2018.12.29-03.13.16:555][624]OBJ SavePackage: Generating thumbnails for [1] asset(s) in package [/Game/FirstPersonBP/Blueprints/FirstPersonProjectile] ([1] browsable assets)...
[2018.12.29-03.13.16:588][624]OBJ SavePackage:     Rendered thumbnail for [Blueprint /Game/FirstPersonBP/Blueprints/FirstPersonProjectile.FirstPersonProjectile]
[2018.12.29-03.13.16:588][624]OBJ SavePackage: Finished generating thumbnails for package [/Game/FirstPersonBP/Blueprints/FirstPersonProjectile]
[2018.12.29-03.13.16:665][624]LogSavePackage: Moving '../../../../../../Users/1234/Documents/Unreal Projects/RocketJumpPrototype/Saved/FirstPersonProjectile_Auto38A47A9BA47F199BBB2D28E928F77978B.tmp' to '../../../../../../Users/1234/Documents/Unreal Projects/RocketJumpPrototype/Saved/Autosaves/Game/FirstPersonBP/Blueprints/FirstPersonProjectile_Auto3.uasset'
[2018.12.29-03.13.16:669][624]LogFileHelpers: Auto-saving content packages took 0.115
[2018.12.29-03.23.16:608][579]LogFileHelpers: Editor autosave (incl. sublevels) for '/Game/FirstPersonBP/Maps/FirstPersonExampleMap' took 0.033
[2018.12.29-03.23.16:610][579]OBJ SavePackage: Generating thumbnails for [1] asset(s) in package [/Game/FirstPersonBP/Blueprints/FirstPersonProjectile] ([1] browsable assets)...
[2018.12.29-03.23.16:627][579]OBJ SavePackage:     Rendered thumbnail for [Blueprint /Game/FirstPersonBP/Blueprints/FirstPersonProjectile.FirstPersonProjectile]
[2018.12.29-03.23.16:627][579]OBJ SavePackage: Finished generating thumbnails for package [/Game/FirstPersonBP/Blueprints/FirstPersonProjectile]
[2018.12.29-03.23.16:670][579]LogSavePackage: Moving '../../../../../../Users/1234/Documents/Unreal Projects/RocketJumpPrototype/Saved/FirstPersonProjectile_Auto417C83AAA423191B07A7EFBAECCF2C450.tmp' to '../../../../../../Users/1234/Documents/Unreal Projects/RocketJumpPrototype/Saved/Autosaves/Game/FirstPersonBP/Blueprints/FirstPersonProjectile_Auto4.uasset'
[2018.12.29-03.23.16:671][579]LogFileHelpers: Auto-saving content packages took 0.063
[2018.12.29-03.33.17:145][563]LogFileHelpers: Editor autosave (incl. sublevels) for '/Game/FirstPersonBP/Maps/FirstPersonExampleMap' took 0.028
[2018.12.29-03.33.17:147][563]OBJ SavePackage: Generating thumbnails for [1] asset(s) in package [/Game/FirstPersonBP/Blueprints/FirstPersonProjectile] ([1] browsable assets)...
[2018.12.29-03.33.17:182][563]OBJ SavePackage:     Rendered thumbnail for [Blueprint /Game/FirstPersonBP/Blueprints/FirstPersonProjectile.FirstPersonProjectile]
[2018.12.29-03.33.17:182][563]OBJ SavePackage: Finished generating thumbnails for package [/Game/FirstPersonBP/Blueprints/FirstPersonProjectile]
[2018.12.29-03.33.17:229][563]LogSavePackage: Moving '../../../../../../Users/1234/Documents/Unreal Projects/RocketJumpPrototype/Saved/FirstPersonProjectile_Auto5B9A6EFDE4ED49C18184C02BF8CA17011.tmp' to '../../../../../../Users/1234/Documents/Unreal Projects/RocketJumpPrototype/Saved/Autosaves/Game/FirstPersonBP/Blueprints/FirstPersonProjectile_Auto5.uasset'
[2018.12.29-03.33.17:231][563]LogFileHelpers: Auto-saving content packages took 0.085
[2018.12.29-03.41.21:955][ 40]LogSlate: Took 0.019277 seconds to synchronously load lazily loaded font '../../../Engine/Content/Slate/Fonts/Roboto-BoldCondensedItalic.ttf' (160K)
[2018.12.29-03.41.32:498][943]LogSlate: Window 'Delete Variable' being destroyed
[2018.12.29-03.43.17:337][496]LogFileHelpers: Editor autosave (incl. sublevels) for '/Game/FirstPersonBP/Maps/FirstPersonExampleMap' took 0.032
[2018.12.29-03.43.17:340][496]OBJ SavePackage: Generating thumbnails for [1] asset(s) in package [/Game/FirstPersonBP/Blueprints/FirstPersonProjectile] ([1] browsable assets)...
[2018.12.29-03.43.17:358][496]OBJ SavePackage:     Rendered thumbnail for [Blueprint /Game/FirstPersonBP/Blueprints/FirstPersonProjectile.FirstPersonProjectile]
[2018.12.29-03.43.17:358][496]OBJ SavePackage: Finished generating thumbnails for package [/Game/FirstPersonBP/Blueprints/FirstPersonProjectile]
[2018.12.29-03.43.17:399][496]LogSavePackage: Moving '../../../../../../Users/1234/Documents/Unreal Projects/RocketJumpPrototype/Saved/FirstPersonProjectile_Auto6CCC773A949B5E43B2A9EE2B40DF58C65.tmp' to '../../../../../../Users/1234/Documents/Unreal Projects/RocketJumpPrototype/Saved/Autosaves/Game/FirstPersonBP/Blueprints/FirstPersonProjectile_Auto6.uasset'
[2018.12.29-03.43.17:400][496]LogFileHelpers: Auto-saving content packages took 0.062
[2018.12.29-03.56.08:845][804]BlueprintLog: New page: Compile FirstPersonProjectile
[2018.12.29-03.56.08:873][804]LogBlueprint: Error: [Compiler FirstPersonProjectile] The current value (ObjectTypeQuery1) of the ' Object Types ' pin is invalid: Array inputs (like 'Object Types') must have an input wired into them (try connecting a MakeArray node).
[2018.12.29-03.56.09:136][804]LogBlueprint: Warning: [Compiler FirstPersonProjectile] [5705.44] Compile of FirstPersonProjectile failed. 1 Fatal Issue(s) 0 Warning(s) [in 290 ms] (/Game/FirstPersonBP/Blueprints/FirstPersonProjectile.FirstPersonProjectile)
[2018.12.29-03.56.59:236][848]LogFileHelpers: Editor autosave (incl. sublevels) for '/Game/FirstPersonBP/Maps/FirstPersonExampleMap' took 0.035
[2018.12.29-03.56.59:238][848]OBJ SavePackage: Generating thumbnails for [1] asset(s) in package [/Game/FirstPersonBP/Blueprints/FirstPersonProjectile] ([1] browsable assets)...
[2018.12.29-03.56.59:272][848]OBJ SavePackage:     Rendered thumbnail for [Blueprint /Game/FirstPersonBP/Blueprints/FirstPersonProjectile.FirstPersonProjectile]
[2018.12.29-03.56.59:272][848]OBJ SavePackage: Finished generating thumbnails for package [/Game/FirstPersonBP/Blueprints/FirstPersonProjectile]
[2018.12.29-03.56.59:310][848]LogSavePackage: Moving '../../../../../../Users/1234/Documents/Unreal Projects/RocketJumpPrototype/Saved/FirstPersonProjectile_Auto76A23405C454D74F68B69E7AC6B052B30.tmp' to '../../../../../../Users/1234/Documents/Unreal Projects/RocketJumpPrototype/Saved/Autosaves/Game/FirstPersonBP/Blueprints/FirstPersonProjectile_Auto7.uasset'
[2018.12.29-03.56.59:312][848]LogFileHelpers: Auto-saving content packages took 0.075
[2018.12.29-04.31.13:770][186]LogSlate: Window 'Change Variable Type' being destroyed
[2018.12.29-04.31.17:503][603]LogSlate: Window 'Find in Blueprints' being destroyed
[2018.12.29-04.31.17:510][603]LogSlate: Window 'Find in Blueprints' being destroyed
[2018.12.29-04.31.29:274][830]LogSlate: Window 'Change Variable Type' being destroyed
[2018.12.29-04.31.29:284][830]LogClass: Warning: Type mismatch in Player of SKEL_FirstPersonProjectile_C - Previous (StructProperty) Current(ObjectProperty) for package:  FObjectReader
[2018.12.29-04.31.30:722][993]LogSlate: Window 'Find in Blueprints' being destroyed
[2018.12.29-04.31.30:728][993]LogSlate: Window 'Find in Blueprints' being destroyed
[2018.12.29-04.31.56:176][331]LogFileHelpers: Editor autosave (incl. sublevels) for '/Game/FirstPersonBP/Maps/FirstPersonExampleMap' took 0.031
[2018.12.29-04.31.56:178][331]OBJ SavePackage: Generating thumbnails for [1] asset(s) in package [/Game/FirstPersonBP/Blueprints/FirstPersonProjectile] ([1] browsable assets)...
[2018.12.29-04.31.56:214][331]OBJ SavePackage:     Rendered thumbnail for [Blueprint /Game/FirstPersonBP/Blueprints/FirstPersonProjectile.FirstPersonProjectile]
[2018.12.29-04.31.56:214][331]OBJ SavePackage: Finished generating thumbnails for package [/Game/FirstPersonBP/Blueprints/FirstPersonProjectile]
[2018.12.29-04.31.56:255][331]LogSavePackage: Moving '../../../../../../Users/1234/Documents/Unreal Projects/RocketJumpPrototype/Saved/FirstPersonProjectile_Auto8234259CF4ADABEF26145D8AF00C331BF.tmp' to '../../../../../../Users/1234/Documents/Unreal Projects/RocketJumpPrototype/Saved/Autosaves/Game/FirstPersonBP/Blueprints/FirstPersonProjectile_Auto8.uasset'
[2018.12.29-04.31.56:257][331]LogFileHelpers: Auto-saving content packages took 0.079
[2018.12.29-04.42.07:734][943]LogEditorTransaction: Undo Create Pin Link
[2018.12.29-04.42.08:139][990]LogEditorTransaction: Undo Create Pin Link
[2018.12.29-04.42.09:334][128]LogEditorTransaction: Undo Move Node
[2018.12.29-04.42.10:176][226]LogEditorTransaction: Undo Add Node
[2018.12.29-04.42.10:598][274]LogEditorTransaction: Undo Delete current selection
[2018.12.29-04.42.25:099][  8]LogSlate: Prevented a slow task dialog from being summoned while a context menu was open
[2018.12.29-04.43.19:861][277]LogSlate: Window 'Pick Parent Class' being destroyed
[2018.12.29-04.43.47:924][573]LogFileHelpers: Editor autosave (incl. sublevels) for '/Game/FirstPersonBP/Maps/FirstPersonExampleMap' took 0.032
[2018.12.29-04.43.47:926][573]OBJ SavePackage: Generating thumbnails for [1] asset(s) in package [/Game/FirstPersonBP/Blueprints/FirstPersonProjectile] ([1] browsable assets)...
[2018.12.29-04.43.47:946][573]OBJ SavePackage:     Rendered thumbnail for [Blueprint /Game/FirstPersonBP/Blueprints/FirstPersonProjectile.FirstPersonProjectile]
[2018.12.29-04.43.47:946][573]OBJ SavePackage: Finished generating thumbnails for package [/Game/FirstPersonBP/Blueprints/FirstPersonProjectile]
[2018.12.29-04.43.47:988][573]LogSavePackage: Moving '../../../../../../Users/1234/Documents/Unreal Projects/RocketJumpPrototype/Saved/FirstPersonProjectile_Auto90B316DEE43DBAEF75F0A79BF92C8303B.tmp' to '../../../../../../Users/1234/Documents/Unreal Projects/RocketJumpPrototype/Saved/Autosaves/Game/FirstPersonBP/Blueprints/FirstPersonProjectile_Auto9.uasset'
[2018.12.29-04.43.47:989][573]LogFileHelpers: Auto-saving content packages took 0.064
[2018.12.29-04.49.14:551][680]BlueprintLog: New page: Compile FirstPersonProjectile
[2018.12.29-04.49.20:868][392]LogTemp: Repeating last play command: Selected Viewport
[2018.12.29-04.49.20:900][392]LogBlueprintUserMessages: Early PlayInEditor Detection: Level '/Game/FirstPersonBP/Maps/FirstPersonExampleMap.FirstPersonExampleMap:PersistentLevel' has LevelScriptBlueprint '/Game/FirstPersonBP/Maps/FirstPersonExampleMap.FirstPersonExampleMap:PersistentLevel.FirstPersonExampleMap' with GeneratedClass '/Game/FirstPersonBP/Maps/FirstPersonExampleMap.FirstPersonExampleMap_C' with ClassGeneratedBy '/Game/FirstPersonBP/Maps/FirstPersonExampleMap.FirstPersonExampleMap:PersistentLevel.FirstPersonExampleMap'
[2018.12.29-04.49.20:900][392]LogPlayLevel: PlayLevel: No blueprints needed recompiling
[2018.12.29-04.49.21:013][392]PIE: New page: PIE session: FirstPersonExampleMap (Dec 28, 2018, 6:49:20 PM)
[2018.12.29-04.49.21:013][392]LogPlayLevel: Creating play world package: /Game/FirstPersonBP/Maps/UEDPIE_0_FirstPersonExampleMap
[2018.12.29-04.49.21:132][392]LogPlayLevel: PIE: StaticDuplicateObject took: (0.118358s)
[2018.12.29-04.49.21:134][392]LogAIModule: Creating AISystem for world FirstPersonExampleMap
[2018.12.29-04.49.21:135][392]LogPlayLevel: PIE: World Init took: (0.003458s)
[2018.12.29-04.49.21:135][392]LogPlayLevel: PIE: Created PIE world by copying editor world from /Game/FirstPersonBP/Maps/FirstPersonExampleMap.FirstPersonExampleMap to /Game/FirstPersonBP/Maps/UEDPIE_0_FirstPersonExampleMap.FirstPersonExampleMap (0.122240s)
[2018.12.29-04.49.21:204][392]LogInit: XAudio2 using 'Speakers (Sound Blaster Recon3Di)' : 2 channels at 48 kHz using 32 bits per sample (channel mask 0x3)
[2018.12.29-04.49.21:222][392]LogInit: FAudioDevice initialized.
[2018.12.29-04.49.21:279][392]LogLoad: Game class is 'FirstPersonGameMode_C'
[2018.12.29-04.49.21:326][392]LogWorld: Bringing World /Game/FirstPersonBP/Maps/UEDPIE_0_FirstPersonExampleMap.FirstPersonExampleMap up for play (max tick rate 0) at 2018.12.28-23.49.21
[2018.12.29-04.49.21:327][392]LogWorld: Bringing up level for play took: 0.004390
[2018.12.29-04.49.21:445][392]LogContentBrowser: Native class hierarchy updated for 'MovieSceneCapture' in 0.0022 seconds. Added 10 classes and 0 folders.
[2018.12.29-04.49.21:447][392]PIE: Play in editor start time for /Game/FirstPersonBP/Maps/UEDPIE_0_FirstPersonExampleMap 0.917
[2018.12.29-04.49.21:447][392]LogBlueprintUserMessages: Late PlayInEditor Detection: Level '/Game/FirstPersonBP/Maps/FirstPersonExampleMap.FirstPersonExampleMap:PersistentLevel' has LevelScriptBlueprint '/Game/FirstPersonBP/Maps/FirstPersonExampleMap.FirstPersonExampleMap:PersistentLevel.FirstPersonExampleMap' with GeneratedClass '/Game/FirstPersonBP/Maps/FirstPersonExampleMap.FirstPersonExampleMap_C' with ClassGeneratedBy '/Game/FirstPersonBP/Maps/FirstPersonExampleMap.FirstPersonExampleMap:PersistentLevel.FirstPersonExampleMap'
[2018.12.29-04.49.34:847][894]LogBlueprintUserMessages: Early EndPlayMap Detection: Level '/Game/FirstPersonBP/Maps/FirstPersonExampleMap.FirstPersonExampleMap:PersistentLevel' has LevelScriptBlueprint '/Game/FirstPersonBP/Maps/FirstPersonExampleMap.FirstPersonExampleMap:PersistentLevel.FirstPersonExampleMap' with GeneratedClass '/Game/FirstPersonBP/Maps/FirstPersonExampleMap.FirstPersonExampleMap_C' with ClassGeneratedBy '/Game/FirstPersonBP/Maps/FirstPersonExampleMap.FirstPersonExampleMap:PersistentLevel.FirstPersonExampleMap'
[2018.12.29-04.49.34:868][894]LogSlate: Updating window title bar state: overlay mode, drag disabled, window buttons hidden, title bar hidden
[2018.12.29-04.49.34:913][894]LogPlayLevel: Display: Shutting down PIE online subsystems
[2018.12.29-04.49.34:913][894]LogBlueprintUserMessages: Late EndPlayMap Detection: Level '/Game/FirstPersonBP/Maps/FirstPersonExampleMap.FirstPersonExampleMap:PersistentLevel' has LevelScriptBlueprint '/Game/FirstPersonBP/Maps/FirstPersonExampleMap.FirstPersonExampleMap:PersistentLevel.FirstPersonExampleMap' with GeneratedClass '/Game/FirstPersonBP/Maps/FirstPersonExampleMap.FirstPersonExampleMap_C' with ClassGeneratedBy '/Game/FirstPersonBP/Maps/FirstPersonExampleMap.FirstPersonExampleMap:PersistentLevel.FirstPersonExampleMap'
[2018.12.29-04.49.34:954][894]LogSlate: Updating window title bar state: overlay mode, drag disabled, window buttons hidden, title bar hidden
[2018.12.29-04.49.35:010][895]LogPlayLevel: Display: Destroying online subsystem :Context_4
[2018.12.29-04.49.36:760][ 85]LogSlate: FSceneViewport::OnFocusLost() reason 0
[2018.12.29-04.49.48:541][486]LogTemp: Repeating last play command: Selected Viewport
[2018.12.29-04.49.48:559][486]LogBlueprintUserMessages: Early PlayInEditor Detection: Level '/Game/FirstPersonBP/Maps/FirstPersonExampleMap.FirstPersonExampleMap:PersistentLevel' has LevelScriptBlueprint '/Game/FirstPersonBP/Maps/FirstPersonExampleMap.FirstPersonExampleMap:PersistentLevel.FirstPersonExampleMap' with GeneratedClass '/Game/FirstPersonBP/Maps/FirstPersonExampleMap.FirstPersonExampleMap_C' with ClassGeneratedBy '/Game/FirstPersonBP/Maps/FirstPersonExampleMap.FirstPersonExampleMap:PersistentLevel.FirstPersonExampleMap'
[2018.12.29-04.49.48:559][486]BlueprintLog: New page: Pre-Play auto-recompile
[2018.12.29-04.49.48:567][486]LogPlayLevel: [PlayLevel] Compiling FirstPersonProjectile before play...
[2018.12.29-04.49.48:720][486]LogPlayLevel: PlayLevel: Blueprint regeneration took 160 ms (1 blueprints)
[2018.12.29-04.49.48:720][486]PIE: New page: PIE session: FirstPersonExampleMap (Dec 28, 2018, 6:49:48 PM)
[2018.12.29-04.49.48:720][486]LogPlayLevel: Creating play world package: /Game/FirstPersonBP/Maps/UEDPIE_0_FirstPersonExampleMap
[2018.12.29-04.49.48:738][486]LogPlayLevel: PIE: StaticDuplicateObject took: (0.017740s)
[2018.12.29-04.49.48:739][486]LogAIModule: Creating AISystem for world FirstPersonExampleMap
[2018.12.29-04.49.48:739][486]LogPlayLevel: PIE: World Init took: (0.001119s)
[2018.12.29-04.49.48:740][486]LogPlayLevel: PIE: Created PIE world by copying editor world from /Game/FirstPersonBP/Maps/FirstPersonExampleMap.FirstPersonExampleMap to /Game/FirstPersonBP/Maps/UEDPIE_0_FirstPersonExampleMap.FirstPersonExampleMap (0.019134s)
[2018.12.29-04.49.48:781][486]LogInit: XAudio2 using 'Speakers (Sound Blaster Recon3Di)' : 2 channels at 48 kHz using 32 bits per sample (channel mask 0x3)
[2018.12.29-04.49.48:794][486]LogInit: FAudioDevice initialized.
[2018.12.29-04.49.48:843][486]LogLoad: Game class is 'FirstPersonGameMode_C'
[2018.12.29-04.49.48:846][486]LogWorld: Bringing World /Game/FirstPersonBP/Maps/UEDPIE_0_FirstPersonExampleMap.FirstPersonExampleMap up for play (max tick rate 0) at 2018.12.28-23.49.48
[2018.12.29-04.49.48:847][486]LogWorld: Bringing up level for play took: 0.002604
[2018.12.29-04.49.48:859][486]PIE: Play in editor start time for /Game/FirstPersonBP/Maps/UEDPIE_0_FirstPersonExampleMap 0.331
[2018.12.29-04.49.48:859][486]LogBlueprintUserMessages: Late PlayInEditor Detection: Level '/Game/FirstPersonBP/Maps/FirstPersonExampleMap.FirstPersonExampleMap:PersistentLevel' has LevelScriptBlueprint '/Game/FirstPersonBP/Maps/FirstPersonExampleMap.FirstPersonExampleMap:PersistentLevel.FirstPersonExampleMap' with GeneratedClass '/Game/FirstPersonBP/Maps/FirstPersonExampleMap.FirstPersonExampleMap_C' with ClassGeneratedBy '/Game/FirstPersonBP/Maps/FirstPersonExampleMap.FirstPersonExampleMap:PersistentLevel.FirstPersonExampleMap'
[2018.12.29-04.50.01:837][ 18]LogBlueprintUserMessages: Early EndPlayMap Detection: Level '/Game/FirstPersonBP/Maps/FirstPersonExampleMap.FirstPersonExampleMap:PersistentLevel' has LevelScriptBlueprint '/Game/FirstPersonBP/Maps/FirstPersonExampleMap.FirstPersonExampleMap:PersistentLevel.FirstPersonExampleMap' with GeneratedClass '/Game/FirstPersonBP/Maps/FirstPersonExampleMap.FirstPersonExampleMap_C' with ClassGeneratedBy '/Game/FirstPersonBP/Maps/FirstPersonExampleMap.FirstPersonExampleMap:PersistentLevel.FirstPersonExampleMap'
[2018.12.29-04.50.01:837][ 18]LogSlate: Updating window title bar state: overlay mode, drag disabled, window buttons hidden, title bar hidden
[2018.12.29-04.50.01:871][ 18]LogPlayLevel: Display: Shutting down PIE online subsystems
[2018.12.29-04.50.01:872][ 18]LogBlueprintUserMessages: Late EndPlayMap Detection: Level '/Game/FirstPersonBP/Maps/FirstPersonExampleMap.FirstPersonExampleMap:PersistentLevel' has LevelScriptBlueprint '/Game/FirstPersonBP/Maps/FirstPersonExampleMap.FirstPersonExampleMap:PersistentLevel.FirstPersonExampleMap' with GeneratedClass '/Game/FirstPersonBP/Maps/FirstPersonExampleMap.FirstPersonExampleMap_C' with ClassGeneratedBy '/Game/FirstPersonBP/Maps/FirstPersonExampleMap.FirstPersonExampleMap:PersistentLevel.FirstPersonExampleMap'
[2018.12.29-04.50.01:909][ 18]LogSlate: Updating window title bar state: overlay mode, drag disabled, window buttons hidden, title bar hidden
[2018.12.29-04.50.01:955][ 19]LogPlayLevel: Display: Destroying online subsystem :Context_5
[2018.12.29-04.50.03:113][143]LogSlate: FSceneViewport::OnFocusLost() reason 0
[2018.12.29-04.52.15:778][133]LogTemp: Repeating last play command: Selected Viewport
[2018.12.29-04.52.15:792][133]LogBlueprintUserMessages: Early PlayInEditor Detection: Level '/Game/FirstPersonBP/Maps/FirstPersonExampleMap.FirstPersonExampleMap:PersistentLevel' has LevelScriptBlueprint '/Game/FirstPersonBP/Maps/FirstPersonExampleMap.FirstPersonExampleMap:PersistentLevel.FirstPersonExampleMap' with GeneratedClass '/Game/FirstPersonBP/Maps/FirstPersonExampleMap.FirstPersonExampleMap_C' with ClassGeneratedBy '/Game/FirstPersonBP/Maps/FirstPersonExampleMap.FirstPersonExampleMap:PersistentLevel.FirstPersonExampleMap'
[2018.12.29-04.52.15:792][133]BlueprintLog: New page: Pre-Play auto-recompile
[2018.12.29-04.52.15:799][133]LogPlayLevel: [PlayLevel] Compiling FirstPersonProjectile before play...
[2018.12.29-04.52.15:957][133]LogPlayLevel: PlayLevel: Blueprint regeneration took 165 ms (1 blueprints)
[2018.12.29-04.52.15:957][133]PIE: New page: PIE session: FirstPersonExampleMap (Dec 28, 2018, 6:52:15 PM)
[2018.12.29-04.52.15:957][133]LogPlayLevel: Creating play world package: /Game/FirstPersonBP/Maps/UEDPIE_0_FirstPersonExampleMap
[2018.12.29-04.52.15:977][133]LogPlayLevel: PIE: StaticDuplicateObject took: (0.019070s)
[2018.12.29-04.52.15:978][133]LogAIModule: Creating AISystem for world FirstPersonExampleMap
[2018.12.29-04.52.15:979][133]LogPlayLevel: PIE: World Init took: (0.001732s)
[2018.12.29-04.52.15:979][133]LogPlayLevel: PIE: Created PIE world by copying editor world from /Game/FirstPersonBP/Maps/FirstPersonExampleMap.FirstPersonExampleMap to /Game/FirstPersonBP/Maps/UEDPIE_0_FirstPersonExampleMap.FirstPersonExampleMap (0.021248s)
[2018.12.29-04.52.16:024][133]LogInit: XAudio2 using 'Speakers (Sound Blaster Recon3Di)' : 2 channels at 48 kHz using 32 bits per sample (channel mask 0x3)
[2018.12.29-04.52.16:038][133]LogInit: FAudioDevice initialized.
[2018.12.29-04.52.16:069][133]LogLoad: Game class is 'FirstPersonGameMode_C'
[2018.12.29-04.52.16:073][133]LogWorld: Bringing World /Game/FirstPersonBP/Maps/UEDPIE_0_FirstPersonExampleMap.FirstPersonExampleMap up for play (max tick rate 0) at 2018.12.28-23.52.16
[2018.12.29-04.52.16:073][133]LogWorld: Bringing up level for play took: 0.002660
[2018.12.29-04.52.16:087][133]PIE: Play in editor start time for /Game/FirstPersonBP/Maps/UEDPIE_0_FirstPersonExampleMap -0.442
[2018.12.29-04.52.16:087][133]LogBlueprintUserMessages: Late PlayInEditor Detection: Level '/Game/FirstPersonBP/Maps/FirstPersonExampleMap.FirstPersonExampleMap:PersistentLevel' has LevelScriptBlueprint '/Game/FirstPersonBP/Maps/FirstPersonExampleMap.FirstPersonExampleMap:PersistentLevel.FirstPersonExampleMap' with GeneratedClass '/Game/FirstPersonBP/Maps/FirstPersonExampleMap.FirstPersonExampleMap_C' with ClassGeneratedBy '/Game/FirstPersonBP/Maps/FirstPersonExampleMap.FirstPersonExampleMap:PersistentLevel.FirstPersonExampleMap'
[2018.12.29-04.52.28:000][540]LogSpawn: Warning: SpawnActor failed because of collision at the spawn location [X=25.261 Y=-78.968 Z=147.286] for [FirstPersonProjectile_C]
[2018.12.29-04.52.28:378][585]LogSpawn: Warning: SpawnActor failed because of collision at the spawn location [X=-43.814 Y=-77.884 Z=141.642] for [FirstPersonProjectile_C]
[2018.12.29-04.52.28:519][602]LogSpawn: Warning: SpawnActor failed because of collision at the spawn location [X=-45.506 Y=-80.142 Z=145.706] for [FirstPersonProjectile_C]
[2018.12.29-04.52.28:654][618]LogSpawn: Warning: SpawnActor failed because of collision at the spawn location [X=-44.924 Y=-80.501 Z=146.012] for [FirstPersonProjectile_C]
[2018.12.29-04.52.30:153][798]LogBlueprintUserMessages: Early EndPlayMap Detection: Level '/Game/FirstPersonBP/Maps/FirstPersonExampleMap.FirstPersonExampleMap:PersistentLevel' has LevelScriptBlueprint '/Game/FirstPersonBP/Maps/FirstPersonExampleMap.FirstPersonExampleMap:PersistentLevel.FirstPersonExampleMap' with GeneratedClass '/Game/FirstPersonBP/Maps/FirstPersonExampleMap.FirstPersonExampleMap_C' with ClassGeneratedBy '/Game/FirstPersonBP/Maps/FirstPersonExampleMap.FirstPersonExampleMap:PersistentLevel.FirstPersonExampleMap'
[2018.12.29-04.52.30:153][798]LogSlate: Updating window title bar state: overlay mode, drag disabled, window buttons hidden, title bar hidden
[2018.12.29-04.52.30:190][798]LogPlayLevel: Display: Shutting down PIE online subsystems
[2018.12.29-04.52.30:191][798]LogBlueprintUserMessages: Late EndPlayMap Detection: Level '/Game/FirstPersonBP/Maps/FirstPersonExampleMap.FirstPersonExampleMap:PersistentLevel' has LevelScriptBlueprint '/Game/FirstPersonBP/Maps/FirstPersonExampleMap.FirstPersonExampleMap:PersistentLevel.FirstPersonExampleMap' with GeneratedClass '/Game/FirstPersonBP/Maps/FirstPersonExampleMap.FirstPersonExampleMap_C' with ClassGeneratedBy '/Game/FirstPersonBP/Maps/FirstPersonExampleMap.FirstPersonExampleMap:PersistentLevel.FirstPersonExampleMap'
[2018.12.29-04.52.30:221][798]LogSlate: Updating window title bar state: overlay mode, drag disabled, window buttons hidden, title bar hidden
[2018.12.29-04.52.30:260][799]LogPlayLevel: Display: Destroying online subsystem :Context_6
[2018.12.29-04.54.39:760][375]LogSlate: FSceneViewport::OnFocusLost() reason 2
[2018.12.29-04.54.39:808][375]LogFileHelpers: Editor autosave (incl. sublevels) for '/Game/FirstPersonBP/Maps/FirstPersonExampleMap' took 0.028
[2018.12.29-04.54.39:811][375]OBJ SavePackage: Generating thumbnails for [1] asset(s) in package [/Game/FirstPersonBP/Blueprints/FirstPersonProjectile] ([1] browsable assets)...
[2018.12.29-04.54.39:835][375]OBJ SavePackage:     Rendered thumbnail for [Blueprint /Game/FirstPersonBP/Blueprints/FirstPersonProjectile.FirstPersonProjectile]
[2018.12.29-04.54.39:835][375]OBJ SavePackage: Finished generating thumbnails for package [/Game/FirstPersonBP/Blueprints/FirstPersonProjectile]
[2018.12.29-04.54.39:879][375]LogSavePackage: Moving '../../../../../../Users/1234/Documents/Unreal Projects/RocketJumpPrototype/Saved/FirstPersonProjectile_Auto04B256B0F439DBD20967499B24BF07FA7.tmp' to '../../../../../../Users/1234/Documents/Unreal Projects/RocketJumpPrototype/Saved/Autosaves/Game/FirstPersonBP/Blueprints/FirstPersonProjectile_Auto0.uasset'
[2018.12.29-04.54.39:880][375]LogFileHelpers: Auto-saving content packages took 0.071
[2018.12.29-04.59.44:419][666]LogEditorViewport: Clicking on Actor (LMB): StaticMeshActor (EditorCube12)
[2018.12.29-04.59.54:734][263]LogSlate: FSceneViewport::OnFocusLost() reason 0
[2018.12.29-05.04.40:349][ 10]LogFileHelpers: Editor autosave (incl. sublevels) for '/Game/FirstPersonBP/Maps/FirstPersonExampleMap' took 0.026
[2018.12.29-05.04.40:351][ 10]OBJ SavePackage: Generating thumbnails for [1] asset(s) in package [/Game/FirstPersonBP/Blueprints/FirstPersonProjectile] ([1] browsable assets)...
[2018.12.29-05.04.40:390][ 10]OBJ SavePackage:     Rendered thumbnail for [Blueprint /Game/FirstPersonBP/Blueprints/FirstPersonProjectile.FirstPersonProjectile]
[2018.12.29-05.04.40:390][ 10]OBJ SavePackage: Finished generating thumbnails for package [/Game/FirstPersonBP/Blueprints/FirstPersonProjectile]
[2018.12.29-05.04.40:433][ 10]LogSavePackage: Moving '../../../../../../Users/1234/Documents/Unreal Projects/RocketJumpPrototype/Saved/FirstPersonProjectile_Auto18AF526284CC2BBF66CAEE8AC8DFF9D08.tmp' to '../../../../../../Users/1234/Documents/Unreal Projects/RocketJumpPrototype/Saved/Autosaves/Game/FirstPersonBP/Blueprints/FirstPersonProjectile_Auto1.uasset'
[2018.12.29-05.04.40:435][ 10]LogFileHelpers: Auto-saving content packages took 0.085
[2018.12.29-05.10.59:276][741]LogEditorTransaction: Undo Create Pin Link
[2018.12.29-05.11.00:676][825]LogEditorTransaction: Undo Create Pin Link
[2018.12.29-05.11.11:692][484]BlueprintLog: New page: Compile FirstPersonProjectile
[2018.12.29-05.11.11:708][484]LogClass: Warning: Type mismatch in Player of FirstPersonProjectile_C - Previous (ObjectProperty) Current(ByteProperty) for package:  FObjectReader
[2018.12.29-05.11.14:201][622]LogTemp: Repeating last play command: Selected Viewport
[2018.12.29-05.11.14:219][622]LogBlueprintUserMessages: Early PlayInEditor Detection: Level '/Game/FirstPersonBP/Maps/FirstPersonExampleMap.FirstPersonExampleMap:PersistentLevel' has LevelScriptBlueprint '/Game/FirstPersonBP/Maps/FirstPersonExampleMap.FirstPersonExampleMap:PersistentLevel.FirstPersonExampleMap' with GeneratedClass '/Game/FirstPersonBP/Maps/FirstPersonExampleMap.FirstPersonExampleMap_C' with ClassGeneratedBy '/Game/FirstPersonBP/Maps/FirstPersonExampleMap.FirstPersonExampleMap:PersistentLevel.FirstPersonExampleMap'
[2018.12.29-05.11.14:219][622]LogPlayLevel: PlayLevel: No blueprints needed recompiling
[2018.12.29-05.11.14:219][622]PIE: New page: PIE session: FirstPersonExampleMap (Dec 28, 2018, 7:11:14 PM)
[2018.12.29-05.11.14:219][622]LogPlayLevel: Creating play world package: /Game/FirstPersonBP/Maps/UEDPIE_0_FirstPersonExampleMap
[2018.12.29-05.11.14:236][622]LogPlayLevel: PIE: StaticDuplicateObject took: (0.016546s)
[2018.12.29-05.11.14:237][622]LogAIModule: Creating AISystem for world FirstPersonExampleMap
[2018.12.29-05.11.14:238][622]LogPlayLevel: PIE: World Init took: (0.001696s)
[2018.12.29-05.11.14:238][622]LogPlayLevel: PIE: Created PIE world by copying editor world from /Game/FirstPersonBP/Maps/FirstPersonExampleMap.FirstPersonExampleMap to /Game/FirstPersonBP/Maps/UEDPIE_0_FirstPersonExampleMap.FirstPersonExampleMap (0.018533s)
[2018.12.29-05.11.14:282][622]LogInit: XAudio2 using 'Speakers (Sound Blaster Recon3Di)' : 2 channels at 48 kHz using 32 bits per sample (channel mask 0x3)
[2018.12.29-05.11.14:298][622]LogInit: FAudioDevice initialized.
[2018.12.29-05.11.14:327][622]LogLoad: Game class is 'FirstPersonGameMode_C'
[2018.12.29-05.11.14:330][622]LogWorld: Bringing World /Game/FirstPersonBP/Maps/UEDPIE_0_FirstPersonExampleMap.FirstPersonExampleMap up for play (max tick rate 60) at 2018.12.29-00.11.14
[2018.12.29-05.11.14:330][622]LogWorld: Bringing up level for play took: 0.002002
[2018.12.29-05.11.14:343][622]PIE: Play in editor start time for /Game/FirstPersonBP/Maps/UEDPIE_0_FirstPersonExampleMap -0.185
[2018.12.29-05.11.14:343][622]LogBlueprintUserMessages: Late PlayInEditor Detection: Level '/Game/FirstPersonBP/Maps/FirstPersonExampleMap.FirstPersonExampleMap:PersistentLevel' has LevelScriptBlueprint '/Game/FirstPersonBP/Maps/FirstPersonExampleMap.FirstPersonExampleMap:PersistentLevel.FirstPersonExampleMap' with GeneratedClass '/Game/FirstPersonBP/Maps/FirstPersonExampleMap.FirstPersonExampleMap_C' with ClassGeneratedBy '/Game/FirstPersonBP/Maps/FirstPersonExampleMap.FirstPersonExampleMap:PersistentLevel.FirstPersonExampleMap'
[2018.12.29-05.11.16:781][767]LogSpawn: Warning: SpawnActor failed because of collision at the spawn location [X=-333.210 Y=-70.000 Z=143.987] for [FirstPersonProjectile_C]
[2018.12.29-05.11.20:765][  6]LogSpawn: Warning: SpawnActor failed because of collision at the spawn location [X=596.865 Y=365.549 Z=143.263] for [FirstPersonProjectile_C]
[2018.12.29-05.11.21:032][ 22]LogSpawn: Warning: SpawnActor failed because of collision at the spawn location [X=651.055 Y=307.221 Z=143.871] for [FirstPersonProjectile_C]
[2018.12.29-05.11.21:232][ 34]LogSpawn: Warning: SpawnActor failed because of collision at the spawn location [X=620.676 Y=239.960 Z=161.590] for [FirstPersonProjectile_C]
[2018.12.29-05.11.24:232][214]LogSpawn: Warning: SpawnActor failed because of collision at the spawn location [X=-299.936 Y=369.173 Z=157.043] for [FirstPersonProjectile_C]
[2018.12.29-05.11.25:914][315]LogBlueprintUserMessages: Early EndPlayMap Detection: Level '/Game/FirstPersonBP/Maps/FirstPersonExampleMap.FirstPersonExampleMap:PersistentLevel' has LevelScriptBlueprint '/Game/FirstPersonBP/Maps/FirstPersonExampleMap.FirstPersonExampleMap:PersistentLevel.FirstPersonExampleMap' with GeneratedClass '/Game/FirstPersonBP/Maps/FirstPersonExampleMap.FirstPersonExampleMap_C' with ClassGeneratedBy '/Game/FirstPersonBP/Maps/FirstPersonExampleMap.FirstPersonExampleMap:PersistentLevel.FirstPersonExampleMap'
[2018.12.29-05.11.25:915][315]LogSlate: Updating window title bar state: overlay mode, drag disabled, window buttons hidden, title bar hidden
[2018.12.29-05.11.25:955][315]LogPlayLevel: Display: Shutting down PIE online subsystems
[2018.12.29-05.11.25:955][315]LogBlueprintUserMessages: Late EndPlayMap Detection: Level '/Game/FirstPersonBP/Maps/FirstPersonExampleMap.FirstPersonExampleMap:PersistentLevel' has LevelScriptBlueprint '/Game/FirstPersonBP/Maps/FirstPersonExampleMap.FirstPersonExampleMap:PersistentLevel.FirstPersonExampleMap' with GeneratedClass '/Game/FirstPersonBP/Maps/FirstPersonExampleMap.FirstPersonExampleMap_C' with ClassGeneratedBy '/Game/FirstPersonBP/Maps/FirstPersonExampleMap.FirstPersonExampleMap:PersistentLevel.FirstPersonExampleMap'
[2018.12.29-05.11.25:990][315]LogSlate: Updating window title bar state: overlay mode, drag disabled, window buttons hidden, title bar hidden
[2018.12.29-05.11.26:028][316]LogPlayLevel: Display: Destroying online subsystem :Context_9
[2018.12.29-05.11.40:911][202]LogSlate: FSceneViewport::OnFocusLost() reason 2
[2018.12.29-05.11.42:349][283]LogSlate: FSceneViewport::OnFocusLost() reason 2
[2018.12.29-05.11.42:470][283]LogSavePackage: Moving '../../../../../../Users/1234/Documents/Unreal Projects/RocketJumpPrototype/Saved/FirstPersonProjectile7E84839F4D2C8A7EC8D0B3A277845C4F.tmp' to '../../../../../../Users/1234/Documents/Unreal Projects/RocketJumpPrototype/Content/FirstPersonBP/Blueprints/FirstPersonProjectile.uasset'
[2018.12.29-05.11.43:353][331]LogSlate: FSceneViewport::OnFocusLost() reason 0
[2018.12.29-05.11.43:674][336]LogSlate: Window 'RocketJumpPrototype - Unreal Editor' being destroyed
[2018.12.29-05.11.43:918][337]Cmd: QUIT_EDITOR
[2018.12.29-05.11.44:781][337]LogWindowsTextInputMethodSystem: Display: IME system now deactivated.
[2018.12.29-05.11.44:818][337]LogExit: Preparing to exit.
[2018.12.29-05.11.45:664][337]LogExit: Editor shut down
[2018.12.29-05.11.45:665][337]LogExit: Transaction tracking system shut down
[2018.12.29-05.11.46:331][337]LogExit: Object subsystem successfully closed.
[2018.12.29-05.11.46:352][337]LogShaderCompilers: Display: Shaders left to compile 0
[2018.12.29-05.11.46:358][337]LogD3D11RHI: Shutdown
[2018.12.29-05.11.46:358][337]LogD3D11RHI: CleanupD3DDevice
[2018.12.29-05.11.46:361][337]LogD3D11RHI: ~FD3D11DynamicRHI
[2018.12.29-05.11.46:390][337]LogModuleManager: Shutting down and abandoning module MovieSceneCapture (616)
[2018.12.29-05.11.46:390][337]LogModuleManager: Shutting down and abandoning module Voice (614)
[2018.12.29-05.11.46:390][337]LogModuleManager: Shutting down and abandoning module BlueprintGraph (612)
[2018.12.29-05.11.46:390][337]LogModuleManager: Shutting down and abandoning module HierarchicalLODOutliner (610)
[2018.12.29-05.11.46:390][337]LogModuleManager: Shutting down and abandoning module SceneOutliner (608)
[2018.12.29-05.11.46:390][337]LogModuleManager: Shutting down and abandoning module AddContentDialog (606)
[2018.12.29-05.11.46:394][337]LogModuleManager: Shutting down and abandoning module WidgetCarousel (605)
[2018.12.29-05.11.46:394][337]LogModuleManager: Shutting down and abandoning module EditorWidgets (602)
[2018.12.29-05.11.46:394][337]LogModuleManager: Shutting down and abandoning module CollectionManager (600)
[2018.12.29-05.11.46:394][337]LogModuleManager: Shutting down and abandoning module StatsViewer (598)
[2018.12.29-05.11.46:394][337]LogModuleManager: Shutting down and abandoning module FoliageEdit (596)
[2018.12.29-05.11.46:394][337]LogModuleManager: Shutting down and abandoning module LandscapeEditor (594)
[2018.12.29-05.11.46:394][337]LogModuleManager: Shutting down and abandoning module MeshPaintMode (592)
[2018.12.29-05.11.46:394][337]LogModuleManager: Shutting down and abandoning module SceneDepthPickerMode (590)
[2018.12.29-05.11.46:394][337]LogModuleManager: Shutting down and abandoning module ActorPickerMode (588)
[2018.12.29-05.11.46:394][337]LogModuleManager: Shutting down and abandoning module GeometryMode (586)
[2018.12.29-05.11.46:394][337]LogModuleManager: Shutting down and abandoning module TextureAlignMode (584)
[2018.12.29-05.11.46:394][337]LogModuleManager: Shutting down and abandoning module BspMode (582)
[2018.12.29-05.11.46:394][337]LogModuleManager: Shutting down and abandoning module PIEPreviewDeviceProfileSelector (580)
[2018.12.29-05.11.46:394][337]LogModuleManager: Shutting down and abandoning module SequenceRecorderSections (578)
[2018.12.29-05.11.46:394][337]LogModuleManager: Shutting down and abandoning module AutomationWorker (576)
[2018.12.29-05.11.46:394][337]LogModuleManager: Shutting down and abandoning module AudioCaptureEditor (574)
[2018.12.29-05.11.46:394][337]LogModuleManager: Shutting down and abandoning module SequenceRecorder (573)
[2018.12.29-05.11.46:394][337]LogModuleManager: Shutting down and abandoning module MatineeToLevelSequence (570)
[2018.12.29-05.11.46:394][337]LogModuleManager: Shutting down and abandoning module LevelSequenceEditor (568)
[2018.12.29-05.11.46:395][337]LogModuleManager: Shutting down and abandoning module PlacementMode (567)
[2018.12.29-05.11.46:395][337]LogModuleManager: Shutting down and abandoning module MaterialEditor (566)
[2018.12.29-05.11.46:395][337]LogModuleManager: Shutting down and abandoning module WmfMediaFactory (562)
[2018.12.29-05.11.46:395][337]LogModuleManager: Shutting down and abandoning module WmfMediaEditor (560)
[2018.12.29-05.11.46:395][337]LogModuleManager: Shutting down and abandoning module MediaPlayerEditor (558)
[2018.12.29-05.11.46:395][337]LogModuleManager: Shutting down and abandoning module OpenExrWrapper (556)
[2018.12.29-05.11.46:395][337]LogModuleManager: Shutting down and abandoning module ImgMediaFactory (554)
[2018.12.29-05.11.46:395][337]LogModuleManager: Shutting down and abandoning module ImgMediaEditor (552)
[2018.12.29-05.11.46:395][337]LogModuleManager: Shutting down and abandoning module AvfMediaFactory (550)
[2018.12.29-05.11.46:395][337]LogModuleManager: Shutting down and abandoning module AvfMediaEditor (548)
[2018.12.29-05.11.46:395][337]LogModuleManager: Shutting down and abandoning module AndroidMediaFactory (546)
[2018.12.29-05.11.46:395][337]LogModuleManager: Shutting down and abandoning module AndroidMediaEditor (544)
[2018.12.29-05.11.46:395][337]LogModuleManager: Shutting down and abandoning module MagicLeapCameraPreviewFactory (542)
[2018.12.29-05.11.46:395][337]LogModuleManager: Shutting down and abandoning module MagicLeapMediaFactory (540)
[2018.12.29-05.11.46:395][337]LogModuleManager: Shutting down and abandoning module MagicLeapMediaEditor (538)
[2018.12.29-05.11.46:395][337]LogModuleManager: Shutting down and abandoning module CharacterAI (536)
[2018.12.29-05.11.46:395][337]LogModuleManager: Shutting down and abandoning module SmartSnapping (534)
[2018.12.29-05.11.46:395][337]LogModuleManager: Shutting down and abandoning module SessionServices (532)
[2018.12.29-05.11.46:395][337]LogModuleManager: Shutting down and abandoning module ViewportSnapping (530)
[2018.12.29-05.11.46:395][337]LogModuleManager: Shutting down and abandoning module ViewportInteraction (528)
[2018.12.29-05.11.46:395][337]LogModuleManager: Shutting down and abandoning module ClothPainter (526)
[2018.12.29-05.11.46:395][337]LogModuleManager: Shutting down and abandoning module SkeletalMeshEditor (525)
[2018.12.29-05.11.46:395][337]LogModuleManager: Shutting down and abandoning module LogVisualizer (522)
[2018.12.29-05.11.46:395][337]LogModuleManager: Shutting down and abandoning module IntroTutorials (520)
[2018.12.29-05.11.46:395][337]LogModuleManager: Shutting down and abandoning module GameProjectGeneration (519)
[2018.12.29-05.11.46:395][337]LogModuleManager: Shutting down and abandoning module LuminPlatformEditor (516)
[2018.12.29-05.11.46:395][337]LogModuleManager: Shutting down and abandoning module IOSPlatformEditor (514)
[2018.12.29-05.11.46:395][337]LogModuleManager: Shutting down and abandoning module HTML5PlatformEditor (512)
[2018.12.29-05.11.46:395][337]LogModuleManager: Shutting down and abandoning module AndroidPlatformEditor (510)
[2018.12.29-05.11.46:396][337]LogModuleManager: Shutting down and abandoning module AndroidDeviceDetection (509)
[2018.12.29-05.11.46:625][337]LogModuleManager: Shutting down and abandoning module WindowsPlatformEditor (506)
[2018.12.29-05.11.46:625][337]LogModuleManager: Shutting down and abandoning module LuminRuntimeSettings (504)
[2018.12.29-05.11.46:625][337]LogModuleManager: Shutting down and abandoning module IOSRuntimeSettings (502)
[2018.12.29-05.11.46:625][337]LogModuleManager: Shutting down and abandoning module AndroidRuntimeSettings (500)
[2018.12.29-05.11.46:625][337]LogModuleManager: Shutting down and abandoning module InputBindingEditor (498)
[2018.12.29-05.11.46:625][337]LogModuleManager: Shutting down and abandoning module MergeActors (496)
[2018.12.29-05.11.46:625][337]LogModuleManager: Shutting down and abandoning module LocalizationDashboard (494)
[2018.12.29-05.11.46:625][337]LogModuleManager: Shutting down and abandoning module LocalizationService (493)
[2018.12.29-05.11.46:626][337]LogModuleManager: Shutting down and abandoning module HardwareTargeting (490)
[2018.12.29-05.11.46:626][337]LogModuleManager: Shutting down and abandoning module DeviceProfileEditor (488)
[2018.12.29-05.11.46:626][337]LogModuleManager: Shutting down and abandoning module UndoHistory (486)
[2018.12.29-05.11.46:626][337]LogModuleManager: Shutting down and abandoning module XmlParser (484)
[2018.12.29-05.11.46:626][337]LogModuleManager: Shutting down and abandoning module Blutility (482)
[2018.12.29-05.11.46:626][337]LogModuleManager: Shutting down and abandoning module ProjectSettingsViewer (480)
[2018.12.29-05.11.46:626][337]LogModuleManager: Shutting down and abandoning module ProjectTargetPlatformEditor (479)
[2018.12.29-05.11.46:627][337]LogModuleManager: Shutting down and abandoning module EditorSettingsViewer (476)
[2018.12.29-05.11.46:627][337]LogModuleManager: Shutting down and abandoning module SettingsEditor (474)
[2018.12.29-05.11.46:628][337]LogModuleManager: Shutting down and abandoning module ProjectLauncher (472)
[2018.12.29-05.11.46:628][337]LogModuleManager: Shutting down and abandoning module SessionFrontend (470)
[2018.12.29-05.11.46:628][337]LogModuleManager: Shutting down and abandoning module ProfilerClient (468)
[2018.12.29-05.11.46:628][337]LogModuleManager: Shutting down and abandoning module DeviceManager (466)
[2018.12.29-05.11.46:628][337]LogModuleManager: Shutting down and abandoning module TargetDeviceServices (465)
[2018.12.29-05.11.46:682][337]LogModuleManager: Shutting down and abandoning module AutomationController (462)
[2018.12.29-05.11.46:682][337]LogModuleManager: Shutting down and abandoning module AutomationWindow (460)
[2018.12.29-05.11.46:682][337]LogModuleManager: Shutting down and abandoning module Layers (458)
[2018.12.29-05.11.46:682][337]LogModuleManager: Shutting down and abandoning module ComponentVisualizers (456)
[2018.12.29-05.11.46:682][337]LogModuleManager: Shutting down and abandoning module DetailCustomizations (454)
[2018.12.29-05.11.46:682][337]LogModuleManager: Shutting down and abandoning module PackagesDialog (452)
[2018.12.29-05.11.46:683][337]LogModuleManager: Shutting down and abandoning module Persona (450)
[2018.12.29-05.11.46:683][337]LogModuleManager: Shutting down and abandoning module AdvancedPreviewScene (449)
[2018.12.29-05.11.46:683][337]LogModuleManager: Shutting down and abandoning module AnimGraph (447)
[2018.12.29-05.11.46:683][337]LogModuleManager: Shutting down and abandoning module Kismet (444)
[2018.12.29-05.11.46:691][337]LogModuleManager: Shutting down and abandoning module GraphEditor (442)
[2018.12.29-05.11.46:691][337]LogModuleManager: Shutting down and abandoning module ClassViewer (440)
[2018.12.29-05.11.46:691][337]LogModuleManager: Shutting down and abandoning module Toolbox (438)
[2018.12.29-05.11.46:692][337]LogModuleManager: Shutting down and abandoning module ModuleUI (436)
[2018.12.29-05.11.46:692][337]LogModuleManager: Shutting down and abandoning module MovieSceneTools (434)
[2018.12.29-05.11.46:692][337]LogModuleManager: Shutting down and abandoning module OutputLog (432)
[2018.12.29-05.11.46:692][337]LogModuleManager: Shutting down and abandoning module GammaUI (430)
[2018.12.29-05.11.46:692][337]LogModuleManager: Shutting down and abandoning module Documentation (428)
[2018.12.29-05.11.46:692][337]LogModuleManager: Shutting down and abandoning module MovieSceneTracks (426)
[2018.12.29-05.11.46:693][337]LogModuleManager: Shutting down and abandoning module MovieScene (424)
[2018.12.29-05.11.46:693][337]LogModuleManager: Shutting down and abandoning module StreamingPauseRendering (422)
[2018.12.29-05.11.46:693][337]LogModuleManager: Shutting down and abandoning module LauncherPlatform (420)
[2018.12.29-05.11.46:693][337]LogModuleManager: Shutting down and abandoning module AnalyticsET (418)
[2018.12.29-05.11.46:693][337]LogModuleManager: Shutting down and abandoning module PortalServices (416)
[2018.12.29-05.11.46:693][337]LogModuleManager: Shutting down and abandoning module PortalRpc (414)
[2018.12.29-05.11.46:693][337]LogModuleManager: Shutting down and abandoning module MessagingRpc (412)
[2018.12.29-05.11.46:693][337]LogModuleManager: Shutting down and abandoning module AIModule (410)
[2018.12.29-05.11.46:693][337]LogModuleManager: Shutting down and abandoning module GameplayDebugger (409)
[2018.12.29-05.11.46:693][337]LogModuleManager: Shutting down and abandoning module AITestSuite (407)
[2018.12.29-05.11.46:693][337]LogModuleManager: Shutting down and abandoning module NavigationSystem (405)
[2018.12.29-05.11.46:693][337]LogModuleManager: Shutting down and abandoning module DesktopPlatform (402)
[2018.12.29-05.11.46:693][337]LogModuleManager: Shutting down and abandoning module ProfilerService (400)
[2018.12.29-05.11.46:835][337]LogModuleManager: Shutting down and abandoning module TaskGraph (398)
[2018.12.29-05.11.46:836][337]LogModuleManager: Shutting down and abandoning module SteamVRController (396)
[2018.12.29-05.11.46:836][337]LogModuleManager: Shutting down and abandoning module ProceduralMeshComponentEditor (394)
[2018.12.29-05.11.46:836][337]LogModuleManager: Shutting down and abandoning module ProceduralMeshComponent (392)
[2018.12.29-05.11.46:836][337]LogModuleManager: Shutting down and abandoning module OculusInput (390)
[2018.12.29-05.11.46:836][337]LogModuleManager: Shutting down and abandoning module MobilePatchingUtils (388)
[2018.12.29-05.11.46:836][337]LogModuleManager: Shutting down and abandoning module EditableMesh (386)
[2018.12.29-05.11.46:836][337]LogModuleManager: Shutting down and abandoning module CustomMeshComponent (384)
[2018.12.29-05.11.46:836][337]LogModuleManager: Shutting down and abandoning module CableComponent (382)
[2018.12.29-05.11.46:836][337]LogModuleManager: Shutting down and abandoning module AudioCapture (380)
[2018.12.29-05.11.46:836][337]LogModuleManager: Shutting down and abandoning module ArchVisCharacter (378)
[2018.12.29-05.11.46:836][337]LogModuleManager: Shutting down and abandoning module AndroidPermission (376)
[2018.12.29-05.11.46:836][337]LogModuleManager: Shutting down and abandoning module NUTUnrealEngine4 (374)
[2018.12.29-05.11.46:836][337]LogModuleManager: Shutting down and abandoning module NetcodeUnitTest (372)
[2018.12.29-05.11.46:836][337]LogModuleManager: Shutting down and abandoning module MediaCompositingEditor (370)
[2018.12.29-05.11.46:836][337]LogModuleManager: Shutting down and abandoning module MediaCompositing (368)
[2018.12.29-05.11.46:836][337]LogModuleManager: Shutting down and abandoning module LinearTimecode (366)
[2018.12.29-05.11.46:836][337]LogModuleManager: Shutting down and abandoning module ImgMedia (364)
[2018.12.29-05.11.46:841][337]LogModuleManager: Shutting down and abandoning module HTML5Networking (362)
[2018.12.29-05.11.46:841][337]LogModuleManager: Shutting down and abandoning module GeometryCacheTracks (360)
[2018.12.29-05.11.46:841][337]LogModuleManager: Shutting down and abandoning module GeometryCacheSequencer (358)
[2018.12.29-05.11.46:841][337]LogModuleManager: Shutting down and abandoning module BackChannel (356)
[2018.12.29-05.11.46:841][337]LogModuleManager: Shutting down and abandoning module AppleVision (354)
[2018.12.29-05.11.46:841][337]LogModuleManager: Shutting down and abandoning module AppleImageUtils (352)
[2018.12.29-05.11.46:841][337]LogModuleManager: Shutting down and abandoning module AlembicImporter (350)
[2018.12.29-05.11.46:841][337]LogModuleManager: Shutting down and abandoning module AlembicLibrary (349)
[2018.12.29-05.11.46:841][337]LogModuleManager: Shutting down and abandoning module GeometryCache (348)
[2018.12.29-05.11.46:841][337]LogModuleManager: Shutting down and abandoning module GeometryCacheEd (347)
[2018.12.29-05.11.46:841][337]LogModuleManager: Shutting down and abandoning module DatasmithContentEditor (342)
[2018.12.29-05.11.46:841][337]LogModuleManager: Shutting down and abandoning module DatasmithContent (340)
[2018.12.29-05.11.46:843][337]LogModuleManager: Shutting down and abandoning module SpeedTreeImporter (338)
[2018.12.29-05.11.46:843][337]LogModuleManager: Shutting down and abandoning module PluginBrowser (336)
[2018.12.29-05.11.46:843][337]LogModuleManager: Shutting down and abandoning module MobileLauncherProfileWizard (334)
[2018.12.29-05.11.46:843][337]LogModuleManager: Shutting down and abandoning module PolygonModeling (332)
[2018.12.29-05.11.46:843][337]LogModuleManager: Shutting down and abandoning module MeshEditor (330)
[2018.12.29-05.11.46:843][337]LogModuleManager: Shutting down and abandoning module CryptoKeysOpenSSL (328)
[2018.12.29-05.11.46:843][337]LogModuleManager: Shutting down and abandoning module CryptoKeys (326)
[2018.12.29-05.11.46:843][337]LogModuleManager: Shutting down and abandoning module VisualStudioSourceCodeAccess (324)
[2018.12.29-05.11.46:843][337]LogModuleManager: Shutting down and abandoning module VisualStudioCodeSourceCodeAccess (322)
[2018.12.29-05.11.46:843][337]LogModuleManager: Shutting down and abandoning module UObjectPlugin (320)
[2018.12.29-05.11.46:843][337]LogModuleManager: Shutting down and abandoning module SubversionSourceControl (318)
[2018.12.29-05.11.46:843][337]LogModuleManager: Shutting down and abandoning module PerforceSourceControl (316)
[2018.12.29-05.11.46:843][337]LogModuleManager: Shutting down and abandoning module GitSourceControl (314)
[2018.12.29-05.11.46:843][337]LogModuleManager: Shutting down and abandoning module SourceControl (313)
[2018.12.29-05.11.46:843][337]LogModuleManager: Shutting down and abandoning module CLionSourceCodeAccess (310)
[2018.12.29-05.11.46:843][337]LogModuleManager: Shutting down and abandoning module LightPropagationVolumeEditor (308)
[2018.12.29-05.11.46:843][337]LogModuleManager: Shutting down and abandoning module PaperTiledImporter (306)
[2018.12.29-05.11.46:843][337]LogModuleManager: Shutting down and abandoning module PaperSpriteSheetImporter (304)
[2018.12.29-05.11.46:843][337]LogModuleManager: Shutting down and abandoning module Paper2DEditor (302)
[2018.12.29-05.11.46:843][337]LogModuleManager: Shutting down and abandoning module MeshPaint (301)
[2018.12.29-05.11.46:843][337]LogModuleManager: Shutting down and abandoning module RuntimePhysXCooking (298)
[2018.12.29-05.11.46:844][337]LogModuleManager: Shutting down and abandoning module PhysXVehiclesEditor (296)
[2018.12.29-05.11.46:844][337]LogModuleManager: Shutting down and abandoning module PhysXVehicles (294)
[2018.12.29-05.11.46:844][337]LogModuleManager: Shutting down and abandoning module OculusEditor (292)
[2018.12.29-05.11.46:844][337]LogModuleManager: Shutting down and abandoning module LocationServicesBPLibrary (290)
[2018.12.29-05.11.46:844][337]LogModuleManager: Shutting down and abandoning module ImmediatePhysicsEditor (288)
[2018.12.29-05.11.46:844][337]LogModuleManager: Shutting down and abandoning module ImmediatePhysics (286)
[2018.12.29-05.11.46:844][337]LogModuleManager: Shutting down and abandoning module ActorSequence (284)
[2018.12.29-05.11.46:844][337]LogModuleManager: Shutting down and abandoning module UdpMessaging (282)
[2018.12.29-05.11.46:946][337]LogModuleManager: Shutting down and abandoning module TcpMessaging (280)
[2018.12.29-05.11.47:046][337]LogModuleManager: Shutting down and abandoning module MagicLeapAudio (278)
[2018.12.29-05.11.47:046][337]LogModuleManager: Shutting down and abandoning module GameplayTagsEditor (276)
[2018.12.29-05.11.47:046][337]LogModuleManager: Shutting down and abandoning module FacialAnimationEditor (274)
[2018.12.29-05.11.47:046][337]LogModuleManager: Shutting down and abandoning module FacialAnimation (272)
[2018.12.29-05.11.47:046][337]LogModuleManager: Shutting down and abandoning module DataValidation (270)
[2018.12.29-05.11.47:046][337]LogModuleManager: Shutting down and abandoning module AssetManagerEditor (268)
[2018.12.29-05.11.47:047][337]LogModuleManager: Shutting down and abandoning module LevelEditor (267)
[2018.12.29-05.11.47:051][337]LogModuleManager: Shutting down and abandoning module PixelInspectorModule (266)
[2018.12.29-05.11.47:052][337]LogModuleManager: Shutting down and abandoning module CommonMenuExtensions (264)
[2018.12.29-05.11.47:052][337]LogModuleManager: Shutting down and abandoning module MainFrame (262)
[2018.12.29-05.11.47:052][337]LogModuleManager: Shutting down and abandoning module HotReload (261)
[2018.12.29-05.11.47:052][337]LogModuleManager: Shutting down and abandoning module ContentBrowser (257)
[2018.12.29-05.11.47:054][337]LogModuleManager: Shutting down and abandoning module TreeMap (255)
[2018.12.29-05.11.47:054][337]LogModuleManager: Shutting down and abandoning module LightPropagationVolumeRuntime (252)
[2018.12.29-05.11.47:054][337]LogModuleManager: Shutting down and abandoning module AISupportModule (250)
[2018.12.29-05.11.47:054][337]LogModuleManager: Shutting down and abandoning module Paper2D (248)
[2018.12.29-05.11.47:054][337]LogModuleManager: Shutting down and abandoning module WindowsMoviePlayer (246)
[2018.12.29-05.11.47:055][337]LogModuleManager: Shutting down and abandoning module WmfMedia (244)
[2018.12.29-05.11.47:056][337]LogModuleManager: Shutting down and abandoning module Media (243)
[2018.12.29-05.11.47:062][337]LogModuleManager: Shutting down and abandoning module PacketHandler (240)
[2018.12.29-05.11.47:062][337]LogModuleManager: Shutting down and abandoning module ClothingSystemEditor (238)
[2018.12.29-05.11.47:062][337]LogModuleManager: Shutting down and abandoning module ClothingSystemRuntime (236)
[2018.12.29-05.11.47:062][337]LogModuleManager: Shutting down and abandoning module MediaAssets (234)
[2018.12.29-05.11.47:062][337]LogModuleManager: Shutting down and abandoning module Overlay (232)
[2018.12.29-05.11.47:062][337]LogModuleManager: Shutting down and abandoning module OverlayEditor (231)
[2018.12.29-05.11.47:062][337]LogModuleManager: Shutting down and abandoning module VREditor (228)
[2018.12.29-05.11.47:062][337]LogModuleManager: Shutting down and abandoning module StringTableEditor (226)
[2018.12.29-05.11.47:062][337]LogModuleManager: Shutting down and abandoning module GameplayTasksEditor (224)
[2018.12.29-05.11.47:062][337]LogModuleManager: Shutting down and abandoning module BehaviorTreeEditor (222)
[2018.12.29-05.11.47:062][337]LogModuleManager: Shutting down and abandoning module FunctionalTesting (220)
[2018.12.29-05.11.47:062][337]LogModuleManager: Shutting down and abandoning module CollisionAnalyzer (218)
[2018.12.29-05.11.47:063][337]LogModuleManager: Shutting down and abandoning module WorkspaceMenuStructure (217)
[2018.12.29-05.11.47:063][337]LogModuleManager: Shutting down and abandoning module UMG (214)
[2018.12.29-05.11.47:063][337]LogModuleManager: Shutting down and abandoning module UMGEditor (213)
[2018.12.29-05.11.47:063][337]LogModuleManager: Shutting down and abandoning module Sequencer (212)
[2018.12.29-05.11.47:063][337]LogModuleManager: Shutting down and abandoning module MessageLog (209)
[2018.12.29-05.11.47:063][337]LogModuleManager: Shutting down and abandoning module SlateReflector (204)
[2018.12.29-05.11.47:063][337]LogModuleManager: Shutting down and abandoning module Slate (202)
[2018.12.29-05.11.47:063][337]LogModuleManager: Shutting down and abandoning module EditorStyle (200)
[2018.12.29-05.11.47:066][337]LogModuleManager: Shutting down and abandoning module MRMesh (198)
[2018.12.29-05.11.47:066][337]LogModuleManager: Shutting down and abandoning module SourceCodeAccess (196)
[2018.12.29-05.11.47:066][337]LogModuleManager: Shutting down and abandoning module HeadMountedDisplay (194)
[2018.12.29-05.11.47:066][337]LogModuleManager: Shutting down and abandoning module XAudio2 (192)
[2018.12.29-05.11.47:066][337]LogModuleManager: Shutting down and abandoning module Networking (190)
[2018.12.29-05.11.47:066][337]LogModuleManager: Shutting down and abandoning module Core (188)
[2018.12.29-05.11.47:066][337]LogModuleManager: Shutting down and abandoning module LevelSequence (186)
[2018.12.29-05.11.47:066][337]LogModuleManager: Shutting down and abandoning module KismetCompiler (184)
[2018.12.29-05.11.47:066][337]LogModuleManager: Shutting down and abandoning module MeshUtilities (182)
[2018.12.29-05.11.47:066][337]LogModuleManager: Shutting down and abandoning module MeshMergeUtilities (181)
[2018.12.29-05.11.47:066][337]LogModuleManager: Shutting down and abandoning module MeshReductionInterface (180)
[2018.12.29-05.11.47:066][337]LogModuleManager: Shutting down and abandoning module SimplygonSwarm (179)
[2018.12.29-05.11.47:066][337]LogModuleManager: Shutting down and abandoning module ProxyLODMeshReduction (177)
[2018.12.29-05.11.47:066][337]LogModuleManager: Shutting down and abandoning module SimplygonMeshReduction (175)
[2018.12.29-05.11.47:066][337]LogModuleManager: Shutting down and abandoning module QuadricMeshReduction (173)
[2018.12.29-05.11.47:066][337]LogModuleManager: Shutting down and abandoning module MaterialBaking (169)
[2018.12.29-05.11.47:066][337]LogModuleManager: Shutting down and abandoning module DirectoryWatcher (165)
[2018.12.29-05.11.47:067][337]LogModuleManager: Shutting down and abandoning module DerivedDataCache (162)
[2018.12.29-05.11.47:080][337]LogDerivedDataCache: Shutdown
[2018.12.29-05.11.47:080][337]LogModuleManager: Shutting down and abandoning module XGEController (160)
[2018.12.29-05.11.47:080][337]LogModuleManager: Shutting down and abandoning module TargetPlatform (158)
[2018.12.29-05.11.47:080][337]LogModuleManager: Shutting down and abandoning module VulkanShaderFormat (157)
[2018.12.29-05.11.47:081][337]LogModuleManager: Shutting down and abandoning module ShaderFormatVectorVM (155)
[2018.12.29-05.11.47:081][337]LogModuleManager: Shutting down and abandoning module ShaderFormatOpenGL (153)
[2018.12.29-05.11.47:081][337]LogModuleManager: Shutting down and abandoning module ShaderFormatD3D (151)
[2018.12.29-05.11.47:081][337]LogModuleManager: Shutting down and abandoning module MetalShaderFormat (149)
[2018.12.29-05.11.47:081][337]LogModuleManager: Shutting down and abandoning module TextureFormatUncompressed (147)
[2018.12.29-05.11.47:081][337]LogModuleManager: Shutting down and abandoning module TextureFormatPVR (145)
[2018.12.29-05.11.47:081][337]LogModuleManager: Shutting down and abandoning module TextureFormatDXT (143)
[2018.12.29-05.11.47:081][337]LogModuleManager: Shutting down and abandoning module TextureFormatIntelISPCTexComp (141)
[2018.12.29-05.11.47:081][337]LogModuleManager: Shutting down and abandoning module TextureFormatASTC (139)
[2018.12.29-05.11.47:081][337]LogModuleManager: Shutting down and abandoning module ImageWrapper (138)
[2018.12.29-05.11.47:081][337]LogModuleManager: Shutting down and abandoning module TextureFormatAndroid (135)
[2018.12.29-05.11.47:081][337]LogModuleManager: Shutting down and abandoning module AudioFormatOpus (133)
[2018.12.29-05.11.47:081][337]LogModuleManager: Shutting down and abandoning module AudioFormatOgg (131)
[2018.12.29-05.11.47:081][337]LogModuleManager: Shutting down and abandoning module AudioFormatADPCM (129)
[2018.12.29-05.11.47:081][337]LogModuleManager: Shutting down and abandoning module LuminTargetPlatform (127)
[2018.12.29-05.11.47:081][337]LogModuleManager: Shutting down and abandoning module LinuxTargetPlatform (125)
[2018.12.29-05.11.47:081][337]LogModuleManager: Shutting down and abandoning module LinuxServerTargetPlatform (123)
[2018.12.29-05.11.47:081][337]LogModuleManager: Shutting down and abandoning module LinuxNoEditorTargetPlatform (121)
[2018.12.29-05.11.47:081][337]LogModuleManager: Shutting down and abandoning module LinuxClientTargetPlatform (119)
[2018.12.29-05.11.47:081][337]LogModuleManager: Shutting down and abandoning module TVOSTargetPlatform (117)
[2018.12.29-05.11.47:085][337]LogModuleManager: Shutting down and abandoning module Messaging (115)
[2018.12.29-05.11.47:085][337]LogModuleManager: Shutting down and abandoning module IOSTargetPlatform (113)
[2018.12.29-05.11.47:088][337]LogModuleManager: Shutting down and abandoning module HTML5TargetPlatform (111)
[2018.12.29-05.11.47:088][337]LogModuleManager: Shutting down and abandoning module AndroidTargetPlatform (109)
[2018.12.29-05.11.47:122][337]LogModuleManager: Shutting down and abandoning module WindowsTargetPlatform (107)
[2018.12.29-05.11.47:122][337]LogModuleManager: Shutting down and abandoning module WindowsServerTargetPlatform (105)
[2018.12.29-05.11.47:122][337]LogModuleManager: Shutting down and abandoning module WindowsNoEditorTargetPlatform (103)
[2018.12.29-05.11.47:122][337]LogModuleManager: Shutting down and abandoning module WindowsClientTargetPlatform (101)
[2018.12.29-05.11.47:122][337]LogModuleManager: Shutting down and abandoning module MacTargetPlatform (99)
[2018.12.29-05.11.47:122][337]LogModuleManager: Shutting down and abandoning module MacServerTargetPlatform (97)
[2018.12.29-05.11.47:122][337]LogModuleManager: Shutting down and abandoning module MacNoEditorTargetPlatform (95)
[2018.12.29-05.11.47:122][337]LogModuleManager: Shutting down and abandoning module MacClientTargetPlatform (93)
[2018.12.29-05.11.47:122][337]LogModuleManager: Shutting down and abandoning module AllDesktopTargetPlatform (91)
[2018.12.29-05.11.47:122][337]LogModuleManager: Shutting down and abandoning module InputCore (88)
[2018.12.29-05.11.47:122][337]LogModuleManager: Shutting down and abandoning module Settings (86)
[2018.12.29-05.11.47:122][337]LogModuleManager: Shutting down and abandoning module PhysXCooking (84)
[2018.12.29-05.11.47:122][337]LogModuleManager: Shutting down and abandoning module SteamVR (82)
[2018.12.29-05.11.47:122][337]LogModuleManager: Shutting down and abandoning module OculusHMD (80)
[2018.12.29-05.11.47:122][337]LogModuleManager: Shutting down and abandoning module ExampleDeviceProfileSelector (78)
[2018.12.29-05.11.47:122][337]LogModuleManager: Shutting down and abandoning module LauncherChunkInstaller (76)
[2018.12.29-05.11.47:122][337]LogModuleManager: Shutting down and abandoning module OnlineBlueprintSupport (74)
[2018.12.29-05.11.47:122][337]LogModuleManager: Shutting down and abandoning module OnlineSubsystem (70)
[2018.12.29-05.11.47:123][337]LogModuleManager: Shutting down and abandoning module XMPP (65)
[2018.12.29-05.11.47:123][337]LogModuleManager: Shutting down and abandoning module WebSockets (64)
[2018.12.29-05.11.47:142][337]LogModuleManager: Shutting down and abandoning module HTTP (61)
[2018.12.29-05.11.47:142][337]LogHttp: Display: Http module shutting down, but needs to wait on 1 outstanding Http requests:
[2018.12.29-05.11.47:142][337]LogHttp: Display: 	verb=[POST] url=[https://datarouter.ol.epicgames.com/datarouter/api/v1/public/data?SessionID=%7B503342CD-4B33-87CB-4998-1689FAC3690F%7D&AppID=UEEditor.Rocket.Release&AppVersion=4.20.3-4369336%2B%2B%2BUE4%2BRelease-4.20&UserID=d4ff63284347b09ded09a7af15dd3c0a%7Ca9ce0e3aa720406681a65ce5c0abc24e%7C83c6b9b1-10a6-47a1-b8da-8f02dbb0810f&AppEnvironment=datacollector-binary&UploadType=eteventstream] status=Processing
[2018.12.29-05.11.47:150][337]LogModuleManager: Shutting down and abandoning module SSL (60)
[2018.12.29-05.11.47:152][337]LogModuleManager: Shutting down and abandoning module MagicLeapEmulator (56)
[2018.12.29-05.11.47:152][337]LogModuleManager: Shutting down and abandoning module MagicLeapPrivileges (54)
[2018.12.29-05.11.47:152][337]LogModuleManager: Shutting down and abandoning module MagicLeapIdentity (52)
[2018.12.29-05.11.47:152][337]LogModuleManager: Shutting down and abandoning module MagicLeapHelperVulkan (50)
[2018.12.29-05.11.47:152][337]LogModuleManager: Shutting down and abandoning module MagicLeapHelperOpenGL (48)
[2018.12.29-05.11.47:152][337]LogModuleManager: Shutting down and abandoning module MagicLeapSecureStorage (46)
[2018.12.29-05.11.47:152][337]LogModuleManager: Shutting down and abandoning module MagicLeapGestures (44)
[2018.12.29-05.11.47:152][337]LogModuleManager: Shutting down and abandoning module MagicLeapEyeTracker (42)
[2018.12.29-05.11.47:152][337]LogModuleManager: Shutting down and abandoning module MagicLeapController (40)
[2018.12.29-05.11.47:153][337]LogSlate: Slate User Destroyed.  User Index 0, Is Virtual User: 0
[2018.12.29-05.11.47:153][337]LogModuleManager: Shutting down and abandoning module MagicLeap (38)
[2018.12.29-05.11.47:153][337]LogModuleManager: Shutting down and abandoning module AnimationModifiers (36)
[2018.12.29-05.11.47:153][337]LogModuleManager: Shutting down and abandoning module PropertyEditor (35)
[2018.12.29-05.11.47:153][337]LogModuleManager: Shutting down and abandoning module AudioEditor (32)
[2018.12.29-05.11.47:153][337]LogModuleManager: Shutting down and abandoning module TextureCompressor (30)
[2018.12.29-05.11.47:154][337]LogModuleManager: Shutting down and abandoning module ShaderCore (28)
[2018.12.29-05.11.47:154][337]LogModuleManager: Shutting down and abandoning module Landscape (26)
[2018.12.29-05.11.47:154][337]LogModuleManager: Shutting down and abandoning module SlateRHIRenderer (24)
[2018.12.29-05.11.47:155][337]LogModuleManager: Shutting down and abandoning module OpenGLDrv (22)
[2018.12.29-05.11.47:155][337]LogModuleManager: Shutting down and abandoning module D3D11RHI (20)
[2018.12.29-05.11.47:155][337]LogModuleManager: Shutting down and abandoning module AnimGraphRuntime (18)
[2018.12.29-05.11.47:155][337]LogModuleManager: Shutting down and abandoning module Renderer (16)
[2018.12.29-05.11.47:155][337]LogModuleManager: Shutting down and abandoning module Engine (14)
[2018.12.29-05.11.47:155][337]LogModuleManager: Shutting down and abandoning module CoreUObject (12)
[2018.12.29-05.11.47:155][337]LogModuleManager: Shutting down and abandoning module NetworkFile (10)
[2018.12.29-05.11.47:155][337]LogModuleManager: Shutting down and abandoning module CookedIterativeFile (8)
[2018.12.29-05.11.47:155][337]LogModuleManager: Shutting down and abandoning module StreamingFile (6)
[2018.12.29-05.11.47:155][337]LogModuleManager: Shutting down and abandoning module SandboxFile (4)
[2018.12.29-05.11.47:155][337]LogModuleManager: Shutting down and abandoning module PakFile (2)
[2018.12.29-05.11.47:163][337]LogExit: Exiting.
[2018.12.29-05.11.47:202][337]Log file closed, 12/29/18 00:11:47
