Log file open, 01/03/19 20:52:06
LogWindows: Failed to load 'aqProf.dll' (GetLastError=126)
LogWindows: File 'aqProf.dll' does not exist
LogWindows: Failed to load 'VtuneApi.dll' (GetLastError=126)
LogWindows: File 'VtuneApi.dll' does not exist
LogWindows: Failed to load 'VtuneApi32e.dll' (GetLastError=126)
LogWindows: File 'VtuneApi32e.dll' does not exist
LogInit: Display: Running engine for game: RocketJumpPrototype
LogPlatformFile: Not using cached read wrapper
LogTaskGraph: Started task graph with 5 named threads and 23 total threads with 3 sets of task threads.
LogStats: Stats thread started at 0.329330
LogD3D11RHI: Loaded GFSDK_Aftermath_Lib.x64.dll
LogICUInternationalization: Display: ICU TimeZone Detection - Raw Offset: -5:00, Platform Override: ''
LogPluginManager: Mounting plugin Paper2D
LogPluginManager: Mounting plugin AISupport
LogPluginManager: Mounting plugin LightPropagationVolume
LogPluginManager: Mounting plugin CLionSourceCodeAccess
LogPluginManager: Mounting plugin CodeLiteSourceCodeAccess
LogPluginManager: Mounting plugin GitSourceControl
LogPluginManager: Mounting plugin KDevelopSourceCodeAccess
LogPluginManager: Mounting plugin NullSourceCodeAccess
LogPluginManager: Mounting plugin PerforceSourceControl
LogPluginManager: Mounting plugin SubversionSourceControl
LogPluginManager: Mounting plugin UObjectPlugin
LogPluginManager: Mounting plugin VisualStudioCodeSourceCodeAccess
LogPluginManager: Mounting plugin VisualStudioSourceCodeAccess
LogPluginManager: Mounting plugin XCodeSourceCodeAccess
LogPluginManager: Mounting plugin AssetManagerEditor
LogPluginManager: Mounting plugin CryptoKeys
LogPluginManager: Mounting plugin DataValidation
LogPluginManager: Mounting plugin FacialAnimation
LogPluginManager: Mounting plugin GameplayTagsEditor
LogPluginManager: Mounting plugin MacGraphicsSwitching
LogPluginManager: Mounting plugin MeshEditor
LogPluginManager: Mounting plugin MobileLauncherProfileWizard
LogPluginManager: Mounting plugin PluginBrowser
LogPluginManager: Mounting plugin SpeedTreeImporter
LogPluginManager: Mounting plugin DatasmithContent
LogPluginManager: Mounting plugin AlembicImporter
LogPluginManager: Mounting plugin AppleImageUtils
LogPluginManager: Mounting plugin AppleVision
LogPluginManager: Mounting plugin BackChannel
LogPluginManager: Mounting plugin CharacterAI
LogPluginManager: Mounting plugin GeometryCache
LogPluginManager: Mounting plugin HTML5Networking
LogPluginManager: Mounting plugin ProxyLODPlugin
LogPluginManager: Mounting plugin MagicLeap
LogPluginManager: Mounting plugin MagicLeapEmulator
LogPluginManager: Mounting plugin MagicLeapMedia
LogPluginManager: Mounting plugin AndroidMedia
LogPluginManager: Mounting plugin AvfMedia
LogPluginManager: Mounting plugin ImgMedia
LogPluginManager: Mounting plugin LinearTimecode
LogPluginManager: Mounting plugin MediaCompositing
LogPluginManager: Mounting plugin MediaPlayerEditor
LogPluginManager: Mounting plugin WmfMedia
LogPluginManager: Mounting plugin TcpMessaging
LogPluginManager: Mounting plugin UdpMessaging
LogPluginManager: Mounting plugin ActorSequence
LogPluginManager: Mounting plugin LevelSequenceEditor
LogPluginManager: Mounting plugin MatineeToLevelSequence
LogPluginManager: Mounting plugin NetcodeUnitTest
LogPluginManager: Mounting plugin NUTUnrealEngine4
LogPluginManager: Mounting plugin OnlineSubsystemGooglePlay
LogPluginManager: Mounting plugin OnlineSubsystemIOS
LogPluginManager: Mounting plugin OnlineSubsystem
LogPluginManager: Mounting plugin OnlineSubsystemNull
LogPluginManager: Mounting plugin OnlineSubsystemUtils
LogPluginManager: Mounting plugin LauncherChunkInstaller
LogPluginManager: Mounting plugin AndroidDeviceProfileSelector
LogPluginManager: Mounting plugin AndroidMoviePlayer
LogPluginManager: Mounting plugin AndroidPermission
LogPluginManager: Mounting plugin AppleMoviePlayer
LogPluginManager: Mounting plugin ArchVisCharacter
LogPluginManager: Mounting plugin AudioCapture
LogPluginManager: Mounting plugin CableComponent
LogPluginManager: Mounting plugin CustomMeshComponent
LogPluginManager: Mounting plugin EditableMesh
LogPluginManager: Mounting plugin ExampleDeviceProfileSelector
LogPluginManager: Mounting plugin GoogleCloudMessaging
LogPluginManager: Mounting plugin ImmediatePhysics
LogPluginManager: Mounting plugin IOSDeviceProfileSelector
LogPluginManager: Mounting plugin LinuxDeviceProfileSelector
LogPluginManager: Mounting plugin LocationServicesBPLibrary
LogPluginManager: Mounting plugin MobilePatchingUtils
LogPluginManager: Mounting plugin OculusVR
LogPluginManager: Plugin shader directory ../../../Engine/Plugins/Runtime/Oculus/OculusVR/Shaders found
LogPluginManager: Mapping shader source directory ../../../Engine/Plugins/Runtime/Oculus/OculusVR/Shaders to virtual directory /Plugin/OculusVR
LogPluginManager: Mounting plugin PhysXVehicles
LogPluginManager: Mounting plugin ProceduralMeshComponent
LogPluginManager: Mounting plugin RuntimePhysXCooking
LogPluginManager: Mounting plugin SteamVR
LogPluginManager: Mounting plugin WindowsMoviePlayer
LogStreaming: Display: Took  0.250s to configure plugins.
LogInit: Using libcurl 7.55.1-DEV
LogInit:  - built for x86_64-pc-win32
LogInit:  - supports SSL with OpenSSL/1.0.2h
LogInit:  - supports HTTP deflate (compression) using libz 1.2.8
LogInit:  - other features:
LogInit:      CURL_VERSION_SSL
LogInit:      CURL_VERSION_LIBZ
LogInit:      CURL_VERSION_IPV6
LogInit:      CURL_VERSION_ASYNCHDNS
LogInit:      CURL_VERSION_LARGEFILE
LogInit:      CURL_VERSION_IDN
LogInit:  CurlRequestOptions (configurable via config and command line):
LogInit:  - bVerifyPeer = false  - Libcurl will NOT verify peer certificate
LogInit:  - bUseHttpProxy = false  - Libcurl will NOT use HTTP proxy
LogInit:  - bDontReuseConnections = false  - Libcurl will reuse connections
LogInit:  - CertBundlePath = nullptr  - Libcurl will use whatever was configured at build time.
LogInit:  - MaxHostConnections = 16  - Libcurl will limit the number of connections to a host
LogInit:  - LocalHostAddr = Default
LogInit:  - BufferSize = 65536
LogInit: WinSock: version 1.1 (2.2), MaxSocks=32767, MaxUdp=65467
LogInit: Build: ++UE4+Release-4.20-CL-4369336
LogInit: Engine Version: 4.20.3-4369336+++UE4+Release-4.20
LogInit: Compatible Engine Version: 4.20.0-4212847+++UE4+Release-4.20
LogInit: Net CL: 4212847
LogInit: OS: Windows 10 (), CPU: Intel(R) Core(TM) i7-6700HQ CPU @ 2.60GHz, GPU: Intel(R) HD Graphics 530
LogInit: Compiled (64-bit): Sep 17 2018 12:26:19
LogInit: Compiled with Visual C++: 19.13.26129.00
LogInit: Build Configuration: Development
LogInit: Branch Name: ++UE4+Release-4.20
LogInit: Command Line: 
LogInit: Base Directory: C:/Program Files/Epic Games/UE_4.20/Engine/Binaries/Win64/
LogInit: Installed Engine Build: 1
LogDevObjectVersion: Number of dev versions registered: 20
LogDevObjectVersion:   Dev-Blueprints (B0D832E4-1F89-4F0D-ACCF-7EB736FD4AA2): 10
LogDevObjectVersion:   Dev-Build (E1C64328-A22C-4D53-A36C-8E866417BD8C): 0
LogDevObjectVersion:   Dev-Core (375EC13C-06E4-48FB-B500-84F0262A717E): 2
LogDevObjectVersion:   Dev-Editor (E4B068ED-F494-42E9-A231-DA0B2E46BB41): 24
LogDevObjectVersion:   Dev-Framework (CFFC743F-43B0-4480-9391-14DF171D2073): 34
LogDevObjectVersion:   Dev-Mobile (B02B49B5-BB20-44E9-A304-32B752E40360): 2
LogDevObjectVersion:   Dev-Networking (A4E4105C-59A1-49B5-A7C5-40C4547EDFEE): 0
LogDevObjectVersion:   Dev-Online (39C831C9-5AE6-47DC-9A44-9C173E1C8E7C): 0
LogDevObjectVersion:   Dev-Physics (78F01B33-EBEA-4F98-B9B4-84EACCB95AA2): 0
LogDevObjectVersion:   Dev-Platform (6631380F-2D4D-43E0-8009-CF276956A95A): 0
LogDevObjectVersion:   Dev-Rendering (12F88B9F-8875-4AFC-A67C-D90C383ABD29): 26
LogDevObjectVersion:   Dev-Sequencer (7B5AE74C-D270-4C10-A958-57980B212A5A): 9
LogDevObjectVersion:   Dev-VR (D7296918-1DD6-4BDD-9DE2-64A83CC13884): 2
LogDevObjectVersion:   Dev-LoadTimes (C2A15278-BFE7-4AFE-6C17-90FF531DF755): 1
LogDevObjectVersion:   Private-Geometry (6EACA3D4-40EC-4CC1-B786-8BED09428FC5): 3
LogDevObjectVersion:   Dev-AnimPhys (29E575DD-E0A3-4627-9D10-D276232CDCEA): 17
LogDevObjectVersion:   Dev-ReflectionCapture (6B266CEC-1EC7-4B8F-A30B-E4D90942FC07): 1
LogDevObjectVersion:   Dev-Automation (0DF73D61-A23F-47EA-B727-89E90C41499A): 1
LogDevObjectVersion:   FortniteMain (601D1886-AC64-4F84-AA16-D3DE0DEAC7D6): 12
LogDevObjectVersion:   Dev-Enterprise (9DFFBCD6-494F-0158-E221-12823C92A888): 1
LogStreaming: Display: Took  0.025s to delete old logs.
LogInit: Presizing for max 8388607 objects, including 0 objects not considered by GC, pre-allocating 0 bytes for permanent pool.
LogInit: Object subsystem initialized
[2019.01.04-01.52.06:544][  0]LogInit: Selected Device Profile: [Windows]
[2019.01.04-01.52.06:544][  0]LogInit: Applying CVar settings loaded from the selected device profile: [Windows]
[2019.01.04-01.52.06:592][  0]LogHAL: Display: Platform has ~ 12 GB [12779626496 / 17179869184 / 12], which maps to Larger [LargestMinGB=32, LargerMinGB=12, DefaultMinGB=8, SmallerMinGB=6, SmallestMinGB=0)
[2019.01.04-01.52.06:592][  0]LogInit: Setting Device Profile CVar: [[r.Vulkan.UseRealUBs:1]]
[2019.01.04-01.52.06:592][  0]LogInit: Going up to parent DeviceProfile []
[2019.01.04-01.52.06:592][  0]LogInit: Computer: DESKTOP-C1BGNMB
[2019.01.04-01.52.06:592][  0]LogInit: User: 1234
[2019.01.04-01.52.06:592][  0]LogInit: CPU Page size=4096, Cores=4
[2019.01.04-01.52.06:592][  0]LogInit: High frequency timer resolution =2.531251 MHz
[2019.01.04-01.52.06:592][  0]LogMemory: Memory total: Physical=11.9GB (12GB approx)
[2019.01.04-01.52.06:592][  0]LogMemory: Platform Memory Stats for Windows
[2019.01.04-01.52.06:592][  0]LogMemory: Process Physical Memory: 99.59 MB used, 99.59 MB peak
[2019.01.04-01.52.06:592][  0]LogMemory: Process Virtual Memory: 91.26 MB used, 91.26 MB peak
[2019.01.04-01.52.06:593][  0]LogMemory: Physical Memory: 6762.19 MB used,  5425.41 MB free, 12187.60 MB total
[2019.01.04-01.52.06:593][  0]LogMemory: Virtual Memory: 4640.71 MB used,  5425.41 MB free, 134217728.00 MB total
[2019.01.04-01.52.06:625][  0]LogInit: Using OS detected language (en-US).
[2019.01.04-01.52.06:625][  0]LogInit: Using OS detected locale (en-US).
[2019.01.04-01.52.06:627][  0]LogTextLocalizationManager: No specific localization for 'en-US' exists, so the 'en' localization will be used.
[2019.01.04-01.52.07:142][  0]LogStreaming: Display: Took  0.517s to InitEngineTextLocalization.
[2019.01.04-01.52.07:143][  0]LogInit: Setting process to per monitor DPI aware
[2019.01.04-01.52.07:182][  0]LogSlate: New Slate User Created.  User Index 0, Is Virtual User: 0
[2019.01.04-01.52.07:182][  0]LogSlate: Slate User Registered.  User Index 0, Is Virtual User: 0
[2019.01.04-01.52.07:445][  0]LogHMD: Failed to initialize OpenVR with code 110
[2019.01.04-01.52.07:445][  0]LogD3D11RHI: D3D11 adapters:
[2019.01.04-01.52.07:457][  0]LogD3D11RHI:    0. 'Intel(R) HD Graphics 530' (Feature Level 11_0)
[2019.01.04-01.52.07:457][  0]LogD3D11RHI:       128/0/6093 MB DedicatedVideo/DedicatedSystem/SharedSystem, Outputs:1, VendorId:0x8086
[2019.01.04-01.52.07:535][  0]LogD3D11RHI:    1. 'NVIDIA GeForce GTX 965M' (Feature Level 11_0)
[2019.01.04-01.52.07:535][  0]LogD3D11RHI:       2007/0/6093 MB DedicatedVideo/DedicatedSystem/SharedSystem, Outputs:0, VendorId:0x10de
[2019.01.04-01.52.07:538][  0]LogD3D11RHI:    2. 'Microsoft Basic Render Driver' (Feature Level 11_0)
[2019.01.04-01.52.07:538][  0]LogD3D11RHI:       0/0/6093 MB DedicatedVideo/DedicatedSystem/SharedSystem, Outputs:0, VendorId:0x1414
[2019.01.04-01.52.07:538][  0]LogD3D11RHI: Chosen D3D11 Adapter: 1
[2019.01.04-01.52.07:548][  0]LogD3D11RHI: Creating new Direct3DDevice
[2019.01.04-01.52.07:548][  0]LogD3D11RHI:     GPU DeviceId: 0x13d9 (for the marketing name, search the web for "GPU Device Id")
[2019.01.04-01.52.07:548][  0]LogWindows: EnumDisplayDevices:
[2019.01.04-01.52.07:548][  0]LogWindows:    0. 'Intel(R) HD Graphics 530' (P:1 D:1)
[2019.01.04-01.52.07:549][  0]LogWindows:    1. 'Intel(R) HD Graphics 530' (P:0 D:0)
[2019.01.04-01.52.07:549][  0]LogWindows:    2. 'Intel(R) HD Graphics 530' (P:0 D:0)
[2019.01.04-01.52.07:549][  0]LogWindows:    3. 'NVIDIA GeForce GTX 965M' (P:0 D:0)
[2019.01.04-01.52.07:550][  0]LogWindows: DebugString: PrimaryIsNotTheChoosenAdapter PrimaryIsNotTheChoosenAdapter PrimaryIsNotTheChoosenAdapter 
[2019.01.04-01.52.07:550][  0]LogD3D11RHI:     Adapter Name: NVIDIA GeForce GTX 965M
[2019.01.04-01.52.07:550][  0]LogD3D11RHI:   Driver Version: 391.24 (internal:23.21.13.9124, unified:391.24)
[2019.01.04-01.52.07:550][  0]LogD3D11RHI:      Driver Date: 3-15-2018
[2019.01.04-01.52.07:550][  0]LogRHI: Texture pool is 1405 MB (70% of 2007 MB)
[2019.01.04-01.52.07:644][  0]LogD3D11RHI: Async texture creation enabled
[2019.01.04-01.52.07:689][  0]LogD3D11RHI: GPU Timing Frequency: 1000.000000 (Debug: 2 2)
[2019.01.04-01.52.07:690][  0]LogShaderCompilers: Guid format shader working directory is -30 characters bigger than the processId version (../../../../../../Users/1234/Documents/Unreal Projects/RocketJumpPrototype/Intermediate/Shaders/WorkingDirectory/15668/).
[2019.01.04-01.52.07:690][  0]LogShaderCompilers: Cleaned the shader compiler working directory 'C:/Users/1234/AppData/Local/Temp/UnrealShaderWorkingDir/F84A69A04F11092274D5508528B87419/'.
[2019.01.04-01.52.08:302][  0]LogTemp: Display: Loaded TP AllDesktopTargetPlatform
[2019.01.04-01.52.08:352][  0]LogTemp: Display: Loaded TP MacClientTargetPlatform
[2019.01.04-01.52.08:406][  0]LogTemp: Display: Loaded TP MacNoEditorTargetPlatform
[2019.01.04-01.52.08:462][  0]LogTemp: Display: Loaded TP MacServerTargetPlatform
[2019.01.04-01.52.08:519][  0]LogTemp: Display: Loaded TP MacTargetPlatform
[2019.01.04-01.52.08:571][  0]LogTemp: Display: Loaded TP WindowsClientTargetPlatform
[2019.01.04-01.52.08:629][  0]LogTemp: Display: Loaded TP WindowsNoEditorTargetPlatform
[2019.01.04-01.52.08:693][  0]LogTemp: Display: Loaded TP WindowsServerTargetPlatform
[2019.01.04-01.52.08:723][  0]LogTemp: Display: Loaded TP WindowsTargetPlatform
[2019.01.04-01.52.08:990][  0]LogTemp: Display: Loaded TP AndroidTargetPlatform
[2019.01.04-01.52.08:990][  0]LogTemp: Display: Loaded TP AndroidTargetPlatform
[2019.01.04-01.52.08:990][  0]LogTemp: Display: Loaded TP AndroidTargetPlatform
[2019.01.04-01.52.08:990][  0]LogTemp: Display: Loaded TP AndroidTargetPlatform
[2019.01.04-01.52.08:990][  0]LogTemp: Display: Loaded TP AndroidTargetPlatform
[2019.01.04-01.52.08:990][  0]LogTemp: Display: Loaded TP AndroidTargetPlatform
[2019.01.04-01.52.08:990][  0]LogTemp: Display: Loaded TP AndroidTargetPlatform
[2019.01.04-01.52.08:990][  0]LogTemp: Display: Loaded TP AndroidTargetPlatform
[2019.01.04-01.52.08:990][  0]LogTemp: Display: Loaded TP AndroidTargetPlatform
[2019.01.04-01.52.08:990][  0]LogTemp: Display: Loaded TP AndroidTargetPlatform
[2019.01.04-01.52.08:991][  0]LogTemp: Display: Loaded TP AndroidTargetPlatform
[2019.01.04-01.52.08:991][  0]LogTemp: Display: Loaded TP AndroidTargetPlatform
[2019.01.04-01.52.08:991][  0]LogTemp: Display: Loaded TP AndroidTargetPlatform
[2019.01.04-01.52.08:991][  0]LogTemp: Display: Loaded TP AndroidTargetPlatform
[2019.01.04-01.52.08:991][  0]LogTemp: Display: Loaded TP AndroidTargetPlatform
[2019.01.04-01.52.08:991][  0]LogTemp: Display: Loaded TP AndroidTargetPlatform
[2019.01.04-01.52.08:991][  0]LogTemp: Display: Loaded TP AndroidTargetPlatform
[2019.01.04-01.52.08:991][  0]LogTemp: Display: Loaded TP AndroidTargetPlatform
[2019.01.04-01.52.08:994][  0]LogTemp: Display: Loaded TP HTML5TargetPlatform
[2019.01.04-01.52.09:101][  0]LogTemp: Display: Loaded TP IOSTargetPlatform
[2019.01.04-01.52.09:101][  0]LogTemp: Display: Loaded TP IOSTargetPlatform
[2019.01.04-01.52.09:135][  0]LogTemp: Display: Loaded TP TVOSTargetPlatform
[2019.01.04-01.52.09:135][  0]LogTemp: Display: Loaded TP TVOSTargetPlatform
[2019.01.04-01.52.09:156][  0]LogTemp: Display: Loaded TP LinuxClientTargetPlatform
[2019.01.04-01.52.09:175][  0]LogTemp: Display: Loaded TP LinuxNoEditorTargetPlatform
[2019.01.04-01.52.09:199][  0]LogTemp: Display: Loaded TP LinuxServerTargetPlatform
[2019.01.04-01.52.09:223][  0]LogTemp: Display: Loaded TP LinuxTargetPlatform
[2019.01.04-01.52.09:240][  0]LogTemp: Display: Loaded TP LuminTargetPlatform
[2019.01.04-01.52.09:240][  0]LogTargetPlatformManager: Display: Building Assets For Windows
[2019.01.04-01.52.09:343][  0]LogXGEController: Cannot use XGE Controller as Incredibuild is not installed on this machine.
[2019.01.04-01.52.09:343][  0]LogShaderCompilers: Cannot use XGE Shader Compiler as Incredibuild is not installed on this machine.
[2019.01.04-01.52.09:343][  0]LogShaderCompilers: Display: Using Local Shader Compiler.
[2019.01.04-01.52.10:551][  0]LogDerivedDataCache: Display: Max Cache Size: 512 MB
[2019.01.04-01.52.10:631][  0]LogDerivedDataCache: Loaded boot cache 0.08s 71MB C:/Users/1234/AppData/Local/UnrealEngine/4.20/DerivedDataCache/Boot.ddc.
[2019.01.04-01.52.10:632][  0]LogDerivedDataCache: Display: Loaded Boot cache: C:/Users/1234/AppData/Local/UnrealEngine/4.20/DerivedDataCache/Boot.ddc
[2019.01.04-01.52.10:632][  0]LogDerivedDataCache: FDerivedDataBackendGraph:  Pak pak cache file ../../../../../../Users/1234/Documents/Unreal Projects/RocketJumpPrototype/DerivedDataCache/DDC.ddp not found, will not use a pak cache.
[2019.01.04-01.52.10:632][  0]LogDerivedDataCache: Unable to find inner node Pak for hierarchical cache Hierarchy.
[2019.01.04-01.52.10:632][  0]LogDerivedDataCache: FDerivedDataBackendGraph:  CompressedPak pak cache file ../../../../../../Users/1234/Documents/Unreal Projects/RocketJumpPrototype/DerivedDataCache/Compressed.ddp not found, will not use a pak cache.
[2019.01.04-01.52.10:632][  0]LogDerivedDataCache: Unable to find inner node CompressedPak for hierarchical cache Hierarchy.
[2019.01.04-01.52.10:652][  0]LogDerivedDataCache: Display: Pak cache opened for reading ../../../Engine/DerivedDataCache/Compressed.ddp.
[2019.01.04-01.52.10:665][  0]LogDerivedDataCache: Using Local data cache path C:/Users/1234/AppData/Local/UnrealEngine/Common/DerivedDataCache: Writable
[2019.01.04-01.52.10:665][  0]LogDerivedDataCache: Shared data cache path not found in *engine.ini, will not use an Shared cache.
[2019.01.04-01.52.10:665][  0]LogDerivedDataCache: Unable to find inner node Shared for hierarchical cache Hierarchy.
[2019.01.04-01.52.10:690][  0]LogMaterial: Verifying Global Shaders for PCD3D_SM5
[2019.01.04-01.52.10:692][  0]LogSlate: Using FreeType 2.6.0
[2019.01.04-01.52.10:693][  0]LogSlate: SlateFontServices - WITH_FREETYPE: 1, WITH_HARFBUZZ: 1
[2019.01.04-01.52.10:792][  0]LogAssetRegistry: FAssetRegistry took 0.0305 seconds to start up
[2019.01.04-01.52.11:251][  0]LogInit: Selected Device Profile: [Windows]
[2019.01.04-01.52.11:434][  0]LogSimplygon: Simplygon DLL not present - disabling.
[2019.01.04-01.52.11:440][  0]LogMeshReduction: Using SimplygonSwarm for distributed automatic mesh merging
[2019.01.04-01.52.11:440][  0]LogMeshReduction: Using ProxyLODMeshReduction for automatic mesh merging
[2019.01.04-01.52.11:440][  0]LogMeshReduction: Using QuadricMeshReduction for automatic static mesh reduction
[2019.01.04-01.52.11:440][  0]LogMeshReduction: No automatic skeletal mesh reduction module available
[2019.01.04-01.52.11:459][  0]LogNetVersion: RocketJumpPrototype 1.0.0, NetCL: 4212847, EngineNetVer: 5, GameNetVer: 0 (Checksum: 867795555)
[2019.01.04-01.52.12:277][  0]LogPackageLocalizationCache: Processed 11 localized package path(s) for 2 prioritized culture(s) in 0.231457 seconds
[2019.01.04-01.52.12:283][  0]LogUObjectArray: 38425 objects as part of root set at end of initial load.
[2019.01.04-01.52.12:283][  0]LogUObjectAllocator: 6690872 out of 0 bytes used by permanent object pool.
[2019.01.04-01.52.12:283][  0]LogUObjectArray: CloseDisregardForGC: 0/0 objects in disregard for GC pool
[2019.01.04-01.52.13:434][  0]LogTcpMessaging: Initializing TcpMessaging bridge
[2019.01.04-01.52.13:448][  0]LogUdpMessaging: Initializing bridge on interface 0.0.0.0:0 to multicast group 230.0.0.1:6666.
[2019.01.04-01.52.13:642][  0]SourceControl: Source control is disabled
[2019.01.04-01.52.13:642][  0]SourceControl: Source control is disabled
[2019.01.04-01.52.13:644][  0]SourceControl: Source control is disabled
[2019.01.04-01.52.13:646][  0]SourceControl: Source control is disabled
[2019.01.04-01.52.13:827][  0]LogAndroidPermission: UAndroidPermissionCallbackProxy::GetInstance
[2019.01.04-01.52.13:952][  0]LogOcInput: OculusInput pre-init called
[2019.01.04-01.52.14:074][  0]LogEngine: Initializing Engine...
[2019.01.04-01.52.14:076][  0]LogHMD: Failed to initialize OpenVR with code 110
[2019.01.04-01.52.14:079][  0]LogStats: UGameplayTagsManager::ConstructGameplayTagTree: ImportINI prefixes -  0.000 s
[2019.01.04-01.52.14:079][  0]LogStats: UGameplayTagsManager::ConstructGameplayTagTree: Construct from data asset -  0.000 s
[2019.01.04-01.52.14:079][  0]LogStats: UGameplayTagsManager::ConstructGameplayTagTree: ImportINI -  0.000 s
[2019.01.04-01.52.14:079][  0]LogStats: UGameplayTagsManager::ConstructGameplayTagTree: GameplayTagTreeChangedEvent.Broadcast -  0.000 s
[2019.01.04-01.52.14:625][  0]LogInit: Initializing FReadOnlyCVARCache
[2019.01.04-01.52.14:690][  0]LogAIModule: Creating AISystem for world Untitled
[2019.01.04-01.52.14:779][  0]LogInit: XAudio2 using 'Speakers (Sound Blaster Recon3Di)' : 2 channels at 48 kHz using 32 bits per sample (channel mask 0x3)
[2019.01.04-01.52.14:851][  0]LogInit: FAudioDevice initialized.
[2019.01.04-01.52.14:851][  0]LogNetVersion: Set ProjectVersion to 1.0.0.0. Version Checksum will be recalculated on next use.
[2019.01.04-01.52.14:991][  0]LogDerivedDataCache: Saved boot cache 0.14s 71MB C:/Users/1234/AppData/Local/UnrealEngine/4.20/DerivedDataCache/Boot.ddc.
[2019.01.04-01.52.15:011][  0]LogInit: Texture streaming: Enabled
[2019.01.04-01.52.15:052][  0]LogEngineSessionManager: EngineSessionManager initialized
[2019.01.04-01.52.15:072][  0]LogInit: Transaction tracking system initialized
[2019.01.04-01.52.15:113][  0]BlueprintLog: New page: Editor Load
[2019.01.04-01.52.15:277][  0]LocalizationService: Localization service is disabled
[2019.01.04-01.52.15:648][  0]LogCook: Display: Max memory allowance for cook 16384mb min free memory 0mb
[2019.01.04-01.52.15:648][  0]LogCook: Display: Mobile HDR setting 1
[2019.01.04-01.52.15:648][  0]LogGameplayTags: Display: UGameplayTagsManager::DoneAddingNativeTags. DelegateIsBound: 0
[2019.01.04-01.52.15:648][  0]LogStats: UGameplayTagsManager::ConstructGameplayTagTree: ImportINI prefixes -  0.000 s
[2019.01.04-01.52.15:648][  0]LogStats: UGameplayTagsManager::ConstructGameplayTagTree: Construct from data asset -  0.000 s
[2019.01.04-01.52.15:648][  0]LogStats: UGameplayTagsManager::ConstructGameplayTagTree: ImportINI -  0.000 s
[2019.01.04-01.52.15:649][  0]LogStats: UGameplayTagsManager::ConstructGameplayTagTree: GameplayTagTreeChangedEvent.Broadcast -  0.000 s
[2019.01.04-01.52.15:831][  0]LogFileCache: Scanning file cache for directory 'C:/Users/1234/Documents/Unreal Projects/RocketJumpPrototype/Content/' took 0.02s
[2019.01.04-01.52.15:831][  0]SourceControl: Source control is disabled
[2019.01.04-01.52.15:831][  0]Cmd: MAP LOAD FILE="../../../../../../Users/1234/Documents/Unreal Projects/RocketJumpPrototype/Content/FirstPersonBP/Maps/FirstPersonExampleMap.umap" TEMPLATE=0 SHOWPROGRESS=1 FEATURELEVEL=3
[2019.01.04-01.52.15:832][  0]LightingResults: New page: Lighting Build
[2019.01.04-01.52.15:838][  0]MapCheck: New page: Map Check
[2019.01.04-01.52.15:838][  0]LightingResults: New page: Lighting Build
[2019.01.04-01.52.20:905][  0]LogAIModule: Creating AISystem for world FirstPersonExampleMap
[2019.01.04-01.52.21:063][  0]LogEditorServer: Finished looking for orphan Actors (0.000 secs)
[2019.01.04-01.52.21:162][  0]Cmd: MAP CHECKDEP NOCLEARLOG
[2019.01.04-01.52.21:329][  0]MapCheck: Map check complete: 0 Error(s), 0 Warning(s), took 166.309ms to complete.
[2019.01.04-01.52.21:329][  0]LogFileHelpers: Loading map 'FirstPersonExampleMap' took 5.497
[2019.01.04-01.52.21:921][  0]LogSlate: Updating window title bar state: overlay mode, drag disabled, window buttons hidden, title bar hidden
[2019.01.04-01.52.21:947][  0]LogSlate: Updating window title bar state: overlay mode, drag disabled, window buttons hidden, title bar hidden
[2019.01.04-01.52.21:972][  0]LogSlate: Updating window title bar state: overlay mode, drag disabled, window buttons hidden, title bar hidden
[2019.01.04-01.52.22:002][  0]LogSlate: Updating window title bar state: overlay mode, drag disabled, window buttons hidden, title bar hidden
[2019.01.04-01.52.22:113][  0]LogCollectionManager: Loaded 0 collections in 0.028007 seconds
[2019.01.04-01.52.22:256][  0]LogFileCache: Scanning file cache for directory 'C:/Users/1234/Documents/Unreal Projects/RocketJumpPrototype/Saved/Collections/' took 0.01s
[2019.01.04-01.52.22:256][  0]LogFileCache: Scanning file cache for directory 'C:/Users/1234/Documents/Unreal Projects/RocketJumpPrototype/Content/Developers/1234/Collections/' took 0.01s
[2019.01.04-01.52.22:256][  0]LogFileCache: Scanning file cache for directory 'C:/Users/1234/Documents/Unreal Projects/RocketJumpPrototype/Content/Collections/' took 0.01s
[2019.01.04-01.52.22:256][  0]LogCollectionManager: Rebuilt the GUID cache for 0 collections in 0.000001 seconds
[2019.01.04-01.52.22:293][  0]LogContentBrowser: Native class hierarchy populated in 0.0351 seconds. Added 2572 classes and 603 folders.
[2019.01.04-01.52.22:374][  0]LogContentBrowser: Native class hierarchy updated for 'WidgetCarousel' in 0.0006 seconds. Added 0 classes and 0 folders.
[2019.01.04-01.52.24:508][  0]LogContentBrowser: Native class hierarchy updated for 'AddContentDialog' in 0.0007 seconds. Added 0 classes and 0 folders.
[2019.01.04-01.52.24:572][  0]LogContentBrowser: Native class hierarchy updated for 'SceneOutliner' in 0.0009 seconds. Added 1 classes and 2 folders.
[2019.01.04-01.52.24:980][  0]LogSlate: Took 0.001261 seconds to synchronously load lazily loaded font '../../../Engine/Content/Slate/Fonts/Roboto-Regular.ttf' (155K)
[2019.01.04-01.52.24:992][  0]LogSlate: Took 0.000669 seconds to synchronously load lazily loaded font '../../../Engine/Content/Slate/Fonts/Roboto-Bold.ttf' (160K)
[2019.01.04-01.52.25:143][  0]LogSlate: Took 0.046306 seconds to synchronously load lazily loaded font '../../../Engine/Content/Editor/Slate/Fonts/FontAwesome.ttf' (139K)
[2019.01.04-01.52.25:846][  0]LogRenderer: Reallocating scene render targets to support 964x436 Format 10 NumSamples 1 (Frame:1).
[2019.01.04-01.52.26:418][  0]LogContentBrowser: Native class hierarchy updated for 'HierarchicalLODOutliner' in 0.0008 seconds. Added 0 classes and 0 folders.
[2019.01.04-01.52.26:418][  0]LogLoad: (Engine Initialization) Total time: 23.59 seconds
[2019.01.04-01.52.26:418][  0]LogLoad: (Engine Initialization) Total Blueprint compile time: 0.00 seconds
[2019.01.04-01.52.26:477][  0]LogContentStreaming: Texture pool size now 1000 MB
[2019.01.04-01.52.26:692][  0]LogSlate: Took 0.031751 seconds to synchronously load lazily loaded font '../../../Engine/Content/Slate/Fonts/Roboto-Light.ttf' (167K)
[2019.01.04-01.52.27:041][  2]LogAssetRegistry: Asset discovery search completed in 16.2706 seconds
[2019.01.04-01.52.27:043][  2]LogCollectionManager: Rebuilt the object cache for 0 collections in 0.000001 seconds (found 0 objects)
[2019.01.04-01.52.27:043][  2]LogCollectionManager: Fixed up redirectors for 0 collections in 0.000077 seconds (updated 0 objects)
[2019.01.04-01.52.28:034][  5]LogSlate: Took 0.000539 seconds to synchronously load lazily loaded font '../../../Engine/Content/Slate/Fonts/Roboto-Light.ttf' (167K)
[2019.01.04-01.55.55:716][557]LogSlate: FSceneViewport::OnFocusLost() reason 2
[2019.01.04-01.55.57:259][576]LogD3D11RHI: Error: Result failed 
 at D:\Build\++UE4\Sync\Engine\Source\Runtime\Windows\D3D11RHI\Private\D3D11Query.cpp:146 
 with error DXGI_ERROR_DEVICE_REMOVED DXGI_ERROR_DEVICE_HUNG
[2019.01.04-01.55.57:259][576]LogD3D11RHI: [Aftermath] GDynamicRHI=000001E395000100, GDX11NVAfterMathEnabled=0, Result=0xFFFFFFFF, bDeviceActive=0
[2019.01.04-01.55.57:259][576]LogWindows: Windows GetLastError: The operation completed successfully. (0)
[2019.01.04-01.56.01:147][576]LogWindows: Windows GetLastError: The operation completed successfully. (0)
[2019.01.04-01.56.01:147][576]LogWindows: Error: === Critical error: ===
[2019.01.04-01.56.01:147][576]LogWindows: Error: 
[2019.01.04-01.56.01:147][576]LogWindows: Error: Fatal error: [File:D:\Build\++UE4\Sync\Engine\Source\Runtime\RenderCore\Private\RenderingThread.cpp] [Line: 826] 
[2019.01.04-01.56.01:147][576]LogWindows: Error: Rendering thread exception:
[2019.01.04-01.56.01:147][576]LogWindows: Error: Fatal error: [File:D:\Build\++UE4\Sync\Engine\Source\Runtime\Windows\D3D11RHI\Private\D3D11Util.cpp] [Line: 200] 
[2019.01.04-01.56.01:147][576]LogWindows: Error: Unreal Engine is exiting due to D3D device being lost. (Error: 0x887A0006 - 'HUNG')
[2019.01.04-01.56.01:147][576]LogWindows: Error: 
[2019.01.04-01.56.01:147][576]LogWindows: Error: 
[2019.01.04-01.56.01:147][576]LogWindows: Error: [Callstack] 0x00007ffe2affa388 KERNELBASE.dll!UnknownFunction []
[2019.01.04-01.56.01:148][576]LogWindows: Error: [Callstack] 0x00007ffe1b0d6850 UE4Editor-ApplicationCore.dll!UnknownFunction []
[2019.01.04-01.56.01:148][576]LogWindows: Error: [Callstack] 0x00007ffde43662fc UE4Editor-Core.dll!UnknownFunction []
[2019.01.04-01.56.01:148][576]LogWindows: Error: [Callstack] 0x00007ffde42f51db UE4Editor-Core.dll!UnknownFunction []
[2019.01.04-01.56.01:148][576]LogWindows: Error: [Callstack] 0x00007ffde03badea UE4Editor-D3D11RHI.dll!UnknownFunction []
[2019.01.04-01.56.01:148][576]LogWindows: Error: [Callstack] 0x00007ffde03be6e4 UE4Editor-D3D11RHI.dll!UnknownFunction []
[2019.01.04-01.56.01:148][576]LogWindows: Error: [Callstack] 0x00007ffde0395951 UE4Editor-D3D11RHI.dll!UnknownFunction []
[2019.01.04-01.56.01:148][576]LogWindows: Error: [Callstack] 0x00007ffde03aabf8 UE4Editor-D3D11RHI.dll!UnknownFunction []
[2019.01.04-01.56.01:148][576]LogWindows: Error: [Callstack] 0x00007ffdf935b106 UE4Editor-RHI.dll!UnknownFunction []
[2019.01.04-01.56.01:148][576]LogWindows: Error: [Callstack] 0x00007ffde0cc1b42 UE4Editor-SlateRHIRenderer.dll!UnknownFunction []
[2019.01.04-01.56.01:148][576]LogWindows: Error: [Callstack] 0x00007ffde0cc7d0a UE4Editor-SlateRHIRenderer.dll!UnknownFunction []
[2019.01.04-01.56.01:148][576]LogWindows: Error: [Callstack] 0x00007ffde4181f92 UE4Editor-Core.dll!UnknownFunction []
[2019.01.04-01.56.01:148][576]LogWindows: Error: [Callstack] 0x00007ffde4182456 UE4Editor-Core.dll!UnknownFunction []
[2019.01.04-01.56.01:148][576]LogWindows: Error: [Callstack] 0x00007ffe233875f9 UE4Editor-RenderCore.dll!UnknownFunction []
[2019.01.04-01.56.01:148][576]LogWindows: Error: [Callstack] 0x00007ffe23388574 UE4Editor-RenderCore.dll!UnknownFunction []
[2019.01.04-01.56.01:148][576]LogWindows: Error: [Callstack] 0x00007ffde45c6b7c UE4Editor-Core.dll!UnknownFunction []
[2019.01.04-01.56.01:148][576]LogWindows: Error: [Callstack] 0x00007ffde45c17c7 UE4Editor-Core.dll!UnknownFunction []
[2019.01.04-01.56.01:148][576]LogWindows: Error: [Callstack] 0x00007ffe2c723034 KERNEL32.DLL!UnknownFunction []
[2019.01.04-01.56.01:148][576]LogWindows: Error: [Callstack] 0x00007ffe2ea73691 ntdll.dll!UnknownFunction []
[2019.01.04-01.56.01:148][576]LogWindows: Error: 
[2019.01.04-01.56.01:148][576]LogWindows: Error: 
[2019.01.04-01.56.01:148][576]LogWindows: Error: 
[2019.01.04-01.56.01:148][576]LogWindows: Error: 
[2019.01.04-01.56.01:167][576]LogExit: Executing StaticShutdownAfterError
[2019.01.04-01.56.01:172][576]LogWindows: FPlatformMisc::RequestExit(1)
[2019.01.04-01.56.01:174][576]Log file closed, 01/03/19 20:56:01
