Log file open, 01/04/19 21:16:20
LogWindows: Failed to load 'aqProf.dll' (GetLastError=126)
LogWindows: File 'aqProf.dll' does not exist
LogWindows: Failed to load 'VSPerf140.dll' (GetLastError=126)
LogWindows: File 'VSPerf140.dll' does not exist
LogWindows: Failed to load 'VtuneApi.dll' (GetLastError=126)
LogWindows: File 'VtuneApi.dll' does not exist
LogWindows: Failed to load 'VtuneApi32e.dll' (GetLastError=126)
LogWindows: File 'VtuneApi32e.dll' does not exist
LogInit: Display: Running engine for game: RocketJumpPrototype
LogPlatformFile: Not using cached read wrapper
LogTaskGraph: Started task graph with 5 named threads and 23 total threads with 3 sets of task threads.
LogStats: Stats thread started at 4.206991
LogD3D11RHI: Loaded GFSDK_Aftermath_Lib.x64.dll
LogICUInternationalization: Display: ICU TimeZone Detection - Raw Offset: -5:00, Platform Override: ''
LogConfig: Warning: Failed to saved backup for config[Engine]
LogConfig: Warning: Failed to saved backup for config[Input]
LogConfig: Warning: Failed to saved backup for config[Editor]
LogConfig: Warning: Failed to saved backup for config[EditorPerProjectUserSettings]
LogConfig: Warning: Failed to saved backup for config[Scalability]
LogConfig: Warning: Failed to saved backup for config[GameUserSettings]
LogPluginManager: Mounting plugin Paper2D
LogPluginManager: Mounting plugin AISupport
LogPluginManager: Mounting plugin LightPropagationVolume
LogPluginManager: Mounting plugin CLionSourceCodeAccess
LogPluginManager: Mounting plugin CodeLiteSourceCodeAccess
LogPluginManager: Mounting plugin GitSourceControl
LogPluginManager: Mounting plugin KDevelopSourceCodeAccess
LogPluginManager: Mounting plugin NullSourceCodeAccess
LogPluginManager: Mounting plugin PerforceSourceControl
LogPluginManager: Mounting plugin SubversionSourceControl
LogPluginManager: Mounting plugin UObjectPlugin
LogPluginManager: Mounting plugin VisualStudioCodeSourceCodeAccess
LogPluginManager: Mounting plugin VisualStudioSourceCodeAccess
LogPluginManager: Mounting plugin XCodeSourceCodeAccess
LogPluginManager: Mounting plugin AssetManagerEditor
LogPluginManager: Mounting plugin CryptoKeys
LogPluginManager: Mounting plugin DataValidation
LogPluginManager: Mounting plugin FacialAnimation
LogPluginManager: Mounting plugin GameplayTagsEditor
LogPluginManager: Mounting plugin MacGraphicsSwitching
LogPluginManager: Mounting plugin MeshEditor
LogPluginManager: Mounting plugin MobileLauncherProfileWizard
LogPluginManager: Mounting plugin PluginBrowser
LogPluginManager: Mounting plugin SpeedTreeImporter
LogPluginManager: Mounting plugin DatasmithContent
LogPluginManager: Mounting plugin AlembicImporter
LogPluginManager: Mounting plugin AppleImageUtils
LogPluginManager: Mounting plugin AppleVision
LogPluginManager: Mounting plugin BackChannel
LogPluginManager: Mounting plugin CharacterAI
LogPluginManager: Mounting plugin GeometryCache
LogPluginManager: Mounting plugin HTML5Networking
LogPluginManager: Mounting plugin ProxyLODPlugin
LogPluginManager: Mounting plugin MagicLeap
LogPluginManager: Mounting plugin MagicLeapEmulator
LogPluginManager: Mounting plugin MagicLeapMedia
LogPluginManager: Mounting plugin AndroidMedia
LogPluginManager: Mounting plugin AvfMedia
LogPluginManager: Mounting plugin ImgMedia
LogPluginManager: Mounting plugin LinearTimecode
LogPluginManager: Mounting plugin MediaCompositing
LogPluginManager: Mounting plugin MediaPlayerEditor
LogPluginManager: Mounting plugin WmfMedia
LogPluginManager: Mounting plugin TcpMessaging
LogPluginManager: Mounting plugin UdpMessaging
LogPluginManager: Mounting plugin ActorSequence
LogPluginManager: Mounting plugin LevelSequenceEditor
LogPluginManager: Mounting plugin MatineeToLevelSequence
LogPluginManager: Mounting plugin NetcodeUnitTest
LogPluginManager: Mounting plugin NUTUnrealEngine4
LogPluginManager: Mounting plugin OnlineSubsystemGooglePlay
LogPluginManager: Mounting plugin OnlineSubsystemIOS
LogPluginManager: Mounting plugin OnlineSubsystem
LogPluginManager: Mounting plugin OnlineSubsystemNull
LogPluginManager: Mounting plugin OnlineSubsystemUtils
LogPluginManager: Mounting plugin LauncherChunkInstaller
LogPluginManager: Mounting plugin AndroidDeviceProfileSelector
LogPluginManager: Mounting plugin AndroidMoviePlayer
LogPluginManager: Mounting plugin AndroidPermission
LogPluginManager: Mounting plugin AppleMoviePlayer
LogPluginManager: Mounting plugin ArchVisCharacter
LogPluginManager: Mounting plugin AudioCapture
LogPluginManager: Mounting plugin CableComponent
LogPluginManager: Mounting plugin CustomMeshComponent
LogPluginManager: Mounting plugin EditableMesh
LogPluginManager: Mounting plugin ExampleDeviceProfileSelector
LogPluginManager: Mounting plugin GoogleCloudMessaging
LogPluginManager: Mounting plugin ImmediatePhysics
LogPluginManager: Mounting plugin IOSDeviceProfileSelector
LogPluginManager: Mounting plugin LinuxDeviceProfileSelector
LogPluginManager: Mounting plugin LocationServicesBPLibrary
LogPluginManager: Mounting plugin MobilePatchingUtils
LogPluginManager: Mounting plugin OculusVR
LogPluginManager: Plugin shader directory ../../../Engine/Plugins/Runtime/Oculus/OculusVR/Shaders found
LogPluginManager: Mapping shader source directory ../../../Engine/Plugins/Runtime/Oculus/OculusVR/Shaders to virtual directory /Plugin/OculusVR
LogConfig: Warning: Failed to saved backup for config[OculusVR]
LogPluginManager: Mounting plugin PhysXVehicles
LogConfig: Warning: Failed to saved backup for config[PhysXVehicles]
LogPluginManager: Mounting plugin ProceduralMeshComponent
LogPluginManager: Mounting plugin RuntimePhysXCooking
LogPluginManager: Mounting plugin SteamVR
LogPluginManager: Mounting plugin WindowsMoviePlayer
LogStreaming: Display: Took  0.212s to configure plugins.
LogInit: Using libcurl 7.55.1-DEV
LogInit:  - built for x86_64-pc-win32
LogInit:  - supports SSL with OpenSSL/1.0.2h
LogInit:  - supports HTTP deflate (compression) using libz 1.2.8
LogInit:  - other features:
LogInit:      CURL_VERSION_SSL
LogInit:      CURL_VERSION_LIBZ
LogInit:      CURL_VERSION_IPV6
LogInit:      CURL_VERSION_ASYNCHDNS
LogInit:      CURL_VERSION_LARGEFILE
LogInit:      CURL_VERSION_IDN
LogInit:  CurlRequestOptions (configurable via config and command line):
LogInit:  - bVerifyPeer = false  - Libcurl will NOT verify peer certificate
LogInit:  - bUseHttpProxy = false  - Libcurl will NOT use HTTP proxy
LogInit:  - bDontReuseConnections = false  - Libcurl will reuse connections
LogInit:  - CertBundlePath = nullptr  - Libcurl will use whatever was configured at build time.
LogInit:  - MaxHostConnections = 16  - Libcurl will limit the number of connections to a host
LogInit:  - LocalHostAddr = Default
LogInit:  - BufferSize = 65536
LogInit: WinSock: version 1.1 (2.2), MaxSocks=32767, MaxUdp=65467
LogInit: Build: ++UE4+Release-4.20-CL-4369336
LogInit: Engine Version: 4.20.3-4369336+++UE4+Release-4.20
LogInit: Compatible Engine Version: 4.20.0-4212847+++UE4+Release-4.20
LogInit: Net CL: 4212847
LogInit: OS: Windows 10 (), CPU:        Intel(R) Core(TM) i7-3770K CPU @ 3.50GHz, GPU: AMD Radeon R9 200 Series
LogInit: Compiled (64-bit): Sep 17 2018 12:26:19
LogInit: Compiled with Visual C++: 19.13.26129.00
LogInit: Build Configuration: Development
LogInit: Branch Name: ++UE4+Release-4.20
LogInit: Command Line:  
LogInit: Base Directory: C:/Program Files/Epic Games/UE_4.20/Engine/Binaries/Win64/
LogInit: Installed Engine Build: 1
LogDevObjectVersion: Number of dev versions registered: 20
LogDevObjectVersion:   Dev-Blueprints (B0D832E4-1F89-4F0D-ACCF-7EB736FD4AA2): 10
LogDevObjectVersion:   Dev-Build (E1C64328-A22C-4D53-A36C-8E866417BD8C): 0
LogDevObjectVersion:   Dev-Core (375EC13C-06E4-48FB-B500-84F0262A717E): 2
LogDevObjectVersion:   Dev-Editor (E4B068ED-F494-42E9-A231-DA0B2E46BB41): 24
LogDevObjectVersion:   Dev-Framework (CFFC743F-43B0-4480-9391-14DF171D2073): 34
LogDevObjectVersion:   Dev-Mobile (B02B49B5-BB20-44E9-A304-32B752E40360): 2
LogDevObjectVersion:   Dev-Networking (A4E4105C-59A1-49B5-A7C5-40C4547EDFEE): 0
LogDevObjectVersion:   Dev-Online (39C831C9-5AE6-47DC-9A44-9C173E1C8E7C): 0
LogDevObjectVersion:   Dev-Physics (78F01B33-EBEA-4F98-B9B4-84EACCB95AA2): 0
LogDevObjectVersion:   Dev-Platform (6631380F-2D4D-43E0-8009-CF276956A95A): 0
LogDevObjectVersion:   Dev-Rendering (12F88B9F-8875-4AFC-A67C-D90C383ABD29): 26
LogDevObjectVersion:   Dev-Sequencer (7B5AE74C-D270-4C10-A958-57980B212A5A): 9
LogDevObjectVersion:   Dev-VR (D7296918-1DD6-4BDD-9DE2-64A83CC13884): 2
LogDevObjectVersion:   Dev-LoadTimes (C2A15278-BFE7-4AFE-6C17-90FF531DF755): 1
LogDevObjectVersion:   Private-Geometry (6EACA3D4-40EC-4CC1-B786-8BED09428FC5): 3
LogDevObjectVersion:   Dev-AnimPhys (29E575DD-E0A3-4627-9D10-D276232CDCEA): 17
LogDevObjectVersion:   Dev-ReflectionCapture (6B266CEC-1EC7-4B8F-A30B-E4D90942FC07): 1
LogDevObjectVersion:   Dev-Automation (0DF73D61-A23F-47EA-B727-89E90C41499A): 1
LogDevObjectVersion:   FortniteMain (601D1886-AC64-4F84-AA16-D3DE0DEAC7D6): 12
LogDevObjectVersion:   Dev-Enterprise (9DFFBCD6-494F-0158-E221-12823C92A888): 1
LogStreaming: Display: Took  0.025s to delete old logs.
LogInit: Presizing for max 8388607 objects, including 0 objects not considered by GC, pre-allocating 0 bytes for permanent pool.
LogInit: Object subsystem initialized
[2019.01.05-02.16.23:734][  0]LogInit: Selected Device Profile: [Windows]
[2019.01.05-02.16.23:734][  0]LogInit: Applying CVar settings loaded from the selected device profile: [Windows]
[2019.01.05-02.16.23:756][  0]LogConfig: Warning: Failed to saved backup for config[DeviceProfiles]
[2019.01.05-02.16.23:774][  0]LogHAL: Display: Platform has ~ 16 GB [16850325504 / 17179869184 / 16], which maps to Larger [LargestMinGB=32, LargerMinGB=12, DefaultMinGB=8, SmallerMinGB=6, SmallestMinGB=0)
[2019.01.05-02.16.23:795][  0]LogInit: Setting Device Profile CVar: [[r.Vulkan.UseRealUBs:1]]
[2019.01.05-02.16.23:795][  0]LogInit: Going up to parent DeviceProfile []
[2019.01.05-02.16.23:838][  0]LogInit: Computer: DESKTOP-6K2112M
[2019.01.05-02.16.23:838][  0]LogInit: User: Nathan
[2019.01.05-02.16.23:838][  0]LogInit: CPU Page size=4096, Cores=4
[2019.01.05-02.16.23:838][  0]LogInit: High frequency timer resolution =14.318180 MHz
[2019.01.05-02.16.23:845][  0]LogMemory: Memory total: Physical=15.7GB (16GB approx)
[2019.01.05-02.16.23:845][  0]LogMemory: Platform Memory Stats for Windows
[2019.01.05-02.16.23:845][  0]LogMemory: Process Physical Memory: 99.80 MB used, 99.80 MB peak
[2019.01.05-02.16.23:845][  0]LogMemory: Process Virtual Memory: 91.03 MB used, 91.03 MB peak
[2019.01.05-02.16.23:845][  0]LogMemory: Physical Memory: 5673.81 MB used,  10395.91 MB free, 16069.72 MB total
[2019.01.05-02.16.23:845][  0]LogMemory: Virtual Memory: 4640.43 MB used,  10395.91 MB free, 134217728.00 MB total
[2019.01.05-02.16.24:676][  0]LogInit: Using OS detected language (en-US).
[2019.01.05-02.16.24:676][  0]LogInit: Using OS detected locale (en-US).
[2019.01.05-02.16.24:756][  0]LogTextLocalizationManager: No specific localization for 'en-US' exists, so the 'en' localization will be used.
[2019.01.05-02.16.26:304][  0]LogStreaming: Display: Took  1.619s to InitEngineTextLocalization.
[2019.01.05-02.16.26:334][  0]LogInit: Setting process to per monitor DPI aware
[2019.01.05-02.16.29:712][  0]LogSlate: New Slate User Created.  User Index 0, Is Virtual User: 0
[2019.01.05-02.16.29:712][  0]LogSlate: Slate User Registered.  User Index 0, Is Virtual User: 0
[2019.01.05-02.16.41:018][  0]LogHMD: Failed to initialize OpenVR with code 110
[2019.01.05-02.16.41:019][  0]LogD3D11RHI: D3D11 adapters:
[2019.01.05-02.16.41:134][  0]LogD3D11RHI:    0. 'AMD Radeon R9 200 Series' (Feature Level 11_0)
[2019.01.05-02.16.41:135][  0]LogD3D11RHI:       2028/0/8034 MB DedicatedVideo/DedicatedSystem/SharedSystem, Outputs:2, VendorId:0x1002
[2019.01.05-02.16.41:154][  0]LogD3D11RHI:    1. 'Intel(R) HD Graphics 4000' (Feature Level 11_0)
[2019.01.05-02.16.41:154][  0]LogD3D11RHI:       224/0/1568 MB DedicatedVideo/DedicatedSystem/SharedSystem, Outputs:0, VendorId:0x8086
[2019.01.05-02.16.41:162][  0]LogD3D11RHI:    2. 'Microsoft Basic Render Driver' (Feature Level 11_0)
[2019.01.05-02.16.41:162][  0]LogD3D11RHI:       0/0/8034 MB DedicatedVideo/DedicatedSystem/SharedSystem, Outputs:0, VendorId:0x1414
[2019.01.05-02.16.41:162][  0]LogD3D11RHI: Chosen D3D11 Adapter: 0
[2019.01.05-02.16.41:191][  0]LogD3D11RHI: Creating new Direct3DDevice
[2019.01.05-02.16.41:191][  0]LogD3D11RHI:     GPU DeviceId: 0x6810 (for the marketing name, search the web for "GPU Device Id")
[2019.01.05-02.16.41:268][  0]LogWindows: EnumDisplayDevices:
[2019.01.05-02.16.41:268][  0]LogWindows:    0. 'AMD Radeon R9 200 Series' (P:1 D:1)
[2019.01.05-02.16.41:318][  0]LogWindows:    1. 'AMD Radeon R9 200 Series' (P:0 D:1)
[2019.01.05-02.16.41:319][  0]LogWindows:    2. 'AMD Radeon R9 200 Series' (P:0 D:0)
[2019.01.05-02.16.41:321][  0]LogWindows:    3. 'AMD Radeon R9 200 Series' (P:0 D:0)
[2019.01.05-02.16.41:323][  0]LogWindows:    4. 'AMD Radeon R9 200 Series' (P:0 D:0)
[2019.01.05-02.16.41:324][  0]LogWindows:    5. 'AMD Radeon R9 200 Series' (P:0 D:0)
[2019.01.05-02.16.41:326][  0]LogWindows:    6. 'AMD Radeon R9 200 Series' (P:0 D:0)
[2019.01.05-02.16.41:328][  0]LogWindows:    7. 'Intel(R) HD Graphics 4000' (P:0 D:0)
[2019.01.05-02.16.41:329][  0]LogWindows:    8. 'Intel(R) HD Graphics 4000' (P:0 D:0)
[2019.01.05-02.16.41:330][  0]LogWindows:    9. 'Intel(R) HD Graphics 4000' (P:0 D:0)
[2019.01.05-02.16.41:330][  0]LogWindows: DebugString: PrimaryIsNotTheChoosenAdapter PrimaryIsNotTheChoosenAdapter PrimaryIsNotTheChoosenAdapter FoundDriverCount:7 
[2019.01.05-02.16.41:330][  0]LogD3D11RHI:     Adapter Name: AMD Radeon R9 200 Series
[2019.01.05-02.16.41:330][  0]LogD3D11RHI:   Driver Version: Adrenalin 18.9.1 (internal:24.20.13017.1009, unified:24.20.13017.1009)
[2019.01.05-02.16.41:330][  0]LogD3D11RHI:      Driver Date: 9-11-2018
[2019.01.05-02.16.41:331][  0]LogRHI: Texture pool is 1419 MB (70% of 2028 MB)
[2019.01.05-02.16.42:002][  0]LogD3D11RHI: Async texture creation enabled
[2019.01.05-02.16.42:522][  0]LogD3D11RHI: GPU Timing Frequency: 27.000000 (Debug: 2 1)
[2019.01.05-02.16.42:635][  0]LogShaderCompilers: Guid format shader working directory is -34 characters bigger than the processId version (../../../../../../Users/Nathan/Documents/GitHub/RocketJumper/RocketJumpPrototype/Intermediate/Shaders/WorkingDirectory/12052/).
[2019.01.05-02.16.42:636][  0]LogShaderCompilers: Cleaned the shader compiler working directory 'C:/Users/Nathan/AppData/Local/Temp/UnrealShaderWorkingDir/AB8BE7B5405B458E23F590B74ED58E21/'.
[2019.01.05-02.16.45:200][  0]LogTemp: Display: Loaded TP AllDesktopTargetPlatform
[2019.01.05-02.16.45:217][  0]LogTemp: Display: Loaded TP MacClientTargetPlatform
[2019.01.05-02.16.45:235][  0]LogTemp: Display: Loaded TP MacNoEditorTargetPlatform
[2019.01.05-02.16.45:252][  0]LogTemp: Display: Loaded TP MacServerTargetPlatform
[2019.01.05-02.16.45:269][  0]LogTemp: Display: Loaded TP MacTargetPlatform
[2019.01.05-02.16.45:286][  0]LogTemp: Display: Loaded TP WindowsClientTargetPlatform
[2019.01.05-02.16.45:306][  0]LogTemp: Display: Loaded TP WindowsNoEditorTargetPlatform
[2019.01.05-02.16.45:324][  0]LogTemp: Display: Loaded TP WindowsServerTargetPlatform
[2019.01.05-02.16.45:333][  0]LogTemp: Display: Loaded TP WindowsTargetPlatform
[2019.01.05-02.16.45:428][  0]LogTemp: Display: Loaded TP AndroidTargetPlatform
[2019.01.05-02.16.45:428][  0]LogTemp: Display: Loaded TP AndroidTargetPlatform
[2019.01.05-02.16.45:428][  0]LogTemp: Display: Loaded TP AndroidTargetPlatform
[2019.01.05-02.16.45:428][  0]LogTemp: Display: Loaded TP AndroidTargetPlatform
[2019.01.05-02.16.45:428][  0]LogTemp: Display: Loaded TP AndroidTargetPlatform
[2019.01.05-02.16.45:428][  0]LogTemp: Display: Loaded TP AndroidTargetPlatform
[2019.01.05-02.16.45:428][  0]LogTemp: Display: Loaded TP AndroidTargetPlatform
[2019.01.05-02.16.45:428][  0]LogTemp: Display: Loaded TP AndroidTargetPlatform
[2019.01.05-02.16.45:428][  0]LogTemp: Display: Loaded TP AndroidTargetPlatform
[2019.01.05-02.16.45:428][  0]LogTemp: Display: Loaded TP AndroidTargetPlatform
[2019.01.05-02.16.45:428][  0]LogTemp: Display: Loaded TP AndroidTargetPlatform
[2019.01.05-02.16.45:428][  0]LogTemp: Display: Loaded TP AndroidTargetPlatform
[2019.01.05-02.16.45:428][  0]LogTemp: Display: Loaded TP AndroidTargetPlatform
[2019.01.05-02.16.45:428][  0]LogTemp: Display: Loaded TP AndroidTargetPlatform
[2019.01.05-02.16.45:428][  0]LogTemp: Display: Loaded TP AndroidTargetPlatform
[2019.01.05-02.16.45:428][  0]LogTemp: Display: Loaded TP AndroidTargetPlatform
[2019.01.05-02.16.45:428][  0]LogTemp: Display: Loaded TP AndroidTargetPlatform
[2019.01.05-02.16.45:428][  0]LogTemp: Display: Loaded TP AndroidTargetPlatform
[2019.01.05-02.16.45:430][  0]LogTemp: Display: Loaded TP HTML5TargetPlatform
[2019.01.05-02.16.45:497][  0]LogTemp: Display: Loaded TP IOSTargetPlatform
[2019.01.05-02.16.45:497][  0]LogTemp: Display: Loaded TP IOSTargetPlatform
[2019.01.05-02.16.45:526][  0]LogTemp: Display: Loaded TP TVOSTargetPlatform
[2019.01.05-02.16.45:526][  0]LogTemp: Display: Loaded TP TVOSTargetPlatform
[2019.01.05-02.16.45:540][  0]LogTemp: Display: Loaded TP LinuxClientTargetPlatform
[2019.01.05-02.16.45:555][  0]LogTemp: Display: Loaded TP LinuxNoEditorTargetPlatform
[2019.01.05-02.16.45:570][  0]LogTemp: Display: Loaded TP LinuxServerTargetPlatform
[2019.01.05-02.16.45:585][  0]LogTemp: Display: Loaded TP LinuxTargetPlatform
[2019.01.05-02.16.45:596][  0]LogTemp: Display: Loaded TP LuminTargetPlatform
[2019.01.05-02.16.45:596][  0]LogTargetPlatformManager: Display: Building Assets For Windows
[2019.01.05-02.16.46:697][  0]LogXGEController: Cleaning working directory: C:/Users/Nathan/AppData/Local/Temp/UnrealXGEWorkingDir/
[2019.01.05-02.16.46:698][  0]LogXGEController: Cannot use XGE Controller as Incredibuild is not installed on this machine.
[2019.01.05-02.16.46:698][  0]LogShaderCompilers: Cannot use XGE Shader Compiler as Incredibuild is not installed on this machine.
[2019.01.05-02.16.46:698][  0]LogShaderCompilers: Display: Using Local Shader Compiler.
[2019.01.05-02.16.57:843][  0]LogDerivedDataCache: Display: Max Cache Size: 512 MB
[2019.01.05-02.17.01:292][  0]LogDerivedDataCache: Loaded boot cache 3.45s 71MB C:/Users/Nathan/AppData/Local/UnrealEngine/4.20/DerivedDataCache/Boot.ddc.
[2019.01.05-02.17.01:293][  0]LogDerivedDataCache: Display: Loaded Boot cache: C:/Users/Nathan/AppData/Local/UnrealEngine/4.20/DerivedDataCache/Boot.ddc
[2019.01.05-02.17.01:293][  0]LogDerivedDataCache: FDerivedDataBackendGraph:  Pak pak cache file ../../../../../../Users/Nathan/Documents/GitHub/RocketJumper/RocketJumpPrototype/DerivedDataCache/DDC.ddp not found, will not use a pak cache.
[2019.01.05-02.17.01:293][  0]LogDerivedDataCache: Unable to find inner node Pak for hierarchical cache Hierarchy.
[2019.01.05-02.17.01:293][  0]LogDerivedDataCache: FDerivedDataBackendGraph:  CompressedPak pak cache file ../../../../../../Users/Nathan/Documents/GitHub/RocketJumper/RocketJumpPrototype/DerivedDataCache/Compressed.ddp not found, will not use a pak cache.
[2019.01.05-02.17.01:293][  0]LogDerivedDataCache: Unable to find inner node CompressedPak for hierarchical cache Hierarchy.
[2019.01.05-02.17.02:015][  0]LogDerivedDataCache: Display: Pak cache opened for reading ../../../Engine/DerivedDataCache/Compressed.ddp.
[2019.01.05-02.17.02:080][  0]LogDerivedDataCache: Using Local data cache path C:/Users/Nathan/AppData/Local/UnrealEngine/Common/DerivedDataCache: Writable
[2019.01.05-02.17.02:080][  0]LogDerivedDataCache: Shared data cache path not found in *engine.ini, will not use an Shared cache.
[2019.01.05-02.17.02:080][  0]LogDerivedDataCache: Unable to find inner node Shared for hierarchical cache Hierarchy.
[2019.01.05-02.17.03:072][  0]LogMaterial: Verifying Global Shaders for PCD3D_SM5
[2019.01.05-02.17.03:311][  0]LogSlate: Using FreeType 2.6.0
[2019.01.05-02.17.03:685][  0]LogSlate: SlateFontServices - WITH_FREETYPE: 1, WITH_HARFBUZZ: 1
[2019.01.05-02.17.07:000][  0]LogAssetRegistry: FAssetRegistry took 0.0470 seconds to start up
[2019.01.05-02.17.16:243][  0]LogInit: Selected Device Profile: [Windows]
[2019.01.05-02.17.21:583][  0]LogSimplygon: Simplygon DLL not present - disabling.
[2019.01.05-02.17.21:948][  0]LogMeshReduction: Using SimplygonSwarm for distributed automatic mesh merging
[2019.01.05-02.17.21:948][  0]LogMeshReduction: Using ProxyLODMeshReduction for automatic mesh merging
[2019.01.05-02.17.22:000][  0]LogMeshReduction: Using QuadricMeshReduction for automatic static mesh reduction
[2019.01.05-02.17.22:000][  0]LogMeshReduction: No automatic skeletal mesh reduction module available
[2019.01.05-02.17.23:519][  0]LogNetVersion: RocketJumpPrototype 1.0.0, NetCL: 4212847, EngineNetVer: 5, GameNetVer: 0 (Checksum: 867795555)
[2019.01.05-02.17.34:569][  0]LogAssetRegistry: Error: Failed to open file for write ../../../../../../Users/Nathan/Documents/GitHub/RocketJumper/RocketJumpPrototype/Intermediate/AssetRegistryCache/5a627529.bin
[2019.01.05-02.17.34:822][  0]LogAssetRegistry: Error: Failed to open file for write ../../../../../../Users/Nathan/Documents/GitHub/RocketJumper/RocketJumpPrototype/Intermediate/AssetRegistryCache/2657c409.bin
[2019.01.05-02.17.34:834][  0]LogFileManager: Warning: MoveFile was unable to move '../../../../../../Users/Nathan/Documents/GitHub/RocketJumper/RocketJumpPrototype/Intermediate/AssetRegistryCache/1d5167fa.bin.tmp' to '../../../../../../Users/Nathan/Documents/GitHub/RocketJumper/RocketJumpPrototype/Intermediate/AssetRegistryCache/1d5167fa.bin', retrying in .5s...
[2019.01.05-02.17.35:335][  0]LogFileManager: Warning: MoveFile was unable to move '../../../../../../Users/Nathan/Documents/GitHub/RocketJumper/RocketJumpPrototype/Intermediate/AssetRegistryCache/1d5167fa.bin.tmp' to '../../../../../../Users/Nathan/Documents/GitHub/RocketJumper/RocketJumpPrototype/Intermediate/AssetRegistryCache/1d5167fa.bin', retrying in .5s...
[2019.01.05-02.17.35:836][  0]LogFileManager: Warning: MoveFile was unable to move '../../../../../../Users/Nathan/Documents/GitHub/RocketJumper/RocketJumpPrototype/Intermediate/AssetRegistryCache/1d5167fa.bin.tmp' to '../../../../../../Users/Nathan/Documents/GitHub/RocketJumper/RocketJumpPrototype/Intermediate/AssetRegistryCache/1d5167fa.bin', retrying in .5s...
[2019.01.05-02.17.36:337][  0]LogFileManager: Warning: MoveFile was unable to move '../../../../../../Users/Nathan/Documents/GitHub/RocketJumper/RocketJumpPrototype/Intermediate/AssetRegistryCache/1d5167fa.bin.tmp' to '../../../../../../Users/Nathan/Documents/GitHub/RocketJumper/RocketJumpPrototype/Intermediate/AssetRegistryCache/1d5167fa.bin', retrying in .5s...
[2019.01.05-02.17.36:838][  0]LogFileManager: Warning: MoveFile was unable to move '../../../../../../Users/Nathan/Documents/GitHub/RocketJumper/RocketJumpPrototype/Intermediate/AssetRegistryCache/1d5167fa.bin.tmp' to '../../../../../../Users/Nathan/Documents/GitHub/RocketJumper/RocketJumpPrototype/Intermediate/AssetRegistryCache/1d5167fa.bin', retrying in .5s...
[2019.01.05-02.17.37:339][  0]LogFileManager: Warning: MoveFile was unable to move '../../../../../../Users/Nathan/Documents/GitHub/RocketJumper/RocketJumpPrototype/Intermediate/AssetRegistryCache/1d5167fa.bin.tmp' to '../../../../../../Users/Nathan/Documents/GitHub/RocketJumper/RocketJumpPrototype/Intermediate/AssetRegistryCache/1d5167fa.bin', retrying in .5s...
[2019.01.05-02.17.37:840][  0]LogFileManager: Warning: MoveFile was unable to move '../../../../../../Users/Nathan/Documents/GitHub/RocketJumper/RocketJumpPrototype/Intermediate/AssetRegistryCache/1d5167fa.bin.tmp' to '../../../../../../Users/Nathan/Documents/GitHub/RocketJumper/RocketJumpPrototype/Intermediate/AssetRegistryCache/1d5167fa.bin', retrying in .5s...
[2019.01.05-02.17.38:341][  0]LogFileManager: Warning: MoveFile was unable to move '../../../../../../Users/Nathan/Documents/GitHub/RocketJumper/RocketJumpPrototype/Intermediate/AssetRegistryCache/1d5167fa.bin.tmp' to '../../../../../../Users/Nathan/Documents/GitHub/RocketJumper/RocketJumpPrototype/Intermediate/AssetRegistryCache/1d5167fa.bin', retrying in .5s...
[2019.01.05-02.17.38:842][  0]LogFileManager: Warning: MoveFile was unable to move '../../../../../../Users/Nathan/Documents/GitHub/RocketJumper/RocketJumpPrototype/Intermediate/AssetRegistryCache/1d5167fa.bin.tmp' to '../../../../../../Users/Nathan/Documents/GitHub/RocketJumper/RocketJumpPrototype/Intermediate/AssetRegistryCache/1d5167fa.bin', retrying in .5s...
[2019.01.05-02.17.39:343][  0]LogFileManager: Warning: MoveFile was unable to move '../../../../../../Users/Nathan/Documents/GitHub/RocketJumper/RocketJumpPrototype/Intermediate/AssetRegistryCache/1d5167fa.bin.tmp' to '../../../../../../Users/Nathan/Documents/GitHub/RocketJumper/RocketJumpPrototype/Intermediate/AssetRegistryCache/1d5167fa.bin', retrying in .5s...
[2019.01.05-02.17.39:844][  0]LogFileManager: Error: Error moving file '../../../../../../Users/Nathan/Documents/GitHub/RocketJumper/RocketJumpPrototype/Intermediate/AssetRegistryCache/1d5167fa.bin.tmp' to '../../../../../../Users/Nathan/Documents/GitHub/RocketJumper/RocketJumpPrototype/Intermediate/AssetRegistryCache/1d5167fa.bin'.
[2019.01.05-02.17.40:018][  0]LogPackageLocalizationCache: Processed 11 localized package path(s) for 2 prioritized culture(s) in 5.485422 seconds
[2019.01.05-02.17.40:025][  0]LogUObjectArray: 38425 objects as part of root set at end of initial load.
[2019.01.05-02.17.40:025][  0]LogUObjectAllocator: 6690872 out of 0 bytes used by permanent object pool.
[2019.01.05-02.17.40:025][  0]LogUObjectArray: CloseDisregardForGC: 0/0 objects in disregard for GC pool
[2019.01.05-02.18.14:442][  0]LogTcpMessaging: Initializing TcpMessaging bridge
[2019.01.05-02.18.14:523][  0]LogUdpMessaging: Initializing bridge on interface 0.0.0.0:0 to multicast group 230.0.0.1:6666.
[2019.01.05-02.18.17:193][  0]SourceControl: Source control is disabled
[2019.01.05-02.18.17:195][  0]SourceControl: Source control is disabled
[2019.01.05-02.18.17:333][  0]SourceControl: Source control is disabled
[2019.01.05-02.18.17:366][  0]SourceControl: Source control is disabled
[2019.01.05-02.18.20:200][  0]LogAndroidPermission: UAndroidPermissionCallbackProxy::GetInstance
[2019.01.05-02.18.20:616][  0]LogOcInput: OculusInput pre-init called
[2019.01.05-02.18.22:423][  0]LogEngine: Initializing Engine...
[2019.01.05-02.18.22:514][  0]LogHMD: Failed to initialize OpenVR with code 110
[2019.01.05-02.18.22:615][  0]LogStats: UGameplayTagsManager::ConstructGameplayTagTree: ImportINI prefixes -  0.022 s
[2019.01.05-02.18.22:615][  0]LogStats: UGameplayTagsManager::ConstructGameplayTagTree: Construct from data asset -  0.000 s
[2019.01.05-02.18.22:616][  0]LogStats: UGameplayTagsManager::ConstructGameplayTagTree: ImportINI -  0.001 s
[2019.01.05-02.18.22:617][  0]LogStats: UGameplayTagsManager::ConstructGameplayTagTree: GameplayTagTreeChangedEvent.Broadcast -  0.000 s
[2019.01.05-02.18.23:530][  0]LogInit: Initializing FReadOnlyCVARCache
[2019.01.05-02.18.25:639][  0]LogAIModule: Creating AISystem for world Untitled
[2019.01.05-02.18.27:111][  0]LogInit: XAudio2 using 'Speakers (High Definition Audio Device)' : 2 channels at 48 kHz using 16 bits per sample (channel mask 0x3)
[2019.01.05-02.18.27:289][  0]LogInit: FAudioDevice initialized.
[2019.01.05-02.18.27:343][  0]LogNetVersion: Set ProjectVersion to 1.0.0.0. Version Checksum will be recalculated on next use.
[2019.01.05-02.18.27:363][  0]LogDerivedDataCache: Error: Could not save memory cache C:/Users/Nathan/AppData/Local/UnrealEngine/4.20/DerivedDataCache/Boot.ddc.
[2019.01.05-02.18.27:388][  0]LogInit: Texture streaming: Enabled
[2019.01.05-02.18.30:138][  0]LogInit: Transaction tracking system initialized
[2019.01.05-02.18.32:238][  0]BlueprintLog: New page: Editor Load
[2019.01.05-02.18.37:270][  0]LocalizationService: Localization service is disabled
[2019.01.05-02.18.44:852][  0]LogFileCache: Scanning file cache for directory 'C:/Users/Nathan/Documents/GitHub/RocketJumper/RocketJumpPrototype/Content/' took 0.03s
[2019.01.05-02.18.44:852][  0]LogCook: Display: Max memory allowance for cook 16384mb min free memory 0mb
[2019.01.05-02.18.44:852][  0]LogCook: Display: Mobile HDR setting 1
[2019.01.05-02.18.45:039][  0]LogGameplayTags: Display: UGameplayTagsManager::DoneAddingNativeTags. DelegateIsBound: 0
[2019.01.05-02.18.45:040][  0]LogStats: UGameplayTagsManager::ConstructGameplayTagTree: ImportINI prefixes -  0.000 s
[2019.01.05-02.18.45:040][  0]LogStats: UGameplayTagsManager::ConstructGameplayTagTree: Construct from data asset -  0.000 s
[2019.01.05-02.18.45:040][  0]LogStats: UGameplayTagsManager::ConstructGameplayTagTree: ImportINI -  0.000 s
[2019.01.05-02.18.45:040][  0]LogStats: UGameplayTagsManager::ConstructGameplayTagTree: GameplayTagTreeChangedEvent.Broadcast -  0.000 s
[2019.01.05-02.18.52:059][  0]SourceControl: Source control is disabled
[2019.01.05-02.18.52:175][  0]Cmd: MAP LOAD FILE="../../../../../../Users/Nathan/Documents/GitHub/RocketJumper/RocketJumpPrototype/Content/FirstPersonBP/Maps/FirstPersonExampleMap.umap" TEMPLATE=0 SHOWPROGRESS=1 FEATURELEVEL=3
[2019.01.05-02.18.52:270][  0]LightingResults: New page: Lighting Build
[2019.01.05-02.18.52:874][  0]MapCheck: New page: Map Check
[2019.01.05-02.18.52:874][  0]LightingResults: New page: Lighting Build
[2019.01.05-02.18.58:555][  0]LogLinker: Warning: Can't find file '/Game/FirstPersonBP/Maps/FirstPersonExampleMap_BuiltData'
[2019.01.05-02.18.58:555][  0]LogLinker: Warning: Can't find file for asset '/Game/FirstPersonBP/Maps/FirstPersonExampleMap_BuiltData' while loading ../../../../../../Users/Nathan/Documents/GitHub/RocketJumper/RocketJumpPrototype/Content/FirstPersonBP/Maps/FirstPersonExampleMap.umap.
[2019.01.05-02.18.58:555][  0]LoadErrors: Error: /Game/FirstPersonBP/Maps/FirstPersonExampleMap : Can't find file for asset. /Game/FirstPersonBP/Maps/FirstPersonExampleMap_BuiltData
[2019.01.05-02.18.58:565][  0]LogLinker: Warning: Can't find file '/Game/FirstPersonBP/Maps/FirstPersonExampleMap_BuiltData'
[2019.01.05-02.18.58:565][  0]LogLinker: Warning: Can't find file for asset '/Game/FirstPersonBP/Maps/FirstPersonExampleMap_BuiltData' while loading ../../../../../../Users/Nathan/Documents/GitHub/RocketJumper/RocketJumpPrototype/Content/FirstPersonBP/Maps/FirstPersonExampleMap.umap.
[2019.01.05-02.18.58:565][  0]LoadErrors: Error: /Game/FirstPersonBP/Maps/FirstPersonExampleMap : Can't find file for asset. /Game/FirstPersonBP/Maps/FirstPersonExampleMap_BuiltData
[2019.01.05-02.18.58:572][  0]LogLinker: Warning: Can't find file '/Game/FirstPersonBP/Maps/FirstPersonExampleMap_BuiltData'
[2019.01.05-02.18.58:572][  0]LogLinker: Warning: Can't find file for asset '/Game/FirstPersonBP/Maps/FirstPersonExampleMap_BuiltData' while loading NULL.
[2019.01.05-02.18.58:573][  0]LogLinker: Warning: Can't find file '/Game/FirstPersonBP/Maps/FirstPersonExampleMap_BuiltData'
[2019.01.05-02.18.58:573][  0]LogLinker: Warning: Can't find file for asset '/Game/FirstPersonBP/Maps/FirstPersonExampleMap_BuiltData' while loading NULL.
[2019.01.05-02.18.58:911][  0]LogLinker: Warning: Can't find file '/Game/FirstPersonBP/Maps/FirstPersonExampleMap_BuiltData'
[2019.01.05-02.18.58:911][  0]LoadErrors: Failed to load /Game/FirstPersonBP/Maps/FirstPersonExampleMap_BuiltData.FirstPersonExampleMap_BuiltData Referenced by PersistentLevel
[2019.01.05-02.18.58:911][  0]LogLinker: Warning: Can't find file for asset '/Game/FirstPersonBP/Maps/FirstPersonExampleMap_BuiltData' while loading NULL.
[2019.01.05-02.18.58:912][  0]LoadErrors: Failed to load /Game/FirstPersonBP/Maps/FirstPersonExampleMap_BuiltData.FirstPersonExampleMap_BuiltData Referenced by PersistentLevel
[2019.01.05-02.19.00:482][  0]LogDerivedDataCache: FFileSystemDerivedDataBackend: Move collision, attempt at redundant update, OK C:/Users/Nathan/AppData/Local/UnrealEngine/Common/DerivedDataCache/4/7/7/PHYSX_A08609EF508D460CBB6710540B03AACF_PHYSXPC_C418824E4EA51B7ABCD164BCEEBBFBB__F4AF875FA82DEACE53B817CF721EC1A4DD3A17AE.udd.
[2019.01.05-02.19.00:482][  0]LogDerivedDataCache: FFileSystemDerivedDataBackend: Move collision, attempt at redundant update, OK C:/Users/Nathan/AppData/Local/UnrealEngine/Common/DerivedDataCache/0/7/7/PHYSX_A08609EF508D460CBB6710540B03AACF_PHYSXPC_20F4F1B74B83F5BF73219581AD95930A__1_0_0_0_2_13315_0.udd.
[2019.01.05-02.19.00:877][  0]LogDerivedDataCache: FFileSystemDerivedDataBackend: Move collision, attempt at redundant update, OK C:/Users/Nathan/AppData/Local/UnrealEngine/Common/DerivedDataCache/5/5/2/PHYSX_A08609EF508D460CBB6710540B03AACF_PHYSXPC_7B6910DF41DD37755365E48A64E886DE__1_0_0_0_2_13315_0.udd.
[2019.01.05-02.19.00:877][  0]LogAIModule: Creating AISystem for world FirstPersonExampleMap
[2019.01.05-02.19.03:747][  0]LogEditorServer: Finished looking for orphan Actors (0.006 secs)
[2019.01.05-02.19.04:703][  0]Cmd: MAP CHECKDEP NOCLEARLOG
[2019.01.05-02.19.04:877][  0]MapCheck: Map check complete: 0 Error(s), 0 Warning(s), took 173.483ms to complete.
[2019.01.05-02.19.04:888][  0]LogFileHelpers: Loading map 'FirstPersonExampleMap' took 12.744
[2019.01.05-02.19.10:058][  0]LogSlate: Updating window title bar state: overlay mode, drag disabled, window buttons hidden, title bar hidden
[2019.01.05-02.19.10:152][  0]LogSlate: Updating window title bar state: overlay mode, drag disabled, window buttons hidden, title bar hidden
[2019.01.05-02.19.10:164][  0]LogSlate: Updating window title bar state: overlay mode, drag disabled, window buttons hidden, title bar hidden
[2019.01.05-02.19.10:176][  0]LogSlate: Updating window title bar state: overlay mode, drag disabled, window buttons hidden, title bar hidden
[2019.01.05-02.19.10:566][  0]LogCollectionManager: Loaded 0 collections in 0.008947 seconds
[2019.01.05-02.19.11:075][  0]LogFileCache: Scanning file cache for directory 'C:/Users/Nathan/Documents/GitHub/RocketJumper/RocketJumpPrototype/Saved/Collections/' took 0.01s
[2019.01.05-02.19.11:075][  0]LogFileCache: Scanning file cache for directory 'C:/Users/Nathan/Documents/GitHub/RocketJumper/RocketJumpPrototype/Content/Developers/Nathan/Collections/' took 0.01s
[2019.01.05-02.19.11:075][  0]LogFileCache: Scanning file cache for directory 'C:/Users/Nathan/Documents/GitHub/RocketJumper/RocketJumpPrototype/Content/Collections/' took 0.01s
[2019.01.05-02.19.11:075][  0]LogCollectionManager: Rebuilt the GUID cache for 0 collections in 0.000002 seconds
[2019.01.05-02.19.11:199][  0]LogContentBrowser: Native class hierarchy populated in 0.0484 seconds. Added 2572 classes and 603 folders.
[2019.01.05-02.19.11:710][  0]LogContentBrowser: Native class hierarchy updated for 'WidgetCarousel' in 0.0006 seconds. Added 0 classes and 0 folders.
[2019.01.05-02.19.17:053][  0]LogContentBrowser: Native class hierarchy updated for 'AddContentDialog' in 0.0005 seconds. Added 0 classes and 0 folders.
[2019.01.05-02.19.17:559][  0]LogContentBrowser: Native class hierarchy updated for 'SceneOutliner' in 0.0009 seconds. Added 1 classes and 2 folders.
[2019.01.05-02.19.21:732][  0]LogSlate: Took 0.133252 seconds to synchronously load lazily loaded font '../../../Engine/Content/Slate/Fonts/Roboto-Regular.ttf' (155K)
[2019.01.05-02.19.21:877][  0]LogSlate: Took 0.018939 seconds to synchronously load lazily loaded font '../../../Engine/Content/Slate/Fonts/Roboto-Bold.ttf' (160K)
[2019.01.05-02.19.22:225][  0]LogSlate: Took 0.019269 seconds to synchronously load lazily loaded font '../../../Engine/Content/Editor/Slate/Fonts/FontAwesome.ttf' (139K)
[2019.01.05-02.19.24:578][  0]LogRenderer: Reallocating scene render targets to support 1208x576 Format 10 NumSamples 1 (Frame:1).
[2019.01.05-02.19.28:977][  0]LogContentBrowser: Native class hierarchy updated for 'HierarchicalLODOutliner' in 0.0006 seconds. Added 0 classes and 0 folders.
[2019.01.05-02.19.28:977][  0]LogLoad: (Engine Initialization) Total time: 211.16 seconds
[2019.01.05-02.19.28:977][  0]LogLoad: (Engine Initialization) Total Blueprint compile time: 0.00 seconds
[2019.01.05-02.19.30:367][  0]LogContentStreaming: Texture pool size now 1000 MB
[2019.01.05-02.19.30:718][  0]LogSlate: FSceneViewport::OnFocusLost() reason 2
[2019.01.05-02.19.32:343][  1]LogSlate: Took 0.037965 seconds to synchronously load lazily loaded font '../../../Engine/Content/Slate/Fonts/Roboto-Light.ttf' (167K)
[2019.01.05-02.19.32:899][  2]LogSlate: Took 0.000263 seconds to synchronously load lazily loaded font '../../../Engine/Content/Slate/Fonts/Roboto-Light.ttf' (167K)
[2019.01.05-02.19.32:971][  3]LogAssetRegistry: Asset discovery search completed in 145.9977 seconds
[2019.01.05-02.19.32:975][  3]LogCollectionManager: Rebuilt the object cache for 0 collections in 0.000002 seconds (found 0 objects)
[2019.01.05-02.19.32:975][  3]LogCollectionManager: Fixed up redirectors for 0 collections in 0.000554 seconds (updated 0 objects)
[2019.01.05-02.19.34:380][ 81]LogSlate: Window 'Message Log' being destroyed
[2019.01.05-02.19.34:447][ 81]LogSlate: Window 'Message Log' being destroyed
[2019.01.05-02.19.48:958][690]LogTemp: Repeating last play command: Selected Viewport
[2019.01.05-02.19.49:052][690]LogBlueprintUserMessages: Early PlayInEditor Detection: Level '/Game/FirstPersonBP/Maps/FirstPersonExampleMap.FirstPersonExampleMap:PersistentLevel' has LevelScriptBlueprint '/Game/FirstPersonBP/Maps/FirstPersonExampleMap.FirstPersonExampleMap:PersistentLevel.FirstPersonExampleMap' with GeneratedClass '/Game/FirstPersonBP/Maps/FirstPersonExampleMap.FirstPersonExampleMap_C' with ClassGeneratedBy '/Game/FirstPersonBP/Maps/FirstPersonExampleMap.FirstPersonExampleMap:PersistentLevel.FirstPersonExampleMap'
[2019.01.05-02.19.49:065][690]LogPlayLevel: PlayLevel: No blueprints needed recompiling
[2019.01.05-02.19.49:298][690]PIE: New page: PIE session: FirstPersonExampleMap (Jan 4, 2019, 4:19:49 PM)
[2019.01.05-02.19.49:299][690]LogPlayLevel: Creating play world package: /Game/FirstPersonBP/Maps/UEDPIE_0_FirstPersonExampleMap
[2019.01.05-02.19.49:574][690]LogPlayLevel: PIE: StaticDuplicateObject took: (0.275751s)
[2019.01.05-02.19.49:576][690]LogAIModule: Creating AISystem for world FirstPersonExampleMap
[2019.01.05-02.19.49:576][690]LogPlayLevel: PIE: World Init took: (0.001654s)
[2019.01.05-02.19.49:576][690]LogPlayLevel: PIE: Created PIE world by copying editor world from /Game/FirstPersonBP/Maps/FirstPersonExampleMap.FirstPersonExampleMap to /Game/FirstPersonBP/Maps/UEDPIE_0_FirstPersonExampleMap.FirstPersonExampleMap (0.277776s)
[2019.01.05-02.19.49:657][690]LogInit: XAudio2 using 'Speakers (High Definition Audio Device)' : 2 channels at 48 kHz using 16 bits per sample (channel mask 0x3)
[2019.01.05-02.19.49:670][690]LogInit: FAudioDevice initialized.
[2019.01.05-02.19.49:900][690]LogLoad: Game class is 'FirstPersonGameMode_C'
[2019.01.05-02.19.50:081][690]LogWorld: Bringing World /Game/FirstPersonBP/Maps/UEDPIE_0_FirstPersonExampleMap.FirstPersonExampleMap up for play (max tick rate 0) at 2019.01.04-21.19.50
[2019.01.05-02.19.50:266][690]LogWorld: Bringing up level for play took: 0.203795
[2019.01.05-02.19.50:880][690]LogContentBrowser: Native class hierarchy updated for 'MovieSceneCapture' in 0.0243 seconds. Added 10 classes and 0 folders.
[2019.01.05-02.19.51:047][690]PIE: Play in editor start time for /Game/FirstPersonBP/Maps/UEDPIE_0_FirstPersonExampleMap 2.019
[2019.01.05-02.19.51:047][690]LogBlueprintUserMessages: Late PlayInEditor Detection: Level '/Game/FirstPersonBP/Maps/FirstPersonExampleMap.FirstPersonExampleMap:PersistentLevel' has LevelScriptBlueprint '/Game/FirstPersonBP/Maps/FirstPersonExampleMap.FirstPersonExampleMap:PersistentLevel.FirstPersonExampleMap' with GeneratedClass '/Game/FirstPersonBP/Maps/FirstPersonExampleMap.FirstPersonExampleMap_C' with ClassGeneratedBy '/Game/FirstPersonBP/Maps/FirstPersonExampleMap.FirstPersonExampleMap:PersistentLevel.FirstPersonExampleMap'
[2019.01.05-02.20.00:831][344]LogBlueprintUserMessages: Early EndPlayMap Detection: Level '/Game/FirstPersonBP/Maps/FirstPersonExampleMap.FirstPersonExampleMap:PersistentLevel' has LevelScriptBlueprint '/Game/FirstPersonBP/Maps/FirstPersonExampleMap.FirstPersonExampleMap:PersistentLevel.FirstPersonExampleMap' with GeneratedClass '/Game/FirstPersonBP/Maps/FirstPersonExampleMap.FirstPersonExampleMap_C' with ClassGeneratedBy '/Game/FirstPersonBP/Maps/FirstPersonExampleMap.FirstPersonExampleMap:PersistentLevel.FirstPersonExampleMap'
[2019.01.05-02.20.00:877][344]LogSlate: Updating window title bar state: overlay mode, drag disabled, window buttons hidden, title bar hidden
[2019.01.05-02.20.01:001][344]LogPlayLevel: Display: Shutting down PIE online subsystems
[2019.01.05-02.20.01:002][344]LogBlueprintUserMessages: Late EndPlayMap Detection: Level '/Game/FirstPersonBP/Maps/FirstPersonExampleMap.FirstPersonExampleMap:PersistentLevel' has LevelScriptBlueprint '/Game/FirstPersonBP/Maps/FirstPersonExampleMap.FirstPersonExampleMap:PersistentLevel.FirstPersonExampleMap' with GeneratedClass '/Game/FirstPersonBP/Maps/FirstPersonExampleMap.FirstPersonExampleMap_C' with ClassGeneratedBy '/Game/FirstPersonBP/Maps/FirstPersonExampleMap.FirstPersonExampleMap:PersistentLevel.FirstPersonExampleMap'
[2019.01.05-02.20.01:054][344]LogSlate: Updating window title bar state: overlay mode, drag disabled, window buttons hidden, title bar hidden
[2019.01.05-02.20.01:150][345]LogPlayLevel: Display: Destroying online subsystem :Context_3
[2019.01.05-02.20.07:551][869]LogSlate: FSceneViewport::OnFocusLost() reason 0
[2019.01.05-02.20.07:776][870]LogAssetEditorManager: Opening Asset editor for Blueprint /Game/FirstPersonBP/Blueprints/FirstPersonProjectile.FirstPersonProjectile
[2019.01.05-02.20.10:794][870]LogContentBrowser: Native class hierarchy updated for 'BlueprintGraph' in 0.0014 seconds. Added 116 classes and 0 folders.
[2019.01.05-02.20.15:491][870]LogSlate: Took 0.056888 seconds to synchronously load lazily loaded font '../../../Engine/Content/Slate/Fonts/Roboto-BoldCondensed.ttf' (158K)
[2019.01.05-02.20.16:478][871]LogSlate: Took 0.029104 seconds to synchronously load lazily loaded font '../../../Engine/Content/Slate/Fonts/Roboto-Italic.ttf' (157K)
[2019.01.05-02.20.24:544][504]LogSlate: Window 'FirstPersonProjectile' being destroyed
[2019.01.05-02.20.29:020][ 35]LogEngineSessionManager: EngineSessionManager initialized
[2019.01.05-02.20.38:679][111]LogAssetEditorManager: Opening Asset editor for Blueprint /Game/FirstPersonBP/Blueprints/Explosion_Blueprint.Explosion_Blueprint
[2019.01.05-02.20.48:117][123]LogEditorViewport: Clicking on Actor (LMB): StaticMeshActor (Floor)
[2019.01.05-02.20.49:621][218]LogSlate: FSceneViewport::OnFocusLost() reason 0
[2019.01.05-02.20.49:700][225]LogTemp: Repeating last play command: Selected Viewport
[2019.01.05-02.20.49:722][225]LogBlueprintUserMessages: Early PlayInEditor Detection: Level '/Game/FirstPersonBP/Maps/FirstPersonExampleMap.FirstPersonExampleMap:PersistentLevel' has LevelScriptBlueprint '/Game/FirstPersonBP/Maps/FirstPersonExampleMap.FirstPersonExampleMap:PersistentLevel.FirstPersonExampleMap' with GeneratedClass '/Game/FirstPersonBP/Maps/FirstPersonExampleMap.FirstPersonExampleMap_C' with ClassGeneratedBy '/Game/FirstPersonBP/Maps/FirstPersonExampleMap.FirstPersonExampleMap:PersistentLevel.FirstPersonExampleMap'
[2019.01.05-02.20.49:722][225]LogPlayLevel: PlayLevel: No blueprints needed recompiling
[2019.01.05-02.20.49:722][225]PIE: New page: PIE session: FirstPersonExampleMap (Jan 4, 2019, 4:20:49 PM)
[2019.01.05-02.20.49:722][225]LogPlayLevel: Creating play world package: /Game/FirstPersonBP/Maps/UEDPIE_0_FirstPersonExampleMap
[2019.01.05-02.20.49:739][225]LogPlayLevel: PIE: StaticDuplicateObject took: (0.016707s)
[2019.01.05-02.20.49:741][225]LogAIModule: Creating AISystem for world FirstPersonExampleMap
[2019.01.05-02.20.49:741][225]LogPlayLevel: PIE: World Init took: (0.002108s)
[2019.01.05-02.20.49:741][225]LogPlayLevel: PIE: Created PIE world by copying editor world from /Game/FirstPersonBP/Maps/FirstPersonExampleMap.FirstPersonExampleMap to /Game/FirstPersonBP/Maps/UEDPIE_0_FirstPersonExampleMap.FirstPersonExampleMap (0.019120s)
[2019.01.05-02.20.49:821][225]LogInit: XAudio2 using 'Speakers (High Definition Audio Device)' : 2 channels at 48 kHz using 16 bits per sample (channel mask 0x3)
[2019.01.05-02.20.49:836][225]LogInit: FAudioDevice initialized.
[2019.01.05-02.20.49:870][225]LogLoad: Game class is 'FirstPersonGameMode_C'
[2019.01.05-02.20.49:874][225]LogWorld: Bringing World /Game/FirstPersonBP/Maps/UEDPIE_0_FirstPersonExampleMap.FirstPersonExampleMap up for play (max tick rate 0) at 2019.01.04-21.20.49
[2019.01.05-02.20.49:874][225]LogWorld: Bringing up level for play took: 0.002936
[2019.01.05-02.20.49:887][225]PIE: Play in editor start time for /Game/FirstPersonBP/Maps/UEDPIE_0_FirstPersonExampleMap 0.86
[2019.01.05-02.20.49:888][225]LogBlueprintUserMessages: Late PlayInEditor Detection: Level '/Game/FirstPersonBP/Maps/FirstPersonExampleMap.FirstPersonExampleMap:PersistentLevel' has LevelScriptBlueprint '/Game/FirstPersonBP/Maps/FirstPersonExampleMap.FirstPersonExampleMap:PersistentLevel.FirstPersonExampleMap' with GeneratedClass '/Game/FirstPersonBP/Maps/FirstPersonExampleMap.FirstPersonExampleMap_C' with ClassGeneratedBy '/Game/FirstPersonBP/Maps/FirstPersonExampleMap.FirstPersonExampleMap:PersistentLevel.FirstPersonExampleMap'
[2019.01.05-02.20.58:190][215]LogSpawn: Warning: SpawnActor failed because of collision at the spawn location [X=867.971 Y=374.454 Z=167.472] for [FirstPersonProjectile_C]
[2019.01.05-02.20.58:924][303]LogSpawn: Warning: SpawnActor failed because of collision at the spawn location [X=805.768 Y=333.445 Z=142.688] for [FirstPersonProjectile_C]
[2019.01.05-02.21.00:859][535]LogBlueprintUserMessages: Early EndPlayMap Detection: Level '/Game/FirstPersonBP/Maps/FirstPersonExampleMap.FirstPersonExampleMap:PersistentLevel' has LevelScriptBlueprint '/Game/FirstPersonBP/Maps/FirstPersonExampleMap.FirstPersonExampleMap:PersistentLevel.FirstPersonExampleMap' with GeneratedClass '/Game/FirstPersonBP/Maps/FirstPersonExampleMap.FirstPersonExampleMap_C' with ClassGeneratedBy '/Game/FirstPersonBP/Maps/FirstPersonExampleMap.FirstPersonExampleMap:PersistentLevel.FirstPersonExampleMap'
[2019.01.05-02.21.00:859][535]LogSlate: Updating window title bar state: overlay mode, drag disabled, window buttons hidden, title bar hidden
[2019.01.05-02.21.00:891][535]LogPlayLevel: Display: Shutting down PIE online subsystems
[2019.01.05-02.21.00:892][535]LogBlueprintUserMessages: Late EndPlayMap Detection: Level '/Game/FirstPersonBP/Maps/FirstPersonExampleMap.FirstPersonExampleMap:PersistentLevel' has LevelScriptBlueprint '/Game/FirstPersonBP/Maps/FirstPersonExampleMap.FirstPersonExampleMap:PersistentLevel.FirstPersonExampleMap' with GeneratedClass '/Game/FirstPersonBP/Maps/FirstPersonExampleMap.FirstPersonExampleMap_C' with ClassGeneratedBy '/Game/FirstPersonBP/Maps/FirstPersonExampleMap.FirstPersonExampleMap:PersistentLevel.FirstPersonExampleMap'
[2019.01.05-02.21.00:935][535]LogSlate: Updating window title bar state: overlay mode, drag disabled, window buttons hidden, title bar hidden
[2019.01.05-02.21.00:963][536]LogPlayLevel: Display: Destroying online subsystem :Context_8
[2019.01.05-02.21.02:281][688]LogSlate: FSceneViewport::OnFocusLost() reason 0
[2019.01.05-02.21.23:945][231]BlueprintLog: New page: Compile Explosion_Blueprint
[2019.01.05-02.21.26:455][479]LogTemp: Repeating last play command: Selected Viewport
[2019.01.05-02.21.26:474][479]LogBlueprintUserMessages: Early PlayInEditor Detection: Level '/Game/FirstPersonBP/Maps/FirstPersonExampleMap.FirstPersonExampleMap:PersistentLevel' has LevelScriptBlueprint '/Game/FirstPersonBP/Maps/FirstPersonExampleMap.FirstPersonExampleMap:PersistentLevel.FirstPersonExampleMap' with GeneratedClass '/Game/FirstPersonBP/Maps/FirstPersonExampleMap.FirstPersonExampleMap_C' with ClassGeneratedBy '/Game/FirstPersonBP/Maps/FirstPersonExampleMap.FirstPersonExampleMap:PersistentLevel.FirstPersonExampleMap'
[2019.01.05-02.21.26:475][479]LogPlayLevel: PlayLevel: No blueprints needed recompiling
[2019.01.05-02.21.26:475][479]PIE: New page: PIE session: FirstPersonExampleMap (Jan 4, 2019, 4:21:26 PM)
[2019.01.05-02.21.26:475][479]LogPlayLevel: Creating play world package: /Game/FirstPersonBP/Maps/UEDPIE_0_FirstPersonExampleMap
[2019.01.05-02.21.26:489][479]LogPlayLevel: PIE: StaticDuplicateObject took: (0.014464s)
[2019.01.05-02.21.26:490][479]LogAIModule: Creating AISystem for world FirstPersonExampleMap
[2019.01.05-02.21.26:490][479]LogPlayLevel: PIE: World Init took: (0.000772s)
[2019.01.05-02.21.26:490][479]LogPlayLevel: PIE: Created PIE world by copying editor world from /Game/FirstPersonBP/Maps/FirstPersonExampleMap.FirstPersonExampleMap to /Game/FirstPersonBP/Maps/UEDPIE_0_FirstPersonExampleMap.FirstPersonExampleMap (0.015389s)
[2019.01.05-02.21.26:542][479]LogInit: XAudio2 using 'Speakers (High Definition Audio Device)' : 2 channels at 48 kHz using 16 bits per sample (channel mask 0x3)
[2019.01.05-02.21.26:555][479]LogInit: FAudioDevice initialized.
[2019.01.05-02.21.26:590][479]LogLoad: Game class is 'FirstPersonGameMode_C'
[2019.01.05-02.21.26:593][479]LogWorld: Bringing World /Game/FirstPersonBP/Maps/UEDPIE_0_FirstPersonExampleMap.FirstPersonExampleMap up for play (max tick rate 0) at 2019.01.04-21.21.26
[2019.01.05-02.21.26:593][479]LogWorld: Bringing up level for play took: 0.002772
[2019.01.05-02.21.26:606][479]PIE: Play in editor start time for /Game/FirstPersonBP/Maps/UEDPIE_0_FirstPersonExampleMap -0.421
[2019.01.05-02.21.26:606][479]LogBlueprintUserMessages: Late PlayInEditor Detection: Level '/Game/FirstPersonBP/Maps/FirstPersonExampleMap.FirstPersonExampleMap:PersistentLevel' has LevelScriptBlueprint '/Game/FirstPersonBP/Maps/FirstPersonExampleMap.FirstPersonExampleMap:PersistentLevel.FirstPersonExampleMap' with GeneratedClass '/Game/FirstPersonBP/Maps/FirstPersonExampleMap.FirstPersonExampleMap_C' with ClassGeneratedBy '/Game/FirstPersonBP/Maps/FirstPersonExampleMap.FirstPersonExampleMap:PersistentLevel.FirstPersonExampleMap'
[2019.01.05-02.21.36:492][656]LogBlueprintUserMessages: Early EndPlayMap Detection: Level '/Game/FirstPersonBP/Maps/FirstPersonExampleMap.FirstPersonExampleMap:PersistentLevel' has LevelScriptBlueprint '/Game/FirstPersonBP/Maps/FirstPersonExampleMap.FirstPersonExampleMap:PersistentLevel.FirstPersonExampleMap' with GeneratedClass '/Game/FirstPersonBP/Maps/FirstPersonExampleMap.FirstPersonExampleMap_C' with ClassGeneratedBy '/Game/FirstPersonBP/Maps/FirstPersonExampleMap.FirstPersonExampleMap:PersistentLevel.FirstPersonExampleMap'
[2019.01.05-02.21.36:492][656]LogSlate: Updating window title bar state: overlay mode, drag disabled, window buttons hidden, title bar hidden
[2019.01.05-02.21.36:529][656]LogPlayLevel: Display: Shutting down PIE online subsystems
[2019.01.05-02.21.36:530][656]LogBlueprintUserMessages: Late EndPlayMap Detection: Level '/Game/FirstPersonBP/Maps/FirstPersonExampleMap.FirstPersonExampleMap:PersistentLevel' has LevelScriptBlueprint '/Game/FirstPersonBP/Maps/FirstPersonExampleMap.FirstPersonExampleMap:PersistentLevel.FirstPersonExampleMap' with GeneratedClass '/Game/FirstPersonBP/Maps/FirstPersonExampleMap.FirstPersonExampleMap_C' with ClassGeneratedBy '/Game/FirstPersonBP/Maps/FirstPersonExampleMap.FirstPersonExampleMap:PersistentLevel.FirstPersonExampleMap'
[2019.01.05-02.21.36:554][656]LogSlate: Updating window title bar state: overlay mode, drag disabled, window buttons hidden, title bar hidden
[2019.01.05-02.21.36:594][659]LogPlayLevel: Display: Destroying online subsystem :Context_9
[2019.01.05-02.21.37:098][715]LogSlate: FSceneViewport::OnFocusLost() reason 0
[2019.01.05-02.21.42:480][337]LogRenderer: Reallocating scene render targets to support 1236x900 Format 10 NumSamples 1 (Frame:1).
[2019.01.05-02.21.49:896][208]LogSlate: FSceneViewport::OnFocusLost() reason 0
[2019.01.05-02.21.54:837][796]BlueprintLog: New page: Compile Explosion_Blueprint
[2019.01.05-02.21.56:219][929]LogEditorViewport: Clicking on Actor (LMB): StaticMeshActor (Floor)
[2019.01.05-02.21.56:962][  1]LogSlate: FSceneViewport::OnFocusLost() reason 0
[2019.01.05-02.21.57:009][  5]LogTemp: Repeating last play command: Selected Viewport
[2019.01.05-02.21.57:028][  5]LogBlueprintUserMessages: Early PlayInEditor Detection: Level '/Game/FirstPersonBP/Maps/FirstPersonExampleMap.FirstPersonExampleMap:PersistentLevel' has LevelScriptBlueprint '/Game/FirstPersonBP/Maps/FirstPersonExampleMap.FirstPersonExampleMap:PersistentLevel.FirstPersonExampleMap' with GeneratedClass '/Game/FirstPersonBP/Maps/FirstPersonExampleMap.FirstPersonExampleMap_C' with ClassGeneratedBy '/Game/FirstPersonBP/Maps/FirstPersonExampleMap.FirstPersonExampleMap:PersistentLevel.FirstPersonExampleMap'
[2019.01.05-02.21.57:028][  5]LogPlayLevel: PlayLevel: No blueprints needed recompiling
[2019.01.05-02.21.57:028][  5]PIE: New page: PIE session: FirstPersonExampleMap (Jan 4, 2019, 4:21:57 PM)
[2019.01.05-02.21.57:028][  5]LogPlayLevel: Creating play world package: /Game/FirstPersonBP/Maps/UEDPIE_0_FirstPersonExampleMap
[2019.01.05-02.21.57:043][  5]LogPlayLevel: PIE: StaticDuplicateObject took: (0.014982s)
[2019.01.05-02.21.57:044][  5]LogAIModule: Creating AISystem for world FirstPersonExampleMap
[2019.01.05-02.21.57:044][  5]LogPlayLevel: PIE: World Init took: (0.000825s)
[2019.01.05-02.21.57:044][  5]LogPlayLevel: PIE: Created PIE world by copying editor world from /Game/FirstPersonBP/Maps/FirstPersonExampleMap.FirstPersonExampleMap to /Game/FirstPersonBP/Maps/UEDPIE_0_FirstPersonExampleMap.FirstPersonExampleMap (0.015982s)
[2019.01.05-02.21.57:095][  5]LogInit: XAudio2 using 'Speakers (High Definition Audio Device)' : 2 channels at 48 kHz using 16 bits per sample (channel mask 0x3)
[2019.01.05-02.21.57:108][  5]LogInit: FAudioDevice initialized.
[2019.01.05-02.21.57:138][  5]LogLoad: Game class is 'FirstPersonGameMode_C'
[2019.01.05-02.21.57:141][  5]LogWorld: Bringing World /Game/FirstPersonBP/Maps/UEDPIE_0_FirstPersonExampleMap.FirstPersonExampleMap up for play (max tick rate 0) at 2019.01.04-21.21.57
[2019.01.05-02.21.57:142][  5]LogWorld: Bringing up level for play took: 0.002856
[2019.01.05-02.21.57:157][  5]PIE: Play in editor start time for /Game/FirstPersonBP/Maps/UEDPIE_0_FirstPersonExampleMap 0.13
[2019.01.05-02.21.57:157][  5]LogBlueprintUserMessages: Late PlayInEditor Detection: Level '/Game/FirstPersonBP/Maps/FirstPersonExampleMap.FirstPersonExampleMap:PersistentLevel' has LevelScriptBlueprint '/Game/FirstPersonBP/Maps/FirstPersonExampleMap.FirstPersonExampleMap:PersistentLevel.FirstPersonExampleMap' with GeneratedClass '/Game/FirstPersonBP/Maps/FirstPersonExampleMap.FirstPersonExampleMap_C' with ClassGeneratedBy '/Game/FirstPersonBP/Maps/FirstPersonExampleMap.FirstPersonExampleMap:PersistentLevel.FirstPersonExampleMap'
[2019.01.05-02.22.05:691][ 19]LogSpawn: Warning: SpawnActor failed because of collision at the spawn location [X=446.005 Y=-517.208 Z=152.928] for [FirstPersonProjectile_C]
[2019.01.05-02.22.06:733][144]LogSpawn: Warning: SpawnActor failed because of collision at the spawn location [X=368.184 Y=-502.278 Z=143.964] for [FirstPersonProjectile_C]
[2019.01.05-02.22.10:658][615]LogBlueprintUserMessages: Early EndPlayMap Detection: Level '/Game/FirstPersonBP/Maps/FirstPersonExampleMap.FirstPersonExampleMap:PersistentLevel' has LevelScriptBlueprint '/Game/FirstPersonBP/Maps/FirstPersonExampleMap.FirstPersonExampleMap:PersistentLevel.FirstPersonExampleMap' with GeneratedClass '/Game/FirstPersonBP/Maps/FirstPersonExampleMap.FirstPersonExampleMap_C' with ClassGeneratedBy '/Game/FirstPersonBP/Maps/FirstPersonExampleMap.FirstPersonExampleMap:PersistentLevel.FirstPersonExampleMap'
[2019.01.05-02.22.10:658][615]LogSlate: Updating window title bar state: overlay mode, drag disabled, window buttons hidden, title bar hidden
[2019.01.05-02.22.10:693][615]LogPlayLevel: Display: Shutting down PIE online subsystems
[2019.01.05-02.22.10:693][615]LogBlueprintUserMessages: Late EndPlayMap Detection: Level '/Game/FirstPersonBP/Maps/FirstPersonExampleMap.FirstPersonExampleMap:PersistentLevel' has LevelScriptBlueprint '/Game/FirstPersonBP/Maps/FirstPersonExampleMap.FirstPersonExampleMap:PersistentLevel.FirstPersonExampleMap' with GeneratedClass '/Game/FirstPersonBP/Maps/FirstPersonExampleMap.FirstPersonExampleMap_C' with ClassGeneratedBy '/Game/FirstPersonBP/Maps/FirstPersonExampleMap.FirstPersonExampleMap:PersistentLevel.FirstPersonExampleMap'
[2019.01.05-02.22.10:721][615]LogSlate: Updating window title bar state: overlay mode, drag disabled, window buttons hidden, title bar hidden
[2019.01.05-02.22.10:774][617]LogPlayLevel: Display: Destroying online subsystem :Context_10
[2019.01.05-02.22.11:451][693]LogSlate: FSceneViewport::OnFocusLost() reason 0
[2019.01.05-02.22.22:568][  6]BlueprintLog: New page: Compile Explosion_Blueprint
[2019.01.05-02.22.24:514][206]LogTemp: Repeating last play command: Selected Viewport
[2019.01.05-02.22.24:534][206]LogBlueprintUserMessages: Early PlayInEditor Detection: Level '/Game/FirstPersonBP/Maps/FirstPersonExampleMap.FirstPersonExampleMap:PersistentLevel' has LevelScriptBlueprint '/Game/FirstPersonBP/Maps/FirstPersonExampleMap.FirstPersonExampleMap:PersistentLevel.FirstPersonExampleMap' with GeneratedClass '/Game/FirstPersonBP/Maps/FirstPersonExampleMap.FirstPersonExampleMap_C' with ClassGeneratedBy '/Game/FirstPersonBP/Maps/FirstPersonExampleMap.FirstPersonExampleMap:PersistentLevel.FirstPersonExampleMap'
[2019.01.05-02.22.24:534][206]LogPlayLevel: PlayLevel: No blueprints needed recompiling
[2019.01.05-02.22.24:534][206]PIE: New page: PIE session: FirstPersonExampleMap (Jan 4, 2019, 4:22:24 PM)
[2019.01.05-02.22.24:534][206]LogPlayLevel: Creating play world package: /Game/FirstPersonBP/Maps/UEDPIE_0_FirstPersonExampleMap
[2019.01.05-02.22.24:597][206]LogPlayLevel: PIE: StaticDuplicateObject took: (0.063284s)
[2019.01.05-02.22.24:599][206]LogAIModule: Creating AISystem for world FirstPersonExampleMap
[2019.01.05-02.22.24:599][206]LogPlayLevel: PIE: World Init took: (0.001820s)
[2019.01.05-02.22.24:600][206]LogPlayLevel: PIE: Created PIE world by copying editor world from /Game/FirstPersonBP/Maps/FirstPersonExampleMap.FirstPersonExampleMap to /Game/FirstPersonBP/Maps/UEDPIE_0_FirstPersonExampleMap.FirstPersonExampleMap (0.065471s)
[2019.01.05-02.22.24:671][206]LogInit: XAudio2 using 'Speakers (High Definition Audio Device)' : 2 channels at 48 kHz using 16 bits per sample (channel mask 0x3)
[2019.01.05-02.22.24:685][206]LogInit: FAudioDevice initialized.
[2019.01.05-02.22.24:714][206]LogLoad: Game class is 'FirstPersonGameMode_C'
[2019.01.05-02.22.24:718][206]LogWorld: Bringing World /Game/FirstPersonBP/Maps/UEDPIE_0_FirstPersonExampleMap.FirstPersonExampleMap up for play (max tick rate 0) at 2019.01.04-21.22.24
[2019.01.05-02.22.24:718][206]LogWorld: Bringing up level for play took: 0.002801
[2019.01.05-02.22.24:731][206]PIE: Play in editor start time for /Game/FirstPersonBP/Maps/UEDPIE_0_FirstPersonExampleMap -0.297
[2019.01.05-02.22.24:732][206]LogBlueprintUserMessages: Late PlayInEditor Detection: Level '/Game/FirstPersonBP/Maps/FirstPersonExampleMap.FirstPersonExampleMap:PersistentLevel' has LevelScriptBlueprint '/Game/FirstPersonBP/Maps/FirstPersonExampleMap.FirstPersonExampleMap:PersistentLevel.FirstPersonExampleMap' with GeneratedClass '/Game/FirstPersonBP/Maps/FirstPersonExampleMap.FirstPersonExampleMap_C' with ClassGeneratedBy '/Game/FirstPersonBP/Maps/FirstPersonExampleMap.FirstPersonExampleMap:PersistentLevel.FirstPersonExampleMap'
[2019.01.05-02.22.30:474][888]LogSpawn: Warning: SpawnActor failed because of collision at the spawn location [X=-2200.036 Y=-284.007 Z=720.046] for [FirstPersonProjectile_C]
[2019.01.05-02.22.35:422][481]LogSpawn: Warning: SpawnActor failed because of collision at the spawn location [X=1599.853 Y=-1871.619 Z=149.879] for [FirstPersonProjectile_C]
[2019.01.05-02.22.35:930][542]LogSpawn: Warning: SpawnActor failed because of collision at the spawn location [X=1345.586 Y=-1711.260 Z=154.180] for [FirstPersonProjectile_C]
[2019.01.05-02.22.37:031][674]LogSpawn: Warning: SpawnActor failed because of collision at the spawn location [X=1240.754 Y=-1619.579 Z=141.822] for [FirstPersonProjectile_C]
[2019.01.05-02.22.38:041][795]LogSpawn: Warning: SpawnActor failed because of collision at the spawn location [X=1248.420 Y=-1640.076 Z=141.545] for [FirstPersonProjectile_C]
[2019.01.05-02.22.38:382][836]LogSpawn: Warning: SpawnActor failed because of collision at the spawn location [X=1239.095 Y=-1611.369 Z=142.560] for [FirstPersonProjectile_C]
[2019.01.05-02.22.41:963][261]LogSpawn: Warning: SpawnActor failed because of collision at the spawn location [X=1026.379 Y=-1502.351 Z=168.807] for [FirstPersonProjectile_C]
[2019.01.05-02.22.56:451][997]LogBlueprintUserMessages: Early EndPlayMap Detection: Level '/Game/FirstPersonBP/Maps/FirstPersonExampleMap.FirstPersonExampleMap:PersistentLevel' has LevelScriptBlueprint '/Game/FirstPersonBP/Maps/FirstPersonExampleMap.FirstPersonExampleMap:PersistentLevel.FirstPersonExampleMap' with GeneratedClass '/Game/FirstPersonBP/Maps/FirstPersonExampleMap.FirstPersonExampleMap_C' with ClassGeneratedBy '/Game/FirstPersonBP/Maps/FirstPersonExampleMap.FirstPersonExampleMap:PersistentLevel.FirstPersonExampleMap'
[2019.01.05-02.22.56:451][997]LogSlate: Updating window title bar state: overlay mode, drag disabled, window buttons hidden, title bar hidden
[2019.01.05-02.22.56:483][997]LogPlayLevel: Display: Shutting down PIE online subsystems
[2019.01.05-02.22.56:484][997]LogBlueprintUserMessages: Late EndPlayMap Detection: Level '/Game/FirstPersonBP/Maps/FirstPersonExampleMap.FirstPersonExampleMap:PersistentLevel' has LevelScriptBlueprint '/Game/FirstPersonBP/Maps/FirstPersonExampleMap.FirstPersonExampleMap:PersistentLevel.FirstPersonExampleMap' with GeneratedClass '/Game/FirstPersonBP/Maps/FirstPersonExampleMap.FirstPersonExampleMap_C' with ClassGeneratedBy '/Game/FirstPersonBP/Maps/FirstPersonExampleMap.FirstPersonExampleMap:PersistentLevel.FirstPersonExampleMap'
[2019.01.05-02.22.56:513][997]LogSlate: Updating window title bar state: overlay mode, drag disabled, window buttons hidden, title bar hidden
[2019.01.05-02.22.56:564][  0]LogPlayLevel: Display: Destroying online subsystem :Context_11
[2019.01.05-02.23.05:252][985]LogEditorViewport: Clicking on Actor (LMB): StaticMeshActor (Wall1)
[2019.01.05-02.25.49:038][358]LogSlate: FSceneViewport::OnFocusLost() reason 2
[2019.01.05-02.25.50:869][511]LogSlate: FSceneViewport::OnFocusLost() reason 2
[2019.01.05-02.25.51:133][511]LogSavePackage: Moving '../../../../../../Users/Nathan/Documents/GitHub/RocketJumper/RocketJumpPrototype/Saved/Explosion_BlueprintE0E451204878A45CC30B3497798612EF.tmp' to '../../../../../../Users/Nathan/Documents/GitHub/RocketJumper/RocketJumpPrototype/Content/FirstPersonBP/Blueprints/Explosion_Blueprint.uasset'
[2019.01.05-02.42.56:084][988]LogSlate: FSceneViewport::OnFocusLost() reason 0
[2019.01.05-03.33.10:458][267]LogSlate: FSceneViewport::OnFocusLost() reason 2
[2019.01.05-03.33.13:077][530]LogSlate: FSceneViewport::OnFocusLost() reason 0
[2019.01.05-03.33.13:314][535]LogActorComponent: UnregisterComponent: (/Engine/Transient.EditorFloorComp) Not registered. Aborting.
[2019.01.05-03.33.13:383][535]LogSlate: Window 'RocketJumpPrototype - Unreal Editor' being destroyed
[2019.01.05-03.33.13:385][535]LogWindowsTextInputMethodSystem: Display: IME system now deactivated.
[2019.01.05-03.33.14:007][536]Cmd: QUIT_EDITOR
[2019.01.05-03.33.15:252][536]LogExit: Preparing to exit.
[2019.01.05-03.33.16:541][536]LogExit: Editor shut down
[2019.01.05-03.33.16:544][536]LogExit: Transaction tracking system shut down
[2019.01.05-03.33.18:793][536]LogExit: Object subsystem successfully closed.
[2019.01.05-03.33.18:944][536]LogShaderCompilers: Display: Shaders left to compile 0
[2019.01.05-03.33.18:974][536]LogD3D11RHI: Shutdown
[2019.01.05-03.33.18:974][536]LogD3D11RHI: CleanupD3DDevice
[2019.01.05-03.33.19:044][536]LogD3D11RHI: ~FD3D11DynamicRHI
[2019.01.05-03.33.20:147][536]LogModuleManager: Shutting down and abandoning module BlueprintGraph (616)
[2019.01.05-03.33.20:147][536]LogModuleManager: Shutting down and abandoning module MovieSceneCapture (614)
[2019.01.05-03.33.20:147][536]LogModuleManager: Shutting down and abandoning module Voice (612)
[2019.01.05-03.33.20:152][536]LogModuleManager: Shutting down and abandoning module HierarchicalLODOutliner (610)
[2019.01.05-03.33.20:152][536]LogModuleManager: Shutting down and abandoning module SceneOutliner (608)
[2019.01.05-03.33.20:152][536]LogModuleManager: Shutting down and abandoning module AddContentDialog (606)
[2019.01.05-03.33.20:164][536]LogModuleManager: Shutting down and abandoning module WidgetCarousel (605)
[2019.01.05-03.33.20:164][536]LogModuleManager: Shutting down and abandoning module EditorWidgets (602)
[2019.01.05-03.33.20:164][536]LogModuleManager: Shutting down and abandoning module CollectionManager (600)
[2019.01.05-03.33.20:170][536]LogModuleManager: Shutting down and abandoning module StatsViewer (598)
[2019.01.05-03.33.20:179][536]LogModuleManager: Shutting down and abandoning module FoliageEdit (596)
[2019.01.05-03.33.20:186][536]LogModuleManager: Shutting down and abandoning module LandscapeEditor (594)
[2019.01.05-03.33.20:200][536]LogModuleManager: Shutting down and abandoning module MeshPaintMode (592)
[2019.01.05-03.33.20:212][536]LogModuleManager: Shutting down and abandoning module SceneDepthPickerMode (590)
[2019.01.05-03.33.20:212][536]LogModuleManager: Shutting down and abandoning module ActorPickerMode (588)
[2019.01.05-03.33.20:212][536]LogModuleManager: Shutting down and abandoning module GeometryMode (586)
[2019.01.05-03.33.20:212][536]LogModuleManager: Shutting down and abandoning module TextureAlignMode (584)
[2019.01.05-03.33.20:212][536]LogModuleManager: Shutting down and abandoning module BspMode (582)
[2019.01.05-03.33.20:212][536]LogModuleManager: Shutting down and abandoning module PIEPreviewDeviceProfileSelector (580)
[2019.01.05-03.33.20:220][536]LogModuleManager: Shutting down and abandoning module SequenceRecorderSections (578)
[2019.01.05-03.33.20:226][536]LogModuleManager: Shutting down and abandoning module AutomationWorker (576)
[2019.01.05-03.33.20:226][536]LogModuleManager: Shutting down and abandoning module AudioCaptureEditor (574)
[2019.01.05-03.33.20:226][536]LogModuleManager: Shutting down and abandoning module SequenceRecorder (573)
[2019.01.05-03.33.20:241][536]LogModuleManager: Shutting down and abandoning module MatineeToLevelSequence (570)
[2019.01.05-03.33.20:252][536]LogModuleManager: Shutting down and abandoning module LevelSequenceEditor (568)
[2019.01.05-03.33.20:285][536]LogModuleManager: Shutting down and abandoning module PlacementMode (567)
[2019.01.05-03.33.20:285][536]LogModuleManager: Shutting down and abandoning module MaterialEditor (566)
[2019.01.05-03.33.20:309][536]LogModuleManager: Shutting down and abandoning module WmfMediaFactory (562)
[2019.01.05-03.33.20:309][536]LogModuleManager: Shutting down and abandoning module WmfMediaEditor (560)
[2019.01.05-03.33.20:309][536]LogModuleManager: Shutting down and abandoning module MediaPlayerEditor (558)
[2019.01.05-03.33.20:329][536]LogModuleManager: Shutting down and abandoning module OpenExrWrapper (556)
[2019.01.05-03.33.20:329][536]LogModuleManager: Shutting down and abandoning module ImgMediaFactory (554)
[2019.01.05-03.33.20:329][536]LogModuleManager: Shutting down and abandoning module ImgMediaEditor (552)
[2019.01.05-03.33.20:329][536]LogModuleManager: Shutting down and abandoning module AvfMediaFactory (550)
[2019.01.05-03.33.20:329][536]LogModuleManager: Shutting down and abandoning module AvfMediaEditor (548)
[2019.01.05-03.33.20:329][536]LogModuleManager: Shutting down and abandoning module AndroidMediaFactory (546)
[2019.01.05-03.33.20:329][536]LogModuleManager: Shutting down and abandoning module AndroidMediaEditor (544)
[2019.01.05-03.33.20:329][536]LogModuleManager: Shutting down and abandoning module MagicLeapCameraPreviewFactory (542)
[2019.01.05-03.33.20:329][536]LogModuleManager: Shutting down and abandoning module MagicLeapMediaFactory (540)
[2019.01.05-03.33.20:329][536]LogModuleManager: Shutting down and abandoning module MagicLeapMediaEditor (538)
[2019.01.05-03.33.20:329][536]LogModuleManager: Shutting down and abandoning module CharacterAI (536)
[2019.01.05-03.33.20:329][536]LogModuleManager: Shutting down and abandoning module SmartSnapping (534)
[2019.01.05-03.33.20:330][536]LogModuleManager: Shutting down and abandoning module SessionServices (532)
[2019.01.05-03.33.20:330][536]LogModuleManager: Shutting down and abandoning module ViewportSnapping (530)
[2019.01.05-03.33.20:330][536]LogModuleManager: Shutting down and abandoning module ViewportInteraction (528)
[2019.01.05-03.33.20:330][536]LogModuleManager: Shutting down and abandoning module ClothPainter (526)
[2019.01.05-03.33.20:350][536]LogModuleManager: Shutting down and abandoning module SkeletalMeshEditor (525)
[2019.01.05-03.33.20:370][536]LogModuleManager: Shutting down and abandoning module LogVisualizer (522)
[2019.01.05-03.33.20:390][536]LogModuleManager: Shutting down and abandoning module IntroTutorials (520)
[2019.01.05-03.33.20:415][536]LogModuleManager: Shutting down and abandoning module GameProjectGeneration (519)
[2019.01.05-03.33.20:426][536]LogModuleManager: Shutting down and abandoning module LuminPlatformEditor (516)
[2019.01.05-03.33.20:426][536]LogModuleManager: Shutting down and abandoning module IOSPlatformEditor (514)
[2019.01.05-03.33.20:436][536]LogModuleManager: Shutting down and abandoning module HTML5PlatformEditor (512)
[2019.01.05-03.33.20:436][536]LogModuleManager: Shutting down and abandoning module AndroidPlatformEditor (510)
[2019.01.05-03.33.20:436][536]LogModuleManager: Shutting down and abandoning module AndroidDeviceDetection (509)
[2019.01.05-03.33.20:914][536]LogModuleManager: Shutting down and abandoning module WindowsPlatformEditor (506)
[2019.01.05-03.33.20:914][536]LogModuleManager: Shutting down and abandoning module LuminRuntimeSettings (504)
[2019.01.05-03.33.20:914][536]LogModuleManager: Shutting down and abandoning module IOSRuntimeSettings (502)
[2019.01.05-03.33.20:914][536]LogModuleManager: Shutting down and abandoning module AndroidRuntimeSettings (500)
[2019.01.05-03.33.20:914][536]LogModuleManager: Shutting down and abandoning module InputBindingEditor (498)
[2019.01.05-03.33.20:943][536]LogModuleManager: Shutting down and abandoning module MergeActors (496)
[2019.01.05-03.33.20:951][536]LogModuleManager: Shutting down and abandoning module LocalizationDashboard (494)
[2019.01.05-03.33.20:963][536]LogModuleManager: Shutting down and abandoning module LocalizationService (493)
[2019.01.05-03.33.20:973][536]LogModuleManager: Shutting down and abandoning module HardwareTargeting (490)
[2019.01.05-03.33.20:973][536]LogModuleManager: Shutting down and abandoning module DeviceProfileEditor (488)
[2019.01.05-03.33.20:973][536]LogModuleManager: Shutting down and abandoning module UndoHistory (486)
[2019.01.05-03.33.20:985][536]LogModuleManager: Shutting down and abandoning module XmlParser (484)
[2019.01.05-03.33.20:985][536]LogModuleManager: Shutting down and abandoning module Blutility (482)
[2019.01.05-03.33.20:996][536]LogModuleManager: Shutting down and abandoning module ProjectSettingsViewer (480)
[2019.01.05-03.33.20:996][536]LogModuleManager: Shutting down and abandoning module ProjectTargetPlatformEditor (479)
[2019.01.05-03.33.20:997][536]LogModuleManager: Shutting down and abandoning module EditorSettingsViewer (476)
[2019.01.05-03.33.20:997][536]LogModuleManager: Shutting down and abandoning module SettingsEditor (474)
[2019.01.05-03.33.21:027][536]LogModuleManager: Shutting down and abandoning module ProjectLauncher (472)
[2019.01.05-03.33.21:038][536]LogModuleManager: Shutting down and abandoning module SessionFrontend (470)
[2019.01.05-03.33.21:042][536]LogModuleManager: Shutting down and abandoning module ProfilerClient (468)
[2019.01.05-03.33.21:048][536]LogModuleManager: Shutting down and abandoning module DeviceManager (466)
[2019.01.05-03.33.21:060][536]LogModuleManager: Shutting down and abandoning module TargetDeviceServices (465)
[2019.01.05-03.33.21:115][536]LogModuleManager: Shutting down and abandoning module AutomationController (462)
[2019.01.05-03.33.21:130][536]LogModuleManager: Shutting down and abandoning module AutomationWindow (460)
[2019.01.05-03.33.21:141][536]LogModuleManager: Shutting down and abandoning module Layers (458)
[2019.01.05-03.33.21:155][536]LogModuleManager: Shutting down and abandoning module ComponentVisualizers (456)
[2019.01.05-03.33.21:155][536]LogModuleManager: Shutting down and abandoning module DetailCustomizations (454)
[2019.01.05-03.33.21:164][536]LogModuleManager: Shutting down and abandoning module PackagesDialog (452)
[2019.01.05-03.33.21:164][536]LogModuleManager: Shutting down and abandoning module Persona (450)
[2019.01.05-03.33.21:182][536]LogModuleManager: Shutting down and abandoning module AdvancedPreviewScene (449)
[2019.01.05-03.33.21:182][536]LogModuleManager: Shutting down and abandoning module AnimGraph (447)
[2019.01.05-03.33.21:190][536]LogModuleManager: Shutting down and abandoning module Kismet (444)
[2019.01.05-03.33.21:198][536]LogModuleManager: Shutting down and abandoning module GraphEditor (442)
[2019.01.05-03.33.21:199][536]LogModuleManager: Shutting down and abandoning module ClassViewer (440)
[2019.01.05-03.33.21:199][536]LogModuleManager: Shutting down and abandoning module Toolbox (438)
[2019.01.05-03.33.21:199][536]LogModuleManager: Shutting down and abandoning module ModuleUI (436)
[2019.01.05-03.33.21:206][536]LogModuleManager: Shutting down and abandoning module MovieSceneTools (434)
[2019.01.05-03.33.21:225][536]LogModuleManager: Shutting down and abandoning module OutputLog (432)
[2019.01.05-03.33.21:225][536]LogModuleManager: Shutting down and abandoning module GammaUI (430)
[2019.01.05-03.33.21:232][536]LogModuleManager: Shutting down and abandoning module Documentation (428)
[2019.01.05-03.33.21:232][536]LogModuleManager: Shutting down and abandoning module MovieSceneTracks (426)
[2019.01.05-03.33.21:232][536]LogModuleManager: Shutting down and abandoning module MovieScene (424)
[2019.01.05-03.33.21:242][536]LogModuleManager: Shutting down and abandoning module StreamingPauseRendering (422)
[2019.01.05-03.33.21:249][536]LogModuleManager: Shutting down and abandoning module LauncherPlatform (420)
[2019.01.05-03.33.21:249][536]LogModuleManager: Shutting down and abandoning module AnalyticsET (418)
[2019.01.05-03.33.21:249][536]LogModuleManager: Shutting down and abandoning module PortalServices (416)
[2019.01.05-03.33.21:249][536]LogModuleManager: Shutting down and abandoning module PortalRpc (414)
[2019.01.05-03.33.21:249][536]LogModuleManager: Shutting down and abandoning module MessagingRpc (412)
[2019.01.05-03.33.21:249][536]LogModuleManager: Shutting down and abandoning module AIModule (410)
[2019.01.05-03.33.21:256][536]LogModuleManager: Shutting down and abandoning module GameplayDebugger (409)
[2019.01.05-03.33.21:267][536]LogModuleManager: Shutting down and abandoning module AITestSuite (407)
[2019.01.05-03.33.21:278][536]LogModuleManager: Shutting down and abandoning module NavigationSystem (405)
[2019.01.05-03.33.21:278][536]LogModuleManager: Shutting down and abandoning module DesktopPlatform (402)
[2019.01.05-03.33.21:278][536]LogModuleManager: Shutting down and abandoning module ProfilerService (400)
[2019.01.05-03.33.21:480][536]LogModuleManager: Shutting down and abandoning module TaskGraph (398)
[2019.01.05-03.33.21:493][536]LogModuleManager: Shutting down and abandoning module SteamVRController (396)
[2019.01.05-03.33.21:493][536]LogModuleManager: Shutting down and abandoning module ProceduralMeshComponentEditor (394)
[2019.01.05-03.33.21:493][536]LogModuleManager: Shutting down and abandoning module ProceduralMeshComponent (392)
[2019.01.05-03.33.21:501][536]LogModuleManager: Shutting down and abandoning module OculusInput (390)
[2019.01.05-03.33.21:501][536]LogModuleManager: Shutting down and abandoning module MobilePatchingUtils (388)
[2019.01.05-03.33.21:501][536]LogModuleManager: Shutting down and abandoning module EditableMesh (386)
[2019.01.05-03.33.21:515][536]LogModuleManager: Shutting down and abandoning module CustomMeshComponent (384)
[2019.01.05-03.33.21:515][536]LogModuleManager: Shutting down and abandoning module CableComponent (382)
[2019.01.05-03.33.21:515][536]LogModuleManager: Shutting down and abandoning module AudioCapture (380)
[2019.01.05-03.33.21:515][536]LogModuleManager: Shutting down and abandoning module ArchVisCharacter (378)
[2019.01.05-03.33.21:515][536]LogModuleManager: Shutting down and abandoning module AndroidPermission (376)
[2019.01.05-03.33.21:515][536]LogModuleManager: Shutting down and abandoning module NUTUnrealEngine4 (374)
[2019.01.05-03.33.21:515][536]LogModuleManager: Shutting down and abandoning module NetcodeUnitTest (372)
[2019.01.05-03.33.21:534][536]LogModuleManager: Shutting down and abandoning module MediaCompositingEditor (370)
[2019.01.05-03.33.21:534][536]LogModuleManager: Shutting down and abandoning module MediaCompositing (368)
[2019.01.05-03.33.21:534][536]LogModuleManager: Shutting down and abandoning module LinearTimecode (366)
[2019.01.05-03.33.21:535][536]LogModuleManager: Shutting down and abandoning module ImgMedia (364)
[2019.01.05-03.33.21:548][536]LogModuleManager: Shutting down and abandoning module HTML5Networking (362)
[2019.01.05-03.33.21:548][536]LogModuleManager: Shutting down and abandoning module GeometryCacheTracks (360)
[2019.01.05-03.33.21:548][536]LogModuleManager: Shutting down and abandoning module GeometryCacheSequencer (358)
[2019.01.05-03.33.21:548][536]LogModuleManager: Shutting down and abandoning module BackChannel (356)
[2019.01.05-03.33.21:561][536]LogModuleManager: Shutting down and abandoning module AppleVision (354)
[2019.01.05-03.33.21:561][536]LogModuleManager: Shutting down and abandoning module AppleImageUtils (352)
[2019.01.05-03.33.21:561][536]LogModuleManager: Shutting down and abandoning module AlembicImporter (350)
[2019.01.05-03.33.21:561][536]LogModuleManager: Shutting down and abandoning module AlembicLibrary (349)
[2019.01.05-03.33.21:561][536]LogModuleManager: Shutting down and abandoning module GeometryCache (348)
[2019.01.05-03.33.21:561][536]LogModuleManager: Shutting down and abandoning module GeometryCacheEd (347)
[2019.01.05-03.33.21:561][536]LogModuleManager: Shutting down and abandoning module DatasmithContentEditor (342)
[2019.01.05-03.33.21:571][536]LogModuleManager: Shutting down and abandoning module DatasmithContent (340)
[2019.01.05-03.33.21:572][536]LogModuleManager: Shutting down and abandoning module SpeedTreeImporter (338)
[2019.01.05-03.33.21:572][536]LogModuleManager: Shutting down and abandoning module PluginBrowser (336)
[2019.01.05-03.33.21:584][536]LogModuleManager: Shutting down and abandoning module MobileLauncherProfileWizard (334)
[2019.01.05-03.33.21:591][536]LogModuleManager: Shutting down and abandoning module PolygonModeling (332)
[2019.01.05-03.33.21:591][536]LogModuleManager: Shutting down and abandoning module MeshEditor (330)
[2019.01.05-03.33.21:599][536]LogModuleManager: Shutting down and abandoning module CryptoKeysOpenSSL (328)
[2019.01.05-03.33.21:608][536]LogModuleManager: Shutting down and abandoning module CryptoKeys (326)
[2019.01.05-03.33.21:608][536]LogModuleManager: Shutting down and abandoning module VisualStudioSourceCodeAccess (324)
[2019.01.05-03.33.21:608][536]LogModuleManager: Shutting down and abandoning module VisualStudioCodeSourceCodeAccess (322)
[2019.01.05-03.33.21:608][536]LogModuleManager: Shutting down and abandoning module UObjectPlugin (320)
[2019.01.05-03.33.21:608][536]LogModuleManager: Shutting down and abandoning module SubversionSourceControl (318)
[2019.01.05-03.33.21:616][536]LogModuleManager: Shutting down and abandoning module PerforceSourceControl (316)
[2019.01.05-03.33.21:629][536]LogModuleManager: Shutting down and abandoning module GitSourceControl (314)
[2019.01.05-03.33.21:645][536]LogModuleManager: Shutting down and abandoning module SourceControl (313)
[2019.01.05-03.33.21:656][536]LogModuleManager: Shutting down and abandoning module CLionSourceCodeAccess (310)
[2019.01.05-03.33.21:656][536]LogModuleManager: Shutting down and abandoning module LightPropagationVolumeEditor (308)
[2019.01.05-03.33.21:656][536]LogModuleManager: Shutting down and abandoning module PaperTiledImporter (306)
[2019.01.05-03.33.21:656][536]LogModuleManager: Shutting down and abandoning module PaperSpriteSheetImporter (304)
[2019.01.05-03.33.21:656][536]LogModuleManager: Shutting down and abandoning module Paper2DEditor (302)
[2019.01.05-03.33.21:672][536]LogModuleManager: Shutting down and abandoning module MeshPaint (301)
[2019.01.05-03.33.21:686][536]LogModuleManager: Shutting down and abandoning module RuntimePhysXCooking (298)
[2019.01.05-03.33.21:686][536]LogModuleManager: Shutting down and abandoning module PhysXVehiclesEditor (296)
[2019.01.05-03.33.21:686][536]LogModuleManager: Shutting down and abandoning module PhysXVehicles (294)
[2019.01.05-03.33.21:686][536]LogModuleManager: Shutting down and abandoning module OculusEditor (292)
[2019.01.05-03.33.21:695][536]LogModuleManager: Shutting down and abandoning module LocationServicesBPLibrary (290)
[2019.01.05-03.33.21:695][536]LogModuleManager: Shutting down and abandoning module ImmediatePhysicsEditor (288)
[2019.01.05-03.33.21:695][536]LogModuleManager: Shutting down and abandoning module ImmediatePhysics (286)
[2019.01.05-03.33.21:711][536]LogModuleManager: Shutting down and abandoning module ActorSequence (284)
[2019.01.05-03.33.21:711][536]LogModuleManager: Shutting down and abandoning module UdpMessaging (282)
[2019.01.05-03.33.21:813][536]LogModuleManager: Shutting down and abandoning module TcpMessaging (280)
[2019.01.05-03.33.21:914][536]LogModuleManager: Shutting down and abandoning module MagicLeapAudio (278)
[2019.01.05-03.33.21:914][536]LogModuleManager: Shutting down and abandoning module GameplayTagsEditor (276)
[2019.01.05-03.33.21:923][536]LogModuleManager: Shutting down and abandoning module FacialAnimationEditor (274)
[2019.01.05-03.33.21:923][536]LogModuleManager: Shutting down and abandoning module FacialAnimation (272)
[2019.01.05-03.33.21:923][536]LogModuleManager: Shutting down and abandoning module DataValidation (270)
[2019.01.05-03.33.21:924][536]LogModuleManager: Shutting down and abandoning module AssetManagerEditor (268)
[2019.01.05-03.33.21:940][536]LogModuleManager: Shutting down and abandoning module LevelEditor (267)
[2019.01.05-03.33.21:954][536]LogModuleManager: Shutting down and abandoning module PixelInspectorModule (266)
[2019.01.05-03.33.21:965][536]LogModuleManager: Shutting down and abandoning module CommonMenuExtensions (264)
[2019.01.05-03.33.21:966][536]LogModuleManager: Shutting down and abandoning module MainFrame (262)
[2019.01.05-03.33.21:972][536]LogModuleManager: Shutting down and abandoning module HotReload (261)
[2019.01.05-03.33.21:989][536]LogModuleManager: Shutting down and abandoning module ContentBrowser (257)
[2019.01.05-03.33.21:996][536]LogModuleManager: Shutting down and abandoning module TreeMap (255)
[2019.01.05-03.33.22:002][536]LogModuleManager: Shutting down and abandoning module LightPropagationVolumeRuntime (252)
[2019.01.05-03.33.22:002][536]LogModuleManager: Shutting down and abandoning module AISupportModule (250)
[2019.01.05-03.33.22:002][536]LogModuleManager: Shutting down and abandoning module Paper2D (248)
[2019.01.05-03.33.22:010][536]LogModuleManager: Shutting down and abandoning module WindowsMoviePlayer (246)
[2019.01.05-03.33.22:024][536]LogModuleManager: Shutting down and abandoning module WmfMedia (244)
[2019.01.05-03.33.22:034][536]LogModuleManager: Shutting down and abandoning module Media (243)
[2019.01.05-03.33.22:041][536]LogModuleManager: Shutting down and abandoning module PacketHandler (240)
[2019.01.05-03.33.22:041][536]LogModuleManager: Shutting down and abandoning module ClothingSystemEditor (238)
[2019.01.05-03.33.22:041][536]LogModuleManager: Shutting down and abandoning module ClothingSystemRuntime (236)
[2019.01.05-03.33.22:049][536]LogModuleManager: Shutting down and abandoning module MediaAssets (234)
[2019.01.05-03.33.22:049][536]LogModuleManager: Shutting down and abandoning module Overlay (232)
[2019.01.05-03.33.22:050][536]LogModuleManager: Shutting down and abandoning module OverlayEditor (231)
[2019.01.05-03.33.22:050][536]LogModuleManager: Shutting down and abandoning module VREditor (228)
[2019.01.05-03.33.22:057][536]LogModuleManager: Shutting down and abandoning module StringTableEditor (226)
[2019.01.05-03.33.22:071][536]LogModuleManager: Shutting down and abandoning module GameplayTasksEditor (224)
[2019.01.05-03.33.22:071][536]LogModuleManager: Shutting down and abandoning module BehaviorTreeEditor (222)
[2019.01.05-03.33.22:097][536]LogModuleManager: Shutting down and abandoning module FunctionalTesting (220)
[2019.01.05-03.33.22:109][536]LogModuleManager: Shutting down and abandoning module CollisionAnalyzer (218)
[2019.01.05-03.33.22:129][536]LogModuleManager: Shutting down and abandoning module WorkspaceMenuStructure (217)
[2019.01.05-03.33.22:129][536]LogModuleManager: Shutting down and abandoning module UMG (214)
[2019.01.05-03.33.22:138][536]LogModuleManager: Shutting down and abandoning module UMGEditor (213)
[2019.01.05-03.33.22:167][536]LogModuleManager: Shutting down and abandoning module Sequencer (212)
[2019.01.05-03.33.22:195][536]LogModuleManager: Shutting down and abandoning module MessageLog (209)
[2019.01.05-03.33.22:195][536]LogModuleManager: Shutting down and abandoning module SlateReflector (204)
[2019.01.05-03.33.22:209][536]LogModuleManager: Shutting down and abandoning module Slate (202)
[2019.01.05-03.33.22:209][536]LogModuleManager: Shutting down and abandoning module EditorStyle (200)
[2019.01.05-03.33.22:213][536]LogModuleManager: Shutting down and abandoning module MRMesh (198)
[2019.01.05-03.33.22:225][536]LogModuleManager: Shutting down and abandoning module SourceCodeAccess (196)
[2019.01.05-03.33.22:226][536]LogModuleManager: Shutting down and abandoning module HeadMountedDisplay (194)
[2019.01.05-03.33.22:226][536]LogModuleManager: Shutting down and abandoning module XAudio2 (192)
[2019.01.05-03.33.22:226][536]LogModuleManager: Shutting down and abandoning module Networking (190)
[2019.01.05-03.33.22:226][536]LogModuleManager: Shutting down and abandoning module Core (188)
[2019.01.05-03.33.22:226][536]LogModuleManager: Shutting down and abandoning module LevelSequence (186)
[2019.01.05-03.33.22:226][536]LogModuleManager: Shutting down and abandoning module KismetCompiler (184)
[2019.01.05-03.33.22:226][536]LogModuleManager: Shutting down and abandoning module MeshUtilities (182)
[2019.01.05-03.33.22:235][536]LogModuleManager: Shutting down and abandoning module MeshMergeUtilities (181)
[2019.01.05-03.33.22:250][536]LogModuleManager: Shutting down and abandoning module MeshReductionInterface (180)
[2019.01.05-03.33.22:250][536]LogModuleManager: Shutting down and abandoning module SimplygonSwarm (179)
[2019.01.05-03.33.22:254][536]LogModuleManager: Shutting down and abandoning module ProxyLODMeshReduction (177)
[2019.01.05-03.33.22:268][536]LogModuleManager: Shutting down and abandoning module SimplygonMeshReduction (175)
[2019.01.05-03.33.22:268][536]LogModuleManager: Shutting down and abandoning module QuadricMeshReduction (173)
[2019.01.05-03.33.22:285][536]LogModuleManager: Shutting down and abandoning module MaterialBaking (169)
[2019.01.05-03.33.22:287][536]LogModuleManager: Shutting down and abandoning module DirectoryWatcher (165)
[2019.01.05-03.33.22:288][536]LogModuleManager: Shutting down and abandoning module DerivedDataCache (162)
[2019.01.05-03.33.22:370][536]LogDerivedDataCache: Shutdown
[2019.01.05-03.33.22:370][536]LogModuleManager: Shutting down and abandoning module XGEController (160)
[2019.01.05-03.33.22:370][536]LogXGEController: Cleaning working directory: C:/Users/Nathan/AppData/Local/Temp/UnrealXGEWorkingDir/
[2019.01.05-03.33.22:399][536]LogModuleManager: Shutting down and abandoning module TargetPlatform (158)
[2019.01.05-03.33.22:399][536]LogModuleManager: Shutting down and abandoning module VulkanShaderFormat (157)
[2019.01.05-03.33.22:408][536]LogModuleManager: Shutting down and abandoning module ShaderFormatVectorVM (155)
[2019.01.05-03.33.22:421][536]LogModuleManager: Shutting down and abandoning module ShaderFormatOpenGL (153)
[2019.01.05-03.33.22:429][536]LogModuleManager: Shutting down and abandoning module ShaderFormatD3D (151)
[2019.01.05-03.33.22:429][536]LogModuleManager: Shutting down and abandoning module MetalShaderFormat (149)
[2019.01.05-03.33.22:448][536]LogModuleManager: Shutting down and abandoning module TextureFormatUncompressed (147)
[2019.01.05-03.33.22:449][536]LogModuleManager: Shutting down and abandoning module TextureFormatPVR (145)
[2019.01.05-03.33.22:449][536]LogModuleManager: Shutting down and abandoning module TextureFormatDXT (143)
[2019.01.05-03.33.22:456][536]LogModuleManager: Shutting down and abandoning module TextureFormatIntelISPCTexComp (141)
[2019.01.05-03.33.22:462][536]LogModuleManager: Shutting down and abandoning module TextureFormatASTC (139)
[2019.01.05-03.33.22:462][536]LogModuleManager: Shutting down and abandoning module ImageWrapper (138)
[2019.01.05-03.33.22:462][536]LogModuleManager: Shutting down and abandoning module TextureFormatAndroid (135)
[2019.01.05-03.33.22:463][536]LogModuleManager: Shutting down and abandoning module AudioFormatOpus (133)
[2019.01.05-03.33.22:463][536]LogModuleManager: Shutting down and abandoning module AudioFormatOgg (131)
[2019.01.05-03.33.22:463][536]LogModuleManager: Shutting down and abandoning module AudioFormatADPCM (129)
[2019.01.05-03.33.22:463][536]LogModuleManager: Shutting down and abandoning module LuminTargetPlatform (127)
[2019.01.05-03.33.22:463][536]LogModuleManager: Shutting down and abandoning module LinuxTargetPlatform (125)
[2019.01.05-03.33.22:463][536]LogModuleManager: Shutting down and abandoning module LinuxServerTargetPlatform (123)
[2019.01.05-03.33.22:463][536]LogModuleManager: Shutting down and abandoning module LinuxNoEditorTargetPlatform (121)
[2019.01.05-03.33.22:469][536]LogModuleManager: Shutting down and abandoning module LinuxClientTargetPlatform (119)
[2019.01.05-03.33.22:474][536]LogModuleManager: Shutting down and abandoning module TVOSTargetPlatform (117)
[2019.01.05-03.33.22:501][536]LogModuleManager: Shutting down and abandoning module Messaging (115)
[2019.01.05-03.33.22:501][536]LogModuleManager: Shutting down and abandoning module IOSTargetPlatform (113)
[2019.01.05-03.33.22:509][536]LogModuleManager: Shutting down and abandoning module HTML5TargetPlatform (111)
[2019.01.05-03.33.22:509][536]LogModuleManager: Shutting down and abandoning module AndroidTargetPlatform (109)
[2019.01.05-03.33.22:560][536]LogModuleManager: Shutting down and abandoning module WindowsTargetPlatform (107)
[2019.01.05-03.33.22:560][536]LogModuleManager: Shutting down and abandoning module WindowsServerTargetPlatform (105)
[2019.01.05-03.33.22:560][536]LogModuleManager: Shutting down and abandoning module WindowsNoEditorTargetPlatform (103)
[2019.01.05-03.33.22:560][536]LogModuleManager: Shutting down and abandoning module WindowsClientTargetPlatform (101)
[2019.01.05-03.33.22:560][536]LogModuleManager: Shutting down and abandoning module MacTargetPlatform (99)
[2019.01.05-03.33.22:560][536]LogModuleManager: Shutting down and abandoning module MacServerTargetPlatform (97)
[2019.01.05-03.33.22:560][536]LogModuleManager: Shutting down and abandoning module MacNoEditorTargetPlatform (95)
[2019.01.05-03.33.22:560][536]LogModuleManager: Shutting down and abandoning module MacClientTargetPlatform (93)
[2019.01.05-03.33.22:560][536]LogModuleManager: Shutting down and abandoning module AllDesktopTargetPlatform (91)
[2019.01.05-03.33.22:560][536]LogModuleManager: Shutting down and abandoning module InputCore (88)
[2019.01.05-03.33.22:560][536]LogModuleManager: Shutting down and abandoning module Settings (86)
[2019.01.05-03.33.22:561][536]LogModuleManager: Shutting down and abandoning module PhysXCooking (84)
[2019.01.05-03.33.22:561][536]LogModuleManager: Shutting down and abandoning module SteamVR (82)
[2019.01.05-03.33.22:561][536]LogModuleManager: Shutting down and abandoning module OculusHMD (80)
[2019.01.05-03.33.22:569][536]LogModuleManager: Shutting down and abandoning module ExampleDeviceProfileSelector (78)
[2019.01.05-03.33.22:569][536]LogModuleManager: Shutting down and abandoning module LauncherChunkInstaller (76)
[2019.01.05-03.33.22:569][536]LogModuleManager: Shutting down and abandoning module OnlineBlueprintSupport (74)
[2019.01.05-03.33.22:569][536]LogModuleManager: Shutting down and abandoning module OnlineSubsystem (70)
[2019.01.05-03.33.22:584][536]LogModuleManager: Shutting down and abandoning module XMPP (65)
[2019.01.05-03.33.22:606][536]LogModuleManager: Shutting down and abandoning module WebSockets (64)
[2019.01.05-03.33.22:642][536]LogModuleManager: Shutting down and abandoning module HTTP (61)
[2019.01.05-03.33.22:653][536]LogHttp: Display: Http module shutting down, but needs to wait on 1 outstanding Http requests:
[2019.01.05-03.33.22:653][536]LogHttp: Display: 	verb=[POST] url=[https://datarouter.ol.epicgames.com/datarouter/api/v1/public/data?SessionID=%7B0357B3BD-4AF5-A27F-8655-729FD0DE55E3%7D&AppID=UEEditor.Rocket.Release&AppVersion=4.20.3-4369336%2B%2B%2BUE4%2BRelease-4.20&UserID=bf89f89b445bf5a3cf85f6afa34ab038%7Ca9ce0e3aa720406681a65ce5c0abc24e%7Cade924d9-76d7-41a3-9153-75594cfad526&AppEnvironment=datacollector-binary&UploadType=eteventstream] status=Processing
[2019.01.05-03.33.22:657][536]LogModuleManager: Shutting down and abandoning module SSL (60)
[2019.01.05-03.33.22:673][536]LogModuleManager: Shutting down and abandoning module MagicLeapEmulator (56)
[2019.01.05-03.33.22:673][536]LogModuleManager: Shutting down and abandoning module MagicLeapPrivileges (54)
[2019.01.05-03.33.22:673][536]LogModuleManager: Shutting down and abandoning module MagicLeapIdentity (52)
[2019.01.05-03.33.22:673][536]LogModuleManager: Shutting down and abandoning module MagicLeapHelperVulkan (50)
[2019.01.05-03.33.22:673][536]LogModuleManager: Shutting down and abandoning module MagicLeapHelperOpenGL (48)
[2019.01.05-03.33.22:673][536]LogModuleManager: Shutting down and abandoning module MagicLeapSecureStorage (46)
[2019.01.05-03.33.22:673][536]LogModuleManager: Shutting down and abandoning module MagicLeapGestures (44)
[2019.01.05-03.33.22:673][536]LogModuleManager: Shutting down and abandoning module MagicLeapEyeTracker (42)
[2019.01.05-03.33.22:674][536]LogModuleManager: Shutting down and abandoning module MagicLeapController (40)
[2019.01.05-03.33.22:675][536]LogSlate: Slate User Destroyed.  User Index 0, Is Virtual User: 0
[2019.01.05-03.33.22:675][536]LogModuleManager: Shutting down and abandoning module MagicLeap (38)
[2019.01.05-03.33.22:675][536]LogModuleManager: Shutting down and abandoning module AnimationModifiers (36)
[2019.01.05-03.33.22:691][536]LogModuleManager: Shutting down and abandoning module PropertyEditor (35)
[2019.01.05-03.33.22:691][536]LogModuleManager: Shutting down and abandoning module AudioEditor (32)
[2019.01.05-03.33.22:711][536]LogModuleManager: Shutting down and abandoning module TextureCompressor (30)
[2019.01.05-03.33.22:717][536]LogModuleManager: Shutting down and abandoning module ShaderCore (28)
[2019.01.05-03.33.22:717][536]LogModuleManager: Shutting down and abandoning module Landscape (26)
[2019.01.05-03.33.22:717][536]LogModuleManager: Shutting down and abandoning module SlateRHIRenderer (24)
[2019.01.05-03.33.22:731][536]LogModuleManager: Shutting down and abandoning module OpenGLDrv (22)
[2019.01.05-03.33.22:738][536]LogModuleManager: Shutting down and abandoning module D3D11RHI (20)
[2019.01.05-03.33.22:738][536]LogModuleManager: Shutting down and abandoning module AnimGraphRuntime (18)
[2019.01.05-03.33.22:746][536]LogModuleManager: Shutting down and abandoning module Renderer (16)
[2019.01.05-03.33.22:746][536]LogModuleManager: Shutting down and abandoning module Engine (14)
[2019.01.05-03.33.22:746][536]LogModuleManager: Shutting down and abandoning module CoreUObject (12)
[2019.01.05-03.33.22:746][536]LogModuleManager: Shutting down and abandoning module NetworkFile (10)
[2019.01.05-03.33.22:757][536]LogModuleManager: Shutting down and abandoning module CookedIterativeFile (8)
[2019.01.05-03.33.22:757][536]LogModuleManager: Shutting down and abandoning module StreamingFile (6)
[2019.01.05-03.33.22:765][536]LogModuleManager: Shutting down and abandoning module SandboxFile (4)
[2019.01.05-03.33.22:765][536]LogModuleManager: Shutting down and abandoning module PakFile (2)
[2019.01.05-03.33.22:795][536]LogExit: Exiting.
[2019.01.05-03.33.22:805][536]Log file closed, 01/04/19 22:33:22
