Log file open, 01/22/19 13:37:09
LogWindows: Failed to load 'aqProf.dll' (GetLastError=126)
LogWindows: File 'aqProf.dll' does not exist
LogWindows: Failed to load 'VSPerf140.dll' (GetLastError=126)
LogWindows: File 'VSPerf140.dll' does not exist
LogWindows: Failed to load 'VtuneApi.dll' (GetLastError=126)
LogWindows: File 'VtuneApi.dll' does not exist
LogWindows: Failed to load 'VtuneApi32e.dll' (GetLastError=126)
LogWindows: File 'VtuneApi32e.dll' does not exist
LogInit: Display: Running engine for game: BlockBreaker
LogPlatformFile: Not using cached read wrapper
LogTaskGraph: Started task graph with 5 named threads and 23 total threads with 3 sets of task threads.
LogStats: Stats thread started at 0.371862
LogD3D11RHI: Loaded GFSDK_Aftermath_Lib.x64.dll
LogICUInternationalization: Display: ICU TimeZone Detection - Raw Offset: -5:00, Platform Override: ''
LogPluginManager: Mounting plugin Paper2D
LogPluginManager: Mounting plugin AISupport
LogPluginManager: Mounting plugin LightPropagationVolume
LogPluginManager: Mounting plugin CLionSourceCodeAccess
LogPluginManager: Mounting plugin CodeLiteSourceCodeAccess
LogPluginManager: Mounting plugin GitSourceControl
LogPluginManager: Mounting plugin KDevelopSourceCodeAccess
LogPluginManager: Mounting plugin NullSourceCodeAccess
LogPluginManager: Mounting plugin PerforceSourceControl
LogPluginManager: Mounting plugin SubversionSourceControl
LogPluginManager: Mounting plugin UObjectPlugin
LogPluginManager: Mounting plugin VisualStudioCodeSourceCodeAccess
LogPluginManager: Mounting plugin VisualStudioSourceCodeAccess
LogPluginManager: Mounting plugin XCodeSourceCodeAccess
LogPluginManager: Mounting plugin AssetManagerEditor
LogPluginManager: Mounting plugin CryptoKeys
LogPluginManager: Mounting plugin DataValidation
LogPluginManager: Mounting plugin FacialAnimation
LogPluginManager: Mounting plugin GameplayTagsEditor
LogPluginManager: Mounting plugin MacGraphicsSwitching
LogPluginManager: Mounting plugin MeshEditor
LogPluginManager: Mounting plugin MobileLauncherProfileWizard
LogPluginManager: Mounting plugin PluginBrowser
LogPluginManager: Mounting plugin SpeedTreeImporter
LogPluginManager: Mounting plugin DatasmithContent
LogPluginManager: Mounting plugin AlembicImporter
LogPluginManager: Mounting plugin AppleImageUtils
LogPluginManager: Mounting plugin AppleVision
LogPluginManager: Mounting plugin BackChannel
LogPluginManager: Mounting plugin CharacterAI
LogPluginManager: Mounting plugin GeometryCache
LogPluginManager: Mounting plugin HTML5Networking
LogPluginManager: Mounting plugin ProxyLODPlugin
LogPluginManager: Mounting plugin MagicLeap
LogPluginManager: Mounting plugin MagicLeapEmulator
LogPluginManager: Mounting plugin MagicLeapMedia
LogPluginManager: Mounting plugin AndroidMedia
LogPluginManager: Mounting plugin AvfMedia
LogPluginManager: Mounting plugin ImgMedia
LogPluginManager: Mounting plugin LinearTimecode
LogPluginManager: Mounting plugin MediaCompositing
LogPluginManager: Mounting plugin MediaPlayerEditor
LogPluginManager: Mounting plugin WmfMedia
LogPluginManager: Mounting plugin TcpMessaging
LogPluginManager: Mounting plugin UdpMessaging
LogPluginManager: Mounting plugin ActorSequence
LogPluginManager: Mounting plugin LevelSequenceEditor
LogPluginManager: Mounting plugin MatineeToLevelSequence
LogPluginManager: Mounting plugin NetcodeUnitTest
LogPluginManager: Mounting plugin NUTUnrealEngine4
LogPluginManager: Mounting plugin OnlineSubsystemGooglePlay
LogPluginManager: Mounting plugin OnlineSubsystemIOS
LogPluginManager: Mounting plugin OnlineSubsystem
LogPluginManager: Mounting plugin OnlineSubsystemNull
LogPluginManager: Mounting plugin OnlineSubsystemUtils
LogPluginManager: Mounting plugin LauncherChunkInstaller
LogPluginManager: Mounting plugin AndroidDeviceProfileSelector
LogPluginManager: Mounting plugin AndroidMoviePlayer
LogPluginManager: Mounting plugin AndroidPermission
LogPluginManager: Mounting plugin AppleMoviePlayer
LogPluginManager: Mounting plugin ArchVisCharacter
LogPluginManager: Mounting plugin AudioCapture
LogPluginManager: Mounting plugin CableComponent
LogPluginManager: Mounting plugin CustomMeshComponent
LogPluginManager: Mounting plugin EditableMesh
LogPluginManager: Mounting plugin ExampleDeviceProfileSelector
LogPluginManager: Mounting plugin GoogleCloudMessaging
LogPluginManager: Mounting plugin ImmediatePhysics
LogPluginManager: Mounting plugin IOSDeviceProfileSelector
LogPluginManager: Mounting plugin LinuxDeviceProfileSelector
LogPluginManager: Mounting plugin LocationServicesBPLibrary
LogPluginManager: Mounting plugin MobilePatchingUtils
LogPluginManager: Mounting plugin OculusVR
LogPluginManager: Plugin shader directory ../../../Engine/Plugins/Runtime/Oculus/OculusVR/Shaders found
LogPluginManager: Mapping shader source directory ../../../Engine/Plugins/Runtime/Oculus/OculusVR/Shaders to virtual directory /Plugin/OculusVR
LogPluginManager: Mounting plugin PhysXVehicles
LogPluginManager: Mounting plugin ProceduralMeshComponent
LogPluginManager: Mounting plugin RuntimePhysXCooking
LogPluginManager: Mounting plugin SteamVR
LogPluginManager: Mounting plugin WindowsMoviePlayer
LogStreaming: Display: Took  0.392s to configure plugins.
LogInit: Using libcurl 7.55.1-DEV
LogInit:  - built for x86_64-pc-win32
LogInit:  - supports SSL with OpenSSL/1.0.2h
LogInit:  - supports HTTP deflate (compression) using libz 1.2.8
LogInit:  - other features:
LogInit:      CURL_VERSION_SSL
LogInit:      CURL_VERSION_LIBZ
LogInit:      CURL_VERSION_IPV6
LogInit:      CURL_VERSION_ASYNCHDNS
LogInit:      CURL_VERSION_LARGEFILE
LogInit:      CURL_VERSION_IDN
LogInit:  CurlRequestOptions (configurable via config and command line):
LogInit:  - bVerifyPeer = false  - Libcurl will NOT verify peer certificate
LogInit:  - bUseHttpProxy = false  - Libcurl will NOT use HTTP proxy
LogInit:  - bDontReuseConnections = false  - Libcurl will reuse connections
LogInit:  - CertBundlePath = nullptr  - Libcurl will use whatever was configured at build time.
LogInit:  - MaxHostConnections = 16  - Libcurl will limit the number of connections to a host
LogInit:  - LocalHostAddr = Default
LogInit:  - BufferSize = 65536
LogInit: WinSock: version 1.1 (2.2), MaxSocks=32767, MaxUdp=65467
LogInit: Build: ++UE4+Release-4.20-CL-4369336
LogInit: Engine Version: 4.20.3-4369336+++UE4+Release-4.20
LogInit: Compatible Engine Version: 4.20.0-4212847+++UE4+Release-4.20
LogInit: Net CL: 4212847
LogInit: OS: Windows 10 (), CPU:        Intel(R) Core(TM) i7-3770K CPU @ 3.50GHz, GPU: AMD Radeon R9 200 Series
LogInit: Compiled (64-bit): Sep 17 2018 12:26:19
LogInit: Compiled with Visual C++: 19.13.26129.00
LogInit: Build Configuration: Development
LogInit: Branch Name: ++UE4+Release-4.20
LogInit: Command Line:  
LogInit: Base Directory: C:/Program Files/Epic Games/UE_4.20/Engine/Binaries/Win64/
LogInit: Installed Engine Build: 1
LogDevObjectVersion: Number of dev versions registered: 20
LogDevObjectVersion:   Dev-Blueprints (B0D832E4-1F89-4F0D-ACCF-7EB736FD4AA2): 10
LogDevObjectVersion:   Dev-Build (E1C64328-A22C-4D53-A36C-8E866417BD8C): 0
LogDevObjectVersion:   Dev-Core (375EC13C-06E4-48FB-B500-84F0262A717E): 2
LogDevObjectVersion:   Dev-Editor (E4B068ED-F494-42E9-A231-DA0B2E46BB41): 24
LogDevObjectVersion:   Dev-Framework (CFFC743F-43B0-4480-9391-14DF171D2073): 34
LogDevObjectVersion:   Dev-Mobile (B02B49B5-BB20-44E9-A304-32B752E40360): 2
LogDevObjectVersion:   Dev-Networking (A4E4105C-59A1-49B5-A7C5-40C4547EDFEE): 0
LogDevObjectVersion:   Dev-Online (39C831C9-5AE6-47DC-9A44-9C173E1C8E7C): 0
LogDevObjectVersion:   Dev-Physics (78F01B33-EBEA-4F98-B9B4-84EACCB95AA2): 0
LogDevObjectVersion:   Dev-Platform (6631380F-2D4D-43E0-8009-CF276956A95A): 0
LogDevObjectVersion:   Dev-Rendering (12F88B9F-8875-4AFC-A67C-D90C383ABD29): 26
LogDevObjectVersion:   Dev-Sequencer (7B5AE74C-D270-4C10-A958-57980B212A5A): 9
LogDevObjectVersion:   Dev-VR (D7296918-1DD6-4BDD-9DE2-64A83CC13884): 2
LogDevObjectVersion:   Dev-LoadTimes (C2A15278-BFE7-4AFE-6C17-90FF531DF755): 1
LogDevObjectVersion:   Private-Geometry (6EACA3D4-40EC-4CC1-B786-8BED09428FC5): 3
LogDevObjectVersion:   Dev-AnimPhys (29E575DD-E0A3-4627-9D10-D276232CDCEA): 17
LogDevObjectVersion:   Dev-ReflectionCapture (6B266CEC-1EC7-4B8F-A30B-E4D90942FC07): 1
LogDevObjectVersion:   Dev-Automation (0DF73D61-A23F-47EA-B727-89E90C41499A): 1
LogDevObjectVersion:   FortniteMain (601D1886-AC64-4F84-AA16-D3DE0DEAC7D6): 12
LogDevObjectVersion:   Dev-Enterprise (9DFFBCD6-494F-0158-E221-12823C92A888): 1
LogStreaming: Display: Took  0.003s to delete old logs.
LogInit: Presizing for max 8388607 objects, including 0 objects not considered by GC, pre-allocating 0 bytes for permanent pool.
LogInit: Object subsystem initialized
[2019.01.22-18.37.10:417][  0]LogInit: Selected Device Profile: [Windows]
[2019.01.22-18.37.10:417][  0]LogInit: Applying CVar settings loaded from the selected device profile: [Windows]
[2019.01.22-18.37.10:470][  0]LogHAL: Display: Platform has ~ 16 GB [16850325504 / 17179869184 / 16], which maps to Larger [LargestMinGB=32, LargerMinGB=12, DefaultMinGB=8, SmallerMinGB=6, SmallestMinGB=0)
[2019.01.22-18.37.10:470][  0]LogInit: Setting Device Profile CVar: [[r.Vulkan.UseRealUBs:1]]
[2019.01.22-18.37.10:470][  0]LogInit: Going up to parent DeviceProfile []
[2019.01.22-18.37.10:488][  0]LogInit: Computer: DESKTOP-6K2112M
[2019.01.22-18.37.10:489][  0]LogInit: User: Nathan
[2019.01.22-18.37.10:489][  0]LogInit: CPU Page size=4096, Cores=4
[2019.01.22-18.37.10:489][  0]LogInit: High frequency timer resolution =14.318180 MHz
[2019.01.22-18.37.10:489][  0]LogMemory: Memory total: Physical=15.7GB (16GB approx)
[2019.01.22-18.37.10:489][  0]LogMemory: Platform Memory Stats for Windows
[2019.01.22-18.37.10:489][  0]LogMemory: Process Physical Memory: 100.68 MB used, 100.68 MB peak
[2019.01.22-18.37.10:489][  0]LogMemory: Process Virtual Memory: 89.29 MB used, 89.29 MB peak
[2019.01.22-18.37.10:489][  0]LogMemory: Physical Memory: 6899.68 MB used,  9170.04 MB free, 16069.72 MB total
[2019.01.22-18.37.10:489][  0]LogMemory: Virtual Memory: 4638.87 MB used,  9170.04 MB free, 134217728.00 MB total
[2019.01.22-18.37.10:865][  0]LogInit: Using OS detected language (en-US).
[2019.01.22-18.37.10:865][  0]LogInit: Using OS detected locale (en-US).
[2019.01.22-18.37.10:883][  0]LogTextLocalizationManager: No specific localization for 'en-US' exists, so the 'en' localization will be used.
[2019.01.22-18.37.11:576][  0]LogStreaming: Display: Took  0.711s to InitEngineTextLocalization.
[2019.01.22-18.37.11:576][  0]LogInit: Setting process to per monitor DPI aware
[2019.01.22-18.37.11:791][  0]LogSlate: New Slate User Created.  User Index 0, Is Virtual User: 0
[2019.01.22-18.37.11:791][  0]LogSlate: Slate User Registered.  User Index 0, Is Virtual User: 0
[2019.01.22-18.37.15:893][  0]LogHMD: Failed to initialize OpenVR with code 110
[2019.01.22-18.37.15:893][  0]LogD3D11RHI: D3D11 adapters:
[2019.01.22-18.37.16:056][  0]LogD3D11RHI:    0. 'AMD Radeon R9 200 Series' (Feature Level 11_0)
[2019.01.22-18.37.16:056][  0]LogD3D11RHI:       2028/0/8034 MB DedicatedVideo/DedicatedSystem/SharedSystem, Outputs:2, VendorId:0x1002
[2019.01.22-18.37.16:070][  0]LogD3D11RHI:    1. 'Intel(R) HD Graphics 4000' (Feature Level 11_0)
[2019.01.22-18.37.16:070][  0]LogD3D11RHI:       224/0/1568 MB DedicatedVideo/DedicatedSystem/SharedSystem, Outputs:0, VendorId:0x8086
[2019.01.22-18.37.16:075][  0]LogD3D11RHI:    2. 'Microsoft Basic Render Driver' (Feature Level 11_0)
[2019.01.22-18.37.16:075][  0]LogD3D11RHI:       0/0/8034 MB DedicatedVideo/DedicatedSystem/SharedSystem, Outputs:0, VendorId:0x1414
[2019.01.22-18.37.16:075][  0]LogD3D11RHI: Chosen D3D11 Adapter: 0
[2019.01.22-18.37.16:093][  0]LogD3D11RHI: Creating new Direct3DDevice
[2019.01.22-18.37.16:093][  0]LogD3D11RHI:     GPU DeviceId: 0x6810 (for the marketing name, search the web for "GPU Device Id")
[2019.01.22-18.37.16:093][  0]LogWindows: EnumDisplayDevices:
[2019.01.22-18.37.16:093][  0]LogWindows:    0. 'AMD Radeon R9 200 Series' (P:1 D:1)
[2019.01.22-18.37.16:095][  0]LogWindows:    1. 'AMD Radeon R9 200 Series' (P:0 D:1)
[2019.01.22-18.37.16:097][  0]LogWindows:    2. 'AMD Radeon R9 200 Series' (P:0 D:0)
[2019.01.22-18.37.16:098][  0]LogWindows:    3. 'AMD Radeon R9 200 Series' (P:0 D:0)
[2019.01.22-18.37.16:100][  0]LogWindows:    4. 'AMD Radeon R9 200 Series' (P:0 D:0)
[2019.01.22-18.37.16:101][  0]LogWindows:    5. 'AMD Radeon R9 200 Series' (P:0 D:0)
[2019.01.22-18.37.16:103][  0]LogWindows:    6. 'AMD Radeon R9 200 Series' (P:0 D:0)
[2019.01.22-18.37.16:104][  0]LogWindows:    7. 'Intel(R) HD Graphics 4000' (P:0 D:0)
[2019.01.22-18.37.16:105][  0]LogWindows:    8. 'Intel(R) HD Graphics 4000' (P:0 D:0)
[2019.01.22-18.37.16:106][  0]LogWindows:    9. 'Intel(R) HD Graphics 4000' (P:0 D:0)
[2019.01.22-18.37.16:107][  0]LogWindows: DebugString: PrimaryIsNotTheChoosenAdapter PrimaryIsNotTheChoosenAdapter PrimaryIsNotTheChoosenAdapter FoundDriverCount:7 
[2019.01.22-18.37.16:107][  0]LogD3D11RHI:     Adapter Name: AMD Radeon R9 200 Series
[2019.01.22-18.37.16:107][  0]LogD3D11RHI:   Driver Version: Adrenalin 18.9.1 (internal:24.20.13017.1009, unified:24.20.13017.1009)
[2019.01.22-18.37.16:107][  0]LogD3D11RHI:      Driver Date: 9-11-2018
[2019.01.22-18.37.16:107][  0]LogRHI: Texture pool is 1419 MB (70% of 2028 MB)
[2019.01.22-18.37.16:174][  0]LogD3D11RHI: Async texture creation enabled
[2019.01.22-18.37.16:187][  0]LogD3D11RHI: GPU Timing Frequency: 27.000000 (Debug: 2 1)
[2019.01.22-18.37.16:189][  0]LogShaderCompilers: Guid format shader working directory is -33 characters bigger than the processId version (../../../../../../Users/Nathan/Downloads/BlockBreakerStarter/BlockBreakerStarter/Intermediate/Shaders/WorkingDirectory/8348/).
[2019.01.22-18.37.16:189][  0]LogShaderCompilers: Cleaned the shader compiler working directory 'C:/Users/Nathan/AppData/Local/Temp/UnrealShaderWorkingDir/CF4A370D4A91B09DC24E7ABBD902AEE1/'.
[2019.01.22-18.37.16:695][  0]LogTemp: Display: Loaded TP AllDesktopTargetPlatform
[2019.01.22-18.37.16:714][  0]LogTemp: Display: Loaded TP MacClientTargetPlatform
[2019.01.22-18.37.16:733][  0]LogTemp: Display: Loaded TP MacNoEditorTargetPlatform
[2019.01.22-18.37.16:752][  0]LogTemp: Display: Loaded TP MacServerTargetPlatform
[2019.01.22-18.37.16:785][  0]LogTemp: Display: Loaded TP MacTargetPlatform
[2019.01.22-18.37.16:805][  0]LogTemp: Display: Loaded TP WindowsClientTargetPlatform
[2019.01.22-18.37.16:823][  0]LogTemp: Display: Loaded TP WindowsNoEditorTargetPlatform
[2019.01.22-18.37.16:843][  0]LogTemp: Display: Loaded TP WindowsServerTargetPlatform
[2019.01.22-18.37.16:854][  0]LogTemp: Display: Loaded TP WindowsTargetPlatform
[2019.01.22-18.37.16:963][  0]LogTemp: Display: Loaded TP AndroidTargetPlatform
[2019.01.22-18.37.16:963][  0]LogTemp: Display: Loaded TP AndroidTargetPlatform
[2019.01.22-18.37.16:963][  0]LogTemp: Display: Loaded TP AndroidTargetPlatform
[2019.01.22-18.37.16:963][  0]LogTemp: Display: Loaded TP AndroidTargetPlatform
[2019.01.22-18.37.16:963][  0]LogTemp: Display: Loaded TP AndroidTargetPlatform
[2019.01.22-18.37.16:963][  0]LogTemp: Display: Loaded TP AndroidTargetPlatform
[2019.01.22-18.37.16:963][  0]LogTemp: Display: Loaded TP AndroidTargetPlatform
[2019.01.22-18.37.16:963][  0]LogTemp: Display: Loaded TP AndroidTargetPlatform
[2019.01.22-18.37.16:963][  0]LogTemp: Display: Loaded TP AndroidTargetPlatform
[2019.01.22-18.37.16:963][  0]LogTemp: Display: Loaded TP AndroidTargetPlatform
[2019.01.22-18.37.16:963][  0]LogTemp: Display: Loaded TP AndroidTargetPlatform
[2019.01.22-18.37.16:963][  0]LogTemp: Display: Loaded TP AndroidTargetPlatform
[2019.01.22-18.37.16:963][  0]LogTemp: Display: Loaded TP AndroidTargetPlatform
[2019.01.22-18.37.16:963][  0]LogTemp: Display: Loaded TP AndroidTargetPlatform
[2019.01.22-18.37.16:963][  0]LogTemp: Display: Loaded TP AndroidTargetPlatform
[2019.01.22-18.37.16:963][  0]LogTemp: Display: Loaded TP AndroidTargetPlatform
[2019.01.22-18.37.16:963][  0]LogTemp: Display: Loaded TP AndroidTargetPlatform
[2019.01.22-18.37.16:963][  0]LogTemp: Display: Loaded TP AndroidTargetPlatform
[2019.01.22-18.37.16:966][  0]LogTemp: Display: Loaded TP HTML5TargetPlatform
[2019.01.22-18.37.17:073][  0]LogTemp: Display: Loaded TP IOSTargetPlatform
[2019.01.22-18.37.17:073][  0]LogTemp: Display: Loaded TP IOSTargetPlatform
[2019.01.22-18.37.17:179][  0]LogTemp: Display: Loaded TP TVOSTargetPlatform
[2019.01.22-18.37.17:179][  0]LogTemp: Display: Loaded TP TVOSTargetPlatform
[2019.01.22-18.37.17:217][  0]LogTemp: Display: Loaded TP LinuxClientTargetPlatform
[2019.01.22-18.37.17:236][  0]LogTemp: Display: Loaded TP LinuxNoEditorTargetPlatform
[2019.01.22-18.37.17:252][  0]LogTemp: Display: Loaded TP LinuxServerTargetPlatform
[2019.01.22-18.37.17:296][  0]LogTemp: Display: Loaded TP LinuxTargetPlatform
[2019.01.22-18.37.17:307][  0]LogTemp: Display: Loaded TP LuminTargetPlatform
[2019.01.22-18.37.17:307][  0]LogTargetPlatformManager: Display: Building Assets For Windows
[2019.01.22-18.37.17:696][  0]LogXGEController: Cannot use XGE Controller as Incredibuild is not installed on this machine.
[2019.01.22-18.37.17:696][  0]LogShaderCompilers: Cannot use XGE Shader Compiler as Incredibuild is not installed on this machine.
[2019.01.22-18.37.17:696][  0]LogShaderCompilers: Display: Using Local Shader Compiler.
[2019.01.22-18.37.22:776][  0]LogDerivedDataCache: Display: Max Cache Size: 512 MB
[2019.01.22-18.37.23:286][  0]LogDerivedDataCache: Loaded boot cache 0.51s 71MB C:/Users/Nathan/AppData/Local/UnrealEngine/4.20/DerivedDataCache/Boot.ddc.
[2019.01.22-18.37.23:287][  0]LogDerivedDataCache: Display: Loaded Boot cache: C:/Users/Nathan/AppData/Local/UnrealEngine/4.20/DerivedDataCache/Boot.ddc
[2019.01.22-18.37.23:287][  0]LogDerivedDataCache: FDerivedDataBackendGraph:  Pak pak cache file ../../../../../../Users/Nathan/Downloads/BlockBreakerStarter/BlockBreakerStarter/DerivedDataCache/DDC.ddp not found, will not use a pak cache.
[2019.01.22-18.37.23:287][  0]LogDerivedDataCache: Unable to find inner node Pak for hierarchical cache Hierarchy.
[2019.01.22-18.37.23:287][  0]LogDerivedDataCache: FDerivedDataBackendGraph:  CompressedPak pak cache file ../../../../../../Users/Nathan/Downloads/BlockBreakerStarter/BlockBreakerStarter/DerivedDataCache/Compressed.ddp not found, will not use a pak cache.
[2019.01.22-18.37.23:287][  0]LogDerivedDataCache: Unable to find inner node CompressedPak for hierarchical cache Hierarchy.
[2019.01.22-18.37.23:370][  0]LogDerivedDataCache: Display: Pak cache opened for reading ../../../Engine/DerivedDataCache/Compressed.ddp.
[2019.01.22-18.37.23:384][  0]LogDerivedDataCache: Using Local data cache path C:/Users/Nathan/AppData/Local/UnrealEngine/Common/DerivedDataCache: Writable
[2019.01.22-18.37.23:384][  0]LogDerivedDataCache: Shared data cache path not found in *engine.ini, will not use an Shared cache.
[2019.01.22-18.37.23:384][  0]LogDerivedDataCache: Unable to find inner node Shared for hierarchical cache Hierarchy.
[2019.01.22-18.37.23:405][  0]LogMaterial: Verifying Global Shaders for PCD3D_SM5
[2019.01.22-18.37.23:407][  0]LogSlate: Using FreeType 2.6.0
[2019.01.22-18.37.23:454][  0]LogSlate: SlateFontServices - WITH_FREETYPE: 1, WITH_HARFBUZZ: 1
[2019.01.22-18.37.25:010][  0]LogAssetRegistry: FAssetRegistry took 0.0329 seconds to start up
[2019.01.22-18.37.25:543][  0]LogInit: Selected Device Profile: [Windows]
[2019.01.22-18.37.26:394][  0]LogSimplygon: Simplygon DLL not present - disabling.
[2019.01.22-18.37.26:407][  0]LogMeshReduction: Using SimplygonSwarm for distributed automatic mesh merging
[2019.01.22-18.37.26:407][  0]LogMeshReduction: Using ProxyLODMeshReduction for automatic mesh merging
[2019.01.22-18.37.26:407][  0]LogMeshReduction: Using QuadricMeshReduction for automatic static mesh reduction
[2019.01.22-18.37.26:407][  0]LogMeshReduction: No automatic skeletal mesh reduction module available
[2019.01.22-18.37.26:461][  0]LogNetVersion: BlockBreaker 1.0.0, NetCL: 4212847, EngineNetVer: 5, GameNetVer: 0 (Checksum: 316566691)
[2019.01.22-18.37.27:899][  0]LogPackageLocalizationCache: Processed 11 localized package path(s) for 2 prioritized culture(s) in 0.176029 seconds
[2019.01.22-18.37.27:906][  0]LogUObjectArray: 38425 objects as part of root set at end of initial load.
[2019.01.22-18.37.27:906][  0]LogUObjectAllocator: 6690872 out of 0 bytes used by permanent object pool.
[2019.01.22-18.37.27:906][  0]LogUObjectArray: CloseDisregardForGC: 0/0 objects in disregard for GC pool
[2019.01.22-18.37.46:097][  0]LogTcpMessaging: Initializing TcpMessaging bridge
[2019.01.22-18.37.46:117][  0]LogUdpMessaging: Initializing bridge on interface 0.0.0.0:0 to multicast group 230.0.0.1:6666.
[2019.01.22-18.37.46:792][  0]SourceControl: Source control is disabled
[2019.01.22-18.37.46:793][  0]SourceControl: Source control is disabled
[2019.01.22-18.37.46:810][  0]SourceControl: Source control is disabled
[2019.01.22-18.37.46:813][  0]SourceControl: Source control is disabled
[2019.01.22-18.37.47:560][  0]LogAndroidPermission: UAndroidPermissionCallbackProxy::GetInstance
[2019.01.22-18.37.47:767][  0]LogOcInput: OculusInput pre-init called
[2019.01.22-18.37.48:005][  0]LogEngine: Initializing Engine...
[2019.01.22-18.37.48:006][  0]LogHMD: Failed to initialize OpenVR with code 110
[2019.01.22-18.37.48:007][  0]LogStats: UGameplayTagsManager::ConstructGameplayTagTree: ImportINI prefixes -  0.000 s
[2019.01.22-18.37.48:007][  0]LogStats: UGameplayTagsManager::ConstructGameplayTagTree: Construct from data asset -  0.000 s
[2019.01.22-18.37.48:007][  0]LogStats: UGameplayTagsManager::ConstructGameplayTagTree: ImportINI -  0.000 s
[2019.01.22-18.37.48:007][  0]LogStats: UGameplayTagsManager::ConstructGameplayTagTree: GameplayTagTreeChangedEvent.Broadcast -  0.000 s
[2019.01.22-18.37.48:593][  0]LogInit: Initializing FReadOnlyCVARCache
[2019.01.22-18.37.48:705][  0]LogAIModule: Creating AISystem for world Untitled
[2019.01.22-18.37.48:752][  0]LogInit: XAudio2 using 'Speakers (High Definition Audio Device)' : 2 channels at 48 kHz using 16 bits per sample (channel mask 0x3)
[2019.01.22-18.37.48:777][  0]LogInit: FAudioDevice initialized.
[2019.01.22-18.37.48:778][  0]LogNetVersion: Set ProjectVersion to 1.0.0.0. Version Checksum will be recalculated on next use.
[2019.01.22-18.37.48:931][  0]LogDerivedDataCache: Saved boot cache 0.15s 71MB C:/Users/Nathan/AppData/Local/UnrealEngine/4.20/DerivedDataCache/Boot.ddc.
[2019.01.22-18.37.48:969][  0]LogInit: Texture streaming: Enabled
[2019.01.22-18.37.49:093][  0]LogEngineSessionManager: EngineSessionManager initialized
[2019.01.22-18.37.49:193][  0]LogInit: Transaction tracking system initialized
[2019.01.22-18.37.49:420][  0]BlueprintLog: New page: Editor Load
[2019.01.22-18.37.50:027][  0]LocalizationService: Localization service is disabled
[2019.01.22-18.37.52:457][  0]LogCook: Display: Max memory allowance for cook 16384mb min free memory 0mb
[2019.01.22-18.37.52:457][  0]LogCook: Display: Mobile HDR setting 1
[2019.01.22-18.37.52:457][  0]LogGameplayTags: Display: UGameplayTagsManager::DoneAddingNativeTags. DelegateIsBound: 0
[2019.01.22-18.37.52:457][  0]LogStats: UGameplayTagsManager::ConstructGameplayTagTree: ImportINI prefixes -  0.000 s
[2019.01.22-18.37.52:457][  0]LogStats: UGameplayTagsManager::ConstructGameplayTagTree: Construct from data asset -  0.000 s
[2019.01.22-18.37.52:457][  0]LogStats: UGameplayTagsManager::ConstructGameplayTagTree: ImportINI -  0.000 s
[2019.01.22-18.37.52:457][  0]LogStats: UGameplayTagsManager::ConstructGameplayTagTree: GameplayTagTreeChangedEvent.Broadcast -  0.000 s
[2019.01.22-18.37.53:501][  0]LogFileCache: Scanning file cache for directory 'C:/Users/Nathan/Downloads/BlockBreakerStarter/BlockBreakerStarter/Content/' took 0.06s
[2019.01.22-18.37.54:910][  0]SourceControl: Source control is disabled
[2019.01.22-18.37.54:910][  0]Cmd: MAP LOAD FILE="../../../../../../Users/Nathan/Downloads/BlockBreakerStarter/BlockBreakerStarter/Content/BlockBreaker/Maps/TutorialMap.umap" TEMPLATE=0 SHOWPROGRESS=1 FEATURELEVEL=3
[2019.01.22-18.37.54:930][  0]LightingResults: New page: Lighting Build
[2019.01.22-18.37.54:955][  0]MapCheck: New page: Map Check
[2019.01.22-18.37.54:955][  0]LightingResults: New page: Lighting Build
[2019.01.22-18.37.57:008][  0]LogAIModule: Creating AISystem for world TutorialMap
[2019.01.22-18.37.57:083][  0]LogEditorServer: Finished looking for orphan Actors (0.000 secs)
[2019.01.22-18.37.57:106][  0]Cmd: MAP CHECKDEP NOCLEARLOG
[2019.01.22-18.37.57:221][  0]MapCheck: Map check complete: 0 Error(s), 0 Warning(s), took 115.436ms to complete.
[2019.01.22-18.37.57:221][  0]LogFileHelpers: Loading map 'TutorialMap' took 2.311
[2019.01.22-18.37.57:469][  0]LogSlate: Updating window title bar state: overlay mode, drag disabled, window buttons hidden, title bar hidden
[2019.01.22-18.37.57:479][  0]LogSlate: Updating window title bar state: overlay mode, drag disabled, window buttons hidden, title bar hidden
[2019.01.22-18.37.57:487][  0]LogSlate: Updating window title bar state: overlay mode, drag disabled, window buttons hidden, title bar hidden
[2019.01.22-18.37.57:496][  0]LogSlate: Updating window title bar state: overlay mode, drag disabled, window buttons hidden, title bar hidden
[2019.01.22-18.37.57:544][  0]LogCollectionManager: Loaded 0 collections in 0.006456 seconds
[2019.01.22-18.37.57:611][  0]LogFileCache: Scanning file cache for directory 'C:/Users/Nathan/Downloads/BlockBreakerStarter/BlockBreakerStarter/Saved/Collections/' took 0.01s
[2019.01.22-18.37.57:611][  0]LogFileCache: Scanning file cache for directory 'C:/Users/Nathan/Downloads/BlockBreakerStarter/BlockBreakerStarter/Content/Developers/Nathan/Collections/' took 0.01s
[2019.01.22-18.37.57:611][  0]LogFileCache: Scanning file cache for directory 'C:/Users/Nathan/Downloads/BlockBreakerStarter/BlockBreakerStarter/Content/Collections/' took 0.01s
[2019.01.22-18.37.57:611][  0]LogCollectionManager: Rebuilt the GUID cache for 0 collections in 0.000002 seconds
[2019.01.22-18.37.57:625][  0]LogContentBrowser: Native class hierarchy populated in 0.0138 seconds. Added 2572 classes and 603 folders.
[2019.01.22-18.37.57:657][  0]LogContentBrowser: Native class hierarchy updated for 'WidgetCarousel' in 0.0003 seconds. Added 0 classes and 0 folders.
[2019.01.22-18.37.59:324][  0]LogContentBrowser: Native class hierarchy updated for 'AddContentDialog' in 0.0007 seconds. Added 0 classes and 0 folders.
[2019.01.22-18.37.59:360][  0]LogContentBrowser: Native class hierarchy updated for 'SceneOutliner' in 0.0006 seconds. Added 1 classes and 2 folders.
[2019.01.22-18.37.59:581][  0]LogSlate: Took 0.018108 seconds to synchronously load lazily loaded font '../../../Engine/Content/Slate/Fonts/Roboto-Regular.ttf' (155K)
[2019.01.22-18.37.59:598][  0]LogSlate: Took 0.014595 seconds to synchronously load lazily loaded font '../../../Engine/Content/Slate/Fonts/Roboto-Bold.ttf' (160K)
[2019.01.22-18.37.59:620][  0]LogSlate: Took 0.016659 seconds to synchronously load lazily loaded font '../../../Engine/Content/Editor/Slate/Fonts/FontAwesome.ttf' (139K)
[2019.01.22-18.37.59:937][  0]LogRenderer: Reallocating scene render targets to support 1212x576 Format 10 NumSamples 1 (Frame:1).
[2019.01.22-18.38.00:231][  0]LogContentBrowser: Native class hierarchy updated for 'HierarchicalLODOutliner' in 0.0005 seconds. Added 0 classes and 0 folders.
[2019.01.22-18.38.00:231][  0]LogLoad: (Engine Initialization) Total time: 66.96 seconds
[2019.01.22-18.38.00:231][  0]LogLoad: (Engine Initialization) Total Blueprint compile time: 0.00 seconds
[2019.01.22-18.38.00:244][  0]LogWindowsTextInputMethodSystem: Display: IME system now deactivated.
[2019.01.22-18.38.00:273][  0]LogContentStreaming: Texture pool size now 1000 MB
[2019.01.22-18.38.00:331][  0]LogSlate: Took 0.015192 seconds to synchronously load lazily loaded font '../../../Engine/Content/Slate/Fonts/Roboto-Light.ttf' (167K)
[2019.01.22-18.38.00:517][  3]LogAssetRegistry: Asset discovery search completed in 35.5287 seconds
[2019.01.22-18.38.00:519][  3]LogCollectionManager: Rebuilt the object cache for 0 collections in 0.000003 seconds (found 0 objects)
[2019.01.22-18.38.00:519][  3]LogCollectionManager: Fixed up redirectors for 0 collections in 0.000112 seconds (updated 0 objects)
[2019.01.22-18.38.01:291][ 85]LogSlate: Took 0.000294 seconds to synchronously load lazily loaded font '../../../Engine/Content/Slate/Fonts/Roboto-Light.ttf' (167K)
[2019.01.22-18.38.02:674][187]LogSlate: FSceneViewport::OnFocusLost() reason 0
[2019.01.22-18.38.02:871][198]LogAssetEditorManager: Opening Asset editor for Blueprint /Game/BlockBreaker/Blueprints/BP_Player.BP_Player
[2019.01.22-18.38.04:145][198]LogContentBrowser: Native class hierarchy updated for 'BlueprintGraph' in 0.0007 seconds. Added 116 classes and 0 folders.
[2019.01.22-18.38.05:761][198]LogSlate: Took 0.008813 seconds to synchronously load lazily loaded font '../../../Engine/Content/Slate/Fonts/Roboto-BoldCondensed.ttf' (158K)
[2019.01.22-18.38.05:941][199]LogSlate: Took 0.013777 seconds to synchronously load lazily loaded font '../../../Engine/Content/Slate/Fonts/Roboto-Italic.ttf' (157K)
[2019.01.22-18.38.16:527][144]LogAssetEditorManager: Opening Asset editor for Blueprint /Game/BlockBreaker/Blueprints/GunThings/BP_BaseGun.BP_BaseGun
[2019.01.22-18.38.34:163][952]LogAssetEditorManager: Opening Asset editor for Blueprint /Game/BlockBreaker/Blueprints/RJ_Bullet.RJ_Bullet
[2019.01.22-18.42.36:369][401]LogAssetEditorManager: Opening Asset editor for MaterialInstanceConstant /Game/BlockBreaker/Materials/MI_Button.MI_Button
[2019.01.22-18.42.40:053][643]LogRenderer: Reallocating scene render targets to support 1212x904 Format 10 NumSamples 1 (Frame:8).
[2019.01.22-18.42.40:166][644]LogRenderer: Reallocating scene render targets to support 1212x908 Format 10 NumSamples 1 (Frame:10).
[2019.01.22-18.42.42:032][834]LogSlate: Window 'MI_Button' being destroyed
[2019.01.22-18.59.51:623][315]LogAssetEditorManager: Opening Asset editor for Blueprint /Game/BlockBreaker/Blueprints/GunThings/BP_BaseGun.BP_BaseGun
[2019.01.22-19.00.03:261][547]LogAssetEditorManager: Opening Asset editor for Blueprint /Game/BlockBreaker/Blueprints/GunThings/BP_Rifle.BP_Rifle
[2019.01.22-19.11.57:499][626]LogAssetEditorManager: Opening Asset editor for Blueprint /Game/BlockBreaker/Blueprints/GunThings/BP_Rifle.BP_Rifle
[2019.01.22-19.12.11:598][ 62]LogSlate: FSceneViewport::OnFocusLost() reason 0
[2019.01.22-19.12.44:911][609]LogFileHelpers: Editor autosave (incl. sublevels) for '/Game/BlockBreaker/Maps/TutorialMap' took 0.213
[2019.01.22-19.12.44:952][609]OBJ SavePackage: Generating thumbnails for [1] asset(s) in package [/Game/BlockBreaker/Blueprints/GunThings/BP_Rifle] ([1] browsable assets)...
[2019.01.22-19.12.45:019][609]OBJ SavePackage:     Rendered thumbnail for [Blueprint /Game/BlockBreaker/Blueprints/GunThings/BP_Rifle.BP_Rifle]
[2019.01.22-19.12.45:019][609]OBJ SavePackage: Finished generating thumbnails for package [/Game/BlockBreaker/Blueprints/GunThings/BP_Rifle]
[2019.01.22-19.12.45:404][609]LogSavePackage: Moving '../../../../../../Users/Nathan/Downloads/BlockBreakerStarter/BlockBreakerStarter/Saved/BP_Rifle_Auto1534D6E0B4A42332BCB47109B47D0E450.tmp' to '../../../../../../Users/Nathan/Downloads/BlockBreakerStarter/BlockBreakerStarter/Saved/Autosaves/Game/BlockBreaker/Blueprints/GunThings/BP_Rifle_Auto1.uasset'
[2019.01.22-19.12.45:434][609]LogFileHelpers: Auto-saving content packages took 0.509
[2019.01.22-19.24.13:666][382]LogActorComponent: UnregisterComponent: (/Engine/Transient.EditorFloorComp) Not registered. Aborting.
[2019.01.22-19.27.10:330][937]LogSlate: Window 'Save Content' being destroyed
[2019.01.22-19.27.10:733][937]LogActorComponent: UnregisterComponent: (/Engine/Transient.EditorFloorComp) Not registered. Aborting.
[2019.01.22-19.27.10:833][937]LogSlate: Window 'BlockBreaker - Unreal Editor' being destroyed
[2019.01.22-19.27.11:239][938]Cmd: QUIT_EDITOR
[2019.01.22-19.27.11:503][938]LogWindowsTextInputMethodSystem: Display: IME system now deactivated.
[2019.01.22-19.27.11:543][938]LogExit: Preparing to exit.
[2019.01.22-19.27.12:608][938]LogExit: Editor shut down
[2019.01.22-19.27.12:610][938]LogExit: Transaction tracking system shut down
[2019.01.22-19.27.14:837][938]LogExit: Object subsystem successfully closed.
[2019.01.22-19.27.15:564][938]LogShaderCompilers: Display: Shaders left to compile 0
[2019.01.22-19.27.15:604][938]LogD3D11RHI: Shutdown
[2019.01.22-19.27.15:604][938]LogD3D11RHI: CleanupD3DDevice
[2019.01.22-19.27.15:671][938]LogD3D11RHI: ~FD3D11DynamicRHI
[2019.01.22-19.27.18:631][938]LogModuleManager: Shutting down and abandoning module BlueprintGraph (612)
[2019.01.22-19.27.18:632][938]LogModuleManager: Shutting down and abandoning module HierarchicalLODOutliner (610)
[2019.01.22-19.27.18:632][938]LogModuleManager: Shutting down and abandoning module SceneOutliner (608)
[2019.01.22-19.27.18:632][938]LogModuleManager: Shutting down and abandoning module AddContentDialog (606)
[2019.01.22-19.27.18:641][938]LogModuleManager: Shutting down and abandoning module WidgetCarousel (605)
[2019.01.22-19.27.18:641][938]LogModuleManager: Shutting down and abandoning module EditorWidgets (602)
[2019.01.22-19.27.18:641][938]LogModuleManager: Shutting down and abandoning module CollectionManager (600)
[2019.01.22-19.27.18:670][938]LogModuleManager: Shutting down and abandoning module StatsViewer (598)
[2019.01.22-19.27.18:674][938]LogModuleManager: Shutting down and abandoning module FoliageEdit (596)
[2019.01.22-19.27.18:700][938]LogModuleManager: Shutting down and abandoning module LandscapeEditor (594)
[2019.01.22-19.27.18:973][938]LogModuleManager: Shutting down and abandoning module MeshPaintMode (592)
[2019.01.22-19.27.19:019][938]LogModuleManager: Shutting down and abandoning module SceneDepthPickerMode (590)
[2019.01.22-19.27.19:019][938]LogModuleManager: Shutting down and abandoning module ActorPickerMode (588)
[2019.01.22-19.27.19:019][938]LogModuleManager: Shutting down and abandoning module GeometryMode (586)
[2019.01.22-19.27.19:019][938]LogModuleManager: Shutting down and abandoning module TextureAlignMode (584)
[2019.01.22-19.27.19:020][938]LogModuleManager: Shutting down and abandoning module BspMode (582)
[2019.01.22-19.27.19:020][938]LogModuleManager: Shutting down and abandoning module PIEPreviewDeviceProfileSelector (580)
[2019.01.22-19.27.19:030][938]LogModuleManager: Shutting down and abandoning module SequenceRecorderSections (578)
[2019.01.22-19.27.19:214][938]LogModuleManager: Shutting down and abandoning module AutomationWorker (576)
[2019.01.22-19.27.19:214][938]LogModuleManager: Shutting down and abandoning module AudioCaptureEditor (574)
[2019.01.22-19.27.19:214][938]LogModuleManager: Shutting down and abandoning module SequenceRecorder (573)
[2019.01.22-19.27.19:466][938]LogModuleManager: Shutting down and abandoning module MatineeToLevelSequence (570)
[2019.01.22-19.27.19:552][938]LogModuleManager: Shutting down and abandoning module LevelSequenceEditor (568)
[2019.01.22-19.27.19:790][938]LogModuleManager: Shutting down and abandoning module PlacementMode (567)
[2019.01.22-19.27.19:790][938]LogModuleManager: Shutting down and abandoning module MaterialEditor (566)
[2019.01.22-19.27.19:798][938]LogModuleManager: Shutting down and abandoning module WmfMediaFactory (562)
[2019.01.22-19.27.19:798][938]LogModuleManager: Shutting down and abandoning module WmfMediaEditor (560)
[2019.01.22-19.27.19:798][938]LogModuleManager: Shutting down and abandoning module MediaPlayerEditor (558)
[2019.01.22-19.27.19:821][938]LogModuleManager: Shutting down and abandoning module OpenExrWrapper (556)
[2019.01.22-19.27.19:821][938]LogModuleManager: Shutting down and abandoning module ImgMediaFactory (554)
[2019.01.22-19.27.19:821][938]LogModuleManager: Shutting down and abandoning module ImgMediaEditor (552)
[2019.01.22-19.27.19:821][938]LogModuleManager: Shutting down and abandoning module AvfMediaFactory (550)
[2019.01.22-19.27.19:821][938]LogModuleManager: Shutting down and abandoning module AvfMediaEditor (548)
[2019.01.22-19.27.19:821][938]LogModuleManager: Shutting down and abandoning module AndroidMediaFactory (546)
[2019.01.22-19.27.19:821][938]LogModuleManager: Shutting down and abandoning module AndroidMediaEditor (544)
[2019.01.22-19.27.19:821][938]LogModuleManager: Shutting down and abandoning module MagicLeapCameraPreviewFactory (542)
[2019.01.22-19.27.19:821][938]LogModuleManager: Shutting down and abandoning module MagicLeapMediaFactory (540)
[2019.01.22-19.27.19:821][938]LogModuleManager: Shutting down and abandoning module MagicLeapMediaEditor (538)
[2019.01.22-19.27.19:821][938]LogModuleManager: Shutting down and abandoning module CharacterAI (536)
[2019.01.22-19.27.19:821][938]LogModuleManager: Shutting down and abandoning module SmartSnapping (534)
[2019.01.22-19.27.19:821][938]LogModuleManager: Shutting down and abandoning module SessionServices (532)
[2019.01.22-19.27.19:821][938]LogModuleManager: Shutting down and abandoning module ViewportSnapping (530)
[2019.01.22-19.27.19:821][938]LogModuleManager: Shutting down and abandoning module ViewportInteraction (528)
[2019.01.22-19.27.19:821][938]LogModuleManager: Shutting down and abandoning module ClothPainter (526)
[2019.01.22-19.27.19:832][938]LogModuleManager: Shutting down and abandoning module SkeletalMeshEditor (525)
[2019.01.22-19.27.19:857][938]LogModuleManager: Shutting down and abandoning module LogVisualizer (522)
[2019.01.22-19.27.19:878][938]LogModuleManager: Shutting down and abandoning module IntroTutorials (520)
[2019.01.22-19.27.19:911][938]LogModuleManager: Shutting down and abandoning module GameProjectGeneration (519)
[2019.01.22-19.27.19:922][938]LogModuleManager: Shutting down and abandoning module LuminPlatformEditor (516)
[2019.01.22-19.27.19:922][938]LogModuleManager: Shutting down and abandoning module IOSPlatformEditor (514)
[2019.01.22-19.27.19:945][938]LogModuleManager: Shutting down and abandoning module HTML5PlatformEditor (512)
[2019.01.22-19.27.19:945][938]LogModuleManager: Shutting down and abandoning module AndroidPlatformEditor (510)
[2019.01.22-19.27.19:945][938]LogModuleManager: Shutting down and abandoning module AndroidDeviceDetection (509)
[2019.01.22-19.27.20:203][938]LogModuleManager: Shutting down and abandoning module WindowsPlatformEditor (506)
[2019.01.22-19.27.20:203][938]LogModuleManager: Shutting down and abandoning module LuminRuntimeSettings (504)
[2019.01.22-19.27.20:203][938]LogModuleManager: Shutting down and abandoning module IOSRuntimeSettings (502)
[2019.01.22-19.27.20:203][938]LogModuleManager: Shutting down and abandoning module AndroidRuntimeSettings (500)
[2019.01.22-19.27.20:203][938]LogModuleManager: Shutting down and abandoning module InputBindingEditor (498)
[2019.01.22-19.27.20:343][938]LogModuleManager: Shutting down and abandoning module MergeActors (496)
[2019.01.22-19.27.20:375][938]LogModuleManager: Shutting down and abandoning module LocalizationDashboard (494)
[2019.01.22-19.27.20:429][938]LogModuleManager: Shutting down and abandoning module LocalizationService (493)
[2019.01.22-19.27.20:437][938]LogModuleManager: Shutting down and abandoning module HardwareTargeting (490)
[2019.01.22-19.27.20:437][938]LogModuleManager: Shutting down and abandoning module DeviceProfileEditor (488)
[2019.01.22-19.27.20:437][938]LogModuleManager: Shutting down and abandoning module UndoHistory (486)
[2019.01.22-19.27.20:461][938]LogModuleManager: Shutting down and abandoning module XmlParser (484)
[2019.01.22-19.27.20:461][938]LogModuleManager: Shutting down and abandoning module Blutility (482)
[2019.01.22-19.27.20:477][938]LogModuleManager: Shutting down and abandoning module ProjectSettingsViewer (480)
[2019.01.22-19.27.20:477][938]LogModuleManager: Shutting down and abandoning module ProjectTargetPlatformEditor (479)
[2019.01.22-19.27.20:478][938]LogModuleManager: Shutting down and abandoning module EditorSettingsViewer (476)
[2019.01.22-19.27.20:478][938]LogModuleManager: Shutting down and abandoning module SettingsEditor (474)
[2019.01.22-19.27.20:577][938]LogModuleManager: Shutting down and abandoning module ProjectLauncher (472)
[2019.01.22-19.27.20:731][938]LogModuleManager: Shutting down and abandoning module SessionFrontend (470)
[2019.01.22-19.27.20:733][938]LogModuleManager: Shutting down and abandoning module ProfilerClient (468)
[2019.01.22-19.27.20:750][938]LogModuleManager: Shutting down and abandoning module DeviceManager (466)
[2019.01.22-19.27.20:759][938]LogModuleManager: Shutting down and abandoning module TargetDeviceServices (465)
[2019.01.22-19.27.20:822][938]LogModuleManager: Shutting down and abandoning module AutomationController (462)
[2019.01.22-19.27.21:128][938]LogModuleManager: Shutting down and abandoning module AutomationWindow (460)
[2019.01.22-19.27.21:280][938]LogModuleManager: Shutting down and abandoning module Layers (458)
[2019.01.22-19.27.21:335][938]LogModuleManager: Shutting down and abandoning module ComponentVisualizers (456)
[2019.01.22-19.27.21:335][938]LogModuleManager: Shutting down and abandoning module DetailCustomizations (454)
[2019.01.22-19.27.21:349][938]LogModuleManager: Shutting down and abandoning module PackagesDialog (452)
[2019.01.22-19.27.21:366][938]LogModuleManager: Shutting down and abandoning module Persona (450)
[2019.01.22-19.27.21:408][938]LogModuleManager: Shutting down and abandoning module AdvancedPreviewScene (449)
[2019.01.22-19.27.21:408][938]LogModuleManager: Shutting down and abandoning module AnimGraph (447)
[2019.01.22-19.27.21:427][938]LogModuleManager: Shutting down and abandoning module Kismet (444)
[2019.01.22-19.27.21:435][938]LogModuleManager: Shutting down and abandoning module GraphEditor (442)
[2019.01.22-19.27.21:435][938]LogModuleManager: Shutting down and abandoning module ClassViewer (440)
[2019.01.22-19.27.21:435][938]LogModuleManager: Shutting down and abandoning module Toolbox (438)
[2019.01.22-19.27.21:435][938]LogModuleManager: Shutting down and abandoning module ModuleUI (436)
[2019.01.22-19.27.21:445][938]LogModuleManager: Shutting down and abandoning module MovieSceneTools (434)
[2019.01.22-19.27.21:457][938]LogModuleManager: Shutting down and abandoning module OutputLog (432)
[2019.01.22-19.27.21:457][938]LogModuleManager: Shutting down and abandoning module GammaUI (430)
[2019.01.22-19.27.21:467][938]LogModuleManager: Shutting down and abandoning module Documentation (428)
[2019.01.22-19.27.21:468][938]LogModuleManager: Shutting down and abandoning module MovieSceneTracks (426)
[2019.01.22-19.27.21:494][938]LogModuleManager: Shutting down and abandoning module MovieScene (424)
[2019.01.22-19.27.21:504][938]LogModuleManager: Shutting down and abandoning module StreamingPauseRendering (422)
[2019.01.22-19.27.21:512][938]LogModuleManager: Shutting down and abandoning module LauncherPlatform (420)
[2019.01.22-19.27.21:512][938]LogModuleManager: Shutting down and abandoning module AnalyticsET (418)
[2019.01.22-19.27.21:512][938]LogModuleManager: Shutting down and abandoning module PortalServices (416)
[2019.01.22-19.27.21:512][938]LogModuleManager: Shutting down and abandoning module PortalRpc (414)
[2019.01.22-19.27.21:512][938]LogModuleManager: Shutting down and abandoning module MessagingRpc (412)
[2019.01.22-19.27.21:512][938]LogModuleManager: Shutting down and abandoning module AIModule (410)
[2019.01.22-19.27.21:610][938]LogModuleManager: Shutting down and abandoning module GameplayDebugger (409)
[2019.01.22-19.27.21:626][938]LogModuleManager: Shutting down and abandoning module AITestSuite (407)
[2019.01.22-19.27.21:628][938]LogModuleManager: Shutting down and abandoning module NavigationSystem (405)
[2019.01.22-19.27.21:628][938]LogModuleManager: Shutting down and abandoning module DesktopPlatform (402)
[2019.01.22-19.27.21:628][938]LogModuleManager: Shutting down and abandoning module ProfilerService (400)
[2019.01.22-19.27.21:834][938]LogModuleManager: Shutting down and abandoning module TaskGraph (398)
[2019.01.22-19.27.21:902][938]LogModuleManager: Shutting down and abandoning module SteamVRController (396)
[2019.01.22-19.27.21:902][938]LogModuleManager: Shutting down and abandoning module ProceduralMeshComponentEditor (394)
[2019.01.22-19.27.21:902][938]LogModuleManager: Shutting down and abandoning module ProceduralMeshComponent (392)
[2019.01.22-19.27.21:957][938]LogModuleManager: Shutting down and abandoning module OculusInput (390)
[2019.01.22-19.27.21:957][938]LogModuleManager: Shutting down and abandoning module MobilePatchingUtils (388)
[2019.01.22-19.27.21:957][938]LogModuleManager: Shutting down and abandoning module EditableMesh (386)
[2019.01.22-19.27.21:963][938]LogModuleManager: Shutting down and abandoning module CustomMeshComponent (384)
[2019.01.22-19.27.21:963][938]LogModuleManager: Shutting down and abandoning module CableComponent (382)
[2019.01.22-19.27.21:963][938]LogModuleManager: Shutting down and abandoning module AudioCapture (380)
[2019.01.22-19.27.21:963][938]LogModuleManager: Shutting down and abandoning module ArchVisCharacter (378)
[2019.01.22-19.27.21:963][938]LogModuleManager: Shutting down and abandoning module AndroidPermission (376)
[2019.01.22-19.27.21:963][938]LogModuleManager: Shutting down and abandoning module NUTUnrealEngine4 (374)
[2019.01.22-19.27.21:963][938]LogModuleManager: Shutting down and abandoning module NetcodeUnitTest (372)
[2019.01.22-19.27.22:008][938]LogModuleManager: Shutting down and abandoning module MediaCompositingEditor (370)
[2019.01.22-19.27.22:008][938]LogModuleManager: Shutting down and abandoning module MediaCompositing (368)
[2019.01.22-19.27.22:008][938]LogModuleManager: Shutting down and abandoning module LinearTimecode (366)
[2019.01.22-19.27.22:008][938]LogModuleManager: Shutting down and abandoning module ImgMedia (364)
[2019.01.22-19.27.22:015][938]LogModuleManager: Shutting down and abandoning module HTML5Networking (362)
[2019.01.22-19.27.22:015][938]LogModuleManager: Shutting down and abandoning module GeometryCacheTracks (360)
[2019.01.22-19.27.22:015][938]LogModuleManager: Shutting down and abandoning module GeometryCacheSequencer (358)
[2019.01.22-19.27.22:015][938]LogModuleManager: Shutting down and abandoning module BackChannel (356)
[2019.01.22-19.27.22:048][938]LogModuleManager: Shutting down and abandoning module AppleVision (354)
[2019.01.22-19.27.22:048][938]LogModuleManager: Shutting down and abandoning module AppleImageUtils (352)
[2019.01.22-19.27.22:048][938]LogModuleManager: Shutting down and abandoning module AlembicImporter (350)
[2019.01.22-19.27.22:048][938]LogModuleManager: Shutting down and abandoning module AlembicLibrary (349)
[2019.01.22-19.27.22:048][938]LogModuleManager: Shutting down and abandoning module GeometryCache (348)
[2019.01.22-19.27.22:048][938]LogModuleManager: Shutting down and abandoning module GeometryCacheEd (347)
[2019.01.22-19.27.22:048][938]LogModuleManager: Shutting down and abandoning module DatasmithContentEditor (342)
[2019.01.22-19.27.22:057][938]LogModuleManager: Shutting down and abandoning module DatasmithContent (340)
[2019.01.22-19.27.22:058][938]LogModuleManager: Shutting down and abandoning module SpeedTreeImporter (338)
[2019.01.22-19.27.22:058][938]LogModuleManager: Shutting down and abandoning module PluginBrowser (336)
[2019.01.22-19.27.22:151][938]LogModuleManager: Shutting down and abandoning module MobileLauncherProfileWizard (334)
[2019.01.22-19.27.22:156][938]LogModuleManager: Shutting down and abandoning module PolygonModeling (332)
[2019.01.22-19.27.22:156][938]LogModuleManager: Shutting down and abandoning module MeshEditor (330)
[2019.01.22-19.27.22:285][938]LogModuleManager: Shutting down and abandoning module CryptoKeysOpenSSL (328)
[2019.01.22-19.27.22:303][938]LogModuleManager: Shutting down and abandoning module CryptoKeys (326)
[2019.01.22-19.27.22:303][938]LogModuleManager: Shutting down and abandoning module VisualStudioSourceCodeAccess (324)
[2019.01.22-19.27.22:303][938]LogModuleManager: Shutting down and abandoning module VisualStudioCodeSourceCodeAccess (322)
[2019.01.22-19.27.22:303][938]LogModuleManager: Shutting down and abandoning module UObjectPlugin (320)
[2019.01.22-19.27.22:303][938]LogModuleManager: Shutting down and abandoning module SubversionSourceControl (318)
[2019.01.22-19.27.22:387][938]LogModuleManager: Shutting down and abandoning module PerforceSourceControl (316)
[2019.01.22-19.27.22:428][938]LogModuleManager: Shutting down and abandoning module GitSourceControl (314)
[2019.01.22-19.27.22:460][938]LogModuleManager: Shutting down and abandoning module SourceControl (313)
[2019.01.22-19.27.22:466][938]LogModuleManager: Shutting down and abandoning module CLionSourceCodeAccess (310)
[2019.01.22-19.27.22:466][938]LogModuleManager: Shutting down and abandoning module LightPropagationVolumeEditor (308)
[2019.01.22-19.27.22:466][938]LogModuleManager: Shutting down and abandoning module PaperTiledImporter (306)
[2019.01.22-19.27.22:467][938]LogModuleManager: Shutting down and abandoning module PaperSpriteSheetImporter (304)
[2019.01.22-19.27.22:478][938]LogModuleManager: Shutting down and abandoning module Paper2DEditor (302)
[2019.01.22-19.27.22:499][938]LogModuleManager: Shutting down and abandoning module MeshPaint (301)
[2019.01.22-19.27.22:538][938]LogModuleManager: Shutting down and abandoning module RuntimePhysXCooking (298)
[2019.01.22-19.27.22:539][938]LogModuleManager: Shutting down and abandoning module PhysXVehiclesEditor (296)
[2019.01.22-19.27.22:539][938]LogModuleManager: Shutting down and abandoning module PhysXVehicles (294)
[2019.01.22-19.27.22:539][938]LogModuleManager: Shutting down and abandoning module OculusEditor (292)
[2019.01.22-19.27.22:544][938]LogModuleManager: Shutting down and abandoning module LocationServicesBPLibrary (290)
[2019.01.22-19.27.22:544][938]LogModuleManager: Shutting down and abandoning module ImmediatePhysicsEditor (288)
[2019.01.22-19.27.22:544][938]LogModuleManager: Shutting down and abandoning module ImmediatePhysics (286)
[2019.01.22-19.27.22:550][938]LogModuleManager: Shutting down and abandoning module ActorSequence (284)
[2019.01.22-19.27.22:550][938]LogModuleManager: Shutting down and abandoning module UdpMessaging (282)
[2019.01.22-19.27.22:651][938]LogModuleManager: Shutting down and abandoning module TcpMessaging (280)
[2019.01.22-19.27.22:760][938]LogModuleManager: Shutting down and abandoning module MagicLeapAudio (278)
[2019.01.22-19.27.22:760][938]LogModuleManager: Shutting down and abandoning module GameplayTagsEditor (276)
[2019.01.22-21.21.11:465][938]LogModuleManager: Shutting down and abandoning module FacialAnimationEditor (274)
[2019.01.22-21.21.11:465][938]LogModuleManager: Shutting down and abandoning module FacialAnimation (272)
[2019.01.22-21.21.11:465][938]LogModuleManager: Shutting down and abandoning module DataValidation (270)
[2019.01.22-21.21.11:465][938]LogModuleManager: Shutting down and abandoning module AssetManagerEditor (268)
[2019.01.22-21.21.12:003][938]LogModuleManager: Shutting down and abandoning module LevelEditor (267)
[2019.01.22-21.21.12:469][938]LogModuleManager: Shutting down and abandoning module PixelInspectorModule (266)
[2019.01.22-21.21.12:778][938]LogModuleManager: Shutting down and abandoning module CommonMenuExtensions (264)
[2019.01.22-21.21.12:779][938]LogModuleManager: Shutting down and abandoning module MainFrame (262)
[2019.01.22-21.21.12:956][938]LogModuleManager: Shutting down and abandoning module HotReload (261)
[2019.01.22-21.21.13:442][938]LogModuleManager: Shutting down and abandoning module ContentBrowser (257)
[2019.01.22-21.21.13:451][938]LogModuleManager: Shutting down and abandoning module TreeMap (255)
[2019.01.22-21.21.13:633][938]LogModuleManager: Shutting down and abandoning module LightPropagationVolumeRuntime (252)
[2019.01.22-21.21.13:633][938]LogModuleManager: Shutting down and abandoning module AISupportModule (250)
[2019.01.22-21.21.13:634][938]LogModuleManager: Shutting down and abandoning module Paper2D (248)
[2019.01.22-21.21.13:960][938]LogModuleManager: Shutting down and abandoning module WindowsMoviePlayer (246)
[2019.01.22-21.21.14:315][938]LogModuleManager: Shutting down and abandoning module WmfMedia (244)
[2019.01.22-21.21.14:450][938]LogModuleManager: Shutting down and abandoning module Media (243)
[2019.01.22-21.21.14:457][938]LogModuleManager: Shutting down and abandoning module PacketHandler (240)
[2019.01.22-21.21.14:457][938]LogModuleManager: Shutting down and abandoning module ClothingSystemEditor (238)
[2019.01.22-21.21.14:458][938]LogModuleManager: Shutting down and abandoning module ClothingSystemRuntime (236)
[2019.01.22-21.21.14:655][938]LogModuleManager: Shutting down and abandoning module MediaAssets (234)
[2019.01.22-21.21.14:756][938]LogModuleManager: Shutting down and abandoning module Overlay (232)
[2019.01.22-21.21.14:756][938]LogModuleManager: Shutting down and abandoning module OverlayEditor (231)
[2019.01.22-21.21.14:756][938]LogModuleManager: Shutting down and abandoning module VREditor (228)
[2019.01.22-21.21.14:842][938]LogModuleManager: Shutting down and abandoning module StringTableEditor (226)
[2019.01.22-21.21.15:283][938]LogModuleManager: Shutting down and abandoning module GameplayTasksEditor (224)
[2019.01.22-21.21.15:283][938]LogModuleManager: Shutting down and abandoning module BehaviorTreeEditor (222)
[2019.01.22-21.21.15:899][938]LogModuleManager: Shutting down and abandoning module FunctionalTesting (220)
[2019.01.22-21.21.16:126][938]LogModuleManager: Shutting down and abandoning module CollisionAnalyzer (218)
[2019.01.22-21.21.16:737][938]LogModuleManager: Shutting down and abandoning module WorkspaceMenuStructure (217)
[2019.01.22-21.21.16:737][938]LogModuleManager: Shutting down and abandoning module UMG (214)
[2019.01.22-21.21.17:437][938]LogModuleManager: Shutting down and abandoning module UMGEditor (213)
[2019.01.22-21.21.18:054][938]LogModuleManager: Shutting down and abandoning module Sequencer (212)
[2019.01.22-21.21.19:932][938]LogModuleManager: Shutting down and abandoning module MessageLog (209)
[2019.01.22-21.21.19:932][938]LogModuleManager: Shutting down and abandoning module SlateReflector (204)
[2019.01.22-21.21.20:416][938]LogModuleManager: Shutting down and abandoning module Slate (202)
[2019.01.22-21.21.20:416][938]LogModuleManager: Shutting down and abandoning module EditorStyle (200)
[2019.01.22-21.21.20:424][938]LogModuleManager: Shutting down and abandoning module MRMesh (198)
[2019.01.22-21.21.20:496][938]LogModuleManager: Shutting down and abandoning module SourceCodeAccess (196)
[2019.01.22-21.21.20:497][938]LogModuleManager: Shutting down and abandoning module HeadMountedDisplay (194)
[2019.01.22-21.21.20:497][938]LogModuleManager: Shutting down and abandoning module XAudio2 (192)
[2019.01.22-21.21.20:497][938]LogModuleManager: Shutting down and abandoning module Networking (190)
[2019.01.22-21.21.20:497][938]LogModuleManager: Shutting down and abandoning module Core (188)
[2019.01.22-21.21.20:497][938]LogModuleManager: Shutting down and abandoning module LevelSequence (186)
[2019.01.22-21.21.20:497][938]LogModuleManager: Shutting down and abandoning module KismetCompiler (184)
[2019.01.22-21.21.20:497][938]LogModuleManager: Shutting down and abandoning module MeshUtilities (182)
[2019.01.22-21.21.20:647][938]LogModuleManager: Shutting down and abandoning module MeshMergeUtilities (181)
[2019.01.22-21.21.20:753][938]LogModuleManager: Shutting down and abandoning module MeshReductionInterface (180)
[2019.01.22-21.21.20:753][938]LogModuleManager: Shutting down and abandoning module SimplygonSwarm (179)
[2019.01.22-21.21.20:757][938]LogModuleManager: Shutting down and abandoning module ProxyLODMeshReduction (177)
[2019.01.22-21.21.20:776][938]LogModuleManager: Shutting down and abandoning module SimplygonMeshReduction (175)
[2019.01.22-21.21.20:776][938]LogModuleManager: Shutting down and abandoning module QuadricMeshReduction (173)
[2019.01.22-21.21.20:794][938]LogModuleManager: Shutting down and abandoning module MaterialBaking (169)
[2019.01.22-21.21.20:824][938]LogModuleManager: Shutting down and abandoning module DirectoryWatcher (165)
[2019.01.22-21.21.20:826][938]LogModuleManager: Shutting down and abandoning module DerivedDataCache (162)
[2019.01.22-21.21.20:849][938]LogDerivedDataCache: Shutdown
[2019.01.22-21.21.20:850][938]LogModuleManager: Shutting down and abandoning module XGEController (160)
[2019.01.22-21.21.20:868][938]LogModuleManager: Shutting down and abandoning module TargetPlatform (158)
[2019.01.22-21.21.20:869][938]LogModuleManager: Shutting down and abandoning module VulkanShaderFormat (157)
[2019.01.22-21.21.20:876][938]LogModuleManager: Shutting down and abandoning module ShaderFormatVectorVM (155)
[2019.01.22-21.21.20:897][938]LogModuleManager: Shutting down and abandoning module ShaderFormatOpenGL (153)
[2019.01.22-21.21.21:069][938]LogModuleManager: Shutting down and abandoning module ShaderFormatD3D (151)
[2019.01.22-21.21.21:069][938]LogModuleManager: Shutting down and abandoning module MetalShaderFormat (149)
[2019.01.22-21.21.21:092][938]LogModuleManager: Shutting down and abandoning module TextureFormatUncompressed (147)
[2019.01.22-21.21.21:093][938]LogModuleManager: Shutting down and abandoning module TextureFormatPVR (145)
[2019.01.22-21.21.21:093][938]LogModuleManager: Shutting down and abandoning module TextureFormatDXT (143)
[2019.01.22-21.21.21:098][938]LogModuleManager: Shutting down and abandoning module TextureFormatIntelISPCTexComp (141)
[2019.01.22-21.21.21:108][938]LogModuleManager: Shutting down and abandoning module TextureFormatASTC (139)
[2019.01.22-21.21.21:109][938]LogModuleManager: Shutting down and abandoning module ImageWrapper (138)
[2019.01.22-21.21.21:109][938]LogModuleManager: Shutting down and abandoning module TextureFormatAndroid (135)
[2019.01.22-21.21.21:109][938]LogModuleManager: Shutting down and abandoning module AudioFormatOpus (133)
[2019.01.22-21.21.21:109][938]LogModuleManager: Shutting down and abandoning module AudioFormatOgg (131)
[2019.01.22-21.21.21:109][938]LogModuleManager: Shutting down and abandoning module AudioFormatADPCM (129)
[2019.01.22-21.21.21:109][938]LogModuleManager: Shutting down and abandoning module LuminTargetPlatform (127)
[2019.01.22-21.21.21:109][938]LogModuleManager: Shutting down and abandoning module LinuxTargetPlatform (125)
[2019.01.22-21.21.21:109][938]LogModuleManager: Shutting down and abandoning module LinuxServerTargetPlatform (123)
[2019.01.22-21.21.21:109][938]LogModuleManager: Shutting down and abandoning module LinuxNoEditorTargetPlatform (121)
[2019.01.22-21.21.21:179][938]LogModuleManager: Shutting down and abandoning module LinuxClientTargetPlatform (119)
[2019.01.22-21.21.21:253][938]LogModuleManager: Shutting down and abandoning module TVOSTargetPlatform (117)
[2019.01.22-21.21.21:266][938]LogModuleManager: Shutting down and abandoning module Messaging (115)
[2019.01.22-21.21.21:266][938]LogModuleManager: Shutting down and abandoning module IOSTargetPlatform (113)
[2019.01.22-21.21.21:274][938]LogModuleManager: Shutting down and abandoning module HTML5TargetPlatform (111)
[2019.01.22-21.21.21:274][938]LogModuleManager: Shutting down and abandoning module AndroidTargetPlatform (109)
[2019.01.22-21.21.21:382][938]LogModuleManager: Shutting down and abandoning module WindowsTargetPlatform (107)
[2019.01.22-21.21.21:382][938]LogModuleManager: Shutting down and abandoning module WindowsServerTargetPlatform (105)
[2019.01.22-21.21.21:382][938]LogModuleManager: Shutting down and abandoning module WindowsNoEditorTargetPlatform (103)
[2019.01.22-21.21.21:382][938]LogModuleManager: Shutting down and abandoning module WindowsClientTargetPlatform (101)
[2019.01.22-21.21.21:383][938]LogModuleManager: Shutting down and abandoning module MacTargetPlatform (99)
[2019.01.22-21.21.21:383][938]LogModuleManager: Shutting down and abandoning module MacServerTargetPlatform (97)
[2019.01.22-21.21.21:383][938]LogModuleManager: Shutting down and abandoning module MacNoEditorTargetPlatform (95)
[2019.01.22-21.21.21:383][938]LogModuleManager: Shutting down and abandoning module MacClientTargetPlatform (93)
[2019.01.22-21.21.21:383][938]LogModuleManager: Shutting down and abandoning module AllDesktopTargetPlatform (91)
[2019.01.22-21.21.21:383][938]LogModuleManager: Shutting down and abandoning module InputCore (88)
[2019.01.22-21.21.21:383][938]LogModuleManager: Shutting down and abandoning module Settings (86)
[2019.01.22-21.21.21:383][938]LogModuleManager: Shutting down and abandoning module PhysXCooking (84)
[2019.01.22-21.21.21:383][938]LogModuleManager: Shutting down and abandoning module SteamVR (82)
[2019.01.22-21.21.21:448][938]LogModuleManager: Shutting down and abandoning module OculusHMD (80)
[2019.01.22-21.21.21:579][938]LogModuleManager: Shutting down and abandoning module ExampleDeviceProfileSelector (78)
[2019.01.22-21.21.21:579][938]LogModuleManager: Shutting down and abandoning module LauncherChunkInstaller (76)
[2019.01.22-21.21.21:579][938]LogModuleManager: Shutting down and abandoning module OnlineBlueprintSupport (74)
[2019.01.22-21.21.21:579][938]LogModuleManager: Shutting down and abandoning module OnlineSubsystem (70)
[2019.01.22-21.21.21:813][938]LogModuleManager: Shutting down and abandoning module XMPP (65)
[2019.01.22-21.21.21:832][938]LogModuleManager: Shutting down and abandoning module WebSockets (64)
[2019.01.22-21.21.22:146][938]LogModuleManager: Shutting down and abandoning module HTTP (61)
[2019.01.22-21.21.22:181][938]LogHttp: Display: Http module shutting down, but needs to wait on 1 outstanding Http requests:
[2019.01.22-21.21.22:181][938]LogHttp: Display: 	verb=[POST] url=[https://datarouter.ol.epicgames.com/datarouter/api/v1/public/data?SessionID=%7B6058D244-4948-DC35-2275-428ACF879EA5%7D&AppID=UEEditor.Rocket.Release&AppVersion=4.20.3-4369336%2B%2B%2BUE4%2BRelease-4.20&UserID=bf89f89b445bf5a3cf85f6afa34ab038%7Ca9ce0e3aa720406681a65ce5c0abc24e%7Cade924d9-76d7-41a3-9153-75594cfad526&AppEnvironment=datacollector-binary&UploadType=eteventstream] status=Processing
[2019.01.22-21.21.22:187][938]LogModuleManager: Shutting down and abandoning module SSL (60)
[2019.01.22-21.21.22:252][938]LogModuleManager: Shutting down and abandoning module MagicLeapEmulator (56)
[2019.01.22-21.21.22:252][938]LogModuleManager: Shutting down and abandoning module MagicLeapPrivileges (54)
[2019.01.22-21.21.22:252][938]LogModuleManager: Shutting down and abandoning module MagicLeapIdentity (52)
[2019.01.22-21.21.22:252][938]LogModuleManager: Shutting down and abandoning module MagicLeapHelperVulkan (50)
[2019.01.22-21.21.22:252][938]LogModuleManager: Shutting down and abandoning module MagicLeapHelperOpenGL (48)
[2019.01.22-21.21.22:252][938]LogModuleManager: Shutting down and abandoning module MagicLeapSecureStorage (46)
[2019.01.22-21.21.22:252][938]LogModuleManager: Shutting down and abandoning module MagicLeapGestures (44)
[2019.01.22-21.21.22:252][938]LogModuleManager: Shutting down and abandoning module MagicLeapEyeTracker (42)
[2019.01.22-21.21.22:252][938]LogModuleManager: Shutting down and abandoning module MagicLeapController (40)
[2019.01.22-21.21.22:253][938]LogSlate: Slate User Destroyed.  User Index 0, Is Virtual User: 0
[2019.01.22-21.21.22:254][938]LogModuleManager: Shutting down and abandoning module MagicLeap (38)
[2019.01.22-21.21.22:327][938]LogModuleManager: Shutting down and abandoning module AnimationModifiers (36)
[2019.01.22-21.21.22:413][938]LogModuleManager: Shutting down and abandoning module PropertyEditor (35)
[2019.01.22-21.21.22:413][938]LogModuleManager: Shutting down and abandoning module AudioEditor (32)
[2019.01.22-21.21.22:651][938]LogModuleManager: Shutting down and abandoning module TextureCompressor (30)
[2019.01.22-21.21.22:805][938]LogModuleManager: Shutting down and abandoning module ShaderCore (28)
[2019.01.22-21.21.22:805][938]LogModuleManager: Shutting down and abandoning module Landscape (26)
[2019.01.22-21.21.22:805][938]LogModuleManager: Shutting down and abandoning module SlateRHIRenderer (24)
[2019.01.22-21.21.22:870][938]LogModuleManager: Shutting down and abandoning module OpenGLDrv (22)
[2019.01.22-21.21.22:890][938]LogModuleManager: Shutting down and abandoning module D3D11RHI (20)
[2019.01.22-21.21.22:890][938]LogModuleManager: Shutting down and abandoning module AnimGraphRuntime (18)
[2019.01.22-21.21.22:899][938]LogModuleManager: Shutting down and abandoning module Renderer (16)
[2019.01.22-21.21.22:899][938]LogModuleManager: Shutting down and abandoning module Engine (14)
[2019.01.22-21.21.22:899][938]LogModuleManager: Shutting down and abandoning module CoreUObject (12)
[2019.01.22-21.21.22:899][938]LogModuleManager: Shutting down and abandoning module NetworkFile (10)
[2019.01.22-21.21.22:906][938]LogModuleManager: Shutting down and abandoning module CookedIterativeFile (8)
[2019.01.22-21.21.22:906][938]LogModuleManager: Shutting down and abandoning module StreamingFile (6)
[2019.01.22-21.21.22:914][938]LogModuleManager: Shutting down and abandoning module SandboxFile (4)
[2019.01.22-21.21.22:914][938]LogModuleManager: Shutting down and abandoning module PakFile (2)
[2019.01.22-21.21.22:992][938]LogExit: Exiting.
[2019.01.22-21.21.23:056][938]Log file closed, 01/22/19 16:21:23
