Log file open, 01/26/19 12:10:46
LogWindows: Failed to load 'aqProf.dll' (GetLastError=126)
LogWindows: File 'aqProf.dll' does not exist
LogWindows: Failed to load 'VSPerf140.dll' (GetLastError=126)
LogWindows: File 'VSPerf140.dll' does not exist
LogWindows: Failed to load 'VtuneApi.dll' (GetLastError=126)
LogWindows: File 'VtuneApi.dll' does not exist
LogWindows: Failed to load 'VtuneApi32e.dll' (GetLastError=126)
LogWindows: File 'VtuneApi32e.dll' does not exist
LogInit: Display: Running engine for game: BlockBreaker
LogPlatformFile: Not using cached read wrapper
LogTaskGraph: Started task graph with 5 named threads and 35 total threads with 3 sets of task threads.
LogStats: Stats thread started at 0.407469
LogD3D11RHI: Loaded GFSDK_Aftermath_Lib.x64.dll
LogICUInternationalization: Display: ICU TimeZone Detection - Raw Offset: -5:00, Platform Override: ''
LogPluginManager: Mounting plugin Paper2D
LogPluginManager: Mounting plugin AISupport
LogPluginManager: Mounting plugin LightPropagationVolume
LogPluginManager: Mounting plugin CLionSourceCodeAccess
LogPluginManager: Mounting plugin CodeLiteSourceCodeAccess
LogPluginManager: Mounting plugin GitSourceControl
LogPluginManager: Mounting plugin KDevelopSourceCodeAccess
LogPluginManager: Mounting plugin NullSourceCodeAccess
LogPluginManager: Mounting plugin PerforceSourceControl
LogPluginManager: Mounting plugin SubversionSourceControl
LogPluginManager: Mounting plugin UObjectPlugin
LogPluginManager: Mounting plugin VisualStudioCodeSourceCodeAccess
LogPluginManager: Mounting plugin VisualStudioSourceCodeAccess
LogPluginManager: Mounting plugin XCodeSourceCodeAccess
LogPluginManager: Mounting plugin AssetManagerEditor
LogPluginManager: Mounting plugin CryptoKeys
LogPluginManager: Mounting plugin DataValidation
LogPluginManager: Mounting plugin FacialAnimation
LogPluginManager: Mounting plugin GameplayTagsEditor
LogPluginManager: Mounting plugin MacGraphicsSwitching
LogPluginManager: Mounting plugin MeshEditor
LogPluginManager: Mounting plugin MobileLauncherProfileWizard
LogPluginManager: Mounting plugin PluginBrowser
LogPluginManager: Mounting plugin SpeedTreeImporter
LogPluginManager: Mounting plugin DatasmithContent
LogPluginManager: Mounting plugin AlembicImporter
LogPluginManager: Mounting plugin AppleImageUtils
LogPluginManager: Mounting plugin AppleVision
LogPluginManager: Mounting plugin BackChannel
LogPluginManager: Mounting plugin CharacterAI
LogPluginManager: Mounting plugin GeometryCache
LogPluginManager: Mounting plugin HTML5Networking
LogPluginManager: Mounting plugin ProxyLODPlugin
LogPluginManager: Mounting plugin MagicLeap
LogPluginManager: Mounting plugin MagicLeapEmulator
LogPluginManager: Mounting plugin MagicLeapMedia
LogPluginManager: Mounting plugin AndroidMedia
LogPluginManager: Mounting plugin AvfMedia
LogPluginManager: Mounting plugin ImgMedia
LogPluginManager: Mounting plugin LinearTimecode
LogPluginManager: Mounting plugin MediaCompositing
LogPluginManager: Mounting plugin MediaPlayerEditor
LogPluginManager: Mounting plugin WmfMedia
LogPluginManager: Mounting plugin TcpMessaging
LogPluginManager: Mounting plugin UdpMessaging
LogPluginManager: Mounting plugin ActorSequence
LogPluginManager: Mounting plugin LevelSequenceEditor
LogPluginManager: Mounting plugin MatineeToLevelSequence
LogPluginManager: Mounting plugin NetcodeUnitTest
LogPluginManager: Mounting plugin NUTUnrealEngine4
LogPluginManager: Mounting plugin OnlineSubsystemGooglePlay
LogPluginManager: Mounting plugin OnlineSubsystemIOS
LogPluginManager: Mounting plugin OnlineSubsystem
LogPluginManager: Mounting plugin OnlineSubsystemNull
LogPluginManager: Mounting plugin OnlineSubsystemUtils
LogPluginManager: Mounting plugin LauncherChunkInstaller
LogPluginManager: Mounting plugin AndroidDeviceProfileSelector
LogPluginManager: Mounting plugin AndroidMoviePlayer
LogPluginManager: Mounting plugin AndroidPermission
LogPluginManager: Mounting plugin AppleMoviePlayer
LogPluginManager: Mounting plugin ArchVisCharacter
LogPluginManager: Mounting plugin AudioCapture
LogPluginManager: Mounting plugin CableComponent
LogPluginManager: Mounting plugin CustomMeshComponent
LogPluginManager: Mounting plugin EditableMesh
LogPluginManager: Mounting plugin ExampleDeviceProfileSelector
LogPluginManager: Mounting plugin GoogleCloudMessaging
LogPluginManager: Mounting plugin ImmediatePhysics
LogPluginManager: Mounting plugin IOSDeviceProfileSelector
LogPluginManager: Mounting plugin LinuxDeviceProfileSelector
LogPluginManager: Mounting plugin LocationServicesBPLibrary
LogPluginManager: Mounting plugin MobilePatchingUtils
LogPluginManager: Mounting plugin OculusVR
LogPluginManager: Plugin shader directory ../../../Engine/Plugins/Runtime/Oculus/OculusVR/Shaders found
LogPluginManager: Mapping shader source directory ../../../Engine/Plugins/Runtime/Oculus/OculusVR/Shaders to virtual directory /Plugin/OculusVR
LogPluginManager: Mounting plugin PhysXVehicles
LogPluginManager: Mounting plugin ProceduralMeshComponent
LogPluginManager: Mounting plugin RuntimePhysXCooking
LogPluginManager: Mounting plugin SteamVR
LogPluginManager: Mounting plugin WindowsMoviePlayer
LogStreaming: Display: Took  0.088s to configure plugins.
LogInit: Using libcurl 7.55.1-DEV
LogInit:  - built for x86_64-pc-win32
LogInit:  - supports SSL with OpenSSL/1.0.2h
LogInit:  - supports HTTP deflate (compression) using libz 1.2.8
LogInit:  - other features:
LogInit:      CURL_VERSION_SSL
LogInit:      CURL_VERSION_LIBZ
LogInit:      CURL_VERSION_IPV6
LogInit:      CURL_VERSION_ASYNCHDNS
LogInit:      CURL_VERSION_LARGEFILE
LogInit:      CURL_VERSION_IDN
LogInit:  CurlRequestOptions (configurable via config and command line):
LogInit:  - bVerifyPeer = false  - Libcurl will NOT verify peer certificate
LogInit:  - bUseHttpProxy = false  - Libcurl will NOT use HTTP proxy
LogInit:  - bDontReuseConnections = false  - Libcurl will reuse connections
LogInit:  - CertBundlePath = nullptr  - Libcurl will use whatever was configured at build time.
LogInit:  - MaxHostConnections = 16  - Libcurl will limit the number of connections to a host
LogInit:  - LocalHostAddr = Default
LogInit:  - BufferSize = 65536
LogInit: WinSock: version 1.1 (2.2), MaxSocks=32767, MaxUdp=65467
LogInit: Build: ++UE4+Release-4.20-CL-4369336
LogInit: Engine Version: 4.20.3-4369336+++UE4+Release-4.20
LogInit: Compatible Engine Version: 4.20.0-4212847+++UE4+Release-4.20
LogInit: Net CL: 4212847
LogInit: OS: Windows 10 (), CPU: AMD Ryzen 5 2600 Six-Core Processor            , GPU: NVIDIA GeForce GTX 1060 6GB
LogInit: Compiled (64-bit): Sep 17 2018 12:26:19
LogInit: Compiled with Visual C++: 19.13.26129.00
LogInit: Build Configuration: Development
LogInit: Branch Name: ++UE4+Release-4.20
LogInit: Command Line:  
LogInit: Base Directory: D:/UE4 Installs/UE_4.20/Engine/Binaries/Win64/
LogInit: Installed Engine Build: 1
LogDevObjectVersion: Number of dev versions registered: 20
LogDevObjectVersion:   Dev-Blueprints (B0D832E4-1F89-4F0D-ACCF-7EB736FD4AA2): 10
LogDevObjectVersion:   Dev-Build (E1C64328-A22C-4D53-A36C-8E866417BD8C): 0
LogDevObjectVersion:   Dev-Core (375EC13C-06E4-48FB-B500-84F0262A717E): 2
LogDevObjectVersion:   Dev-Editor (E4B068ED-F494-42E9-A231-DA0B2E46BB41): 24
LogDevObjectVersion:   Dev-Framework (CFFC743F-43B0-4480-9391-14DF171D2073): 34
LogDevObjectVersion:   Dev-Mobile (B02B49B5-BB20-44E9-A304-32B752E40360): 2
LogDevObjectVersion:   Dev-Networking (A4E4105C-59A1-49B5-A7C5-40C4547EDFEE): 0
LogDevObjectVersion:   Dev-Online (39C831C9-5AE6-47DC-9A44-9C173E1C8E7C): 0
LogDevObjectVersion:   Dev-Physics (78F01B33-EBEA-4F98-B9B4-84EACCB95AA2): 0
LogDevObjectVersion:   Dev-Platform (6631380F-2D4D-43E0-8009-CF276956A95A): 0
LogDevObjectVersion:   Dev-Rendering (12F88B9F-8875-4AFC-A67C-D90C383ABD29): 26
LogDevObjectVersion:   Dev-Sequencer (7B5AE74C-D270-4C10-A958-57980B212A5A): 9
LogDevObjectVersion:   Dev-VR (D7296918-1DD6-4BDD-9DE2-64A83CC13884): 2
LogDevObjectVersion:   Dev-LoadTimes (C2A15278-BFE7-4AFE-6C17-90FF531DF755): 1
LogDevObjectVersion:   Private-Geometry (6EACA3D4-40EC-4CC1-B786-8BED09428FC5): 3
LogDevObjectVersion:   Dev-AnimPhys (29E575DD-E0A3-4627-9D10-D276232CDCEA): 17
LogDevObjectVersion:   Dev-ReflectionCapture (6B266CEC-1EC7-4B8F-A30B-E4D90942FC07): 1
LogDevObjectVersion:   Dev-Automation (0DF73D61-A23F-47EA-B727-89E90C41499A): 1
LogDevObjectVersion:   FortniteMain (601D1886-AC64-4F84-AA16-D3DE0DEAC7D6): 12
LogDevObjectVersion:   Dev-Enterprise (9DFFBCD6-494F-0158-E221-12823C92A888): 1
LogStreaming: Display: Took  0.001s to delete old logs.
LogInit: Presizing for max 8388607 objects, including 0 objects not considered by GC, pre-allocating 0 bytes for permanent pool.
LogInit: Object subsystem initialized
[2019.01.26-17.10.46:276][  0]LogInit: Selected Device Profile: [Windows]
[2019.01.26-17.10.46:276][  0]LogInit: Applying CVar settings loaded from the selected device profile: [Windows]
[2019.01.26-17.10.46:295][  0]LogHAL: Display: Platform has ~ 16 GB [17125867520 / 17179869184 / 16], which maps to Larger [LargestMinGB=32, LargerMinGB=12, DefaultMinGB=8, SmallerMinGB=6, SmallestMinGB=0)
[2019.01.26-17.10.46:295][  0]LogInit: Setting Device Profile CVar: [[r.Vulkan.UseRealUBs:1]]
[2019.01.26-17.10.46:295][  0]LogInit: Going up to parent DeviceProfile []
[2019.01.26-17.10.46:296][  0]LogInit: Computer: DESKTOP-48EUL8V
[2019.01.26-17.10.46:296][  0]LogInit: User: MatthewPaseltiner
[2019.01.26-17.10.46:296][  0]LogInit: CPU Page size=4096, Cores=6
[2019.01.26-17.10.46:296][  0]LogInit: High frequency timer resolution =3.320306 MHz
[2019.01.26-17.10.46:296][  0]LogMemory: Memory total: Physical=15.9GB (16GB approx)
[2019.01.26-17.10.46:296][  0]LogMemory: Platform Memory Stats for Windows
[2019.01.26-17.10.46:296][  0]LogMemory: Process Physical Memory: 101.46 MB used, 101.46 MB peak
[2019.01.26-17.10.46:296][  0]LogMemory: Process Virtual Memory: 85.88 MB used, 85.88 MB peak
[2019.01.26-17.10.46:296][  0]LogMemory: Physical Memory: 7295.01 MB used,  9037.49 MB free, 16332.50 MB total
[2019.01.26-17.10.46:296][  0]LogMemory: Virtual Memory: 4657.56 MB used,  9037.49 MB free, 134217728.00 MB total
[2019.01.26-17.10.46:319][  0]LogInit: Using OS detected language (en-US).
[2019.01.26-17.10.46:319][  0]LogInit: Using OS detected locale (en-US).
[2019.01.26-17.10.46:319][  0]LogTextLocalizationManager: No specific localization for 'en-US' exists, so the 'en' localization will be used.
[2019.01.26-17.10.46:675][  0]LogStreaming: Display: Took  0.357s to InitEngineTextLocalization.
[2019.01.26-17.10.46:675][  0]LogInit: Setting process to per monitor DPI aware
[2019.01.26-17.10.46:708][  0]LogSlate: New Slate User Created.  User Index 0, Is Virtual User: 0
[2019.01.26-17.10.46:709][  0]LogSlate: Slate User Registered.  User Index 0, Is Virtual User: 0
[2019.01.26-17.10.46:888][  0]LogHMD: Failed to initialize OpenVR with code 110
[2019.01.26-17.10.46:888][  0]LogD3D11RHI: D3D11 adapters:
[2019.01.26-17.10.46:953][  0]LogD3D11RHI:    0. 'NVIDIA GeForce GTX 1060 6GB' (Feature Level 11_0)
[2019.01.26-17.10.46:953][  0]LogD3D11RHI:       6052/0/8166 MB DedicatedVideo/DedicatedSystem/SharedSystem, Outputs:2, VendorId:0x10de
[2019.01.26-17.10.46:954][  0]LogD3D11RHI:    1. 'Microsoft Basic Render Driver' (Feature Level 11_0)
[2019.01.26-17.10.46:955][  0]LogD3D11RHI:       0/0/8166 MB DedicatedVideo/DedicatedSystem/SharedSystem, Outputs:0, VendorId:0x1414
[2019.01.26-17.10.46:955][  0]LogD3D11RHI: Chosen D3D11 Adapter: 0
[2019.01.26-17.10.46:971][  0]LogD3D11RHI: Creating new Direct3DDevice
[2019.01.26-17.10.46:971][  0]LogD3D11RHI:     GPU DeviceId: 0x1c03 (for the marketing name, search the web for "GPU Device Id")
[2019.01.26-17.10.46:971][  0]LogWindows: EnumDisplayDevices:
[2019.01.26-17.10.46:971][  0]LogWindows:    0. 'NVIDIA GeForce GTX 1060 6GB' (P:1 D:1)
[2019.01.26-17.10.46:971][  0]LogWindows:    1. 'NVIDIA GeForce GTX 1060 6GB' (P:0 D:1)
[2019.01.26-17.10.46:972][  0]LogWindows:    2. 'NVIDIA GeForce GTX 1060 6GB' (P:0 D:0)
[2019.01.26-17.10.46:972][  0]LogWindows:    3. 'NVIDIA GeForce GTX 1060 6GB' (P:0 D:0)
[2019.01.26-17.10.46:972][  0]LogWindows: DebugString: FoundDriverCount:4 
[2019.01.26-17.10.46:972][  0]LogD3D11RHI:     Adapter Name: NVIDIA GeForce GTX 1060 6GB
[2019.01.26-17.10.46:972][  0]LogD3D11RHI:   Driver Version: 416.94 (internal:25.21.14.1694, unified:416.94)
[2019.01.26-17.10.46:972][  0]LogD3D11RHI:      Driver Date: 11-12-2018
[2019.01.26-17.10.46:972][  0]LogRHI: Texture pool is 4236 MB (70% of 6052 MB)
[2019.01.26-17.10.47:027][  0]LogD3D11RHI: Async texture creation enabled
[2019.01.26-17.10.47:059][  0]LogD3D11RHI: GPU Timing Frequency: 1000.000000 (Debug: 2 2)
[2019.01.26-17.10.47:158][  0]LogShaderCompilers: Guid format shader working directory is -6 characters bigger than the processId version (../../../../../Documents/GitHub/RocketJumper/BlockBreakerStarter/Intermediate/Shaders/WorkingDirectory/45120/).
[2019.01.26-17.10.47:158][  0]LogShaderCompilers: Cleaned the shader compiler working directory 'C:/Users/Matthew Paseltiner/AppData/Local/Temp/UnrealShaderWorkingDir/A7AAFF594CE0D61718DA229D5014FFDF/'.
[2019.01.26-17.10.47:385][  0]LogTemp: Display: Loaded TP AllDesktopTargetPlatform
[2019.01.26-17.10.47:398][  0]LogTemp: Display: Loaded TP MacClientTargetPlatform
[2019.01.26-17.10.47:413][  0]LogTemp: Display: Loaded TP MacNoEditorTargetPlatform
[2019.01.26-17.10.47:426][  0]LogTemp: Display: Loaded TP MacServerTargetPlatform
[2019.01.26-17.10.47:439][  0]LogTemp: Display: Loaded TP MacTargetPlatform
[2019.01.26-17.10.47:453][  0]LogTemp: Display: Loaded TP WindowsClientTargetPlatform
[2019.01.26-17.10.47:466][  0]LogTemp: Display: Loaded TP WindowsNoEditorTargetPlatform
[2019.01.26-17.10.47:480][  0]LogTemp: Display: Loaded TP WindowsServerTargetPlatform
[2019.01.26-17.10.47:486][  0]LogTemp: Display: Loaded TP WindowsTargetPlatform
[2019.01.26-17.10.47:567][  0]LogTemp: Display: Loaded TP AndroidTargetPlatform
[2019.01.26-17.10.47:567][  0]LogTemp: Display: Loaded TP AndroidTargetPlatform
[2019.01.26-17.10.47:567][  0]LogTemp: Display: Loaded TP AndroidTargetPlatform
[2019.01.26-17.10.47:567][  0]LogTemp: Display: Loaded TP AndroidTargetPlatform
[2019.01.26-17.10.47:567][  0]LogTemp: Display: Loaded TP AndroidTargetPlatform
[2019.01.26-17.10.47:567][  0]LogTemp: Display: Loaded TP AndroidTargetPlatform
[2019.01.26-17.10.47:567][  0]LogTemp: Display: Loaded TP AndroidTargetPlatform
[2019.01.26-17.10.47:567][  0]LogTemp: Display: Loaded TP AndroidTargetPlatform
[2019.01.26-17.10.47:567][  0]LogTemp: Display: Loaded TP AndroidTargetPlatform
[2019.01.26-17.10.47:567][  0]LogTemp: Display: Loaded TP AndroidTargetPlatform
[2019.01.26-17.10.47:567][  0]LogTemp: Display: Loaded TP AndroidTargetPlatform
[2019.01.26-17.10.47:567][  0]LogTemp: Display: Loaded TP AndroidTargetPlatform
[2019.01.26-17.10.47:567][  0]LogTemp: Display: Loaded TP AndroidTargetPlatform
[2019.01.26-17.10.47:567][  0]LogTemp: Display: Loaded TP AndroidTargetPlatform
[2019.01.26-17.10.47:567][  0]LogTemp: Display: Loaded TP AndroidTargetPlatform
[2019.01.26-17.10.47:567][  0]LogTemp: Display: Loaded TP AndroidTargetPlatform
[2019.01.26-17.10.47:567][  0]LogTemp: Display: Loaded TP AndroidTargetPlatform
[2019.01.26-17.10.47:567][  0]LogTemp: Display: Loaded TP AndroidTargetPlatform
[2019.01.26-17.10.47:568][  0]LogTemp: Display: Loaded TP HTML5TargetPlatform
[2019.01.26-17.10.47:628][  0]LogTemp: Display: Loaded TP IOSTargetPlatform
[2019.01.26-17.10.47:628][  0]LogTemp: Display: Loaded TP IOSTargetPlatform
[2019.01.26-17.10.47:654][  0]LogTemp: Display: Loaded TP TVOSTargetPlatform
[2019.01.26-17.10.47:654][  0]LogTemp: Display: Loaded TP TVOSTargetPlatform
[2019.01.26-17.10.47:671][  0]LogTemp: Display: Loaded TP LinuxClientTargetPlatform
[2019.01.26-17.10.47:687][  0]LogTemp: Display: Loaded TP LinuxNoEditorTargetPlatform
[2019.01.26-17.10.47:704][  0]LogTemp: Display: Loaded TP LinuxServerTargetPlatform
[2019.01.26-17.10.47:718][  0]LogTemp: Display: Loaded TP LinuxTargetPlatform
[2019.01.26-17.10.47:728][  0]LogTemp: Display: Loaded TP LuminTargetPlatform
[2019.01.26-17.10.47:728][  0]LogTargetPlatformManager: Display: Building Assets For Windows
[2019.01.26-17.10.47:772][  0]LogXGEController: Cleaning working directory: C:/Users/Matthew Paseltiner/AppData/Local/Temp/UnrealXGEWorkingDir/
[2019.01.26-17.10.47:772][  0]LogXGEController: Cannot use XGE Controller as Incredibuild is not installed on this machine.
[2019.01.26-17.10.47:772][  0]LogShaderCompilers: Cannot use XGE Shader Compiler as Incredibuild is not installed on this machine.
[2019.01.26-17.10.47:772][  0]LogShaderCompilers: Display: Using Local Shader Compiler.
[2019.01.26-17.10.48:493][  0]LogDerivedDataCache: Display: Max Cache Size: 512 MB
[2019.01.26-17.10.48:546][  0]LogDerivedDataCache: Loaded boot cache 0.05s 71MB C:/Users/Matthew Paseltiner/AppData/Local/UnrealEngine/4.20/DerivedDataCache/Boot.ddc.
[2019.01.26-17.10.48:547][  0]LogDerivedDataCache: Display: Loaded Boot cache: C:/Users/Matthew Paseltiner/AppData/Local/UnrealEngine/4.20/DerivedDataCache/Boot.ddc
[2019.01.26-17.10.48:547][  0]LogDerivedDataCache: FDerivedDataBackendGraph:  Pak pak cache file ../../../../../Documents/GitHub/RocketJumper/BlockBreakerStarter/DerivedDataCache/DDC.ddp not found, will not use a pak cache.
[2019.01.26-17.10.48:547][  0]LogDerivedDataCache: Unable to find inner node Pak for hierarchical cache Hierarchy.
[2019.01.26-17.10.48:547][  0]LogDerivedDataCache: FDerivedDataBackendGraph:  CompressedPak pak cache file ../../../../../Documents/GitHub/RocketJumper/BlockBreakerStarter/DerivedDataCache/Compressed.ddp not found, will not use a pak cache.
[2019.01.26-17.10.48:547][  0]LogDerivedDataCache: Unable to find inner node CompressedPak for hierarchical cache Hierarchy.
[2019.01.26-17.10.48:559][  0]LogDerivedDataCache: Display: Pak cache opened for reading ../../../Engine/DerivedDataCache/Compressed.ddp.
[2019.01.26-17.10.48:571][  0]LogDerivedDataCache: Using Local data cache path C:/Users/Matthew Paseltiner/AppData/Local/UnrealEngine/Common/DerivedDataCache: Writable
[2019.01.26-17.10.48:571][  0]LogDerivedDataCache: Shared data cache path not found in *engine.ini, will not use an Shared cache.
[2019.01.26-17.10.48:571][  0]LogDerivedDataCache: Unable to find inner node Shared for hierarchical cache Hierarchy.
[2019.01.26-17.10.48:588][  0]LogMaterial: Verifying Global Shaders for PCD3D_SM5
[2019.01.26-17.10.48:589][  0]LogSlate: Using FreeType 2.6.0
[2019.01.26-17.10.48:590][  0]LogSlate: SlateFontServices - WITH_FREETYPE: 1, WITH_HARFBUZZ: 1
[2019.01.26-17.10.48:665][  0]LogAssetRegistry: FAssetRegistry took 0.0262 seconds to start up
[2019.01.26-17.10.48:989][  0]LogInit: Selected Device Profile: [Windows]
[2019.01.26-17.10.49:094][  0]LogSimplygon: Simplygon DLL not present - disabling.
[2019.01.26-17.10.49:097][  0]LogMeshReduction: Using SimplygonSwarm for distributed automatic mesh merging
[2019.01.26-17.10.49:097][  0]LogMeshReduction: Using ProxyLODMeshReduction for automatic mesh merging
[2019.01.26-17.10.49:097][  0]LogMeshReduction: Using QuadricMeshReduction for automatic static mesh reduction
[2019.01.26-17.10.49:097][  0]LogMeshReduction: No automatic skeletal mesh reduction module available
[2019.01.26-17.10.49:121][  0]LogNetVersion: BlockBreaker 1.0.0, NetCL: 4212847, EngineNetVer: 5, GameNetVer: 0 (Checksum: 316566691)
[2019.01.26-17.10.49:655][  0]LogPackageLocalizationCache: Processed 11 localized package path(s) for 2 prioritized culture(s) in 0.097090 seconds
[2019.01.26-17.10.49:662][  0]LogUObjectArray: 38425 objects as part of root set at end of initial load.
[2019.01.26-17.10.49:662][  0]LogUObjectAllocator: 6690864 out of 0 bytes used by permanent object pool.
[2019.01.26-17.10.49:662][  0]LogUObjectArray: CloseDisregardForGC: 0/0 objects in disregard for GC pool
[2019.01.26-17.10.50:394][  0]LogTcpMessaging: Initializing TcpMessaging bridge
[2019.01.26-17.10.50:408][  0]LogUdpMessaging: Initializing bridge on interface 0.0.0.0:0 to multicast group 230.0.0.1:6666.
[2019.01.26-17.10.50:538][  0]SourceControl: Source control is disabled
[2019.01.26-17.10.50:538][  0]SourceControl: Source control is disabled
[2019.01.26-17.10.50:540][  0]SourceControl: Source control is disabled
[2019.01.26-17.10.50:541][  0]SourceControl: Source control is disabled
[2019.01.26-17.10.50:706][  0]LogAndroidPermission: UAndroidPermissionCallbackProxy::GetInstance
[2019.01.26-17.10.50:777][  0]LogOcInput: OculusInput pre-init called
[2019.01.26-17.10.50:830][  0]LogEngine: Initializing Engine...
[2019.01.26-17.10.50:831][  0]LogHMD: Failed to initialize OpenVR with code 110
[2019.01.26-17.10.50:832][  0]LogStats: UGameplayTagsManager::ConstructGameplayTagTree: ImportINI prefixes -  0.000 s
[2019.01.26-17.10.50:832][  0]LogStats: UGameplayTagsManager::ConstructGameplayTagTree: Construct from data asset -  0.000 s
[2019.01.26-17.10.50:832][  0]LogStats: UGameplayTagsManager::ConstructGameplayTagTree: ImportINI -  0.000 s
[2019.01.26-17.10.50:832][  0]LogStats: UGameplayTagsManager::ConstructGameplayTagTree: GameplayTagTreeChangedEvent.Broadcast -  0.000 s
[2019.01.26-17.10.51:013][  0]LogInit: Initializing FReadOnlyCVARCache
[2019.01.26-17.10.51:022][  0]LogAIModule: Creating AISystem for world Untitled
[2019.01.26-17.10.51:102][  0]LogInit: XAudio2 using 'Speakers (Realtek(R) Audio)' : 2 channels at 48 kHz using 32 bits per sample (channel mask 0x3)
[2019.01.26-17.10.51:143][  0]LogInit: FAudioDevice initialized.
[2019.01.26-17.10.51:143][  0]LogNetVersion: Set ProjectVersion to 1.0.0.0. Version Checksum will be recalculated on next use.
[2019.01.26-17.10.51:220][  0]LogDerivedDataCache: Saved boot cache 0.08s 71MB C:/Users/Matthew Paseltiner/AppData/Local/UnrealEngine/4.20/DerivedDataCache/Boot.ddc.
[2019.01.26-17.10.51:227][  0]LogInit: Texture streaming: Enabled
[2019.01.26-17.10.51:240][  0]LogEngineSessionManager: EngineSessionManager initialized
[2019.01.26-17.10.51:260][  0]LogInit: Transaction tracking system initialized
[2019.01.26-17.10.51:273][  0]BlueprintLog: New page: Editor Load
[2019.01.26-17.10.51:331][  0]LocalizationService: Localization service is disabled
[2019.01.26-17.10.51:549][  0]LogCook: Display: Max memory allowance for cook 16384mb min free memory 0mb
[2019.01.26-17.10.51:549][  0]LogCook: Display: Mobile HDR setting 1
[2019.01.26-17.10.51:549][  0]LogGameplayTags: Display: UGameplayTagsManager::DoneAddingNativeTags. DelegateIsBound: 0
[2019.01.26-17.10.51:549][  0]LogStats: UGameplayTagsManager::ConstructGameplayTagTree: ImportINI prefixes -  0.000 s
[2019.01.26-17.10.51:549][  0]LogStats: UGameplayTagsManager::ConstructGameplayTagTree: Construct from data asset -  0.000 s
[2019.01.26-17.10.51:549][  0]LogStats: UGameplayTagsManager::ConstructGameplayTagTree: ImportINI -  0.000 s
[2019.01.26-17.10.51:549][  0]LogStats: UGameplayTagsManager::ConstructGameplayTagTree: GameplayTagTreeChangedEvent.Broadcast -  0.000 s
[2019.01.26-17.10.51:647][  0]LogFileCache: Scanning file cache for directory 'D:/Documents/GitHub/RocketJumper/BlockBreakerStarter/Content/' took 0.02s
[2019.01.26-17.10.51:647][  0]SourceControl: Source control is disabled
[2019.01.26-17.10.51:647][  0]Cmd: MAP LOAD FILE="../../../../../Documents/GitHub/RocketJumper/BlockBreakerStarter/Content/BlockBreaker/Maps/TutorialMap.umap" TEMPLATE=0 SHOWPROGRESS=1 FEATURELEVEL=3
[2019.01.26-17.10.51:647][  0]LightingResults: New page: Lighting Build
[2019.01.26-17.10.51:649][  0]MapCheck: New page: Map Check
[2019.01.26-17.10.51:649][  0]LightingResults: New page: Lighting Build
[2019.01.26-17.10.52:042][  0]LogAIModule: Creating AISystem for world TutorialMap
[2019.01.26-17.10.52:065][  0]LogEditorServer: Finished looking for orphan Actors (0.000 secs)
[2019.01.26-17.10.52:096][  0]Cmd: MAP CHECKDEP NOCLEARLOG
[2019.01.26-17.10.52:144][  0]MapCheck: Map check complete: 0 Error(s), 0 Warning(s), took 47.955ms to complete.
[2019.01.26-17.10.52:144][  0]LogFileHelpers: Loading map 'TutorialMap' took 0.498
[2019.01.26-17.10.52:253][  0]LogSlate: Updating window title bar state: overlay mode, drag disabled, window buttons hidden, title bar hidden
[2019.01.26-17.10.52:260][  0]LogSlate: Updating window title bar state: overlay mode, drag disabled, window buttons hidden, title bar hidden
[2019.01.26-17.10.52:267][  0]LogSlate: Updating window title bar state: overlay mode, drag disabled, window buttons hidden, title bar hidden
[2019.01.26-17.10.52:274][  0]LogSlate: Updating window title bar state: overlay mode, drag disabled, window buttons hidden, title bar hidden
[2019.01.26-17.10.52:279][  0]LogCollectionManager: Loaded 0 collections in 0.000841 seconds
[2019.01.26-17.10.52:322][  0]LogFileCache: Scanning file cache for directory 'D:/Documents/GitHub/RocketJumper/BlockBreakerStarter/Saved/Collections/' took 0.01s
[2019.01.26-17.10.52:322][  0]LogFileCache: Scanning file cache for directory 'D:/Documents/GitHub/RocketJumper/BlockBreakerStarter/Content/Developers/MatthewPaseltiner/Collections/' took 0.01s
[2019.01.26-17.10.52:323][  0]LogFileCache: Scanning file cache for directory 'D:/Documents/GitHub/RocketJumper/BlockBreakerStarter/Content/Collections/' took 0.01s
[2019.01.26-17.10.52:323][  0]LogCollectionManager: Rebuilt the GUID cache for 0 collections in 0.000000 seconds
[2019.01.26-17.10.52:332][  0]LogContentBrowser: Native class hierarchy populated in 0.0098 seconds. Added 2572 classes and 603 folders.
[2019.01.26-17.10.52:337][  0]LogContentBrowser: Native class hierarchy updated for 'WidgetCarousel' in 0.0002 seconds. Added 0 classes and 0 folders.
[2019.01.26-17.10.52:373][  0]LogContentBrowser: Native class hierarchy updated for 'AddContentDialog' in 0.0002 seconds. Added 0 classes and 0 folders.
[2019.01.26-17.10.52:377][  0]LogContentBrowser: Native class hierarchy updated for 'SceneOutliner' in 0.0003 seconds. Added 1 classes and 2 folders.
[2019.01.26-17.10.52:437][  0]LogSlate: Took 0.000219 seconds to synchronously load lazily loaded font '../../../Engine/Content/Slate/Fonts/Roboto-Regular.ttf' (155K)
[2019.01.26-17.10.52:439][  0]LogSlate: Took 0.000213 seconds to synchronously load lazily loaded font '../../../Engine/Content/Slate/Fonts/Roboto-Bold.ttf' (160K)
[2019.01.26-17.10.52:445][  0]LogSlate: Took 0.000240 seconds to synchronously load lazily loaded font '../../../Engine/Content/Editor/Slate/Fonts/FontAwesome.ttf' (139K)
[2019.01.26-17.10.52:516][  0]LogRenderer: Reallocating scene render targets to support 1208x620 Format 10 NumSamples 1 (Frame:1).
[2019.01.26-17.10.52:666][  0]LogContentBrowser: Native class hierarchy updated for 'HierarchicalLODOutliner' in 0.0003 seconds. Added 0 classes and 0 folders.
[2019.01.26-17.10.52:666][  0]LogLoad: (Engine Initialization) Total time: 8.10 seconds
[2019.01.26-17.10.52:666][  0]LogLoad: (Engine Initialization) Total Blueprint compile time: 0.00 seconds
[2019.01.26-17.10.52:677][  0]LogWindowsTextInputMethodSystem: Display: IME system now deactivated.
[2019.01.26-17.10.52:697][  0]LogContentStreaming: Texture pool size now 1000 MB
[2019.01.26-17.10.52:725][  0]LogSlate: Took 0.000176 seconds to synchronously load lazily loaded font '../../../Engine/Content/Slate/Fonts/Roboto-Light.ttf' (167K)
[2019.01.26-17.10.52:758][  1]LogAssetRegistry: Asset discovery search completed in 4.1148 seconds
[2019.01.26-17.10.52:760][  1]LogCollectionManager: Rebuilt the object cache for 0 collections in 0.000000 seconds (found 0 objects)
[2019.01.26-17.10.52:760][  1]LogCollectionManager: Fixed up redirectors for 0 collections in 0.000058 seconds (updated 0 objects)
[2019.01.26-17.10.58:922][221]LogSlate: FSceneViewport::OnFocusLost() reason 0
[2019.01.26-17.11.11:975][721]LogSlate: Took 0.000201 seconds to synchronously load lazily loaded font '../../../Engine/Content/Slate/Fonts/Roboto-Light.ttf' (167K)
[2019.01.26-17.11.11:981][721]LogAssetEditorManager: Opening Asset editor for World /Game/BlockBreaker/Maps/DemoMap.DemoMap
[2019.01.26-17.11.15:382][721]LogSlate: Window 'Save Content' being destroyed
[2019.01.26-17.11.15:385][721]Cmd: MAP LOAD FILE="../../../../../Documents/GitHub/RocketJumper/BlockBreakerStarter/Content/BlockBreaker/Maps/DemoMap.umap" TEMPLATE=0 SHOWPROGRESS=1 FEATURELEVEL=3
[2019.01.26-17.11.15:387][721]LightingResults: New page: Lighting Build
[2019.01.26-17.11.15:388][721]LoadErrors: New page: Loading map: DemoMap.umap
[2019.01.26-17.11.15:389][721]MapCheck: New page: Map Check
[2019.01.26-17.11.15:389][721]LightingResults: New page: Lighting Build
[2019.01.26-17.11.15:463][721]LogEditorServer: Finished looking for orphan Actors (0.000 secs)
[2019.01.26-17.11.15:463][721]LogAIModule: Creating AISystem for world DemoMap
[2019.01.26-17.11.15:522][721]Cmd: MAP CHECKDEP NOCLEARLOG
[2019.01.26-17.11.15:569][721]MapCheck: Map check complete: 0 Error(s), 0 Warning(s), took 46.955ms to complete.
[2019.01.26-17.11.15:572][721]LogFileHelpers: Loading map 'DemoMap' took 0.187
[2019.01.26-17.11.20:634][320]LogAIModule: Creating AISystem for world TutorialMap
[2019.01.26-17.11.26:825][ 55]LogAIModule: Creating AISystem for world TutorialMap1
[2019.01.26-17.11.30:627][189]LogSlate: Window 'Delete Assets' being destroyed
[2019.01.26-17.11.30:643][189]LightingResults: New page: Lighting Build
[2019.01.26-17.11.30:646][189]MapCheck: New page: Map Check
[2019.01.26-17.11.30:646][189]LightingResults: New page: Lighting Build
[2019.01.26-17.11.30:675][189]LogAIModule: Creating AISystem for world Untitled
[2019.01.26-17.11.30:725][189]LoadErrors: New page: New Map
[2019.01.26-17.11.30:729][189]LogLinker: Can't find file '/Game/BlockBreaker/Maps/DemoMap'
[2019.01.26-17.11.30:729][189]LogLinker: Can't find file '/Game/BlockBreaker/Maps/DemoMap'
[2019.01.26-17.11.36:109][694]LogSavePackage: Moving '../../../../../Documents/GitHub/RocketJumper/BlockBreakerStarter/Saved/DemoMap1033AD3143ED30CA4BD2979FF2F3FB26.tmp' to '../../../../../Documents/GitHub/RocketJumper/BlockBreakerStarter/Content/BlockBreaker/Maps/DemoMap.umap'
[2019.01.26-17.11.36:126][694]LogFileHelpers: Saving map 'DemoMap' took 0.348
[2019.01.26-17.11.37:502][839]LogAssetEditorManager: Opening Asset editor for World /Game/BlockBreaker/Maps/DemoMap.DemoMap
[2019.01.26-17.11.37:531][839]Cmd: MAP LOAD FILE="../../../../../Documents/GitHub/RocketJumper/BlockBreakerStarter/Content/BlockBreaker/Maps/DemoMap.umap" TEMPLATE=0 SHOWPROGRESS=1 FEATURELEVEL=3
[2019.01.26-17.11.37:531][839]LightingResults: New page: Lighting Build
[2019.01.26-17.11.37:532][839]LoadErrors: New page: Loading map: DemoMap.umap
[2019.01.26-17.11.37:532][839]MapCheck: New page: Map Check
[2019.01.26-17.11.37:532][839]LightingResults: New page: Lighting Build
[2019.01.26-17.11.37:691][839]LogEditorServer: Finished looking for orphan Actors (0.000 secs)
[2019.01.26-17.11.37:754][839]Cmd: MAP CHECKDEP NOCLEARLOG
[2019.01.26-17.11.37:807][839]MapCheck: Map check complete: 0 Error(s), 0 Warning(s), took 53.024ms to complete.
[2019.01.26-17.11.37:808][839]LogFileHelpers: Loading map 'DemoMap' took 0.278
[2019.01.26-17.11.44:930][680]LogEditorViewport: Clicking on Actor (LMB): StaticMeshActor (SM_Wall5)
[2019.01.26-17.11.47:046][910]Cmd: DELETE
[2019.01.26-17.11.47:046][910]Cmd: ACTOR DELETE
[2019.01.26-17.11.47:051][910]LogEditorActor: Deleted Actor: StaticMeshActor
[2019.01.26-17.11.47:078][910]LogEditorActor: Deleted 1 Actors (0.030 secs)
[2019.01.26-17.11.47:624][975]LogEditorViewport: Clicking on Actor (LMB): BP_Target_C (BP_Target36)
[2019.01.26-17.11.48:499][ 76]Cmd: DELETE
[2019.01.26-17.11.48:500][ 76]Cmd: ACTOR DELETE
[2019.01.26-17.11.48:502][ 76]LogEditorActor: Deleted Actor: BP_Target_C
[2019.01.26-17.11.48:530][ 76]LogEditorActor: Deleted 1 Actors (0.031 secs)
[2019.01.26-17.11.54:812][817]LogSlate: FSceneViewport::OnFocusLost() reason 0
[2019.01.26-17.11.58:079][205]LogEditorActor: Deleted Actor: BP_Target_C
[2019.01.26-17.11.58:079][205]LogEditorActor: Deleted Actor: BP_Target_C
[2019.01.26-17.11.58:080][205]LogEditorActor: Deleted Actor: BP_Target_C
[2019.01.26-17.11.58:080][205]LogEditorActor: Deleted Actor: BP_Target_C
[2019.01.26-17.11.58:080][205]LogEditorActor: Deleted Actor: BP_Target_C
[2019.01.26-17.11.58:080][205]LogEditorActor: Deleted Actor: BP_Target_C
[2019.01.26-17.11.58:080][205]LogEditorActor: Deleted Actor: BP_Target_C
[2019.01.26-17.11.58:080][205]LogEditorActor: Deleted Actor: BP_Target_C
[2019.01.26-17.11.58:081][205]LogEditorActor: Deleted Actor: BP_Target_C
[2019.01.26-17.11.58:081][205]LogEditorActor: Deleted Actor: BP_Target_C
[2019.01.26-17.11.58:081][205]LogEditorActor: Deleted Actor: BP_Target_C
[2019.01.26-17.11.58:081][205]LogEditorActor: Deleted Actor: BP_Target_C
[2019.01.26-17.11.58:081][205]LogEditorActor: Deleted Actor: BP_Target_C
[2019.01.26-17.11.58:082][205]LogEditorActor: Deleted Actor: BP_Target_C
[2019.01.26-17.11.58:082][205]LogEditorActor: Deleted Actor: BP_Target_C
[2019.01.26-17.11.58:082][205]LogEditorActor: Deleted Actor: BP_Target_C
[2019.01.26-17.11.58:082][205]LogEditorActor: Deleted Actor: BP_Target_C
[2019.01.26-17.11.58:082][205]LogEditorActor: Deleted Actor: BP_Target_C
[2019.01.26-17.11.58:082][205]LogEditorActor: Deleted Actor: BP_Target_C
[2019.01.26-17.11.58:083][205]LogEditorActor: Deleted Actor: BP_Target_C
[2019.01.26-17.11.58:083][205]LogEditorActor: Deleted Actor: BP_Target_C
[2019.01.26-17.11.58:083][205]LogEditorActor: Deleted Actor: BP_Target_C
[2019.01.26-17.11.58:083][205]LogEditorActor: Deleted Actor: BP_Target_C
[2019.01.26-17.11.58:083][205]LogEditorActor: Deleted Actor: BP_Target_C
[2019.01.26-17.11.58:084][205]LogEditorActor: Deleted Actor: BP_Target_C
[2019.01.26-17.11.58:084][205]LogEditorActor: Deleted Actor: BP_Target_C
[2019.01.26-17.11.58:084][205]LogEditorActor: Deleted Actor: BP_Target_C
[2019.01.26-17.11.58:084][205]LogEditorActor: Deleted Actor: BP_Target_C
[2019.01.26-17.11.58:084][205]LogEditorActor: Deleted Actor: BP_Target_C
[2019.01.26-17.11.58:084][205]LogEditorActor: Deleted Actor: BP_Target_C
[2019.01.26-17.11.58:085][205]LogEditorActor: Deleted Actor: BP_Target_C
[2019.01.26-17.11.58:085][205]LogEditorActor: Deleted Actor: BP_Target_C
[2019.01.26-17.11.58:085][205]LogEditorActor: Deleted Actor: BP_Target_C
[2019.01.26-17.11.58:085][205]LogEditorActor: Deleted Actor: BP_Target_C
[2019.01.26-17.11.58:085][205]LogEditorActor: Deleted Actor: BP_Target_C
[2019.01.26-17.11.58:085][205]LogEditorActor: Deleted Actor: BP_Target_C
[2019.01.26-17.11.58:086][205]LogEditorActor: Deleted Actor: BP_Target_C
[2019.01.26-17.11.58:086][205]LogEditorActor: Deleted Actor: BP_Target_C
[2019.01.26-17.11.58:086][205]LogEditorActor: Deleted Actor: BP_Target_C
[2019.01.26-17.11.58:086][205]LogEditorActor: Deleted Actor: BP_Target_C
[2019.01.26-17.11.58:087][205]LogEditorActor: Deleted Actor: BP_Target_C
[2019.01.26-17.11.58:087][205]LogEditorActor: Deleted Actor: BP_Target_C
[2019.01.26-17.11.58:087][205]LogEditorActor: Deleted Actor: BP_Target_C
[2019.01.26-17.11.58:087][205]LogEditorActor: Deleted Actor: BP_Target_C
[2019.01.26-17.11.58:087][205]LogEditorActor: Deleted Actor: BP_Target_C
[2019.01.26-17.11.58:088][205]LogEditorActor: Deleted Actor: BP_Target_C
[2019.01.26-17.11.58:088][205]LogEditorActor: Deleted Actor: BP_Target_C
[2019.01.26-17.11.58:088][205]LogEditorActor: Deleted Actor: BP_Target_C
[2019.01.26-17.11.58:088][205]LogEditorActor: Deleted Actor: BP_Target_C
[2019.01.26-17.11.58:088][205]LogEditorActor: Deleted Actor: BP_Target_C
[2019.01.26-17.11.58:088][205]LogEditorActor: Deleted Actor: BP_Target_C
[2019.01.26-17.11.58:089][205]LogEditorActor: Deleted Actor: BP_Target_C
[2019.01.26-17.11.58:089][205]LogEditorActor: Deleted Actor: BP_Target_C
[2019.01.26-17.11.58:089][205]LogEditorActor: Deleted Actor: BP_Target_C
[2019.01.26-17.11.58:089][205]LogEditorActor: Deleted Actor: BP_Target_C
[2019.01.26-17.11.58:089][205]LogEditorActor: Deleted Actor: BP_Target_C
[2019.01.26-17.11.58:090][205]LogEditorActor: Deleted Actor: BP_Target_C
[2019.01.26-17.11.58:090][205]LogEditorActor: Deleted Actor: BP_Target_C
[2019.01.26-17.11.58:090][205]LogEditorActor: Deleted Actor: BP_Target_C
[2019.01.26-17.11.58:090][205]LogEditorActor: Deleted Actor: BP_Target_C
[2019.01.26-17.11.58:090][205]LogEditorActor: Deleted Actor: BP_Target_C
[2019.01.26-17.11.58:091][205]LogEditorActor: Deleted Actor: BP_Target_C
[2019.01.26-17.11.58:091][205]LogEditorActor: Deleted Actor: BP_Target_C
[2019.01.26-17.11.58:119][205]LogEditorActor: Deleted 63 Actors (0.051 secs)
[2019.01.26-17.11.59:829][408]LogEditorActor: Deleted Actor: BP_ResetButton_C
[2019.01.26-17.11.59:858][408]LogEditorActor: Deleted 1 Actors (0.030 secs)
[2019.01.26-17.12.02:874][760]LogEditorViewport: Clicking on Actor (LMB): StaticMeshActor (Cube)
[2019.01.26-17.12.03:622][842]Cmd: DELETE
[2019.01.26-17.12.03:622][842]Cmd: ACTOR DELETE
[2019.01.26-17.12.03:624][842]LogEditorActor: Deleted Actor: StaticMeshActor
[2019.01.26-17.12.03:652][842]LogEditorActor: Deleted 1 Actors (0.030 secs)
[2019.01.26-17.12.04:577][953]LogEditorViewport: Clicking on Actor (LMB): StaticMeshActor (SM_Wall7)
[2019.01.26-17.12.20:032][794]LogEditorViewport: Clicking on Actor (LMB): StaticMeshActor (SM_Wall3)
[2019.01.26-17.12.24:856][332]Cmd: DELETE
[2019.01.26-17.12.24:856][332]Cmd: ACTOR DELETE
[2019.01.26-17.12.24:859][332]LogEditorActor: Deleted Actor: StaticMeshActor
[2019.01.26-17.12.24:860][332]LogEditorActor: Deleted Actor: StaticMeshActor
[2019.01.26-17.12.24:860][332]LogEditorActor: Deleted Actor: StaticMeshActor
[2019.01.26-17.12.24:860][332]LogEditorActor: Deleted Actor: StaticMeshActor
[2019.01.26-17.12.24:860][332]LogEditorActor: Deleted Actor: StaticMeshActor
[2019.01.26-17.12.24:861][332]LogEditorActor: Deleted Actor: StaticMeshActor
[2019.01.26-17.12.24:861][332]LogEditorActor: Deleted Actor: StaticMeshActor
[2019.01.26-17.12.24:861][332]LogEditorActor: Deleted Actor: Wall_C
[2019.01.26-17.12.24:889][332]LogEditorActor: Deleted 8 Actors (0.033 secs)
[2019.01.26-17.12.26:690][548]Cmd: TRANSACTION UNDO
[2019.01.26-17.12.26:690][548]LogEditorTransaction: Undo Delete Actors
[2019.01.26-17.12.27:631][657]LogEditorViewport: Clicking on Actor (LMB): StaticMeshActor (SM_Wall7)
[2019.01.26-17.12.30:857][ 21]Cmd: DELETE
[2019.01.26-17.12.30:857][ 21]Cmd: ACTOR DELETE
[2019.01.26-17.12.30:860][ 21]LogEditorActor: Deleted Actor: StaticMeshActor
[2019.01.26-17.12.30:860][ 21]LogEditorActor: Deleted Actor: StaticMeshActor
[2019.01.26-17.12.30:861][ 21]LogEditorActor: Deleted Actor: Wall_C
[2019.01.26-17.12.30:861][ 21]LogEditorActor: Deleted Actor: StaticMeshActor
[2019.01.26-17.12.30:861][ 21]LogEditorActor: Deleted Actor: StaticMeshActor
[2019.01.26-17.12.30:861][ 21]LogEditorActor: Deleted Actor: StaticMeshActor
[2019.01.26-17.12.30:862][ 21]LogEditorActor: Deleted Actor: StaticMeshActor
[2019.01.26-17.12.30:890][ 21]LogEditorActor: Deleted 7 Actors (0.032 secs)
[2019.01.26-17.13.25:184][137]LogEditorViewport: Clicking on Actor (LMB): StaticMeshActor (SM_Wall)
[2019.01.26-17.13.29:223][575]LogSlate: FSceneViewport::OnFocusLost() reason 0
[2019.01.26-17.13.43:939][339]LogTemp: Repeating last play command: Selected Viewport
[2019.01.26-17.13.43:956][339]LogPlayLevel: PlayLevel: No blueprints needed recompiling
[2019.01.26-17.13.43:969][339]PIE: New page: PIE session: DemoMap (Jan 26, 2019, 7:13:43 AM)
[2019.01.26-17.13.43:969][339]LogPlayLevel: Creating play world package: /Game/BlockBreaker/Maps/UEDPIE_0_DemoMap
[2019.01.26-17.13.43:971][339]LogPlayLevel: PIE: StaticDuplicateObject took: (0.001740s)
[2019.01.26-17.13.43:971][339]LogAIModule: Creating AISystem for world DemoMap
[2019.01.26-17.13.43:971][339]LogPlayLevel: PIE: World Init took: (0.000602s)
[2019.01.26-17.13.43:972][339]LogPlayLevel: PIE: Created PIE world by copying editor world from /Game/BlockBreaker/Maps/DemoMap.DemoMap to /Game/BlockBreaker/Maps/UEDPIE_0_DemoMap.DemoMap (0.002455s)
[2019.01.26-17.13.44:010][339]LogInit: XAudio2 using 'Speakers (Realtek(R) Audio)' : 2 channels at 48 kHz using 32 bits per sample (channel mask 0x3)
[2019.01.26-17.13.44:042][339]LogInit: FAudioDevice initialized.
[2019.01.26-17.13.44:083][339]LogLoad: Game class is 'GM_Tutorial_C'
[2019.01.26-17.13.44:084][339]LogWorld: Bringing World /Game/BlockBreaker/Maps/UEDPIE_0_DemoMap.DemoMap up for play (max tick rate 0) at 2019.01.26-12.13.44
[2019.01.26-17.13.44:084][339]LogWorld: Bringing up level for play took: 0.000555
[2019.01.26-17.13.44:099][339]LogContentBrowser: Native class hierarchy updated for 'MovieSceneCapture' in 0.0003 seconds. Added 10 classes and 0 folders.
[2019.01.26-17.13.44:101][339]PIE: Play in editor start time for /Game/BlockBreaker/Maps/UEDPIE_0_DemoMap 0.169
[2019.01.26-17.13.59:963][239]LogSlate: Updating window title bar state: overlay mode, drag disabled, window buttons hidden, title bar hidden
[2019.01.26-17.13.59:997][239]LogPlayLevel: Display: Shutting down PIE online subsystems
[2019.01.26-17.14.00:027][239]LogSlate: Updating window title bar state: overlay mode, drag disabled, window buttons hidden, title bar hidden
[2019.01.26-17.14.00:062][242]LogPlayLevel: Display: Destroying online subsystem :Context_3
[2019.01.26-17.14.01:038][359]LogSlate: FSceneViewport::OnFocusLost() reason 0
[2019.01.26-17.14.01:121][369]LogTemp: Repeating last play command: Selected Viewport
[2019.01.26-17.14.01:138][369]LogPlayLevel: PlayLevel: No blueprints needed recompiling
[2019.01.26-17.14.01:139][369]PIE: New page: PIE session: DemoMap (Jan 26, 2019, 7:14:01 AM)
[2019.01.26-17.14.01:139][369]LogPlayLevel: Creating play world package: /Game/BlockBreaker/Maps/UEDPIE_0_DemoMap
[2019.01.26-17.14.01:141][369]LogPlayLevel: PIE: StaticDuplicateObject took: (0.001878s)
[2019.01.26-17.14.01:141][369]LogAIModule: Creating AISystem for world DemoMap
[2019.01.26-17.14.01:141][369]LogPlayLevel: PIE: World Init took: (0.000591s)
[2019.01.26-17.14.01:141][369]LogPlayLevel: PIE: Created PIE world by copying editor world from /Game/BlockBreaker/Maps/DemoMap.DemoMap to /Game/BlockBreaker/Maps/UEDPIE_0_DemoMap.DemoMap (0.002591s)
[2019.01.26-17.14.01:180][369]LogInit: XAudio2 using 'Speakers (Realtek(R) Audio)' : 2 channels at 48 kHz using 32 bits per sample (channel mask 0x3)
[2019.01.26-17.14.01:212][369]LogInit: FAudioDevice initialized.
[2019.01.26-17.14.01:244][369]LogLoad: Game class is 'GM_Tutorial_C'
[2019.01.26-17.14.01:245][369]LogWorld: Bringing World /Game/BlockBreaker/Maps/UEDPIE_0_DemoMap.DemoMap up for play (max tick rate 0) at 2019.01.26-12.14.01
[2019.01.26-17.14.01:246][369]LogWorld: Bringing up level for play took: 0.000532
[2019.01.26-17.14.01:259][369]PIE: Play in editor start time for /Game/BlockBreaker/Maps/UEDPIE_0_DemoMap -0.673
[2019.01.26-17.14.10:835][516]LogSlate: Updating window title bar state: overlay mode, drag disabled, window buttons hidden, title bar hidden
[2019.01.26-17.14.10:870][516]LogPlayLevel: Display: Shutting down PIE online subsystems
[2019.01.26-17.14.10:900][516]LogSlate: Updating window title bar state: overlay mode, drag disabled, window buttons hidden, title bar hidden
[2019.01.26-17.14.10:941][520]LogPlayLevel: Display: Destroying online subsystem :Context_4
[2019.01.26-17.14.11:425][578]LogSlate: FSceneViewport::OnFocusLost() reason 0
[2019.01.26-17.14.11:875][632]LogTemp: Repeating last play command: Selected Viewport
[2019.01.26-17.14.11:893][632]LogPlayLevel: PlayLevel: No blueprints needed recompiling
[2019.01.26-17.14.11:893][632]PIE: New page: PIE session: DemoMap (Jan 26, 2019, 7:14:11 AM)
[2019.01.26-17.14.11:893][632]LogPlayLevel: Creating play world package: /Game/BlockBreaker/Maps/UEDPIE_0_DemoMap
[2019.01.26-17.14.11:895][632]LogPlayLevel: PIE: StaticDuplicateObject took: (0.001719s)
[2019.01.26-17.14.11:895][632]LogAIModule: Creating AISystem for world DemoMap
[2019.01.26-17.14.11:895][632]LogPlayLevel: PIE: World Init took: (0.000563s)
[2019.01.26-17.14.11:895][632]LogPlayLevel: PIE: Created PIE world by copying editor world from /Game/BlockBreaker/Maps/DemoMap.DemoMap to /Game/BlockBreaker/Maps/UEDPIE_0_DemoMap.DemoMap (0.002376s)
[2019.01.26-17.14.11:934][632]LogInit: XAudio2 using 'Speakers (Realtek(R) Audio)' : 2 channels at 48 kHz using 32 bits per sample (channel mask 0x3)
[2019.01.26-17.14.11:966][632]LogInit: FAudioDevice initialized.
[2019.01.26-17.14.11:997][632]LogLoad: Game class is 'GM_Tutorial_C'
[2019.01.26-17.14.11:998][632]LogWorld: Bringing World /Game/BlockBreaker/Maps/UEDPIE_0_DemoMap.DemoMap up for play (max tick rate 0) at 2019.01.26-12.14.11
[2019.01.26-17.14.11:999][632]LogWorld: Bringing up level for play took: 0.000520
[2019.01.26-17.14.12:012][632]PIE: Play in editor start time for /Game/BlockBreaker/Maps/UEDPIE_0_DemoMap 0.079
[2019.01.26-17.14.24:055][ 75]LogSlate: Updating window title bar state: overlay mode, drag disabled, window buttons hidden, title bar hidden
[2019.01.26-17.14.24:085][ 75]LogPlayLevel: Display: Shutting down PIE online subsystems
[2019.01.26-17.14.24:115][ 75]LogSlate: Updating window title bar state: overlay mode, drag disabled, window buttons hidden, title bar hidden
[2019.01.26-17.14.24:157][ 79]LogPlayLevel: Display: Destroying online subsystem :Context_5
[2019.01.26-17.14.24:958][175]LogSlate: FSceneViewport::OnFocusLost() reason 0
[2019.01.26-17.14.25:042][185]LogTemp: Repeating last play command: Selected Viewport
[2019.01.26-17.14.25:061][185]LogPlayLevel: PlayLevel: No blueprints needed recompiling
[2019.01.26-17.14.25:061][185]PIE: New page: PIE session: DemoMap (Jan 26, 2019, 7:14:25 AM)
[2019.01.26-17.14.25:061][185]LogPlayLevel: Creating play world package: /Game/BlockBreaker/Maps/UEDPIE_0_DemoMap
[2019.01.26-17.14.25:062][185]LogPlayLevel: PIE: StaticDuplicateObject took: (0.001703s)
[2019.01.26-17.14.25:063][185]LogAIModule: Creating AISystem for world DemoMap
[2019.01.26-17.14.25:063][185]LogPlayLevel: PIE: World Init took: (0.000556s)
[2019.01.26-17.14.25:063][185]LogPlayLevel: PIE: Created PIE world by copying editor world from /Game/BlockBreaker/Maps/DemoMap.DemoMap to /Game/BlockBreaker/Maps/UEDPIE_0_DemoMap.DemoMap (0.002360s)
[2019.01.26-17.14.25:103][185]LogInit: XAudio2 using 'Speakers (Realtek(R) Audio)' : 2 channels at 48 kHz using 32 bits per sample (channel mask 0x3)
[2019.01.26-17.14.25:134][185]LogInit: FAudioDevice initialized.
[2019.01.26-17.14.25:162][185]LogLoad: Game class is 'GM_Tutorial_C'
[2019.01.26-17.14.25:163][185]LogWorld: Bringing World /Game/BlockBreaker/Maps/UEDPIE_0_DemoMap.DemoMap up for play (max tick rate 0) at 2019.01.26-12.14.25
[2019.01.26-17.14.25:164][185]LogWorld: Bringing up level for play took: 0.000628
[2019.01.26-17.14.25:178][185]PIE: Play in editor start time for /Game/BlockBreaker/Maps/UEDPIE_0_DemoMap -0.755
[2019.01.26-17.14.27:938][514]LogSlate: Updating window title bar state: overlay mode, drag disabled, window buttons hidden, title bar hidden
[2019.01.26-17.14.27:974][514]LogPlayLevel: Display: Shutting down PIE online subsystems
[2019.01.26-17.14.28:004][514]LogSlate: Updating window title bar state: overlay mode, drag disabled, window buttons hidden, title bar hidden
[2019.01.26-17.14.28:040][517]LogPlayLevel: Display: Destroying online subsystem :Context_6
[2019.01.26-17.14.34:242][256]LogEditorViewport: Clicking on Actor (LMB): StaticMeshActor (SM_Wall)
[2019.01.26-17.14.37:957][685]LogSlate: FSceneViewport::OnFocusLost() reason 0
[2019.01.26-17.22.18:726][642]LogSavePackage: Moving '../../../../../Documents/GitHub/RocketJumper/BlockBreakerStarter/Saved/DemoMap_Auto103053469413148C796112AB36F2DB460.tmp' to '../../../../../Documents/GitHub/RocketJumper/BlockBreakerStarter/Saved/Autosaves/Game/BlockBreaker/Maps/DemoMap_Auto1.umap'
[2019.01.26-17.22.18:741][642]LogFileHelpers: Editor autosave (incl. sublevels) for '/Game/BlockBreaker/Maps/DemoMap' took 0.095
[2019.01.26-17.22.18:741][642]LogFileHelpers: Editor autosave (incl. sublevels) for all levels took 0.095
[2019.01.26-17.47.19:140][ 10]LogEditorViewport: Clicking on Actor (LMB): PostProcessVolume (PostProcessVolume)
[2019.01.26-17.47.31:756][477]LogEditorViewport: Clicking on Actor (LMB): PlayerStart (Player Start)
[2019.01.26-17.47.34:071][733]LogNavigationPoint: PostEditMove Clear paths rebuilt
[2019.01.26-17.47.34:456][759]Cmd: TRANSACTION UNDO
[2019.01.26-17.47.34:456][759]LogEditorTransaction: Undo Move Actors
[2019.01.26-17.47.40:871][524]LogNavigationPoint: PostEditMove Clear paths rebuilt
[2019.01.26-17.47.57:346][475]LogSlate: FSceneViewport::OnFocusLost() reason 0
[2019.01.26-17.47.57:579][496]LogActorFactory: Actor Factory created SM_Wall
[2019.01.26-17.47.59:321][704]LogActorFactory: Actor Factory created SM_Wall
[2019.01.26-17.48.01:752][995]LogActorFactory: Actor Factory created SM_Wall
[2019.01.26-17.48.03:702][225]LogActorFactory: Actor Factory created SM_Wall
[2019.01.26-17.48.55:925][384]LogSlate: FSceneViewport::OnFocusLost() reason 0
[2019.01.26-17.48.56:008][394]LogTemp: Repeating last play command: Selected Viewport
[2019.01.26-17.48.56:026][394]LogPlayLevel: PlayLevel: No blueprints needed recompiling
[2019.01.26-17.48.56:026][394]PIE: New page: PIE session: DemoMap (Jan 26, 2019, 7:48:56 AM)
[2019.01.26-17.48.56:026][394]LogPlayLevel: Creating play world package: /Game/BlockBreaker/Maps/UEDPIE_0_DemoMap
[2019.01.26-17.48.56:028][394]LogPlayLevel: PIE: StaticDuplicateObject took: (0.001903s)
[2019.01.26-17.48.56:029][394]LogAIModule: Creating AISystem for world DemoMap
[2019.01.26-17.48.56:029][394]LogPlayLevel: PIE: World Init took: (0.000663s)
[2019.01.26-17.48.56:029][394]LogPlayLevel: PIE: Created PIE world by copying editor world from /Game/BlockBreaker/Maps/DemoMap.DemoMap to /Game/BlockBreaker/Maps/UEDPIE_0_DemoMap.DemoMap (0.002686s)
[2019.01.26-17.48.56:070][394]LogInit: XAudio2 using 'Speakers (Realtek(R) Audio)' : 2 channels at 48 kHz using 32 bits per sample (channel mask 0x3)
[2019.01.26-17.48.56:101][394]LogInit: FAudioDevice initialized.
[2019.01.26-17.48.56:131][394]LogLoad: Game class is 'GM_Tutorial_C'
[2019.01.26-17.48.56:132][394]LogWorld: Bringing World /Game/BlockBreaker/Maps/UEDPIE_0_DemoMap.DemoMap up for play (max tick rate 0) at 2019.01.26-12.48.56
[2019.01.26-17.48.56:133][394]LogWorld: Bringing up level for play took: 0.000561
[2019.01.26-17.48.56:146][394]PIE: Play in editor start time for /Game/BlockBreaker/Maps/UEDPIE_0_DemoMap 0.214
[2019.01.26-17.49.22:879][597]LogSlate: Updating window title bar state: overlay mode, drag disabled, window buttons hidden, title bar hidden
[2019.01.26-17.49.22:915][597]LogPlayLevel: Display: Shutting down PIE online subsystems
[2019.01.26-17.49.22:946][597]LogSlate: Updating window title bar state: overlay mode, drag disabled, window buttons hidden, title bar hidden
[2019.01.26-17.49.22:980][600]LogPlayLevel: Display: Destroying online subsystem :Context_11
[2019.01.26-17.49.23:756][693]LogSlate: FSceneViewport::OnFocusLost() reason 0
[2019.01.26-17.49.23:839][703]LogTemp: Repeating last play command: Selected Viewport
[2019.01.26-17.49.23:857][703]LogPlayLevel: PlayLevel: No blueprints needed recompiling
[2019.01.26-17.49.23:857][703]PIE: New page: PIE session: DemoMap (Jan 26, 2019, 7:49:23 AM)
[2019.01.26-17.49.23:857][703]LogPlayLevel: Creating play world package: /Game/BlockBreaker/Maps/UEDPIE_0_DemoMap
[2019.01.26-17.49.23:859][703]LogPlayLevel: PIE: StaticDuplicateObject took: (0.001897s)
[2019.01.26-17.49.23:860][703]LogAIModule: Creating AISystem for world DemoMap
[2019.01.26-17.49.23:860][703]LogPlayLevel: PIE: World Init took: (0.000662s)
[2019.01.26-17.49.23:860][703]LogPlayLevel: PIE: Created PIE world by copying editor world from /Game/BlockBreaker/Maps/DemoMap.DemoMap to /Game/BlockBreaker/Maps/UEDPIE_0_DemoMap.DemoMap (0.002671s)
[2019.01.26-17.49.23:904][703]LogInit: XAudio2 using 'Speakers (Realtek(R) Audio)' : 2 channels at 48 kHz using 32 bits per sample (channel mask 0x3)
[2019.01.26-17.49.23:942][703]LogInit: FAudioDevice initialized.
[2019.01.26-17.49.23:974][703]LogLoad: Game class is 'GM_Tutorial_C'
[2019.01.26-17.49.23:976][703]LogWorld: Bringing World /Game/BlockBreaker/Maps/UEDPIE_0_DemoMap.DemoMap up for play (max tick rate 0) at 2019.01.26-12.49.23
[2019.01.26-17.49.23:976][703]LogWorld: Bringing up level for play took: 0.000952
[2019.01.26-17.49.23:991][703]PIE: Play in editor start time for /Game/BlockBreaker/Maps/UEDPIE_0_DemoMap 0.059
[2019.01.26-17.49.29:336][342]LogSlate: Updating window title bar state: overlay mode, drag disabled, window buttons hidden, title bar hidden
[2019.01.26-17.49.29:370][342]LogPlayLevel: Display: Shutting down PIE online subsystems
[2019.01.26-17.49.29:399][342]LogSlate: Updating window title bar state: overlay mode, drag disabled, window buttons hidden, title bar hidden
[2019.01.26-17.49.29:440][346]LogPlayLevel: Display: Destroying online subsystem :Context_12
[2019.01.26-17.49.34:218][916]LogEditorViewport: Clicking on Actor (LMB): StaticMeshActor (SM_Wall2)
[2019.01.26-17.49.43:815][  5]LogSlate: FSceneViewport::OnFocusLost() reason 0
[2019.01.26-17.50.33:456][817]LogEditorViewport: Clicking on Actor (LMB): StaticMeshActor (SM_Wall2)
[2019.01.26-17.50.34:096][892]Cmd: EDIT COPY
[2019.01.26-17.50.34:607][940]Cmd: EDIT PASTE
[2019.01.26-17.50.54:284][271]LogSlate: FSceneViewport::OnFocusLost() reason 2
[2019.01.26-17.50.54:367][271]LogSavePackage: Moving '../../../../../Documents/GitHub/RocketJumper/BlockBreakerStarter/Saved/DemoMap_Auto2763FDA7D4CD8F721C2663AB8512BB942.tmp' to '../../../../../Documents/GitHub/RocketJumper/BlockBreakerStarter/Saved/Autosaves/Game/BlockBreaker/Maps/DemoMap_Auto2.umap'
[2019.01.26-17.50.54:370][271]LogFileHelpers: Editor autosave (incl. sublevels) for '/Game/BlockBreaker/Maps/DemoMap' took 0.059
[2019.01.26-17.50.54:370][271]LogFileHelpers: Editor autosave (incl. sublevels) for all levels took 0.059
[2019.01.26-17.53.14:762][849]LogEditorViewport: Clicking on Actor (LMB): StaticMeshActor (SM_Wall)
[2019.01.26-17.53.15:909][980]Cmd: EDIT COPY
[2019.01.26-17.53.16:415][ 40]Cmd: EDIT PASTE
[2019.01.26-17.53.37:640][515]LogEditorViewport: Clicking on Actor (LMB): StaticMeshActor (SM_Wall3)
[2019.01.26-17.53.48:133][736]LogEditorViewport: Clicking on Actor (LMB): StaticMeshActor (SM_Wall4)
[2019.01.26-17.54.26:200][247]LogEditorViewport: Clicking on Actor (LMB): StaticMeshActor (SM_Wall3)
[2019.01.26-17.54.26:784][312]Cmd: EDIT COPY
[2019.01.26-17.54.27:007][338]Cmd: EDIT PASTE
[2019.01.26-17.54.35:430][336]Cmd: TRANSACTION UNDO
[2019.01.26-17.54.35:430][336]LogEditorTransaction: Undo Rotate Actors
[2019.01.26-17.54.35:922][391]Cmd: TRANSACTION UNDO
[2019.01.26-17.54.35:922][391]LogEditorTransaction: Undo Rotate Actors
[2019.01.26-17.55.17:715][815]LogEditorViewport: Clicking on Actor (LMB): StaticMeshActor (SM_Wall)
[2019.01.26-17.55.18:043][848]Cmd: EDIT COPY
[2019.01.26-17.55.18:632][914]Cmd: EDIT PASTE
[2019.01.26-17.55.27:579][938]Cmd: EDIT PASTE
[2019.01.26-17.55.43:224][751]LogEditorViewport: Clicking on Actor (LMB): StaticMeshActor (SM_Wall3)
[2019.01.26-17.55.43:748][808]Cmd: EDIT COPY
[2019.01.26-17.55.55:287][186]LogEditorViewport: Clicking on Actor (LMB): StaticMeshActor (SM_Wall)
[2019.01.26-17.55.56:037][271]Cmd: EDIT COPY
[2019.01.26-17.56.00:463][801]Cmd: EDIT PASTE
[2019.01.26-17.56.03:052][105]Cmd: TRANSACTION UNDO
[2019.01.26-17.56.03:052][105]LogEditorTransaction: Undo Move Actors
[2019.01.26-17.56.22:753][353]LogEditorViewport: Clicking on Actor (LMB): BP_Sky_Sphere_C (BP_Sky_Sphere)
[2019.01.26-17.56.26:366][778]LogEditorViewport: Clicking on Actor (LMB): StaticMeshActor (SM_Wall3)
[2019.01.26-17.56.27:296][884]Cmd: EDIT COPY
[2019.01.26-17.56.27:723][935]Cmd: EDIT PASTE
[2019.01.26-17.57.02:994][ 22]LogEditorViewport: Clicking on Actor (LMB): StaticMeshActor (SM_Wall7)
[2019.01.26-17.57.03:224][ 43]Cmd: EDIT COPY
[2019.01.26-17.57.03:644][ 84]Cmd: EDIT PASTE
[2019.01.26-17.57.17:855][720]LogEditorViewport: Clicking on Actor (LMB): BP_Sky_Sphere_C (BP_Sky_Sphere)
[2019.01.26-17.57.35:492][810]LogEditorViewport: Clicking on Actor (LMB): StaticMeshActor (SM_Wall9)
[2019.01.26-17.57.36:130][880]Cmd: EDIT COPY
[2019.01.26-17.57.36:347][905]Cmd: EDIT PASTE
[2019.01.26-17.58.04:885][264]LogEditorViewport: Clicking on Actor (LMB): BP_Sky_Sphere_C (BP_Sky_Sphere)
[2019.01.26-17.58.07:400][534]LogEditorViewport: Clicking on Actor (LMB): StaticMeshActor (SM_Wall6)
[2019.01.26-17.58.07:974][595]Cmd: EDIT COPY
[2019.01.26-17.58.08:280][631]Cmd: EDIT PASTE
[2019.01.26-17.58.19:554][959]LogEditorViewport: Clicking on Actor (LMB): StaticMeshActor (SM_Wall7)
[2019.01.26-17.58.21:241][147]LogEditorViewport: Clicking on Actor (LMB): BP_Sky_Sphere_C (BP_Sky_Sphere)
[2019.01.26-17.58.23:286][375]Cmd: EDIT PASTE
[2019.01.26-17.58.37:404][ 40]LogEditorViewport: Clicking on Actor (LMB): StaticMeshActor (SM_Wall9)
[2019.01.26-17.58.38:574][175]Cmd: EDIT COPY
[2019.01.26-17.58.38:901][214]Cmd: EDIT PASTE
[2019.01.26-17.59.10:192][900]LogSlate: FSceneViewport::OnFocusLost() reason 0
[2019.01.26-17.59.10:284][911]LogTemp: Repeating last play command: Selected Viewport
[2019.01.26-17.59.10:302][911]LogPlayLevel: PlayLevel: No blueprints needed recompiling
[2019.01.26-17.59.10:302][911]PIE: New page: PIE session: DemoMap (Jan 26, 2019, 7:59:10 AM)
[2019.01.26-17.59.10:302][911]LogPlayLevel: Creating play world package: /Game/BlockBreaker/Maps/UEDPIE_0_DemoMap
[2019.01.26-17.59.10:305][911]LogPlayLevel: PIE: StaticDuplicateObject took: (0.002393s)
[2019.01.26-17.59.10:305][911]LogAIModule: Creating AISystem for world DemoMap
[2019.01.26-17.59.10:305][911]LogPlayLevel: PIE: World Init took: (0.000643s)
[2019.01.26-17.59.10:305][911]LogPlayLevel: PIE: Created PIE world by copying editor world from /Game/BlockBreaker/Maps/DemoMap.DemoMap to /Game/BlockBreaker/Maps/UEDPIE_0_DemoMap.DemoMap (0.003145s)
[2019.01.26-17.59.10:345][911]LogInit: XAudio2 using 'Speakers (Realtek(R) Audio)' : 2 channels at 48 kHz using 32 bits per sample (channel mask 0x3)
[2019.01.26-17.59.10:378][911]LogInit: FAudioDevice initialized.
[2019.01.26-17.59.10:408][911]LogLoad: Game class is 'GM_Tutorial_C'
[2019.01.26-17.59.10:409][911]LogWorld: Bringing World /Game/BlockBreaker/Maps/UEDPIE_0_DemoMap.DemoMap up for play (max tick rate 0) at 2019.01.26-12.59.10
[2019.01.26-17.59.10:410][911]LogWorld: Bringing up level for play took: 0.001095
[2019.01.26-17.59.10:424][911]PIE: Play in editor start time for /Game/BlockBreaker/Maps/UEDPIE_0_DemoMap 0.491
[2019.01.26-17.59.22:243][327]LogSlate: Updating window title bar state: overlay mode, drag disabled, window buttons hidden, title bar hidden
[2019.01.26-17.59.22:276][327]LogPlayLevel: Display: Shutting down PIE online subsystems
[2019.01.26-17.59.22:308][327]LogSlate: Updating window title bar state: overlay mode, drag disabled, window buttons hidden, title bar hidden
[2019.01.26-17.59.22:345][331]LogPlayLevel: Display: Destroying online subsystem :Context_13
[2019.01.26-17.59.23:053][416]LogSlate: FSceneViewport::OnFocusLost() reason 0
[2019.01.26-17.59.23:170][430]LogTemp: Repeating last play command: Selected Viewport
[2019.01.26-17.59.23:187][430]LogPlayLevel: PlayLevel: No blueprints needed recompiling
[2019.01.26-17.59.23:187][430]PIE: New page: PIE session: DemoMap (Jan 26, 2019, 7:59:23 AM)
[2019.01.26-17.59.23:187][430]LogPlayLevel: Creating play world package: /Game/BlockBreaker/Maps/UEDPIE_0_DemoMap
[2019.01.26-17.59.23:190][430]LogPlayLevel: PIE: StaticDuplicateObject took: (0.002230s)
[2019.01.26-17.59.23:190][430]LogAIModule: Creating AISystem for world DemoMap
[2019.01.26-17.59.23:190][430]LogPlayLevel: PIE: World Init took: (0.000567s)
[2019.01.26-17.59.23:190][430]LogPlayLevel: PIE: Created PIE world by copying editor world from /Game/BlockBreaker/Maps/DemoMap.DemoMap to /Game/BlockBreaker/Maps/UEDPIE_0_DemoMap.DemoMap (0.002891s)
[2019.01.26-17.59.23:229][430]LogInit: XAudio2 using 'Speakers (Realtek(R) Audio)' : 2 channels at 48 kHz using 32 bits per sample (channel mask 0x3)
[2019.01.26-17.59.23:262][430]LogInit: FAudioDevice initialized.
[2019.01.26-17.59.23:292][430]LogLoad: Game class is 'GM_Tutorial_C'
[2019.01.26-17.59.23:294][430]LogWorld: Bringing World /Game/BlockBreaker/Maps/UEDPIE_0_DemoMap.DemoMap up for play (max tick rate 0) at 2019.01.26-12.59.23
[2019.01.26-17.59.23:294][430]LogWorld: Bringing up level for play took: 0.001063
[2019.01.26-17.59.23:308][430]PIE: Play in editor start time for /Game/BlockBreaker/Maps/UEDPIE_0_DemoMap -0.624
[2019.01.26-17.59.25:593][702]LogSlate: Updating window title bar state: overlay mode, drag disabled, window buttons hidden, title bar hidden
[2019.01.26-17.59.25:622][702]LogPlayLevel: Display: Shutting down PIE online subsystems
[2019.01.26-17.59.25:652][702]LogSlate: Updating window title bar state: overlay mode, drag disabled, window buttons hidden, title bar hidden
[2019.01.26-17.59.25:693][706]LogPlayLevel: Display: Destroying online subsystem :Context_14
[2019.01.26-17.59.27:753][953]LogSlate: FSceneViewport::OnFocusLost() reason 0
[2019.01.26-17.59.29:713][175]LogSavePackage: Moving '../../../../../Documents/GitHub/RocketJumper/BlockBreakerStarter/Saved/DemoMap128EFDF947E33466DD4C5A8F5EDCCDDF.tmp' to '../../../../../Documents/GitHub/RocketJumper/BlockBreakerStarter/Content/BlockBreaker/Maps/DemoMap.umap'
